GLPK 4.45 - SENSITIVITY ANALYSIS REPORT                                                                         Page   1

Problem:    Cereali
Objective:  profitto = 226976.7442 (MAXimum)

   No. Row name     St      Activity         Slack   Lower bound       Activity      Obj coef  Obj value at Limiting
                                          Marginal   Upper bound          range         range   break point variable
------ ------------ -- ------------- ------------- -------------  ------------- ------------- ------------- ------------
     1 areaDisponibile[1]
                    BS        .          200.00000          -Inf         .               -Inf  226976.74419
                                            .          200.00000       93.02326        .       226976.74419 x[1,5]

     2 areaDisponibile[2]
                    BS     111.62791     288.37209          -Inf         .             .       226976.74419 x[1,5]
                                            .          400.00000      111.62791          +Inf          +Inf

     3 acquaDisponibile
                    NU  400000.00000        .               -Inf         .            -.56744        .      x[2,5]
                                            .56744  400000.00000   1.43333e+006          +Inf  813333.33333 areaDisponibile[2]

     4 profitto     BS  226976.74419 -226976.74419          -Inf   102857.14286      -1.00000        .      x[1,4]
                                            .               +Inf   226976.74419          +Inf          +Inf

GLPK 4.45 - SENSITIVITY ANALYSIS REPORT                                                                         Page   2

Problem:    Cereali
Objective:  profitto = 226976.7442 (MAXimum)

   No. Column name  St      Activity      Obj coef   Lower bound       Activity      Obj coef  Obj value at Limiting
                                          Marginal   Upper bound          range         range   break point variable
------ ------------ -- ------------- ------------- -------------  ------------- ------------- ------------- ------------
     1 x[1,1]       NL        .           48.00000        .         -8611.11111          -Inf  400000.00000 areaDisponibile[2]
                                         -20.09302          +Inf     3333.33333      68.09302  160000.00000 x[2,5]

     2 x[1,2]       NL        .           62.00000        .         -6458.33333          -Inf  412916.66667 areaDisponibile[2]
                                         -28.79070          +Inf     2500.00000      90.79070  155000.00000 x[2,5]

     3 x[1,3]       NL        .           28.00000        .        -10333.33333          -Inf  524000.00000 areaDisponibile[2]
                                         -28.74419          +Inf     4000.00000      56.74419  112000.00000 x[2,5]

     4 x[1,4]       NL        .           36.00000        .         -7380.95238          -Inf  547619.04762 areaDisponibile[2]
                                         -43.44186          +Inf     2857.14286      79.44186  102857.14286 x[2,5]

     5 x[1,5]       NL        .          122.00000        .         -4806.20155          -Inf  226976.74419 areaDisponibile[2]
                                            .               +Inf     1860.46512     122.00000  226976.74419 x[2,5]

     6 x[1,6]       NL        .           94.00000        .         -5740.74074          -Inf  273703.70370 areaDisponibile[2]
                                          -8.13953          +Inf     2222.22222     102.13953  208888.88889 x[2,5]

     7 x[2,1]       NL        .           48.00000        .        -21379.31034          -Inf  656551.72414 areaDisponibile[2]
                                         -20.09302          +Inf     3333.33333      68.09302  160000.00000 x[2,5]

     8 x[2,2]       NL        .           62.00000        .        -27074.23581          -Inf  1.00646e+006 areaDisponibile[2]
                                         -28.79070          +Inf     2500.00000      90.79070  155000.00000 x[2,5]

     9 x[2,3]       NL        .           28.00000        .        -73809.52381          -Inf  2.34857e+006 areaDisponibile[2]
                                         -28.74419          +Inf     4000.00000      56.74419  112000.00000 x[2,5]

    10 x[2,4]       NL        .           36.00000        .        -15121.95122          -Inf  883902.43902 areaDisponibile[2]
                                         -43.44186          +Inf     2857.14286      79.44186  102857.14286 x[2,5]

GLPK 4.45 - SENSITIVITY ANALYSIS REPORT                                                                         Page   3

Problem:    Cereali
Objective:  profitto = 226976.7442 (MAXimum)

   No. Column name  St      Activity      Obj coef   Lower bound       Activity      Obj coef  Obj value at Limiting
                                          Marginal   Upper bound          range         range   break point variable
------ ------------ -- ------------- ------------- -------------  ------------- ------------- ------------- ------------
    11 x[2,5]       BS    1860.46512     122.00000        .         -2139.53488     122.00000  226976.74419 x[1,5]
                                            .               +Inf     1860.46512          +Inf          +Inf

    12 x[2,6]       NL        .           94.00000        .        -17765.04298          -Inf  371575.93123 areaDisponibile[2]
                                          -8.13953          +Inf     2222.22222     102.13953  208888.88889 x[2,5]

End of report
