Problem:    LinearOrdering
Rows:       86
Columns:    25 (25 integer, 25 binary)
Non-zeros:  245
Status:     INTEGER UNDEFINED
Objective:  pesoTot = 0 (MINimum)

   No.   Row name        Activity     Lower bound   Upper bound
------ ------------    ------------- ------------- -------------
     1 orientamento[1,1]
                                   0             1             = 
     2 orientamento[1,2]
                                   0             1             = 
     3 orientamento[1,3]
                                   0             1             = 
     4 orientamento[1,4]
                                   0             1             = 
     5 orientamento[1,5]
                                   0             1             = 
     6 orientamento[2,1]
                                   0             1             = 
     7 orientamento[2,2]
                                   0             1             = 
     8 orientamento[2,3]
                                   0             1             = 
     9 orientamento[2,4]
                                   0             1             = 
    10 orientamento[2,5]
                                   0             1             = 
    11 orientamento[3,1]
                                   0             1             = 
    12 orientamento[3,2]
                                   0             1             = 
    13 orientamento[3,3]
                                   0             1             = 
    14 orientamento[3,4]
                                   0             1             = 
    15 orientamento[3,5]
                                   0             1             = 
    16 orientamento[4,1]
                                   0             1             = 
    17 orientamento[4,2]
                                   0             1             = 
    18 orientamento[4,3]
                                   0             1             = 
    19 orientamento[4,4]
                                   0             1             = 
    20 orientamento[4,5]
                                   0             1             = 
    21 orientamento[5,1]
                                   0             1             = 
    22 orientamento[5,2]
                                   0             1             = 
    23 orientamento[5,3]
                                   0             1             = 
    24 orientamento[5,4]
                                   0             1             = 
    25 orientamento[5,5]
                                   0             1             = 
    26 no_cicli[1,2,3]
                                   0                           2 
    27 no_cicli[1,2,4]
                                   0                           2 
    28 no_cicli[1,2,5]
                                   0                           2 
    29 no_cicli[1,3,2]
                                   0                           2 
    30 no_cicli[1,3,4]
                                   0                           2 
    31 no_cicli[1,3,5]
                                   0                           2 
    32 no_cicli[1,4,2]
                                   0                           2 
    33 no_cicli[1,4,3]
                                   0                           2 
    34 no_cicli[1,4,5]
                                   0                           2 
    35 no_cicli[1,5,2]
                                   0                           2 
    36 no_cicli[1,5,3]
                                   0                           2 
    37 no_cicli[1,5,4]
                                   0                           2 
    38 no_cicli[2,1,3]
                                   0                           2 
    39 no_cicli[2,1,4]
                                   0                           2 
    40 no_cicli[2,1,5]
                                   0                           2 
    41 no_cicli[2,3,1]
                                   0                           2 
    42 no_cicli[2,3,4]
                                   0                           2 
    43 no_cicli[2,3,5]
                                   0                           2 
    44 no_cicli[2,4,1]
                                   0                           2 
    45 no_cicli[2,4,3]
                                   0                           2 
    46 no_cicli[2,4,5]
                                   0                           2 
    47 no_cicli[2,5,1]
                                   0                           2 
    48 no_cicli[2,5,3]
                                   0                           2 
    49 no_cicli[2,5,4]
                                   0                           2 
    50 no_cicli[3,1,2]
                                   0                           2 
    51 no_cicli[3,1,4]
                                   0                           2 
    52 no_cicli[3,1,5]
                                   0                           2 
    53 no_cicli[3,2,1]
                                   0                           2 
    54 no_cicli[3,2,4]
                                   0                           2 
    55 no_cicli[3,2,5]
                                   0                           2 
    56 no_cicli[3,4,1]
                                   0                           2 
    57 no_cicli[3,4,2]
                                   0                           2 
    58 no_cicli[3,4,5]
                                   0                           2 
    59 no_cicli[3,5,1]
                                   0                           2 
    60 no_cicli[3,5,2]
                                   0                           2 
    61 no_cicli[3,5,4]
                                   0                           2 
    62 no_cicli[4,1,2]
                                   0                           2 
    63 no_cicli[4,1,3]
                                   0                           2 
    64 no_cicli[4,1,5]
                                   0                           2 
    65 no_cicli[4,2,1]
                                   0                           2 
    66 no_cicli[4,2,3]
                                   0                           2 
    67 no_cicli[4,2,5]
                                   0                           2 
    68 no_cicli[4,3,1]
                                   0                           2 
    69 no_cicli[4,3,2]
                                   0                           2 
    70 no_cicli[4,3,5]
                                   0                           2 
    71 no_cicli[4,5,1]
                                   0                           2 
    72 no_cicli[4,5,2]
                                   0                           2 
    73 no_cicli[4,5,3]
                                   0                           2 
    74 no_cicli[5,1,2]
                                   0                           2 
    75 no_cicli[5,1,3]
                                   0                           2 
    76 no_cicli[5,1,4]
                                   0                           2 
    77 no_cicli[5,2,1]
                                   0                           2 
    78 no_cicli[5,2,3]
                                   0                           2 
    79 no_cicli[5,2,4]
                                   0                           2 
    80 no_cicli[5,3,1]
                                   0                           2 
    81 no_cicli[5,3,2]
                                   0                           2 
    82 no_cicli[5,3,4]
                                   0                           2 
    83 no_cicli[5,4,1]
                                   0                           2 
    84 no_cicli[5,4,2]
                                   0                           2 
    85 no_cicli[5,4,3]
                                   0                           2 
    86 pesoTot                     0                             

   No. Column name       Activity     Lower bound   Upper bound
------ ------------    ------------- ------------- -------------
     1 x[1,1]       *              0             0             1 
     2 x[2,1]       *              0             0             1 
     3 x[1,2]       *              0             0             1 
     4 x[3,1]       *              0             0             1 
     5 x[1,3]       *              0             0             1 
     6 x[4,1]       *              0             0             1 
     7 x[1,4]       *              0             0             1 
     8 x[5,1]       *              0             0             1 
     9 x[1,5]       *              0             0             1 
    10 x[2,2]       *              0             0             1 
    11 x[3,2]       *              0             0             1 
    12 x[2,3]       *              0             0             1 
    13 x[4,2]       *              0             0             1 
    14 x[2,4]       *              0             0             1 
    15 x[5,2]       *              0             0             1 
    16 x[2,5]       *              0             0             1 
    17 x[3,3]       *              0             0             1 
    18 x[4,3]       *              0             0             1 
    19 x[3,4]       *              0             0             1 
    20 x[5,3]       *              0             0             1 
    21 x[3,5]       *              0             0             1 
    22 x[4,4]       *              0             0             1 
    23 x[5,4]       *              0             0             1 
    24 x[4,5]       *              0             0             1 
    25 x[5,5]       *              0             0             1 

Integer feasibility conditions:

KKT.PE: max.abs.err = 0.00e+000 on row 0
        max.rel.err = 0.00e+000 on row 0
        High quality

KKT.PB: max.abs.err = 1.00e+000 on row 1
        max.rel.err = 5.00e-001 on row 1
        SOLUTION IS INFEASIBLE

End of output
