Problem:    PLI_Concentratori
Rows:       14
Columns:    42 (42 integer, 42 binary)
Non-zeros:  84
Status:     INTEGER UNDEFINED
Objective:  costo = 0 (MINimum)

   No.   Row name        Activity     Lower bound   Upper bound
------ ------------    ------------- ------------- -------------
     1 assegnamento[1]
                                   0             1               
     2 assegnamento[2]
                                   0             1               
     3 assegnamento[3]
                                   0             1               
     4 assegnamento[4]
                                   0             1               
     5 assegnamento[5]
                                   0             1               
     6 assegnamento[6]
                                   0             1               
     7 assegnamentoZ
                                   0             2             = 
     8 maxCapacita[1]
                                   0                       -1050 
     9 maxCapacita[2]
                                   0                       -1050 
    10 maxCapacita[3]
                                   0                       -1050 
    11 maxCapacita[4]
                                   0                       -1050 
    12 maxCapacita[5]
                                   0                       -1050 
    13 maxCapacita[6]
                                   0                       -1050 
    14 costo                       0                             

   No. Column name       Activity     Lower bound   Upper bound
------ ------------    ------------- ------------- -------------
     1 x[1,1]       *              0             0             1 
     2 x[1,2]       *              0             0             1 
     3 x[1,3]       *              0             0             1 
     4 x[1,4]       *              0             0             1 
     5 x[1,5]       *              0             0             1 
     6 x[1,6]       *              0             0             1 
     7 x[2,1]       *              0             0             1 
     8 x[2,2]       *              0             0             1 
     9 x[2,3]       *              0             0             1 
    10 x[2,4]       *              0             0             1 
    11 x[2,5]       *              0             0             1 
    12 x[2,6]       *              0             0             1 
    13 x[3,1]       *              0             0             1 
    14 x[3,2]       *              0             0             1 
    15 x[3,3]       *              0             0             1 
    16 x[3,4]       *              0             0             1 
    17 x[3,5]       *              0             0             1 
    18 x[3,6]       *              0             0             1 
    19 x[4,1]       *              0             0             1 
    20 x[4,2]       *              0             0             1 
    21 x[4,3]       *              0             0             1 
    22 x[4,4]       *              0             0             1 
    23 x[4,5]       *              0             0             1 
    24 x[4,6]       *              0             0             1 
    25 x[5,1]       *              0             0             1 
    26 x[5,2]       *              0             0             1 
    27 x[5,3]       *              0             0             1 
    28 x[5,4]       *              0             0             1 
    29 x[5,5]       *              0             0             1 
    30 x[5,6]       *              0             0             1 
    31 x[6,1]       *              0             0             1 
    32 x[6,2]       *              0             0             1 
    33 x[6,3]       *              0             0             1 
    34 x[6,4]       *              0             0             1 
    35 x[6,5]       *              0             0             1 
    36 x[6,6]       *              0             0             1 
    37 y[1]         *              0             0             1 
    38 y[2]         *              0             0             1 
    39 y[3]         *              0             0             1 
    40 y[4]         *              0             0             1 
    41 y[5]         *              0             0             1 
    42 y[6]         *              0             0             1 

Integer feasibility conditions:

KKT.PE: max.abs.err = 0.00e+000 on row 0
        max.rel.err = 0.00e+000 on row 0
        High quality

KKT.PB: max.abs.err = 1.05e+003 on row 8
        max.rel.err = 9.99e-001 on row 8
        SOLUTION IS INFEASIBLE

End of output
