
 LP OPTIMUM FOUND AT STEP      3

        OBJECTIVE FUNCTION VALUE

        1)      4513.918

  VARIABLE        VALUE          REDUCED COST
        X1         0.233946          0.000000
        X2         0.000000        458.308380
        X3         0.000000        741.114075
        X4         0.653328          0.000000
        X5         0.000000       1037.622437
        X6         7.349939          0.000000
        X7         0.000000        501.264771
        X8         0.000000        514.502502
        X9         0.000000        793.001709
       Y_P        39.685074          0.000000
       Y_C        17.007889          0.000000
       Y_G        19.640425          0.000000
    TOTALE       113.385925          0.000000


       ROW   SLACK OR SURPLUS     DUAL PRICES
        2)         0.000000          1.264755
        3)         0.000000         -2.951096
        4)         0.000000          0.000000
        5)        11.338593          0.000000
        6)         0.000000          1.264755
        7)         0.000000         -2.951096
        8)        11.338593          0.000000
        9)         8.301833          0.000000
       10)         3.036759          0.000000
       11)         0.000000         16.575813
       12)         0.000000        -61.715000

 NO. ITERATIONS=       3


 RANGES IN WHICH THE BASIS IS UNCHANGED:

                           OBJ COEFFICIENT RANGES
 VARIABLE         CURRENT        ALLOWABLE        ALLOWABLE
                   COEF          INCREASE         DECREASE
       X1      200.000000       554.727295       199.999985
       X2      220.000000         INFINITY       458.308350
       X3     1600.000000         INFINITY       741.114075
       X4     2900.000000      1926.568726     30493.648438
       X5     2250.000000         INFINITY      1037.622437
       X6      350.000000       274.223450       264.093445
       X7      500.000000         INFINITY       501.264771
       X8      700.000000         INFINITY       514.502563
       X9     1000.000000         INFINITY       793.001709
      Y_P        0.000000       188.510223        17.391304
      Y_C        0.000000       439.857147         2.751032
      Y_G        0.000000       245.612076        52.704121
   TOTALE        0.000000        65.978584         0.412655

                           RIGHTHAND SIDE RANGES
      ROW         CURRENT        ALLOWABLE        ALLOWABLE
                    RHS          INCREASE         DECREASE
        2        0.000000         5.031919        27.951664
        3        0.000000       315.071167        15.854867
        4        0.000000         8.301833         3.036759
        5        0.000000        11.338593         INFINITY
        6        0.000000         5.031919        16.349630
        7        0.000000        11.916324        15.854867
        8        0.000000         INFINITY        11.338593
        9        0.000000         8.301833         INFINITY
       10        0.000000         INFINITY         3.036759
       11      100.000000        14.819118        38.839931
       12      100.000000        63.505371        12.906490

