
 LP OPTIMUM FOUND AT STEP     31

        OBJECTIVE FUNCTION VALUE

        1)      1374750.

  VARIABLE        VALUE          REDUCED COST
      Y111         5.000000          0.000000
      Y112        10.000000          0.000000
      Y113        45.000000          0.000000
      Y121        10.000000          0.000000
      Y122        20.000000          0.000000
      Y123         0.000000       1150.000000
      Y131         0.000000        850.000000
      Y132         0.000000        350.000000
      Y133        20.000000          0.000000
      Y141        10.000000          0.000000
      Y142         0.000000       1100.000000
      Y143         0.000000       1400.000000
      Y151         0.000000        500.000000
      Y152        10.000000          0.000000
      Y153         0.000000         50.000000
      Y211        25.000000          0.000000
      Y212         0.000000        300.000000
      Y213         0.000000          0.000000
      Y221         0.000000       1200.000000
      Y222         0.000000       1050.000000
      Y223        55.000000          0.000000
      Y231        20.000000          0.000000
      Y232        20.000000          0.000000
      Y233        10.000000          0.000000
      Y241        10.000000          0.000000
      Y242        20.000000          0.000000
      Y243        10.000000          0.000000
      Y251        20.000000          0.000000
      Y252         0.000000          0.000000
      Y253        30.000000          0.000000
      X111        15.000000          0.000000
      X112         0.000000        250.000000
      X113        30.000000          0.000000
      X121        25.000000          0.000000
      X122        25.000000          0.000000
      X123         0.000000        900.000000
      X211        10.000000          0.000000
      X212         0.000000       1800.000000
      X213        10.000000          0.000000
      X221         0.000000       2050.000000
      X222         0.000000       3150.000000
      X223        40.000000          0.000000
      X311         0.000000       2900.000000
      X312        10.000000          0.000000
      X313        25.000000          0.000000
      X321         0.000000       5050.000000
      X322        15.000000          0.000000
      X323        65.000000          0.000000
      X411         0.000000        100.000000
      X412        30.000000          0.000000
      X413         0.000000        700.000000
      X421        50.000000          0.000000
      X422         0.000000         50.000000
      X423         0.000000       1100.000000
       Z11        25.000000          0.000000
       Z12        40.000000          0.000000
       Z13        65.000000          0.000000
       Z21        75.000000          0.000000
       Z22        40.000000          0.000000
       Z23       105.000000          0.000000


       ROW   SLACK OR SURPLUS     DUAL PRICES
        2)         0.000000      -1800.000000
        3)         0.000000      -1250.000000
        4)         0.000000      -1200.000000
        5)         0.000000      -1550.000000
        6)         0.000000          0.000000
        7)         0.000000      -3500.000000
        8)         0.000000          0.000000
        9)         0.000000      -2500.000000
       10)         0.000000      -2800.000000
       11)         0.000000       -900.000000
       12)         0.000000       -800.000000
       13)         0.000000          0.000000
       14)         0.000000      -3800.000000
       15)         0.000000      -3850.000000
       16)         0.000000      -3750.000000
       17)         0.000000      -2300.000000
       18)         0.000000      -2900.000000
       19)         0.000000      -1950.000000
       20)         0.000000      -2550.000000
       21)         0.000000      -2650.000000
       22)         0.000000      -2800.000000
       23)         0.000000      -3000.000000
       24)         0.000000      -2950.000000
       25)         0.000000      -2800.000000
       26)         0.000000      -3850.000000
       27)         0.000000      -4300.000000
       28)         0.000000      -3950.000000
       29)         0.000000       -200.000000
       30)         0.000000          0.000000
       31)         0.000000          0.000000
       32)         0.000000          0.000000
       33)         0.000000       -250.000000
       34)         0.000000          0.000000
       35)         0.000000        200.000000
       36)         0.000000          0.000000
       37)         0.000000          0.000000
       38)         0.000000          0.000000
       39)         0.000000        250.000000
       40)         0.000000          0.000000
       41)        25.000000          0.000000
       42)        20.000000          0.000000
       43)        20.000000          0.000000
       44)         0.000000        600.000000
       45)        45.000000          0.000000
       46)         0.000000       1800.000000
       47)        30.000000          0.000000
       48)        10.000000          0.000000
       49)         0.000000       1200.000000
       50)        30.000000          0.000000
       51)        30.000000          0.000000
       52)        30.000000          0.000000
       53)        40.000000          0.000000
       54)        35.000000          0.000000
       55)         5.000000          0.000000
       56)         0.000000        700.000000
       57)         0.000000       1100.000000
       58)         0.000000       2050.000000
       59)       120.000000          0.000000
       60)       130.000000          0.000000

 NO. ITERATIONS=      31


 RANGES IN WHICH THE BASIS IS UNCHANGED:

                           OBJ COEFFICIENT RANGES
 VARIABLE         CURRENT        ALLOWABLE        ALLOWABLE
                   COEF          INCREASE         DECREASE
     Y111     2400.000000       250.000000        50.000000
     Y112     2650.000000       300.000000         INFINITY
     Y113     2550.000000        50.000000       250.000000
     Y121     2100.000000      1200.000000         INFINITY
     Y122     2900.000000      1050.000000         INFINITY
     Y123     3100.000000         INFINITY      1150.000000
     Y131     3200.000000         INFINITY       850.000000
     Y132     3000.000000         INFINITY       350.000000
     Y133     2800.000000       350.000000       700.000000
     Y141     2800.000000      1100.000000      1100.000000
     Y142     4050.000000         INFINITY      1100.000000
     Y143     4200.000000         INFINITY      1400.000000
     Y151     4150.000000         INFINITY       500.000000
     Y152     4300.000000        50.000000      2050.000000
     Y153     4000.000000         INFINITY        50.000000
     Y211     3800.000000        50.000000       250.000000
     Y212     3900.000000         INFINITY       300.000000
     Y213     3750.000000       250.000000        50.000000
     Y221     3500.000000         INFINITY      1200.000000
     Y222     3700.000000         INFINITY      1050.000000
     Y223     1950.000000      1150.000000         INFINITY
     Y231     1850.000000       850.000000         INFINITY
     Y232     1700.000000       350.000000         INFINITY
     Y233     2100.000000       700.000000       350.000000
     Y241     1900.000000      1100.000000      1100.000000
     Y242     1600.000000      1100.000000         INFINITY
     Y243     1700.000000      1400.000000         INFINITY
     Y251     1800.000000       500.000000         INFINITY
     Y252     2000.000000      2050.000000        50.000000
     Y253     1900.000000        50.000000         INFINITY
     X111     2000.000000       100.000000        50.000000
     X112     1500.000000         INFINITY       250.000000
     X113     1200.000000       900.000000         INFINITY
     X121     1800.000000        50.000000       100.000000
     X122     1500.000000       250.000000         INFINITY
     X123     2100.000000         INFINITY       900.000000
     X211     1750.000000      2050.000000         INFINITY
     X212     1800.000000         INFINITY      1800.000000
     X213     3500.000000         INFINITY       600.000000
     X221     3000.000000         INFINITY      2050.000000
     X222     2800.000000         INFINITY      3150.000000
     X223     2900.000000       600.000000         INFINITY
     X311     3100.000000         INFINITY      2900.000000
     X312     2500.000000        50.000000        50.000000
     X313     2800.000000        50.000000        50.000000
     X321     3250.000000         INFINITY      5050.000000
     X322      950.000000        50.000000        50.000000
     X323     1000.000000        50.000000        50.000000
     X411     1200.000000         INFINITY       100.000000
     X412      800.000000        50.000000         INFINITY
     X413      700.000000         INFINITY       700.000000
     X421      900.000000       100.000000         INFINITY
     X422     1100.000000         INFINITY        50.000000
     X423     1100.000000         INFINITY      1100.000000
      Z11        0.000000       250.000000        50.000000
      Z12        0.000000        50.000000       350.000000
      Z13        0.000000        50.000000        50.000000
      Z21        0.000000        50.000000       250.000000
      Z22        0.000000       350.000000        50.000000
      Z23        0.000000        50.000000        50.000000

                           RIGHTHAND SIDE RANGES
      ROW         CURRENT        ALLOWABLE        ALLOWABLE
                    RHS          INCREASE         DECREASE
        2       40.000000         0.000000         0.000000
        3       25.000000         0.000000         0.000000
        4       30.000000         0.000000         0.000000
        5       10.000000         0.000000         0.000000
        6        0.000000         0.000000         0.000000
        7       50.000000         0.000000         0.000000
        8        0.000000         0.000000         0.000000
        9       25.000000         0.000000         0.000000
       10       90.000000         0.000000         0.000000
       11       50.000000         0.000000         0.000000
       12       30.000000         0.000000         0.000000
       13        0.000000         0.000000         0.000000
       14       30.000000         0.000000         0.000000
       15       10.000000         0.000000         0.000000
       16       45.000000         0.000000         0.000000
       17       10.000000         0.000000         0.000000
       18       20.000000         0.000000         0.000000
       19       55.000000         0.000000         0.000000
       20       20.000000         0.000000         0.000000
       21       20.000000         0.000000         0.000000
       22       30.000000         0.000000         0.000000
       23       20.000000         0.000000         0.000000
       24       20.000000         0.000000         0.000000
       25       10.000000         0.000000         0.000000
       26       20.000000         0.000000         0.000000
       27       10.000000         0.000000         0.000000
       28       30.000000         0.000000         0.000000
       29        0.000000         0.000000         0.000000
       30        0.000000         0.000000         0.000000
       31        0.000000         0.000000         0.000000
       32        0.000000         0.000000         0.000000
       33        0.000000         0.000000         0.000000
       34        0.000000         0.000000         0.000000
       35        0.000000         0.000000         0.000000
       36        0.000000         0.000000         0.000000
       37        0.000000         0.000000         0.000000
       38        0.000000         0.000000         0.000000
       39        0.000000         0.000000         0.000000
       40        0.000000         0.000000         0.000000
       41       70.000000         INFINITY        25.000000
       42       70.000000         INFINITY        20.000000
       43       40.000000         INFINITY        20.000000
       44       40.000000        10.000000         0.000000
       45       80.000000         INFINITY        45.000000
       46       80.000000        25.000000         0.000000
       47       60.000000         INFINITY        30.000000
       48       60.000000         INFINITY        10.000000
       49       60.000000        25.000000         5.000000
       50       60.000000         INFINITY        30.000000
       51       50.000000         INFINITY        30.000000
       52       40.000000         INFINITY        30.000000
       53       50.000000         INFINITY        40.000000
       54       60.000000         INFINITY        35.000000
       55       60.000000         INFINITY         5.000000
       56       50.000000         0.000000        10.000000
       57       40.000000        10.000000        10.000000
       58       50.000000         0.000000         0.000000
       59      250.000000         INFINITY       120.000000
       60      350.000000         INFINITY       130.000000


 RIGHTHANDSIDE PARAMETRICS REPORT FOR ROW: 59

    VAR       VAR    PIVOT    RHS       DUAL PRICE      OBJ
    OUT       IN      ROW     VAL      BEFORE PIVOT     VAL

                            250.000      0.000000E+00  0.137475E+07
 SLK   59      Y222    59   130.000      0.000000E+00  0.137475E+07
     Y213      X422    16   130.000       1050.00      0.137475E+07
 SLK   55  SLK   49    55   125.000       1100.00      0.138025E+07
     Y111      Y213    14   120.000       1200.00      0.138625E+07
 SLK   48      Y221    24   115.000       1250.00      0.139250E+07
     Y222      X411    59   110.000       1350.00      0.139925E+07
     X322      Y153    11   105.000       1350.00      0.140600E+07
     X111      X123     2   105.000       1400.00      0.140600E+07
 SLK   42  ART         42   100.000       2100.00      0.141650E+07
                           0.000000E+00   +INFINITY   INFEASIBLE

