Problem:    sudoku
Rows:       326
Columns:    729 (729 integer, 729 binary)
Non-zeros:  2918
Status:     INTEGER OPTIMAL
Objective:  0 (MINimum)

   No.   Row name        Activity     Lower bound   Upper bound
------ ------------    ------------- ------------- -------------
     1 RigaColonna[1,1]
                                   1             1             = 
     2 RigaColonna[1,2]
                                   1             1             = 
     3 RigaColonna[1,3]
                                   1             1             = 
     4 RigaColonna[1,4]
                                   1             1             = 
     5 RigaColonna[1,5]
                                   1             1             = 
     6 RigaColonna[1,6]
                                   1             1             = 
     7 RigaColonna[1,7]
                                   1             1             = 
     8 RigaColonna[1,8]
                                   1             1             = 
     9 RigaColonna[1,9]
                                   1             1             = 
    10 RigaColonna[2,1]
                                   1             1             = 
    11 RigaColonna[2,2]
                                   1             1             = 
    12 RigaColonna[2,3]
                                   1             1             = 
    13 RigaColonna[2,4]
                                   1             1             = 
    14 RigaColonna[2,5]
                                   1             1             = 
    15 RigaColonna[2,6]
                                   1             1             = 
    16 RigaColonna[2,7]
                                   1             1             = 
    17 RigaColonna[2,8]
                                   1             1             = 
    18 RigaColonna[2,9]
                                   1             1             = 
    19 RigaColonna[3,1]
                                   1             1             = 
    20 RigaColonna[3,2]
                                   1             1             = 
    21 RigaColonna[3,3]
                                   1             1             = 
    22 RigaColonna[3,4]
                                   1             1             = 
    23 RigaColonna[3,5]
                                   1             1             = 
    24 RigaColonna[3,6]
                                   1             1             = 
    25 RigaColonna[3,7]
                                   1             1             = 
    26 RigaColonna[3,8]
                                   1             1             = 
    27 RigaColonna[3,9]
                                   1             1             = 
    28 RigaColonna[4,1]
                                   1             1             = 
    29 RigaColonna[4,2]
                                   1             1             = 
    30 RigaColonna[4,3]
                                   1             1             = 
    31 RigaColonna[4,4]
                                   1             1             = 
    32 RigaColonna[4,5]
                                   1             1             = 
    33 RigaColonna[4,6]
                                   1             1             = 
    34 RigaColonna[4,7]
                                   1             1             = 
    35 RigaColonna[4,8]
                                   1             1             = 
    36 RigaColonna[4,9]
                                   1             1             = 
    37 RigaColonna[5,1]
                                   1             1             = 
    38 RigaColonna[5,2]
                                   1             1             = 
    39 RigaColonna[5,3]
                                   1             1             = 
    40 RigaColonna[5,4]
                                   1             1             = 
    41 RigaColonna[5,5]
                                   1             1             = 
    42 RigaColonna[5,6]
                                   1             1             = 
    43 RigaColonna[5,7]
                                   1             1             = 
    44 RigaColonna[5,8]
                                   1             1             = 
    45 RigaColonna[5,9]
                                   1             1             = 
    46 RigaColonna[6,1]
                                   1             1             = 
    47 RigaColonna[6,2]
                                   1             1             = 
    48 RigaColonna[6,3]
                                   1             1             = 
    49 RigaColonna[6,4]
                                   1             1             = 
    50 RigaColonna[6,5]
                                   1             1             = 
    51 RigaColonna[6,6]
                                   1             1             = 
    52 RigaColonna[6,7]
                                   1             1             = 
    53 RigaColonna[6,8]
                                   1             1             = 
    54 RigaColonna[6,9]
                                   1             1             = 
    55 RigaColonna[7,1]
                                   1             1             = 
    56 RigaColonna[7,2]
                                   1             1             = 
    57 RigaColonna[7,3]
                                   1             1             = 
    58 RigaColonna[7,4]
                                   1             1             = 
    59 RigaColonna[7,5]
                                   1             1             = 
    60 RigaColonna[7,6]
                                   1             1             = 
    61 RigaColonna[7,7]
                                   1             1             = 
    62 RigaColonna[7,8]
                                   1             1             = 
    63 RigaColonna[7,9]
                                   1             1             = 
    64 RigaColonna[8,1]
                                   1             1             = 
    65 RigaColonna[8,2]
                                   1             1             = 
    66 RigaColonna[8,3]
                                   1             1             = 
    67 RigaColonna[8,4]
                                   1             1             = 
    68 RigaColonna[8,5]
                                   1             1             = 
    69 RigaColonna[8,6]
                                   1             1             = 
    70 RigaColonna[8,7]
                                   1             1             = 
    71 RigaColonna[8,8]
                                   1             1             = 
    72 RigaColonna[8,9]
                                   1             1             = 
    73 RigaColonna[9,1]
                                   1             1             = 
    74 RigaColonna[9,2]
                                   1             1             = 
    75 RigaColonna[9,3]
                                   1             1             = 
    76 RigaColonna[9,4]
                                   1             1             = 
    77 RigaColonna[9,5]
                                   1             1             = 
    78 RigaColonna[9,6]
                                   1             1             = 
    79 RigaColonna[9,7]
                                   1             1             = 
    80 RigaColonna[9,8]
                                   1             1             = 
    81 RigaColonna[9,9]
                                   1             1             = 
    82 RigaCifra[1,1]
                                   1             1             = 
    83 RigaCifra[1,2]
                                   1             1             = 
    84 RigaCifra[1,3]
                                   1             1             = 
    85 RigaCifra[1,4]
                                   1             1             = 
    86 RigaCifra[1,5]
                                   1             1             = 
    87 RigaCifra[1,6]
                                   1             1             = 
    88 RigaCifra[1,7]
                                   1             1             = 
    89 RigaCifra[1,8]
                                   1             1             = 
    90 RigaCifra[1,9]
                                   1             1             = 
    91 RigaCifra[2,1]
                                   1             1             = 
    92 RigaCifra[2,2]
                                   1             1             = 
    93 RigaCifra[2,3]
                                   1             1             = 
    94 RigaCifra[2,4]
                                   1             1             = 
    95 RigaCifra[2,5]
                                   1             1             = 
    96 RigaCifra[2,6]
                                   1             1             = 
    97 RigaCifra[2,7]
                                   1             1             = 
    98 RigaCifra[2,8]
                                   1             1             = 
    99 RigaCifra[2,9]
                                   1             1             = 
   100 RigaCifra[3,1]
                                   1             1             = 
   101 RigaCifra[3,2]
                                   1             1             = 
   102 RigaCifra[3,3]
                                   1             1             = 
   103 RigaCifra[3,4]
                                   1             1             = 
   104 RigaCifra[3,5]
                                   1             1             = 
   105 RigaCifra[3,6]
                                   1             1             = 
   106 RigaCifra[3,7]
                                   1             1             = 
   107 RigaCifra[3,8]
                                   1             1             = 
   108 RigaCifra[3,9]
                                   1             1             = 
   109 RigaCifra[4,1]
                                   1             1             = 
   110 RigaCifra[4,2]
                                   1             1             = 
   111 RigaCifra[4,3]
                                   1             1             = 
   112 RigaCifra[4,4]
                                   1             1             = 
   113 RigaCifra[4,5]
                                   1             1             = 
   114 RigaCifra[4,6]
                                   1             1             = 
   115 RigaCifra[4,7]
                                   1             1             = 
   116 RigaCifra[4,8]
                                   1             1             = 
   117 RigaCifra[4,9]
                                   1             1             = 
   118 RigaCifra[5,1]
                                   1             1             = 
   119 RigaCifra[5,2]
                                   1             1             = 
   120 RigaCifra[5,3]
                                   1             1             = 
   121 RigaCifra[5,4]
                                   1             1             = 
   122 RigaCifra[5,5]
                                   1             1             = 
   123 RigaCifra[5,6]
                                   1             1             = 
   124 RigaCifra[5,7]
                                   1             1             = 
   125 RigaCifra[5,8]
                                   1             1             = 
   126 RigaCifra[5,9]
                                   1             1             = 
   127 RigaCifra[6,1]
                                   1             1             = 
   128 RigaCifra[6,2]
                                   1             1             = 
   129 RigaCifra[6,3]
                                   1             1             = 
   130 RigaCifra[6,4]
                                   1             1             = 
   131 RigaCifra[6,5]
                                   1             1             = 
   132 RigaCifra[6,6]
                                   1             1             = 
   133 RigaCifra[6,7]
                                   1             1             = 
   134 RigaCifra[6,8]
                                   1             1             = 
   135 RigaCifra[6,9]
                                   1             1             = 
   136 RigaCifra[7,1]
                                   1             1             = 
   137 RigaCifra[7,2]
                                   1             1             = 
   138 RigaCifra[7,3]
                                   1             1             = 
   139 RigaCifra[7,4]
                                   1             1             = 
   140 RigaCifra[7,5]
                                   1             1             = 
   141 RigaCifra[7,6]
                                   1             1             = 
   142 RigaCifra[7,7]
                                   1             1             = 
   143 RigaCifra[7,8]
                                   1             1             = 
   144 RigaCifra[7,9]
                                   1             1             = 
   145 RigaCifra[8,1]
                                   1             1             = 
   146 RigaCifra[8,2]
                                   1             1             = 
   147 RigaCifra[8,3]
                                   1             1             = 
   148 RigaCifra[8,4]
                                   1             1             = 
   149 RigaCifra[8,5]
                                   1             1             = 
   150 RigaCifra[8,6]
                                   1             1             = 
   151 RigaCifra[8,7]
                                   1             1             = 
   152 RigaCifra[8,8]
                                   1             1             = 
   153 RigaCifra[8,9]
                                   1             1             = 
   154 RigaCifra[9,1]
                                   1             1             = 
   155 RigaCifra[9,2]
                                   1             1             = 
   156 RigaCifra[9,3]
                                   1             1             = 
   157 RigaCifra[9,4]
                                   1             1             = 
   158 RigaCifra[9,5]
                                   1             1             = 
   159 RigaCifra[9,6]
                                   1             1             = 
   160 RigaCifra[9,7]
                                   1             1             = 
   161 RigaCifra[9,8]
                                   1             1             = 
   162 RigaCifra[9,9]
                                   1             1             = 
   163 ColonnaCifra[1,1]
                                   1             1             = 
   164 ColonnaCifra[1,2]
                                   1             1             = 
   165 ColonnaCifra[1,3]
                                   1             1             = 
   166 ColonnaCifra[1,4]
                                   1             1             = 
   167 ColonnaCifra[1,5]
                                   1             1             = 
   168 ColonnaCifra[1,6]
                                   1             1             = 
   169 ColonnaCifra[1,7]
                                   1             1             = 
   170 ColonnaCifra[1,8]
                                   1             1             = 
   171 ColonnaCifra[1,9]
                                   1             1             = 
   172 ColonnaCifra[2,1]
                                   1             1             = 
   173 ColonnaCifra[2,2]
                                   1             1             = 
   174 ColonnaCifra[2,3]
                                   1             1             = 
   175 ColonnaCifra[2,4]
                                   1             1             = 
   176 ColonnaCifra[2,5]
                                   1             1             = 
   177 ColonnaCifra[2,6]
                                   1             1             = 
   178 ColonnaCifra[2,7]
                                   1             1             = 
   179 ColonnaCifra[2,8]
                                   1             1             = 
   180 ColonnaCifra[2,9]
                                   1             1             = 
   181 ColonnaCifra[3,1]
                                   1             1             = 
   182 ColonnaCifra[3,2]
                                   1             1             = 
   183 ColonnaCifra[3,3]
                                   1             1             = 
   184 ColonnaCifra[3,4]
                                   1             1             = 
   185 ColonnaCifra[3,5]
                                   1             1             = 
   186 ColonnaCifra[3,6]
                                   1             1             = 
   187 ColonnaCifra[3,7]
                                   1             1             = 
   188 ColonnaCifra[3,8]
                                   1             1             = 
   189 ColonnaCifra[3,9]
                                   1             1             = 
   190 ColonnaCifra[4,1]
                                   1             1             = 
   191 ColonnaCifra[4,2]
                                   1             1             = 
   192 ColonnaCifra[4,3]
                                   1             1             = 
   193 ColonnaCifra[4,4]
                                   1             1             = 
   194 ColonnaCifra[4,5]
                                   1             1             = 
   195 ColonnaCifra[4,6]
                                   1             1             = 
   196 ColonnaCifra[4,7]
                                   1             1             = 
   197 ColonnaCifra[4,8]
                                   1             1             = 
   198 ColonnaCifra[4,9]
                                   1             1             = 
   199 ColonnaCifra[5,1]
                                   1             1             = 
   200 ColonnaCifra[5,2]
                                   1             1             = 
   201 ColonnaCifra[5,3]
                                   1             1             = 
   202 ColonnaCifra[5,4]
                                   1             1             = 
   203 ColonnaCifra[5,5]
                                   1             1             = 
   204 ColonnaCifra[5,6]
                                   1             1             = 
   205 ColonnaCifra[5,7]
                                   1             1             = 
   206 ColonnaCifra[5,8]
                                   1             1             = 
   207 ColonnaCifra[5,9]
                                   1             1             = 
   208 ColonnaCifra[6,1]
                                   1             1             = 
   209 ColonnaCifra[6,2]
                                   1             1             = 
   210 ColonnaCifra[6,3]
                                   1             1             = 
   211 ColonnaCifra[6,4]
                                   1             1             = 
   212 ColonnaCifra[6,5]
                                   1             1             = 
   213 ColonnaCifra[6,6]
                                   1             1             = 
   214 ColonnaCifra[6,7]
                                   1             1             = 
   215 ColonnaCifra[6,8]
                                   1             1             = 
   216 ColonnaCifra[6,9]
                                   1             1             = 
   217 ColonnaCifra[7,1]
                                   1             1             = 
   218 ColonnaCifra[7,2]
                                   1             1             = 
   219 ColonnaCifra[7,3]
                                   1             1             = 
   220 ColonnaCifra[7,4]
                                   1             1             = 
   221 ColonnaCifra[7,5]
                                   1             1             = 
   222 ColonnaCifra[7,6]
                                   1             1             = 
   223 ColonnaCifra[7,7]
                                   1             1             = 
   224 ColonnaCifra[7,8]
                                   1             1             = 
   225 ColonnaCifra[7,9]
                                   1             1             = 
   226 ColonnaCifra[8,1]
                                   1             1             = 
   227 ColonnaCifra[8,2]
                                   1             1             = 
   228 ColonnaCifra[8,3]
                                   1             1             = 
   229 ColonnaCifra[8,4]
                                   1             1             = 
   230 ColonnaCifra[8,5]
                                   1             1             = 
   231 ColonnaCifra[8,6]
                                   1             1             = 
   232 ColonnaCifra[8,7]
                                   1             1             = 
   233 ColonnaCifra[8,8]
                                   1             1             = 
   234 ColonnaCifra[8,9]
                                   1             1             = 
   235 ColonnaCifra[9,1]
                                   1             1             = 
   236 ColonnaCifra[9,2]
                                   1             1             = 
   237 ColonnaCifra[9,3]
                                   1             1             = 
   238 ColonnaCifra[9,4]
                                   1             1             = 
   239 ColonnaCifra[9,5]
                                   1             1             = 
   240 ColonnaCifra[9,6]
                                   1             1             = 
   241 ColonnaCifra[9,7]
                                   1             1             = 
   242 ColonnaCifra[9,8]
                                   1             1             = 
   243 ColonnaCifra[9,9]
                                   1             1             = 
   244 Quadrato[1,1,1]
                                   1             1             = 
   245 Quadrato[1,1,2]
                                   1             1             = 
   246 Quadrato[1,1,3]
                                   1             1             = 
   247 Quadrato[1,2,1]
                                   1             1             = 
   248 Quadrato[1,2,2]
                                   1             1             = 
   249 Quadrato[1,2,3]
                                   1             1             = 
   250 Quadrato[1,3,1]
                                   1             1             = 
   251 Quadrato[1,3,2]
                                   1             1             = 
   252 Quadrato[1,3,3]
                                   1             1             = 
   253 Quadrato[2,1,1]
                                   1             1             = 
   254 Quadrato[2,1,2]
                                   1             1             = 
   255 Quadrato[2,1,3]
                                   1             1             = 
   256 Quadrato[2,2,1]
                                   1             1             = 
   257 Quadrato[2,2,2]
                                   1             1             = 
   258 Quadrato[2,2,3]
                                   1             1             = 
   259 Quadrato[2,3,1]
                                   1             1             = 
   260 Quadrato[2,3,2]
                                   1             1             = 
   261 Quadrato[2,3,3]
                                   1             1             = 
   262 Quadrato[3,1,1]
                                   1             1             = 
   263 Quadrato[3,1,2]
                                   1             1             = 
   264 Quadrato[3,1,3]
                                   1             1             = 
   265 Quadrato[3,2,1]
                                   1             1             = 
   266 Quadrato[3,2,2]
                                   1             1             = 
   267 Quadrato[3,2,3]
                                   1             1             = 
   268 Quadrato[3,3,1]
                                   1             1             = 
   269 Quadrato[3,3,2]
                                   1             1             = 
   270 Quadrato[3,3,3]
                                   1             1             = 
   271 Quadrato[4,1,1]
                                   1             1             = 
   272 Quadrato[4,1,2]
                                   1             1             = 
   273 Quadrato[4,1,3]
                                   1             1             = 
   274 Quadrato[4,2,1]
                                   1             1             = 
   275 Quadrato[4,2,2]
                                   1             1             = 
   276 Quadrato[4,2,3]
                                   1             1             = 
   277 Quadrato[4,3,1]
                                   1             1             = 
   278 Quadrato[4,3,2]
                                   1             1             = 
   279 Quadrato[4,3,3]
                                   1             1             = 
   280 Quadrato[5,1,1]
                                   1             1             = 
   281 Quadrato[5,1,2]
                                   1             1             = 
   282 Quadrato[5,1,3]
                                   1             1             = 
   283 Quadrato[5,2,1]
                                   1             1             = 
   284 Quadrato[5,2,2]
                                   1             1             = 
   285 Quadrato[5,2,3]
                                   1             1             = 
   286 Quadrato[5,3,1]
                                   1             1             = 
   287 Quadrato[5,3,2]
                                   1             1             = 
   288 Quadrato[5,3,3]
                                   1             1             = 
   289 Quadrato[6,1,1]
                                   1             1             = 
   290 Quadrato[6,1,2]
                                   1             1             = 
   291 Quadrato[6,1,3]
                                   1             1             = 
   292 Quadrato[6,2,1]
                                   1             1             = 
   293 Quadrato[6,2,2]
                                   1             1             = 
   294 Quadrato[6,2,3]
                                   1             1             = 
   295 Quadrato[6,3,1]
                                   1             1             = 
   296 Quadrato[6,3,2]
                                   1             1             = 
   297 Quadrato[6,3,3]
                                   1             1             = 
   298 Quadrato[7,1,1]
                                   1             1             = 
   299 Quadrato[7,1,2]
                                   1             1             = 
   300 Quadrato[7,1,3]
                                   1             1             = 
   301 Quadrato[7,2,1]
                                   1             1             = 
   302 Quadrato[7,2,2]
                                   1             1             = 
   303 Quadrato[7,2,3]
                                   1             1             = 
   304 Quadrato[7,3,1]
                                   1             1             = 
   305 Quadrato[7,3,2]
                                   1             1             = 
   306 Quadrato[7,3,3]
                                   1             1             = 
   307 Quadrato[8,1,1]
                                   1             1             = 
   308 Quadrato[8,1,2]
                                   1             1             = 
   309 Quadrato[8,1,3]
                                   1             1             = 
   310 Quadrato[8,2,1]
                                   1             1             = 
   311 Quadrato[8,2,2]
                                   1             1             = 
   312 Quadrato[8,2,3]
                                   1             1             = 
   313 Quadrato[8,3,1]
                                   1             1             = 
   314 Quadrato[8,3,2]
                                   1             1             = 
   315 Quadrato[8,3,3]
                                   1             1             = 
   316 Quadrato[9,1,1]
                                   1             1             = 
   317 Quadrato[9,1,2]
                                   1             1             = 
   318 Quadrato[9,1,3]
                                   1             1             = 
   319 Quadrato[9,2,1]
                                   1             1             = 
   320 Quadrato[9,2,2]
                                   1             1             = 
   321 Quadrato[9,2,3]
                                   1             1             = 
   322 Quadrato[9,3,1]
                                   1             1             = 
   323 Quadrato[9,3,2]
                                   1             1             = 
   324 Quadrato[9,3,3]
                                   1             1             = 
   325 forzata1                    1             1             = 
   326 forzata2                    1             1             = 

   No. Column name       Activity     Lower bound   Upper bound
------ ------------    ------------- ------------- -------------
     1 x[1,1,1]     *              0             0             1 
     2 x[1,1,2]     *              0             0             1 
     3 x[1,1,3]     *              0             0             1 
     4 x[1,1,4]     *              1             0             1 
     5 x[1,1,5]     *              0             0             1 
     6 x[1,1,6]     *              0             0             1 
     7 x[1,1,7]     *              0             0             1 
     8 x[1,1,8]     *              0             0             1 
     9 x[1,1,9]     *              0             0             1 
    10 x[1,2,1]     *              1             0             1 
    11 x[1,2,2]     *              0             0             1 
    12 x[1,2,3]     *              0             0             1 
    13 x[1,2,4]     *              0             0             1 
    14 x[1,2,5]     *              0             0             1 
    15 x[1,2,6]     *              0             0             1 
    16 x[1,2,7]     *              0             0             1 
    17 x[1,2,8]     *              0             0             1 
    18 x[1,2,9]     *              0             0             1 
    19 x[1,3,1]     *              0             0             1 
    20 x[1,3,2]     *              1             0             1 
    21 x[1,3,3]     *              0             0             1 
    22 x[1,3,4]     *              0             0             1 
    23 x[1,3,5]     *              0             0             1 
    24 x[1,3,6]     *              0             0             1 
    25 x[1,3,7]     *              0             0             1 
    26 x[1,3,8]     *              0             0             1 
    27 x[1,3,9]     *              0             0             1 
    28 x[1,4,1]     *              0             0             1 
    29 x[1,4,2]     *              0             0             1 
    30 x[1,4,3]     *              0             0             1 
    31 x[1,4,4]     *              0             0             1 
    32 x[1,4,5]     *              0             0             1 
    33 x[1,4,6]     *              1             0             1 
    34 x[1,4,7]     *              0             0             1 
    35 x[1,4,8]     *              0             0             1 
    36 x[1,4,9]     *              0             0             1 
    37 x[1,5,1]     *              0             0             1 
    38 x[1,5,2]     *              0             0             1 
    39 x[1,5,3]     *              0             0             1 
    40 x[1,5,4]     *              0             0             1 
    41 x[1,5,5]     *              0             0             1 
    42 x[1,5,6]     *              0             0             1 
    43 x[1,5,7]     *              0             0             1 
    44 x[1,5,8]     *              1             0             1 
    45 x[1,5,9]     *              0             0             1 
    46 x[1,6,1]     *              0             0             1 
    47 x[1,6,2]     *              0             0             1 
    48 x[1,6,3]     *              1             0             1 
    49 x[1,6,4]     *              0             0             1 
    50 x[1,6,5]     *              0             0             1 
    51 x[1,6,6]     *              0             0             1 
    52 x[1,6,7]     *              0             0             1 
    53 x[1,6,8]     *              0             0             1 
    54 x[1,6,9]     *              0             0             1 
    55 x[1,7,1]     *              0             0             1 
    56 x[1,7,2]     *              0             0             1 
    57 x[1,7,3]     *              0             0             1 
    58 x[1,7,4]     *              0             0             1 
    59 x[1,7,5]     *              0             0             1 
    60 x[1,7,6]     *              0             0             1 
    61 x[1,7,7]     *              0             0             1 
    62 x[1,7,8]     *              0             0             1 
    63 x[1,7,9]     *              1             0             1 
    64 x[1,8,1]     *              0             0             1 
    65 x[1,8,2]     *              0             0             1 
    66 x[1,8,3]     *              0             0             1 
    67 x[1,8,4]     *              0             0             1 
    68 x[1,8,5]     *              1             0             1 
    69 x[1,8,6]     *              0             0             1 
    70 x[1,8,7]     *              0             0             1 
    71 x[1,8,8]     *              0             0             1 
    72 x[1,8,9]     *              0             0             1 
    73 x[1,9,1]     *              0             0             1 
    74 x[1,9,2]     *              0             0             1 
    75 x[1,9,3]     *              0             0             1 
    76 x[1,9,4]     *              0             0             1 
    77 x[1,9,5]     *              0             0             1 
    78 x[1,9,6]     *              0             0             1 
    79 x[1,9,7]     *              1             0             1 
    80 x[1,9,8]     *              0             0             1 
    81 x[1,9,9]     *              0             0             1 
    82 x[2,1,1]     *              0             0             1 
    83 x[2,1,2]     *              0             0             1 
    84 x[2,1,3]     *              0             0             1 
    85 x[2,1,4]     *              0             0             1 
    86 x[2,1,5]     *              1             0             1 
    87 x[2,1,6]     *              0             0             1 
    88 x[2,1,7]     *              0             0             1 
    89 x[2,1,8]     *              0             0             1 
    90 x[2,1,9]     *              0             0             1 
    91 x[2,2,1]     *              0             0             1 
    92 x[2,2,2]     *              0             0             1 
    93 x[2,2,3]     *              0             0             1 
    94 x[2,2,4]     *              0             0             1 
    95 x[2,2,5]     *              0             0             1 
    96 x[2,2,6]     *              1             0             1 
    97 x[2,2,7]     *              0             0             1 
    98 x[2,2,8]     *              0             0             1 
    99 x[2,2,9]     *              0             0             1 
   100 x[2,3,1]     *              0             0             1 
   101 x[2,3,2]     *              0             0             1 
   102 x[2,3,3]     *              0             0             1 
   103 x[2,3,4]     *              0             0             1 
   104 x[2,3,5]     *              0             0             1 
   105 x[2,3,6]     *              0             0             1 
   106 x[2,3,7]     *              1             0             1 
   107 x[2,3,8]     *              0             0             1 
   108 x[2,3,9]     *              0             0             1 
   109 x[2,4,1]     *              0             0             1 
   110 x[2,4,2]     *              0             0             1 
   111 x[2,4,3]     *              0             0             1 
   112 x[2,4,4]     *              0             0             1 
   113 x[2,4,5]     *              0             0             1 
   114 x[2,4,6]     *              0             0             1 
   115 x[2,4,7]     *              0             0             1 
   116 x[2,4,8]     *              0             0             1 
   117 x[2,4,9]     *              1             0             1 
   118 x[2,5,1]     *              0             0             1 
   119 x[2,5,2]     *              1             0             1 
   120 x[2,5,3]     *              0             0             1 
   121 x[2,5,4]     *              0             0             1 
   122 x[2,5,5]     *              0             0             1 
   123 x[2,5,6]     *              0             0             1 
   124 x[2,5,7]     *              0             0             1 
   125 x[2,5,8]     *              0             0             1 
   126 x[2,5,9]     *              0             0             1 
   127 x[2,6,1]     *              1             0             1 
   128 x[2,6,2]     *              0             0             1 
   129 x[2,6,3]     *              0             0             1 
   130 x[2,6,4]     *              0             0             1 
   131 x[2,6,5]     *              0             0             1 
   132 x[2,6,6]     *              0             0             1 
   133 x[2,6,7]     *              0             0             1 
   134 x[2,6,8]     *              0             0             1 
   135 x[2,6,9]     *              0             0             1 
   136 x[2,7,1]     *              0             0             1 
   137 x[2,7,2]     *              0             0             1 
   138 x[2,7,3]     *              0             0             1 
   139 x[2,7,4]     *              0             0             1 
   140 x[2,7,5]     *              0             0             1 
   141 x[2,7,6]     *              0             0             1 
   142 x[2,7,7]     *              0             0             1 
   143 x[2,7,8]     *              1             0             1 
   144 x[2,7,9]     *              0             0             1 
   145 x[2,8,1]     *              0             0             1 
   146 x[2,8,2]     *              0             0             1 
   147 x[2,8,3]     *              1             0             1 
   148 x[2,8,4]     *              0             0             1 
   149 x[2,8,5]     *              0             0             1 
   150 x[2,8,6]     *              0             0             1 
   151 x[2,8,7]     *              0             0             1 
   152 x[2,8,8]     *              0             0             1 
   153 x[2,8,9]     *              0             0             1 
   154 x[2,9,1]     *              0             0             1 
   155 x[2,9,2]     *              0             0             1 
   156 x[2,9,3]     *              0             0             1 
   157 x[2,9,4]     *              1             0             1 
   158 x[2,9,5]     *              0             0             1 
   159 x[2,9,6]     *              0             0             1 
   160 x[2,9,7]     *              0             0             1 
   161 x[2,9,8]     *              0             0             1 
   162 x[2,9,9]     *              0             0             1 
   163 x[3,1,1]     *              0             0             1 
   164 x[3,1,2]     *              0             0             1 
   165 x[3,1,3]     *              0             0             1 
   166 x[3,1,4]     *              0             0             1 
   167 x[3,1,5]     *              0             0             1 
   168 x[3,1,6]     *              0             0             1 
   169 x[3,1,7]     *              0             0             1 
   170 x[3,1,8]     *              0             0             1 
   171 x[3,1,9]     *              1             0             1 
   172 x[3,2,1]     *              0             0             1 
   173 x[3,2,2]     *              0             0             1 
   174 x[3,2,3]     *              1             0             1 
   175 x[3,2,4]     *              0             0             1 
   176 x[3,2,5]     *              0             0             1 
   177 x[3,2,6]     *              0             0             1 
   178 x[3,2,7]     *              0             0             1 
   179 x[3,2,8]     *              0             0             1 
   180 x[3,2,9]     *              0             0             1 
   181 x[3,3,1]     *              0             0             1 
   182 x[3,3,2]     *              0             0             1 
   183 x[3,3,3]     *              0             0             1 
   184 x[3,3,4]     *              0             0             1 
   185 x[3,3,5]     *              0             0             1 
   186 x[3,3,6]     *              0             0             1 
   187 x[3,3,7]     *              0             0             1 
   188 x[3,3,8]     *              1             0             1 
   189 x[3,3,9]     *              0             0             1 
   190 x[3,4,1]     *              0             0             1 
   191 x[3,4,2]     *              0             0             1 
   192 x[3,4,3]     *              0             0             1 
   193 x[3,4,4]     *              0             0             1 
   194 x[3,4,5]     *              1             0             1 
   195 x[3,4,6]     *              0             0             1 
   196 x[3,4,7]     *              0             0             1 
   197 x[3,4,8]     *              0             0             1 
   198 x[3,4,9]     *              0             0             1 
   199 x[3,5,1]     *              0             0             1 
   200 x[3,5,2]     *              0             0             1 
   201 x[3,5,3]     *              0             0             1 
   202 x[3,5,4]     *              1             0             1 
   203 x[3,5,5]     *              0             0             1 
   204 x[3,5,6]     *              0             0             1 
   205 x[3,5,7]     *              0             0             1 
   206 x[3,5,8]     *              0             0             1 
   207 x[3,5,9]     *              0             0             1 
   208 x[3,6,1]     *              0             0             1 
   209 x[3,6,2]     *              0             0             1 
   210 x[3,6,3]     *              0             0             1 
   211 x[3,6,4]     *              0             0             1 
   212 x[3,6,5]     *              0             0             1 
   213 x[3,6,6]     *              0             0             1 
   214 x[3,6,7]     *              1             0             1 
   215 x[3,6,8]     *              0             0             1 
   216 x[3,6,9]     *              0             0             1 
   217 x[3,7,1]     *              0             0             1 
   218 x[3,7,2]     *              1             0             1 
   219 x[3,7,3]     *              0             0             1 
   220 x[3,7,4]     *              0             0             1 
   221 x[3,7,5]     *              0             0             1 
   222 x[3,7,6]     *              0             0             1 
   223 x[3,7,7]     *              0             0             1 
   224 x[3,7,8]     *              0             0             1 
   225 x[3,7,9]     *              0             0             1 
   226 x[3,8,1]     *              1             0             1 
   227 x[3,8,2]     *              0             0             1 
   228 x[3,8,3]     *              0             0             1 
   229 x[3,8,4]     *              0             0             1 
   230 x[3,8,5]     *              0             0             1 
   231 x[3,8,6]     *              0             0             1 
   232 x[3,8,7]     *              0             0             1 
   233 x[3,8,8]     *              0             0             1 
   234 x[3,8,9]     *              0             0             1 
   235 x[3,9,1]     *              0             0             1 
   236 x[3,9,2]     *              0             0             1 
   237 x[3,9,3]     *              0             0             1 
   238 x[3,9,4]     *              0             0             1 
   239 x[3,9,5]     *              0             0             1 
   240 x[3,9,6]     *              1             0             1 
   241 x[3,9,7]     *              0             0             1 
   242 x[3,9,8]     *              0             0             1 
   243 x[3,9,9]     *              0             0             1 
   244 x[4,1,1]     *              0             0             1 
   245 x[4,1,2]     *              0             0             1 
   246 x[4,1,3]     *              1             0             1 
   247 x[4,1,4]     *              0             0             1 
   248 x[4,1,5]     *              0             0             1 
   249 x[4,1,6]     *              0             0             1 
   250 x[4,1,7]     *              0             0             1 
   251 x[4,1,8]     *              0             0             1 
   252 x[4,1,9]     *              0             0             1 
   253 x[4,2,1]     *              0             0             1 
   254 x[4,2,2]     *              0             0             1 
   255 x[4,2,3]     *              0             0             1 
   256 x[4,2,4]     *              1             0             1 
   257 x[4,2,5]     *              0             0             1 
   258 x[4,2,6]     *              0             0             1 
   259 x[4,2,7]     *              0             0             1 
   260 x[4,2,8]     *              0             0             1 
   261 x[4,2,9]     *              0             0             1 
   262 x[4,3,1]     *              1             0             1 
   263 x[4,3,2]     *              0             0             1 
   264 x[4,3,3]     *              0             0             1 
   265 x[4,3,4]     *              0             0             1 
   266 x[4,3,5]     *              0             0             1 
   267 x[4,3,6]     *              0             0             1 
   268 x[4,3,7]     *              0             0             1 
   269 x[4,3,8]     *              0             0             1 
   270 x[4,3,9]     *              0             0             1 
   271 x[4,4,1]     *              0             0             1 
   272 x[4,4,2]     *              1             0             1 
   273 x[4,4,3]     *              0             0             1 
   274 x[4,4,4]     *              0             0             1 
   275 x[4,4,5]     *              0             0             1 
   276 x[4,4,6]     *              0             0             1 
   277 x[4,4,7]     *              0             0             1 
   278 x[4,4,8]     *              0             0             1 
   279 x[4,4,9]     *              0             0             1 
   280 x[4,5,1]     *              0             0             1 
   281 x[4,5,2]     *              0             0             1 
   282 x[4,5,3]     *              0             0             1 
   283 x[4,5,4]     *              0             0             1 
   284 x[4,5,5]     *              0             0             1 
   285 x[4,5,6]     *              0             0             1 
   286 x[4,5,7]     *              0             0             1 
   287 x[4,5,8]     *              0             0             1 
   288 x[4,5,9]     *              1             0             1 
   289 x[4,6,1]     *              0             0             1 
   290 x[4,6,2]     *              0             0             1 
   291 x[4,6,3]     *              0             0             1 
   292 x[4,6,4]     *              0             0             1 
   293 x[4,6,5]     *              0             0             1 
   294 x[4,6,6]     *              1             0             1 
   295 x[4,6,7]     *              0             0             1 
   296 x[4,6,8]     *              0             0             1 
   297 x[4,6,9]     *              0             0             1 
   298 x[4,7,1]     *              0             0             1 
   299 x[4,7,2]     *              0             0             1 
   300 x[4,7,3]     *              0             0             1 
   301 x[4,7,4]     *              0             0             1 
   302 x[4,7,5]     *              0             0             1 
   303 x[4,7,6]     *              0             0             1 
   304 x[4,7,7]     *              1             0             1 
   305 x[4,7,8]     *              0             0             1 
   306 x[4,7,9]     *              0             0             1 
   307 x[4,8,1]     *              0             0             1 
   308 x[4,8,2]     *              0             0             1 
   309 x[4,8,3]     *              0             0             1 
   310 x[4,8,4]     *              0             0             1 
   311 x[4,8,5]     *              0             0             1 
   312 x[4,8,6]     *              0             0             1 
   313 x[4,8,7]     *              0             0             1 
   314 x[4,8,8]     *              1             0             1 
   315 x[4,8,9]     *              0             0             1 
   316 x[4,9,1]     *              0             0             1 
   317 x[4,9,2]     *              0             0             1 
   318 x[4,9,3]     *              0             0             1 
   319 x[4,9,4]     *              0             0             1 
   320 x[4,9,5]     *              1             0             1 
   321 x[4,9,6]     *              0             0             1 
   322 x[4,9,7]     *              0             0             1 
   323 x[4,9,8]     *              0             0             1 
   324 x[4,9,9]     *              0             0             1 
   325 x[5,1,1]     *              0             0             1 
   326 x[5,1,2]     *              0             0             1 
   327 x[5,1,3]     *              0             0             1 
   328 x[5,1,4]     *              0             0             1 
   329 x[5,1,5]     *              0             0             1 
   330 x[5,1,6]     *              0             0             1 
   331 x[5,1,7]     *              0             0             1 
   332 x[5,1,8]     *              1             0             1 
   333 x[5,1,9]     *              0             0             1 
   334 x[5,2,1]     *              0             0             1 
   335 x[5,2,2]     *              0             0             1 
   336 x[5,2,3]     *              0             0             1 
   337 x[5,2,4]     *              0             0             1 
   338 x[5,2,5]     *              0             0             1 
   339 x[5,2,6]     *              0             0             1 
   340 x[5,2,7]     *              1             0             1 
   341 x[5,2,8]     *              0             0             1 
   342 x[5,2,9]     *              0             0             1 
   343 x[5,3,1]     *              0             0             1 
   344 x[5,3,2]     *              0             0             1 
   345 x[5,3,3]     *              0             0             1 
   346 x[5,3,4]     *              0             0             1 
   347 x[5,3,5]     *              1             0             1 
   348 x[5,3,6]     *              0             0             1 
   349 x[5,3,7]     *              0             0             1 
   350 x[5,3,8]     *              0             0             1 
   351 x[5,3,9]     *              0             0             1 
   352 x[5,4,1]     *              1             0             1 
   353 x[5,4,2]     *              0             0             1 
   354 x[5,4,3]     *              0             0             1 
   355 x[5,4,4]     *              0             0             1 
   356 x[5,4,5]     *              0             0             1 
   357 x[5,4,6]     *              0             0             1 
   358 x[5,4,7]     *              0             0             1 
   359 x[5,4,8]     *              0             0             1 
   360 x[5,4,9]     *              0             0             1 
   361 x[5,5,1]     *              0             0             1 
   362 x[5,5,2]     *              0             0             1 
   363 x[5,5,3]     *              1             0             1 
   364 x[5,5,4]     *              0             0             1 
   365 x[5,5,5]     *              0             0             1 
   366 x[5,5,6]     *              0             0             1 
   367 x[5,5,7]     *              0             0             1 
   368 x[5,5,8]     *              0             0             1 
   369 x[5,5,9]     *              0             0             1 
   370 x[5,6,1]     *              0             0             1 
   371 x[5,6,2]     *              0             0             1 
   372 x[5,6,3]     *              0             0             1 
   373 x[5,6,4]     *              1             0             1 
   374 x[5,6,5]     *              0             0             1 
   375 x[5,6,6]     *              0             0             1 
   376 x[5,6,7]     *              0             0             1 
   377 x[5,6,8]     *              0             0             1 
   378 x[5,6,9]     *              0             0             1 
   379 x[5,7,1]     *              0             0             1 
   380 x[5,7,2]     *              0             0             1 
   381 x[5,7,3]     *              0             0             1 
   382 x[5,7,4]     *              0             0             1 
   383 x[5,7,5]     *              0             0             1 
   384 x[5,7,6]     *              1             0             1 
   385 x[5,7,7]     *              0             0             1 
   386 x[5,7,8]     *              0             0             1 
   387 x[5,7,9]     *              0             0             1 
   388 x[5,8,1]     *              0             0             1 
   389 x[5,8,2]     *              0             0             1 
   390 x[5,8,3]     *              0             0             1 
   391 x[5,8,4]     *              0             0             1 
   392 x[5,8,5]     *              0             0             1 
   393 x[5,8,6]     *              0             0             1 
   394 x[5,8,7]     *              0             0             1 
   395 x[5,8,8]     *              0             0             1 
   396 x[5,8,9]     *              1             0             1 
   397 x[5,9,1]     *              0             0             1 
   398 x[5,9,2]     *              1             0             1 
   399 x[5,9,3]     *              0             0             1 
   400 x[5,9,4]     *              0             0             1 
   401 x[5,9,5]     *              0             0             1 
   402 x[5,9,6]     *              0             0             1 
   403 x[5,9,7]     *              0             0             1 
   404 x[5,9,8]     *              0             0             1 
   405 x[5,9,9]     *              0             0             1 
   406 x[6,1,1]     *              0             0             1 
   407 x[6,1,2]     *              1             0             1 
   408 x[6,1,3]     *              0             0             1 
   409 x[6,1,4]     *              0             0             1 
   410 x[6,1,5]     *              0             0             1 
   411 x[6,1,6]     *              0             0             1 
   412 x[6,1,7]     *              0             0             1 
   413 x[6,1,8]     *              0             0             1 
   414 x[6,1,9]     *              0             0             1 
   415 x[6,2,1]     *              0             0             1 
   416 x[6,2,2]     *              0             0             1 
   417 x[6,2,3]     *              0             0             1 
   418 x[6,2,4]     *              0             0             1 
   419 x[6,2,5]     *              0             0             1 
   420 x[6,2,6]     *              0             0             1 
   421 x[6,2,7]     *              0             0             1 
   422 x[6,2,8]     *              0             0             1 
   423 x[6,2,9]     *              1             0             1 
   424 x[6,3,1]     *              0             0             1 
   425 x[6,3,2]     *              0             0             1 
   426 x[6,3,3]     *              0             0             1 
   427 x[6,3,4]     *              0             0             1 
   428 x[6,3,5]     *              0             0             1 
   429 x[6,3,6]     *              1             0             1 
   430 x[6,3,7]     *              0             0             1 
   431 x[6,3,8]     *              0             0             1 
   432 x[6,3,9]     *              0             0             1 
   433 x[6,4,1]     *              0             0             1 
   434 x[6,4,2]     *              0             0             1 
   435 x[6,4,3]     *              0             0             1 
   436 x[6,4,4]     *              0             0             1 
   437 x[6,4,5]     *              0             0             1 
   438 x[6,4,6]     *              0             0             1 
   439 x[6,4,7]     *              1             0             1 
   440 x[6,4,8]     *              0             0             1 
   441 x[6,4,9]     *              0             0             1 
   442 x[6,5,1]     *              0             0             1 
   443 x[6,5,2]     *              0             0             1 
   444 x[6,5,3]     *              0             0             1 
   445 x[6,5,4]     *              0             0             1 
   446 x[6,5,5]     *              1             0             1 
   447 x[6,5,6]     *              0             0             1 
   448 x[6,5,7]     *              0             0             1 
   449 x[6,5,8]     *              0             0             1 
   450 x[6,5,9]     *              0             0             1 
   451 x[6,6,1]     *              0             0             1 
   452 x[6,6,2]     *              0             0             1 
   453 x[6,6,3]     *              0             0             1 
   454 x[6,6,4]     *              0             0             1 
   455 x[6,6,5]     *              0             0             1 
   456 x[6,6,6]     *              0             0             1 
   457 x[6,6,7]     *              0             0             1 
   458 x[6,6,8]     *              1             0             1 
   459 x[6,6,9]     *              0             0             1 
   460 x[6,7,1]     *              0             0             1 
   461 x[6,7,2]     *              0             0             1 
   462 x[6,7,3]     *              1             0             1 
   463 x[6,7,4]     *              0             0             1 
   464 x[6,7,5]     *              0             0             1 
   465 x[6,7,6]     *              0             0             1 
   466 x[6,7,7]     *              0             0             1 
   467 x[6,7,8]     *              0             0             1 
   468 x[6,7,9]     *              0             0             1 
   469 x[6,8,1]     *              0             0             1 
   470 x[6,8,2]     *              0             0             1 
   471 x[6,8,3]     *              0             0             1 
   472 x[6,8,4]     *              1             0             1 
   473 x[6,8,5]     *              0             0             1 
   474 x[6,8,6]     *              0             0             1 
   475 x[6,8,7]     *              0             0             1 
   476 x[6,8,8]     *              0             0             1 
   477 x[6,8,9]     *              0             0             1 
   478 x[6,9,1]     *              1             0             1 
   479 x[6,9,2]     *              0             0             1 
   480 x[6,9,3]     *              0             0             1 
   481 x[6,9,4]     *              0             0             1 
   482 x[6,9,5]     *              0             0             1 
   483 x[6,9,6]     *              0             0             1 
   484 x[6,9,7]     *              0             0             1 
   485 x[6,9,8]     *              0             0             1 
   486 x[6,9,9]     *              0             0             1 
   487 x[7,1,1]     *              0             0             1 
   488 x[7,1,2]     *              0             0             1 
   489 x[7,1,3]     *              0             0             1 
   490 x[7,1,4]     *              0             0             1 
   491 x[7,1,5]     *              0             0             1 
   492 x[7,1,6]     *              1             0             1 
   493 x[7,1,7]     *              0             0             1 
   494 x[7,1,8]     *              0             0             1 
   495 x[7,1,9]     *              0             0             1 
   496 x[7,2,1]     *              0             0             1 
   497 x[7,2,2]     *              0             0             1 
   498 x[7,2,3]     *              0             0             1 
   499 x[7,2,4]     *              0             0             1 
   500 x[7,2,5]     *              1             0             1 
   501 x[7,2,6]     *              0             0             1 
   502 x[7,2,7]     *              0             0             1 
   503 x[7,2,8]     *              0             0             1 
   504 x[7,2,9]     *              0             0             1 
   505 x[7,3,1]     *              0             0             1 
   506 x[7,3,2]     *              0             0             1 
   507 x[7,3,3]     *              0             0             1 
   508 x[7,3,4]     *              1             0             1 
   509 x[7,3,5]     *              0             0             1 
   510 x[7,3,6]     *              0             0             1 
   511 x[7,3,7]     *              0             0             1 
   512 x[7,3,8]     *              0             0             1 
   513 x[7,3,9]     *              0             0             1 
   514 x[7,4,1]     *              0             0             1 
   515 x[7,4,2]     *              0             0             1 
   516 x[7,4,3]     *              1             0             1 
   517 x[7,4,4]     *              0             0             1 
   518 x[7,4,5]     *              0             0             1 
   519 x[7,4,6]     *              0             0             1 
   520 x[7,4,7]     *              0             0             1 
   521 x[7,4,8]     *              0             0             1 
   522 x[7,4,9]     *              0             0             1 
   523 x[7,5,1]     *              0             0             1 
   524 x[7,5,2]     *              0             0             1 
   525 x[7,5,3]     *              0             0             1 
   526 x[7,5,4]     *              0             0             1 
   527 x[7,5,5]     *              0             0             1 
   528 x[7,5,6]     *              0             0             1 
   529 x[7,5,7]     *              1             0             1 
   530 x[7,5,8]     *              0             0             1 
   531 x[7,5,9]     *              0             0             1 
   532 x[7,6,1]     *              0             0             1 
   533 x[7,6,2]     *              0             0             1 
   534 x[7,6,3]     *              0             0             1 
   535 x[7,6,4]     *              0             0             1 
   536 x[7,6,5]     *              0             0             1 
   537 x[7,6,6]     *              0             0             1 
   538 x[7,6,7]     *              0             0             1 
   539 x[7,6,8]     *              0             0             1 
   540 x[7,6,9]     *              1             0             1 
   541 x[7,7,1]     *              1             0             1 
   542 x[7,7,2]     *              0             0             1 
   543 x[7,7,3]     *              0             0             1 
   544 x[7,7,4]     *              0             0             1 
   545 x[7,7,5]     *              0             0             1 
   546 x[7,7,6]     *              0             0             1 
   547 x[7,7,7]     *              0             0             1 
   548 x[7,7,8]     *              0             0             1 
   549 x[7,7,9]     *              0             0             1 
   550 x[7,8,1]     *              0             0             1 
   551 x[7,8,2]     *              1             0             1 
   552 x[7,8,3]     *              0             0             1 
   553 x[7,8,4]     *              0             0             1 
   554 x[7,8,5]     *              0             0             1 
   555 x[7,8,6]     *              0             0             1 
   556 x[7,8,7]     *              0             0             1 
   557 x[7,8,8]     *              0             0             1 
   558 x[7,8,9]     *              0             0             1 
   559 x[7,9,1]     *              0             0             1 
   560 x[7,9,2]     *              0             0             1 
   561 x[7,9,3]     *              0             0             1 
   562 x[7,9,4]     *              0             0             1 
   563 x[7,9,5]     *              0             0             1 
   564 x[7,9,6]     *              0             0             1 
   565 x[7,9,7]     *              0             0             1 
   566 x[7,9,8]     *              1             0             1 
   567 x[7,9,9]     *              0             0             1 
   568 x[8,1,1]     *              1             0             1 
   569 x[8,1,2]     *              0             0             1 
   570 x[8,1,3]     *              0             0             1 
   571 x[8,1,4]     *              0             0             1 
   572 x[8,1,5]     *              0             0             1 
   573 x[8,1,6]     *              0             0             1 
   574 x[8,1,7]     *              0             0             1 
   575 x[8,1,8]     *              0             0             1 
   576 x[8,1,9]     *              0             0             1 
   577 x[8,2,1]     *              0             0             1 
   578 x[8,2,2]     *              0             0             1 
   579 x[8,2,3]     *              0             0             1 
   580 x[8,2,4]     *              0             0             1 
   581 x[8,2,5]     *              0             0             1 
   582 x[8,2,6]     *              0             0             1 
   583 x[8,2,7]     *              0             0             1 
   584 x[8,2,8]     *              1             0             1 
   585 x[8,2,9]     *              0             0             1 
   586 x[8,3,1]     *              0             0             1 
   587 x[8,3,2]     *              0             0             1 
   588 x[8,3,3]     *              0             0             1 
   589 x[8,3,4]     *              0             0             1 
   590 x[8,3,5]     *              0             0             1 
   591 x[8,3,6]     *              0             0             1 
   592 x[8,3,7]     *              0             0             1 
   593 x[8,3,8]     *              0             0             1 
   594 x[8,3,9]     *              1             0             1 
   595 x[8,4,1]     *              0             0             1 
   596 x[8,4,2]     *              0             0             1 
   597 x[8,4,3]     *              0             0             1 
   598 x[8,4,4]     *              1             0             1 
   599 x[8,4,5]     *              0             0             1 
   600 x[8,4,6]     *              0             0             1 
   601 x[8,4,7]     *              0             0             1 
   602 x[8,4,8]     *              0             0             1 
   603 x[8,4,9]     *              0             0             1 
   604 x[8,5,1]     *              0             0             1 
   605 x[8,5,2]     *              0             0             1 
   606 x[8,5,3]     *              0             0             1 
   607 x[8,5,4]     *              0             0             1 
   608 x[8,5,5]     *              0             0             1 
   609 x[8,5,6]     *              1             0             1 
   610 x[8,5,7]     *              0             0             1 
   611 x[8,5,8]     *              0             0             1 
   612 x[8,5,9]     *              0             0             1 
   613 x[8,6,1]     *              0             0             1 
   614 x[8,6,2]     *              1             0             1 
   615 x[8,6,3]     *              0             0             1 
   616 x[8,6,4]     *              0             0             1 
   617 x[8,6,5]     *              0             0             1 
   618 x[8,6,6]     *              0             0             1 
   619 x[8,6,7]     *              0             0             1 
   620 x[8,6,8]     *              0             0             1 
   621 x[8,6,9]     *              0             0             1 
   622 x[8,7,1]     *              0             0             1 
   623 x[8,7,2]     *              0             0             1 
   624 x[8,7,3]     *              0             0             1 
   625 x[8,7,4]     *              0             0             1 
   626 x[8,7,5]     *              1             0             1 
   627 x[8,7,6]     *              0             0             1 
   628 x[8,7,7]     *              0             0             1 
   629 x[8,7,8]     *              0             0             1 
   630 x[8,7,9]     *              0             0             1 
   631 x[8,8,1]     *              0             0             1 
   632 x[8,8,2]     *              0             0             1 
   633 x[8,8,3]     *              0             0             1 
   634 x[8,8,4]     *              0             0             1 
   635 x[8,8,5]     *              0             0             1 
   636 x[8,8,6]     *              0             0             1 
   637 x[8,8,7]     *              1             0             1 
   638 x[8,8,8]     *              0             0             1 
   639 x[8,8,9]     *              0             0             1 
   640 x[8,9,1]     *              0             0             1 
   641 x[8,9,2]     *              0             0             1 
   642 x[8,9,3]     *              1             0             1 
   643 x[8,9,4]     *              0             0             1 
   644 x[8,9,5]     *              0             0             1 
   645 x[8,9,6]     *              0             0             1 
   646 x[8,9,7]     *              0             0             1 
   647 x[8,9,8]     *              0             0             1 
   648 x[8,9,9]     *              0             0             1 
   649 x[9,1,1]     *              0             0             1 
   650 x[9,1,2]     *              0             0             1 
   651 x[9,1,3]     *              0             0             1 
   652 x[9,1,4]     *              0             0             1 
   653 x[9,1,5]     *              0             0             1 
   654 x[9,1,6]     *              0             0             1 
   655 x[9,1,7]     *              1             0             1 
   656 x[9,1,8]     *              0             0             1 
   657 x[9,1,9]     *              0             0             1 
   658 x[9,2,1]     *              0             0             1 
   659 x[9,2,2]     *              1             0             1 
   660 x[9,2,3]     *              0             0             1 
   661 x[9,2,4]     *              0             0             1 
   662 x[9,2,5]     *              0             0             1 
   663 x[9,2,6]     *              0             0             1 
   664 x[9,2,7]     *              0             0             1 
   665 x[9,2,8]     *              0             0             1 
   666 x[9,2,9]     *              0             0             1 
   667 x[9,3,1]     *              0             0             1 
   668 x[9,3,2]     *              0             0             1 
   669 x[9,3,3]     *              1             0             1 
   670 x[9,3,4]     *              0             0             1 
   671 x[9,3,5]     *              0             0             1 
   672 x[9,3,6]     *              0             0             1 
   673 x[9,3,7]     *              0             0             1 
   674 x[9,3,8]     *              0             0             1 
   675 x[9,3,9]     *              0             0             1 
   676 x[9,4,1]     *              0             0             1 
   677 x[9,4,2]     *              0             0             1 
   678 x[9,4,3]     *              0             0             1 
   679 x[9,4,4]     *              0             0             1 
   680 x[9,4,5]     *              0             0             1 
   681 x[9,4,6]     *              0             0             1 
   682 x[9,4,7]     *              0             0             1 
   683 x[9,4,8]     *              1             0             1 
   684 x[9,4,9]     *              0             0             1 
   685 x[9,5,1]     *              1             0             1 
   686 x[9,5,2]     *              0             0             1 
   687 x[9,5,3]     *              0             0             1 
   688 x[9,5,4]     *              0             0             1 
   689 x[9,5,5]     *              0             0             1 
   690 x[9,5,6]     *              0             0             1 
   691 x[9,5,7]     *              0             0             1 
   692 x[9,5,8]     *              0             0             1 
   693 x[9,5,9]     *              0             0             1 
   694 x[9,6,1]     *              0             0             1 
   695 x[9,6,2]     *              0             0             1 
   696 x[9,6,3]     *              0             0             1 
   697 x[9,6,4]     *              0             0             1 
   698 x[9,6,5]     *              1             0             1 
   699 x[9,6,6]     *              0             0             1 
   700 x[9,6,7]     *              0             0             1 
   701 x[9,6,8]     *              0             0             1 
   702 x[9,6,9]     *              0             0             1 
   703 x[9,7,1]     *              0             0             1 
   704 x[9,7,2]     *              0             0             1 
   705 x[9,7,3]     *              0             0             1 
   706 x[9,7,4]     *              1             0             1 
   707 x[9,7,5]     *              0             0             1 
   708 x[9,7,6]     *              0             0             1 
   709 x[9,7,7]     *              0             0             1 
   710 x[9,7,8]     *              0             0             1 
   711 x[9,7,9]     *              0             0             1 
   712 x[9,8,1]     *              0             0             1 
   713 x[9,8,2]     *              0             0             1 
   714 x[9,8,3]     *              0             0             1 
   715 x[9,8,4]     *              0             0             1 
   716 x[9,8,5]     *              0             0             1 
   717 x[9,8,6]     *              1             0             1 
   718 x[9,8,7]     *              0             0             1 
   719 x[9,8,8]     *              0             0             1 
   720 x[9,8,9]     *              0             0             1 
   721 x[9,9,1]     *              0             0             1 
   722 x[9,9,2]     *              0             0             1 
   723 x[9,9,3]     *              0             0             1 
   724 x[9,9,4]     *              0             0             1 
   725 x[9,9,5]     *              0             0             1 
   726 x[9,9,6]     *              0             0             1 
   727 x[9,9,7]     *              0             0             1 
   728 x[9,9,8]     *              0             0             1 
   729 x[9,9,9]     *              1             0             1 

Integer feasibility conditions:

KKT.PE: max.abs.err = 0.00e+000 on row 0
        max.rel.err = 0.00e+000 on row 0
        High quality

KKT.PB: max.abs.err = 0.00e+000 on row 0
        max.rel.err = 0.00e+000 on row 0
        High quality

End of output
