
 LP OPTIMUM FOUND AT STEP      9

        OBJECTIVE FUNCTION VALUE

        1)      215.5167

  VARIABLE        VALUE          REDUCED COST
      X111         3.000000          0.000000
      X112         0.000000          2.220000
      X113         5.000000          0.000000
      X121         0.000000          0.700000
      X122         0.000000          2.920000
      X123         0.000000          0.200000
      X131         0.000000          1.600000
      X132         0.000000          3.820000
      X133         0.000000          0.750000
      X141         0.000000          2.100000
      X142         0.000000          4.320000
      X143         0.000000          1.250000
      X151         0.000000          2.200000
      X152         0.000000          3.320000
      X153         0.000000          2.200000
      X161         0.000000          2.600000
      X162         0.000000          4.420000
      X163         0.000000          2.850000
      X171         0.000000          3.100000
      X172         0.000000          4.820000
      X173         0.000000          3.400000
      X181         0.000000          4.100000
      X182         0.000000          5.000000
      X183         0.000000          4.400000
      X211         0.000000          0.700000
      X212         0.000000          0.700000
      X213         0.000000          1.550000
      X221        10.000000          0.000000
      X222         0.000000          0.000000
      X223         0.000000          0.350000
      X231         1.000000          0.000000
      X232         1.000000          0.000000
      X233         6.000000          0.000000
      X241         0.000000          1.000000
      X242         0.000000          1.000000
      X243         0.000000          1.000000
      X251         0.000000          3.900000
      X252         0.000000          2.800000
      X253         0.000000          4.750000
      X261         0.000000          5.500000
      X262         0.000000          5.100000
      X263         0.000000          6.600000
      X271         0.000000          6.000000
      X272         0.000000          5.500000
      X273         0.000000          7.150000
      X281         0.000000          7.600000
      X282         0.000000          6.280000
      X283         0.000000          8.750000
      X311         6.000000          0.000000
      X312         5.000000          0.000000
      X313         0.000000          2.100000
      X321         0.000000          0.600000
      X322         0.000000          0.600000
      X323         0.000000          2.200000
      X331         7.000000          0.000000
      X332         1.000000          0.000000
      X333         0.000000          1.250000
      X341        10.000000          0.000000
      X342         0.000000          0.000000
      X343         0.000000          1.250000
      X351         0.000000          1.100000
      X352         3.000000          0.000000
      X353         0.000000          3.200000
      X361         0.000000          0.400000
      X362         0.000000          0.000000
      X363         0.000000          2.750000
      X371         0.000000          0.500000
      X372         0.000000          0.000000
      X373         0.000000          2.900000
      X381         0.000000          2.000000
      X382         0.000000          0.680000
      X383         0.000000          4.400000
      X411         0.000000          0.600000
      X412         0.000000          1.366667
      X413         0.000000          0.350000
      X421         0.000000          0.966667
      X422         0.000000          1.733334
      X423         0.000000          0.216667
      X431         0.000000          1.100000
      X432         0.000000          1.866667
      X433         5.000000          0.000000
      X441         0.000000          1.100000
      X442         0.000000          1.866667
      X443         5.000000          0.000000
      X451         0.000000          0.333333
      X452         5.000000          0.000000
      X453         0.000000          0.083333
      X461        12.000000          0.000000
      X462         0.000000          0.366667
      X463         2.000000          0.000000
      X471         0.000000          0.766667
      X472         0.000000          1.033334
      X473         0.000000          0.816667
      X481         0.000000          2.100000
      X482         0.000000          1.546667
      X483         0.000000          2.150000
      X511         0.000000          0.400000
      X512         0.000000          1.220000
      X513         0.000000          0.150000
      X521         0.000000          0.900000
      X522         0.000000          1.720000
      X523         0.000000          0.150000
      X531         0.000000          1.250000
      X532         0.000000          2.120000
      X533         0.000000          0.150000
      X541         0.000000          1.400000
      X542         0.000000          2.240000
      X543         0.000000          0.300000
      X551         0.000000          0.250000
      X552         0.000000          0.000000
      X553         3.000000          0.000000
      X561         1.000000          0.000000
      X562         0.000000          0.500000
      X563        16.000000          0.000000
      X571        18.000000          0.000000
      X572         0.000000          0.420000
      X573         0.000000          0.050000
      X581         0.000000          0.500000
      X582         2.000000          0.000000
      X583         0.000000          0.550000
      X611         0.000000          0.500000
      X612         0.000000          1.820000
      X613         0.000000          0.200000
      X621         0.000000          1.150000
      X622         0.000000          2.470000
      X623         0.000000          0.350000
      X631         0.000000          1.500000
      X632         0.000000          2.820000
      X633         0.000000          0.350000
      X641         0.000000          1.500000
      X642         0.000000          2.820000
      X643         0.000000          0.350000
      X651         0.000000          0.300000
      X652         0.000000          0.520000
      X653        15.000000          0.000000
      X661         0.000000          0.150000
      X662         0.000000          1.070000
      X663         0.000000          0.100000
      X671         2.000000          0.000000
      X672         0.000000          0.820000
      X673        13.000000          0.000000
      X681        20.000000          0.000000
      X682         3.000000          0.000000
      X683         0.000000          0.000000
         Z       100.000000          0.000000


       ROW   SLACK OR SURPLUS     DUAL PRICES
        2)        99.155556          0.000000
        3)        99.555557          0.000000
        4)        99.066666          0.000000
        5)        99.333336          0.000000
        6)        98.844444          0.000000
        7)        98.622223          0.000000
        8)        98.533333          0.000000
        9)        98.888893          0.000000
       10)         0.000000         -1.000000
       11)         0.000000          0.000000
       12)         0.000000         -1.000000
       13)         0.000000         -2.100000
       14)         0.000000         -3.320000
       15)         0.000000         -1.250000
       16)         0.000000         -2.100000
       17)         0.000000         -3.320000
       18)         0.000000          0.000000
       19)         0.000000         -1.000000
       20)         0.000000         -1.453333
       21)         0.000000         -1.250000
       22)         0.000000         -1.100000
       23)         0.000000         -1.200000
       24)         0.000000         -1.350000
       25)         0.000000         -1.100000
       26)         0.000000         -1.000000
       27)         0.000000         -1.400000
       28)         3.000000          0.000000
       29)         0.000000          0.500000
       30)         0.000000          1.100000
       31)         0.000000          1.100000
       32)        15.000000          0.000000
       33)         7.000000          0.000000
       34)         0.000000          0.100000
       35)         0.000000          0.100000
       36)         0.000000          1.220000
       37)         0.000000          1.720000
       38)         0.000000          2.320000
       39)         0.000000          2.320000
       40)         0.000000          0.120000
       41)         0.000000          0.820000
       42)         0.000000          0.820000
       43)         5.000000          0.000000
       44)        10.000000          0.000000
       45)         8.000000          0.000000
       46)         0.000000          0.250000
       47)         0.000000          0.250000
       48)         2.000000          0.000000
       49)         0.000000          0.250000
       50)         0.000000          0.400000
       51)         0.000000          0.400000
     OBJ2)         0.000000          0.000000

 NO. ITERATIONS=       9


 RIGHTHANDSIDE PARAMETRICS REPORT FOR ROW: OBJ2

    VAR       VAR    PIVOT    RHS       DUAL PRICE      OBJ
    OUT       IN      ROW     VAL      BEFORE PIVOT     VAL

                            100.000      0.000000E+00   215.517
 SLK    8  SLK   34    22   1.46667      0.000000E+00   215.517
 SLK    7  SLK   49    27   1.42223       2.25000       215.617
 SLK   48      X551    49   1.37778       13.5000       216.217
 SLK    6  SLK   40    17   1.33334       13.5000       216.817
     X552      X511    40   1.33334       21.6000       216.817
 SLK   28      X513    28   1.28890       23.6250       217.867
     X551  SLK   48    49   1.24446       23.6250       218.917
 SLK    2      X523     2   1.21113       23.6250       219.704
 SLK   45      X382    45   1.12224       23.6250       221.804
 SLK    9  ART          9   1.12002       82.1251       221.987
                           0.000000E+00   +INFINITY   INFEASIBLE

