Problem:    Pianali
Rows:       332
Columns:    207 (195 integer, 195 binary)
Non-zeros:  897
Status:     INTEGER OPTIMAL
Objective:  z = 2 (MINimum)

   No.   Row name        Activity     Lower bound   Upper bound
------ ------------    ------------- ------------- -------------
     1 z                           2                             
     2 Assegnamento[1]
                                   1             1             = 
     3 Assegnamento[2]
                                   1             1             = 
     4 Assegnamento[3]
                                   1             1             = 
     5 Assegnamento[4]
                                   1             1             = 
     6 Assegnamento[5]
                                   1             1             = 
     7 Assegnamento[6]
                                   1             1             = 
     8 Assegnamento[7]
                                   1             1             = 
     9 Assegnamento[8]
                                   1             1             = 
    10 Assegnamento[9]
                                   1             1             = 
    11 Assegnamento[10]
                                   1             1             = 
    12 Assegnamento[11]
                                   1             1             = 
    13 Assegnamento[12]
                                   1             1             = 
    14 Assegnamento[13]
                                   1             1             = 
    15 Assegnamento[14]
                                   1             1             = 
    16 Assegnamento[15]
                                   1             1             = 
    17 Assegnamento[16]
                                   1             1             = 
    18 Relazione_x_y[1,1,Motrice,Inferiore]
                                  -1                          -0 
    19 Relazione_x_y[1,1,Motrice,Superiore]
                                   0                          -0 
    20 Relazione_x_y[1,1,Rimorchio,Inferiore]
                                  -1                          -0 
    21 Relazione_x_y[1,1,Rimorchio,Superiore]
                                  -1                          -0 
    22 Relazione_x_y[1,2,Motrice,Inferiore]
                                   0                          -0 
    23 Relazione_x_y[1,2,Motrice,Superiore]
                                   0                          -0 
    24 Relazione_x_y[1,2,Rimorchio,Inferiore]
                                   0                          -0 
    25 Relazione_x_y[1,2,Rimorchio,Superiore]
                                   0                          -0 
    26 Relazione_x_y[1,3,Motrice,Inferiore]
                                  -1                          -0 
    27 Relazione_x_y[1,3,Motrice,Superiore]
                                  -1                          -0 
    28 Relazione_x_y[1,3,Rimorchio,Inferiore]
                                  -1                          -0 
    29 Relazione_x_y[1,3,Rimorchio,Superiore]
                                  -1                          -0 
    30 Relazione_x_y[2,1,Motrice,Inferiore]
                                  -1                          -0 
    31 Relazione_x_y[2,1,Motrice,Superiore]
                                   0                          -0 
    32 Relazione_x_y[2,1,Rimorchio,Inferiore]
                                  -1                          -0 
    33 Relazione_x_y[2,1,Rimorchio,Superiore]
                                  -1                          -0 
    34 Relazione_x_y[2,2,Motrice,Inferiore]
                                   0                          -0 
    35 Relazione_x_y[2,2,Motrice,Superiore]
                                   0                          -0 
    36 Relazione_x_y[2,2,Rimorchio,Inferiore]
                                   0                          -0 
    37 Relazione_x_y[2,2,Rimorchio,Superiore]
                                   0                          -0 
    38 Relazione_x_y[2,3,Motrice,Inferiore]
                                  -1                          -0 
    39 Relazione_x_y[2,3,Motrice,Superiore]
                                  -1                          -0 
    40 Relazione_x_y[2,3,Rimorchio,Inferiore]
                                  -1                          -0 
    41 Relazione_x_y[2,3,Rimorchio,Superiore]
                                  -1                          -0 
    42 Relazione_x_y[3,1,Motrice,Inferiore]
                                  -1                          -0 
    43 Relazione_x_y[3,1,Motrice,Superiore]
                                  -1                          -0 
    44 Relazione_x_y[3,1,Rimorchio,Inferiore]
                                  -1                          -0 
    45 Relazione_x_y[3,1,Rimorchio,Superiore]
                                   0                          -0 
    46 Relazione_x_y[3,2,Motrice,Inferiore]
                                   0                          -0 
    47 Relazione_x_y[3,2,Motrice,Superiore]
                                   0                          -0 
    48 Relazione_x_y[3,2,Rimorchio,Inferiore]
                                   0                          -0 
    49 Relazione_x_y[3,2,Rimorchio,Superiore]
                                   0                          -0 
    50 Relazione_x_y[3,3,Motrice,Inferiore]
                                  -1                          -0 
    51 Relazione_x_y[3,3,Motrice,Superiore]
                                  -1                          -0 
    52 Relazione_x_y[3,3,Rimorchio,Inferiore]
                                  -1                          -0 
    53 Relazione_x_y[3,3,Rimorchio,Superiore]
                                  -1                          -0 
    54 Relazione_x_y[4,1,Motrice,Inferiore]
                                  -1                          -0 
    55 Relazione_x_y[4,1,Motrice,Superiore]
                                  -1                          -0 
    56 Relazione_x_y[4,1,Rimorchio,Inferiore]
                                  -1                          -0 
    57 Relazione_x_y[4,1,Rimorchio,Superiore]
                                   0                          -0 
    58 Relazione_x_y[4,2,Motrice,Inferiore]
                                   0                          -0 
    59 Relazione_x_y[4,2,Motrice,Superiore]
                                   0                          -0 
    60 Relazione_x_y[4,2,Rimorchio,Inferiore]
                                   0                          -0 
    61 Relazione_x_y[4,2,Rimorchio,Superiore]
                                   0                          -0 
    62 Relazione_x_y[4,3,Motrice,Inferiore]
                                  -1                          -0 
    63 Relazione_x_y[4,3,Motrice,Superiore]
                                  -1                          -0 
    64 Relazione_x_y[4,3,Rimorchio,Inferiore]
                                  -1                          -0 
    65 Relazione_x_y[4,3,Rimorchio,Superiore]
                                  -1                          -0 
    66 Relazione_x_y[5,1,Motrice,Inferiore]
                                  -1                          -0 
    67 Relazione_x_y[5,1,Motrice,Superiore]
                                  -1                          -0 
    68 Relazione_x_y[5,1,Rimorchio,Inferiore]
                                  -1                          -0 
    69 Relazione_x_y[5,1,Rimorchio,Superiore]
                                  -1                          -0 
    70 Relazione_x_y[5,2,Motrice,Inferiore]
                                   0                          -0 
    71 Relazione_x_y[5,2,Motrice,Superiore]
                                   0                          -0 
    72 Relazione_x_y[5,2,Rimorchio,Inferiore]
                                   0                          -0 
    73 Relazione_x_y[5,2,Rimorchio,Superiore]
                                   0                          -0 
    74 Relazione_x_y[5,3,Motrice,Inferiore]
                                  -1                          -0 
    75 Relazione_x_y[5,3,Motrice,Superiore]
                                  -1                          -0 
    76 Relazione_x_y[5,3,Rimorchio,Inferiore]
                                   0                          -0 
    77 Relazione_x_y[5,3,Rimorchio,Superiore]
                                  -1                          -0 
    78 Relazione_x_y[6,1,Motrice,Inferiore]
                                   0                          -0 
    79 Relazione_x_y[6,1,Motrice,Superiore]
                                  -1                          -0 
    80 Relazione_x_y[6,1,Rimorchio,Inferiore]
                                  -1                          -0 
    81 Relazione_x_y[6,1,Rimorchio,Superiore]
                                  -1                          -0 
    82 Relazione_x_y[6,2,Motrice,Inferiore]
                                   0                          -0 
    83 Relazione_x_y[6,2,Motrice,Superiore]
                                   0                          -0 
    84 Relazione_x_y[6,2,Rimorchio,Inferiore]
                                   0                          -0 
    85 Relazione_x_y[6,2,Rimorchio,Superiore]
                                   0                          -0 
    86 Relazione_x_y[6,3,Motrice,Inferiore]
                                  -1                          -0 
    87 Relazione_x_y[6,3,Motrice,Superiore]
                                  -1                          -0 
    88 Relazione_x_y[6,3,Rimorchio,Inferiore]
                                  -1                          -0 
    89 Relazione_x_y[6,3,Rimorchio,Superiore]
                                  -1                          -0 
    90 Relazione_x_y[7,1,Motrice,Inferiore]
                                  -1                          -0 
    91 Relazione_x_y[7,1,Motrice,Superiore]
                                  -1                          -0 
    92 Relazione_x_y[7,1,Rimorchio,Inferiore]
                                   0                          -0 
    93 Relazione_x_y[7,1,Rimorchio,Superiore]
                                  -1                          -0 
    94 Relazione_x_y[7,2,Motrice,Inferiore]
                                   0                          -0 
    95 Relazione_x_y[7,2,Motrice,Superiore]
                                   0                          -0 
    96 Relazione_x_y[7,2,Rimorchio,Inferiore]
                                   0                          -0 
    97 Relazione_x_y[7,2,Rimorchio,Superiore]
                                   0                          -0 
    98 Relazione_x_y[7,3,Motrice,Inferiore]
                                  -1                          -0 
    99 Relazione_x_y[7,3,Motrice,Superiore]
                                  -1                          -0 
   100 Relazione_x_y[7,3,Rimorchio,Inferiore]
                                  -1                          -0 
   101 Relazione_x_y[7,3,Rimorchio,Superiore]
                                  -1                          -0 
   102 Relazione_x_y[8,1,Motrice,Inferiore]
                                  -1                          -0 
   103 Relazione_x_y[8,1,Motrice,Superiore]
                                  -1                          -0 
   104 Relazione_x_y[8,1,Rimorchio,Inferiore]
                                   0                          -0 
   105 Relazione_x_y[8,1,Rimorchio,Superiore]
                                  -1                          -0 
   106 Relazione_x_y[8,2,Motrice,Inferiore]
                                   0                          -0 
   107 Relazione_x_y[8,2,Motrice,Superiore]
                                   0                          -0 
   108 Relazione_x_y[8,2,Rimorchio,Inferiore]
                                   0                          -0 
   109 Relazione_x_y[8,2,Rimorchio,Superiore]
                                   0                          -0 
   110 Relazione_x_y[8,3,Motrice,Inferiore]
                                  -1                          -0 
   111 Relazione_x_y[8,3,Motrice,Superiore]
                                  -1                          -0 
   112 Relazione_x_y[8,3,Rimorchio,Inferiore]
                                  -1                          -0 
   113 Relazione_x_y[8,3,Rimorchio,Superiore]
                                  -1                          -0 
   114 Relazione_x_y[9,1,Motrice,Inferiore]
                                  -1                          -0 
   115 Relazione_x_y[9,1,Motrice,Superiore]
                                  -1                          -0 
   116 Relazione_x_y[9,1,Rimorchio,Inferiore]
                                  -1                          -0 
   117 Relazione_x_y[9,1,Rimorchio,Superiore]
                                  -1                          -0 
   118 Relazione_x_y[9,2,Motrice,Inferiore]
                                   0                          -0 
   119 Relazione_x_y[9,2,Motrice,Superiore]
                                   0                          -0 
   120 Relazione_x_y[9,2,Rimorchio,Inferiore]
                                   0                          -0 
   121 Relazione_x_y[9,2,Rimorchio,Superiore]
                                   0                          -0 
   122 Relazione_x_y[9,3,Motrice,Inferiore]
                                   0                          -0 
   123 Relazione_x_y[9,3,Motrice,Superiore]
                                  -1                          -0 
   124 Relazione_x_y[9,3,Rimorchio,Inferiore]
                                  -1                          -0 
   125 Relazione_x_y[9,3,Rimorchio,Superiore]
                                  -1                          -0 
   126 Relazione_x_y[10,1,Motrice,Inferiore]
                                   0                          -0 
   127 Relazione_x_y[10,1,Motrice,Superiore]
                                  -1                          -0 
   128 Relazione_x_y[10,1,Rimorchio,Inferiore]
                                  -1                          -0 
   129 Relazione_x_y[10,1,Rimorchio,Superiore]
                                  -1                          -0 
   130 Relazione_x_y[10,2,Motrice,Inferiore]
                                   0                          -0 
   131 Relazione_x_y[10,2,Motrice,Superiore]
                                   0                          -0 
   132 Relazione_x_y[10,2,Rimorchio,Inferiore]
                                   0                          -0 
   133 Relazione_x_y[10,2,Rimorchio,Superiore]
                                   0                          -0 
   134 Relazione_x_y[10,3,Motrice,Inferiore]
                                  -1                          -0 
   135 Relazione_x_y[10,3,Motrice,Superiore]
                                  -1                          -0 
   136 Relazione_x_y[10,3,Rimorchio,Inferiore]
                                  -1                          -0 
   137 Relazione_x_y[10,3,Rimorchio,Superiore]
                                  -1                          -0 
   138 Relazione_x_y[11,1,Motrice,Inferiore]
                                  -1                          -0 
   139 Relazione_x_y[11,1,Motrice,Superiore]
                                  -1                          -0 
   140 Relazione_x_y[11,1,Rimorchio,Inferiore]
                                  -1                          -0 
   141 Relazione_x_y[11,1,Rimorchio,Superiore]
                                  -1                          -0 
   142 Relazione_x_y[11,2,Motrice,Inferiore]
                                   0                          -0 
   143 Relazione_x_y[11,2,Motrice,Superiore]
                                   0                          -0 
   144 Relazione_x_y[11,2,Rimorchio,Inferiore]
                                   0                          -0 
   145 Relazione_x_y[11,2,Rimorchio,Superiore]
                                   0                          -0 
   146 Relazione_x_y[11,3,Motrice,Inferiore]
                                  -1                          -0 
   147 Relazione_x_y[11,3,Motrice,Superiore]
                                  -1                          -0 
   148 Relazione_x_y[11,3,Rimorchio,Inferiore]
                                  -1                          -0 
   149 Relazione_x_y[11,3,Rimorchio,Superiore]
                                   0                          -0 
   150 Relazione_x_y[12,1,Motrice,Inferiore]
                                  -1                          -0 
   151 Relazione_x_y[12,1,Motrice,Superiore]
                                  -1                          -0 
   152 Relazione_x_y[12,1,Rimorchio,Inferiore]
                                  -1                          -0 
   153 Relazione_x_y[12,1,Rimorchio,Superiore]
                                  -1                          -0 
   154 Relazione_x_y[12,2,Motrice,Inferiore]
                                   0                          -0 
   155 Relazione_x_y[12,2,Motrice,Superiore]
                                   0                          -0 
   156 Relazione_x_y[12,2,Rimorchio,Inferiore]
                                   0                          -0 
   157 Relazione_x_y[12,2,Rimorchio,Superiore]
                                   0                          -0 
   158 Relazione_x_y[12,3,Motrice,Inferiore]
                                  -1                          -0 
   159 Relazione_x_y[12,3,Motrice,Superiore]
                                   0                          -0 
   160 Relazione_x_y[12,3,Rimorchio,Inferiore]
                                  -1                          -0 
   161 Relazione_x_y[12,3,Rimorchio,Superiore]
                                  -1                          -0 
   162 Relazione_x_y[13,1,Motrice,Inferiore]
                                  -1                          -0 
   163 Relazione_x_y[13,1,Motrice,Superiore]
                                  -1                          -0 
   164 Relazione_x_y[13,1,Rimorchio,Inferiore]
                                  -1                          -0 
   165 Relazione_x_y[13,1,Rimorchio,Superiore]
                                  -1                          -0 
   166 Relazione_x_y[13,2,Motrice,Inferiore]
                                   0                          -0 
   167 Relazione_x_y[13,2,Motrice,Superiore]
                                   0                          -0 
   168 Relazione_x_y[13,2,Rimorchio,Inferiore]
                                   0                          -0 
   169 Relazione_x_y[13,2,Rimorchio,Superiore]
                                   0                          -0 
   170 Relazione_x_y[13,3,Motrice,Inferiore]
                                  -1                          -0 
   171 Relazione_x_y[13,3,Motrice,Superiore]
                                  -1                          -0 
   172 Relazione_x_y[13,3,Rimorchio,Inferiore]
                                  -1                          -0 
   173 Relazione_x_y[13,3,Rimorchio,Superiore]
                                   0                          -0 
   174 Relazione_x_y[14,1,Motrice,Inferiore]
                                  -1                          -0 
   175 Relazione_x_y[14,1,Motrice,Superiore]
                                  -1                          -0 
   176 Relazione_x_y[14,1,Rimorchio,Inferiore]
                                  -1                          -0 
   177 Relazione_x_y[14,1,Rimorchio,Superiore]
                                  -1                          -0 
   178 Relazione_x_y[14,2,Motrice,Inferiore]
                                   0                          -0 
   179 Relazione_x_y[14,2,Motrice,Superiore]
                                   0                          -0 
   180 Relazione_x_y[14,2,Rimorchio,Inferiore]
                                   0                          -0 
   181 Relazione_x_y[14,2,Rimorchio,Superiore]
                                   0                          -0 
   182 Relazione_x_y[14,3,Motrice,Inferiore]
                                   0                          -0 
   183 Relazione_x_y[14,3,Motrice,Superiore]
                                  -1                          -0 
   184 Relazione_x_y[14,3,Rimorchio,Inferiore]
                                  -1                          -0 
   185 Relazione_x_y[14,3,Rimorchio,Superiore]
                                  -1                          -0 
   186 Relazione_x_y[15,1,Motrice,Inferiore]
                                  -1                          -0 
   187 Relazione_x_y[15,1,Motrice,Superiore]
                                  -1                          -0 
   188 Relazione_x_y[15,1,Rimorchio,Inferiore]
                                  -1                          -0 
   189 Relazione_x_y[15,1,Rimorchio,Superiore]
                                  -1                          -0 
   190 Relazione_x_y[15,2,Motrice,Inferiore]
                                   0                          -0 
   191 Relazione_x_y[15,2,Motrice,Superiore]
                                   0                          -0 
   192 Relazione_x_y[15,2,Rimorchio,Inferiore]
                                   0                          -0 
   193 Relazione_x_y[15,2,Rimorchio,Superiore]
                                   0                          -0 
   194 Relazione_x_y[15,3,Motrice,Inferiore]
                                  -1                          -0 
   195 Relazione_x_y[15,3,Motrice,Superiore]
                                  -1                          -0 
   196 Relazione_x_y[15,3,Rimorchio,Inferiore]
                                   0                          -0 
   197 Relazione_x_y[15,3,Rimorchio,Superiore]
                                  -1                          -0 
   198 Relazione_x_y[16,1,Motrice,Inferiore]
                                  -1                          -0 
   199 Relazione_x_y[16,1,Motrice,Superiore]
                                  -1                          -0 
   200 Relazione_x_y[16,1,Rimorchio,Inferiore]
                                  -1                          -0 
   201 Relazione_x_y[16,1,Rimorchio,Superiore]
                                  -1                          -0 
   202 Relazione_x_y[16,2,Motrice,Inferiore]
                                   0                          -0 
   203 Relazione_x_y[16,2,Motrice,Superiore]
                                   0                          -0 
   204 Relazione_x_y[16,2,Rimorchio,Inferiore]
                                   0                          -0 
   205 Relazione_x_y[16,2,Rimorchio,Superiore]
                                   0                          -0 
   206 Relazione_x_y[16,3,Motrice,Inferiore]
                                  -1                          -0 
   207 Relazione_x_y[16,3,Motrice,Superiore]
                                   0                          -0 
   208 Relazione_x_y[16,3,Rimorchio,Inferiore]
                                  -1                          -0 
   209 Relazione_x_y[16,3,Rimorchio,Superiore]
                                  -1                          -0 
   210 Capacity[1,Motrice,Inferiore]
                                   7                           7 
   211 Capacity[1,Motrice,Superiore]
                                 7.1                         7.1 
   212 Capacity[1,Rimorchio,Inferiore]
                                   7                           7 
   213 Capacity[1,Rimorchio,Superiore]
                                 7.2                         7.2 
   214 Capacity[2,Motrice,Inferiore]
                                   0                           7 
   215 Capacity[2,Motrice,Superiore]
                                   0                         7.1 
   216 Capacity[2,Rimorchio,Inferiore]
                                   0                           7 
   217 Capacity[2,Rimorchio,Superiore]
                                   0                         7.2 
   218 Capacity[3,Motrice,Inferiore]
                                   7                           7 
   219 Capacity[3,Motrice,Superiore]
                                 7.1                         7.1 
   220 Capacity[3,Rimorchio,Inferiore]
                                   7                           7 
   221 Capacity[3,Rimorchio,Superiore]
                                 7.2                         7.2 
   222 Massima_estensione_singola[1,Motrice,Inferiore]
                                 0.8                           1 
   223 Massima_estensione_singola[1,Motrice,Superiore]
                                   0                          -0 
   224 Massima_estensione_singola[1,Rimorchio,Inferiore]
                                 0.7                           1 
   225 Massima_estensione_singola[1,Rimorchio,Superiore]
                                   0                          -0 
   226 Massima_estensione_singola[2,Motrice,Inferiore]
                                   0                           1 
   227 Massima_estensione_singola[2,Motrice,Superiore]
                                   0                          -0 
   228 Massima_estensione_singola[2,Rimorchio,Inferiore]
                                   0                           1 
   229 Massima_estensione_singola[2,Rimorchio,Superiore]
                                   0                          -0 
   230 Massima_estensione_singola[3,Motrice,Inferiore]
                                 0.5                           1 
   231 Massima_estensione_singola[3,Motrice,Superiore]
                                   0                          -0 
   232 Massima_estensione_singola[3,Rimorchio,Inferiore]
                                   1                           1 
   233 Massima_estensione_singola[3,Rimorchio,Superiore]
                                   0                          -0 
   234 Massima_estensione_totale[1]
                                 1.5                         1.5 
   235 Massima_estensione_totale[2]
                                   0                         1.5 
   236 Massima_estensione_totale[3]
                                 1.5                         1.5 
   237 Assegnamenti_proibiti[1,1,Motrice]
                                   0                           1 
   238 Assegnamenti_proibiti[1,1,Rimorchio]
                                   0                           1 
   239 Assegnamenti_proibiti[1,2,Motrice]
                                   0                           1 
   240 Assegnamenti_proibiti[1,2,Rimorchio]
                                   0                           1 
   241 Assegnamenti_proibiti[1,3,Motrice]
                                   0                           1 
   242 Assegnamenti_proibiti[1,3,Rimorchio]
                                   0                           1 
   243 Assegnamenti_proibiti[2,1,Motrice]
                                   0                          -0 
   244 Assegnamenti_proibiti[2,1,Rimorchio]
                                   0                          -0 
   245 Assegnamenti_proibiti[2,2,Motrice]
                                   0                          -0 
   246 Assegnamenti_proibiti[2,2,Rimorchio]
                                   0                          -0 
   247 Assegnamenti_proibiti[2,3,Motrice]
                                   0                          -0 
   248 Assegnamenti_proibiti[2,3,Rimorchio]
                                   0                          -0 
   249 Assegnamenti_proibiti[3,1,Motrice]
                                   0                          -0 
   250 Assegnamenti_proibiti[3,1,Rimorchio]
                                   0                          -0 
   251 Assegnamenti_proibiti[3,2,Motrice]
                                   0                          -0 
   252 Assegnamenti_proibiti[3,2,Rimorchio]
                                   0                          -0 
   253 Assegnamenti_proibiti[3,3,Motrice]
                                   0                          -0 
   254 Assegnamenti_proibiti[3,3,Rimorchio]
                                   0                          -0 
   255 Assegnamenti_proibiti[4,1,Motrice]
                                   0                           1 
   256 Assegnamenti_proibiti[4,1,Rimorchio]
                                   0                           1 
   257 Assegnamenti_proibiti[4,2,Motrice]
                                   0                           1 
   258 Assegnamenti_proibiti[4,2,Rimorchio]
                                   0                           1 
   259 Assegnamenti_proibiti[4,3,Motrice]
                                   0                           1 
   260 Assegnamenti_proibiti[4,3,Rimorchio]
                                   0                           1 
   261 Assegnamenti_proibiti[5,1,Motrice]
                                   0                           1 
   262 Assegnamenti_proibiti[5,1,Rimorchio]
                                   0                           1 
   263 Assegnamenti_proibiti[5,2,Motrice]
                                   0                           1 
   264 Assegnamenti_proibiti[5,2,Rimorchio]
                                   0                           1 
   265 Assegnamenti_proibiti[5,3,Motrice]
                                   0                           1 
   266 Assegnamenti_proibiti[5,3,Rimorchio]
                                   1                           1 
   267 Assegnamenti_proibiti[6,1,Motrice]
                                   1                           1 
   268 Assegnamenti_proibiti[6,1,Rimorchio]
                                   0                           1 
   269 Assegnamenti_proibiti[6,2,Motrice]
                                   0                           1 
   270 Assegnamenti_proibiti[6,2,Rimorchio]
                                   0                           1 
   271 Assegnamenti_proibiti[6,3,Motrice]
                                   0                           1 
   272 Assegnamenti_proibiti[6,3,Rimorchio]
                                   0                           1 
   273 Assegnamenti_proibiti[7,1,Motrice]
                                   0                           1 
   274 Assegnamenti_proibiti[7,1,Rimorchio]
                                   1                           1 
   275 Assegnamenti_proibiti[7,2,Motrice]
                                   0                           1 
   276 Assegnamenti_proibiti[7,2,Rimorchio]
                                   0                           1 
   277 Assegnamenti_proibiti[7,3,Motrice]
                                   0                           1 
   278 Assegnamenti_proibiti[7,3,Rimorchio]
                                   0                           1 
   279 Assegnamenti_proibiti[8,1,Motrice]
                                   0                           1 
   280 Assegnamenti_proibiti[8,1,Rimorchio]
                                   1                           1 
   281 Assegnamenti_proibiti[8,2,Motrice]
                                   0                           1 
   282 Assegnamenti_proibiti[8,2,Rimorchio]
                                   0                           1 
   283 Assegnamenti_proibiti[8,3,Motrice]
                                   0                           1 
   284 Assegnamenti_proibiti[8,3,Rimorchio]
                                   0                           1 
   285 Assegnamenti_proibiti[9,1,Motrice]
                                   0                           1 
   286 Assegnamenti_proibiti[9,1,Rimorchio]
                                   0                           1 
   287 Assegnamenti_proibiti[9,2,Motrice]
                                   0                           1 
   288 Assegnamenti_proibiti[9,2,Rimorchio]
                                   0                           1 
   289 Assegnamenti_proibiti[9,3,Motrice]
                                   1                           1 
   290 Assegnamenti_proibiti[9,3,Rimorchio]
                                   0                           1 
   291 Assegnamenti_proibiti[10,1,Motrice]
                                   1                           1 
   292 Assegnamenti_proibiti[10,1,Rimorchio]
                                   0                           1 
   293 Assegnamenti_proibiti[10,2,Motrice]
                                   0                           1 
   294 Assegnamenti_proibiti[10,2,Rimorchio]
                                   0                           1 
   295 Assegnamenti_proibiti[10,3,Motrice]
                                   0                           1 
   296 Assegnamenti_proibiti[10,3,Rimorchio]
                                   0                           1 
   297 Assegnamenti_proibiti[11,1,Motrice]
                                   0                           1 
   298 Assegnamenti_proibiti[11,1,Rimorchio]
                                   0                           1 
   299 Assegnamenti_proibiti[11,2,Motrice]
                                   0                           1 
   300 Assegnamenti_proibiti[11,2,Rimorchio]
                                   0                           1 
   301 Assegnamenti_proibiti[11,3,Motrice]
                                   0                           1 
   302 Assegnamenti_proibiti[11,3,Rimorchio]
                                   0                           1 
   303 Assegnamenti_proibiti[12,1,Motrice]
                                   0                          -0 
   304 Assegnamenti_proibiti[12,1,Rimorchio]
                                   0                          -0 
   305 Assegnamenti_proibiti[12,2,Motrice]
                                   0                          -0 
   306 Assegnamenti_proibiti[12,2,Rimorchio]
                                   0                          -0 
   307 Assegnamenti_proibiti[12,3,Motrice]
                                   0                          -0 
   308 Assegnamenti_proibiti[12,3,Rimorchio]
                                   0                          -0 
   309 Assegnamenti_proibiti[13,1,Motrice]
                                   0                          -0 
   310 Assegnamenti_proibiti[13,1,Rimorchio]
                                   0                          -0 
   311 Assegnamenti_proibiti[13,2,Motrice]
                                   0                          -0 
   312 Assegnamenti_proibiti[13,2,Rimorchio]
                                   0                          -0 
   313 Assegnamenti_proibiti[13,3,Motrice]
                                   0                          -0 
   314 Assegnamenti_proibiti[13,3,Rimorchio]
                                   0                          -0 
   315 Assegnamenti_proibiti[14,1,Motrice]
                                   0                           1 
   316 Assegnamenti_proibiti[14,1,Rimorchio]
                                   0                           1 
   317 Assegnamenti_proibiti[14,2,Motrice]
                                   0                           1 
   318 Assegnamenti_proibiti[14,2,Rimorchio]
                                   0                           1 
   319 Assegnamenti_proibiti[14,3,Motrice]
                                   1                           1 
   320 Assegnamenti_proibiti[14,3,Rimorchio]
                                   0                           1 
   321 Assegnamenti_proibiti[15,1,Motrice]
                                   0                           1 
   322 Assegnamenti_proibiti[15,1,Rimorchio]
                                   0                           1 
   323 Assegnamenti_proibiti[15,2,Motrice]
                                   0                           1 
   324 Assegnamenti_proibiti[15,2,Rimorchio]
                                   0                           1 
   325 Assegnamenti_proibiti[15,3,Motrice]
                                   0                           1 
   326 Assegnamenti_proibiti[15,3,Rimorchio]
                                   1                           1 
   327 Assegnamenti_proibiti[16,1,Motrice]
                                   0                           1 
   328 Assegnamenti_proibiti[16,1,Rimorchio]
                                   0                           1 
   329 Assegnamenti_proibiti[16,2,Motrice]
                                   0                           1 
   330 Assegnamenti_proibiti[16,2,Rimorchio]
                                   0                           1 
   331 Assegnamenti_proibiti[16,3,Motrice]
                                   0                           1 
   332 Assegnamenti_proibiti[16,3,Rimorchio]
                                   0                           1 

   No. Column name       Activity     Lower bound   Upper bound
------ ------------    ------------- ------------- -------------
     1 x[1,1,Motrice,Inferiore]
                    *              0             0             1 
     2 x[1,1,Motrice,Superiore]
                    *              1             0             1 
     3 x[1,1,Rimorchio,Inferiore]
                    *              0             0             1 
     4 x[1,1,Rimorchio,Superiore]
                    *              0             0             1 
     5 x[1,2,Motrice,Inferiore]
                    *              0             0             1 
     6 x[1,2,Motrice,Superiore]
                    *              0             0             1 
     7 x[1,2,Rimorchio,Inferiore]
                    *              0             0             1 
     8 x[1,2,Rimorchio,Superiore]
                    *              0             0             1 
     9 x[1,3,Motrice,Inferiore]
                    *              0             0             1 
    10 x[1,3,Motrice,Superiore]
                    *              0             0             1 
    11 x[1,3,Rimorchio,Inferiore]
                    *              0             0             1 
    12 x[1,3,Rimorchio,Superiore]
                    *              0             0             1 
    13 x[2,1,Motrice,Inferiore]
                    *              0             0             1 
    14 x[2,1,Motrice,Superiore]
                    *              1             0             1 
    15 x[2,1,Rimorchio,Inferiore]
                    *              0             0             1 
    16 x[2,1,Rimorchio,Superiore]
                    *              0             0             1 
    17 x[2,2,Motrice,Inferiore]
                    *              0             0             1 
    18 x[2,2,Motrice,Superiore]
                    *              0             0             1 
    19 x[2,2,Rimorchio,Inferiore]
                    *              0             0             1 
    20 x[2,2,Rimorchio,Superiore]
                    *              0             0             1 
    21 x[2,3,Motrice,Inferiore]
                    *              0             0             1 
    22 x[2,3,Motrice,Superiore]
                    *              0             0             1 
    23 x[2,3,Rimorchio,Inferiore]
                    *              0             0             1 
    24 x[2,3,Rimorchio,Superiore]
                    *              0             0             1 
    25 x[3,1,Motrice,Inferiore]
                    *              0             0             1 
    26 x[3,1,Motrice,Superiore]
                    *              0             0             1 
    27 x[3,1,Rimorchio,Inferiore]
                    *              0             0             1 
    28 x[3,1,Rimorchio,Superiore]
                    *              1             0             1 
    29 x[3,2,Motrice,Inferiore]
                    *              0             0             1 
    30 x[3,2,Motrice,Superiore]
                    *              0             0             1 
    31 x[3,2,Rimorchio,Inferiore]
                    *              0             0             1 
    32 x[3,2,Rimorchio,Superiore]
                    *              0             0             1 
    33 x[3,3,Motrice,Inferiore]
                    *              0             0             1 
    34 x[3,3,Motrice,Superiore]
                    *              0             0             1 
    35 x[3,3,Rimorchio,Inferiore]
                    *              0             0             1 
    36 x[3,3,Rimorchio,Superiore]
                    *              0             0             1 
    37 x[4,1,Motrice,Inferiore]
                    *              0             0             1 
    38 x[4,1,Motrice,Superiore]
                    *              0             0             1 
    39 x[4,1,Rimorchio,Inferiore]
                    *              0             0             1 
    40 x[4,1,Rimorchio,Superiore]
                    *              1             0             1 
    41 x[4,2,Motrice,Inferiore]
                    *              0             0             1 
    42 x[4,2,Motrice,Superiore]
                    *              0             0             1 
    43 x[4,2,Rimorchio,Inferiore]
                    *              0             0             1 
    44 x[4,2,Rimorchio,Superiore]
                    *              0             0             1 
    45 x[4,3,Motrice,Inferiore]
                    *              0             0             1 
    46 x[4,3,Motrice,Superiore]
                    *              0             0             1 
    47 x[4,3,Rimorchio,Inferiore]
                    *              0             0             1 
    48 x[4,3,Rimorchio,Superiore]
                    *              0             0             1 
    49 x[5,1,Motrice,Inferiore]
                    *              0             0             1 
    50 x[5,1,Motrice,Superiore]
                    *              0             0             1 
    51 x[5,1,Rimorchio,Inferiore]
                    *              0             0             1 
    52 x[5,1,Rimorchio,Superiore]
                    *              0             0             1 
    53 x[5,2,Motrice,Inferiore]
                    *              0             0             1 
    54 x[5,2,Motrice,Superiore]
                    *              0             0             1 
    55 x[5,2,Rimorchio,Inferiore]
                    *              0             0             1 
    56 x[5,2,Rimorchio,Superiore]
                    *              0             0             1 
    57 x[5,3,Motrice,Inferiore]
                    *              0             0             1 
    58 x[5,3,Motrice,Superiore]
                    *              0             0             1 
    59 x[5,3,Rimorchio,Inferiore]
                    *              1             0             1 
    60 x[5,3,Rimorchio,Superiore]
                    *              0             0             1 
    61 x[6,1,Motrice,Inferiore]
                    *              1             0             1 
    62 x[6,1,Motrice,Superiore]
                    *              0             0             1 
    63 x[6,1,Rimorchio,Inferiore]
                    *              0             0             1 
    64 x[6,1,Rimorchio,Superiore]
                    *              0             0             1 
    65 x[6,2,Motrice,Inferiore]
                    *              0             0             1 
    66 x[6,2,Motrice,Superiore]
                    *              0             0             1 
    67 x[6,2,Rimorchio,Inferiore]
                    *              0             0             1 
    68 x[6,2,Rimorchio,Superiore]
                    *              0             0             1 
    69 x[6,3,Motrice,Inferiore]
                    *              0             0             1 
    70 x[6,3,Motrice,Superiore]
                    *              0             0             1 
    71 x[6,3,Rimorchio,Inferiore]
                    *              0             0             1 
    72 x[6,3,Rimorchio,Superiore]
                    *              0             0             1 
    73 x[7,1,Motrice,Inferiore]
                    *              0             0             1 
    74 x[7,1,Motrice,Superiore]
                    *              0             0             1 
    75 x[7,1,Rimorchio,Inferiore]
                    *              1             0             1 
    76 x[7,1,Rimorchio,Superiore]
                    *              0             0             1 
    77 x[7,2,Motrice,Inferiore]
                    *              0             0             1 
    78 x[7,2,Motrice,Superiore]
                    *              0             0             1 
    79 x[7,2,Rimorchio,Inferiore]
                    *              0             0             1 
    80 x[7,2,Rimorchio,Superiore]
                    *              0             0             1 
    81 x[7,3,Motrice,Inferiore]
                    *              0             0             1 
    82 x[7,3,Motrice,Superiore]
                    *              0             0             1 
    83 x[7,3,Rimorchio,Inferiore]
                    *              0             0             1 
    84 x[7,3,Rimorchio,Superiore]
                    *              0             0             1 
    85 x[8,1,Motrice,Inferiore]
                    *              0             0             1 
    86 x[8,1,Motrice,Superiore]
                    *              0             0             1 
    87 x[8,1,Rimorchio,Inferiore]
                    *              1             0             1 
    88 x[8,1,Rimorchio,Superiore]
                    *              0             0             1 
    89 x[8,2,Motrice,Inferiore]
                    *              0             0             1 
    90 x[8,2,Motrice,Superiore]
                    *              0             0             1 
    91 x[8,2,Rimorchio,Inferiore]
                    *              0             0             1 
    92 x[8,2,Rimorchio,Superiore]
                    *              0             0             1 
    93 x[8,3,Motrice,Inferiore]
                    *              0             0             1 
    94 x[8,3,Motrice,Superiore]
                    *              0             0             1 
    95 x[8,3,Rimorchio,Inferiore]
                    *              0             0             1 
    96 x[8,3,Rimorchio,Superiore]
                    *              0             0             1 
    97 x[9,1,Motrice,Inferiore]
                    *              0             0             1 
    98 x[9,1,Motrice,Superiore]
                    *              0             0             1 
    99 x[9,1,Rimorchio,Inferiore]
                    *              0             0             1 
   100 x[9,1,Rimorchio,Superiore]
                    *              0             0             1 
   101 x[9,2,Motrice,Inferiore]
                    *              0             0             1 
   102 x[9,2,Motrice,Superiore]
                    *              0             0             1 
   103 x[9,2,Rimorchio,Inferiore]
                    *              0             0             1 
   104 x[9,2,Rimorchio,Superiore]
                    *              0             0             1 
   105 x[9,3,Motrice,Inferiore]
                    *              1             0             1 
   106 x[9,3,Motrice,Superiore]
                    *              0             0             1 
   107 x[9,3,Rimorchio,Inferiore]
                    *              0             0             1 
   108 x[9,3,Rimorchio,Superiore]
                    *              0             0             1 
   109 x[10,1,Motrice,Inferiore]
                    *              1             0             1 
   110 x[10,1,Motrice,Superiore]
                    *              0             0             1 
   111 x[10,1,Rimorchio,Inferiore]
                    *              0             0             1 
   112 x[10,1,Rimorchio,Superiore]
                    *              0             0             1 
   113 x[10,2,Motrice,Inferiore]
                    *              0             0             1 
   114 x[10,2,Motrice,Superiore]
                    *              0             0             1 
   115 x[10,2,Rimorchio,Inferiore]
                    *              0             0             1 
   116 x[10,2,Rimorchio,Superiore]
                    *              0             0             1 
   117 x[10,3,Motrice,Inferiore]
                    *              0             0             1 
   118 x[10,3,Motrice,Superiore]
                    *              0             0             1 
   119 x[10,3,Rimorchio,Inferiore]
                    *              0             0             1 
   120 x[10,3,Rimorchio,Superiore]
                    *              0             0             1 
   121 x[11,1,Motrice,Inferiore]
                    *              0             0             1 
   122 x[11,1,Motrice,Superiore]
                    *              0             0             1 
   123 x[11,1,Rimorchio,Inferiore]
                    *              0             0             1 
   124 x[11,1,Rimorchio,Superiore]
                    *              0             0             1 
   125 x[11,2,Motrice,Inferiore]
                    *              0             0             1 
   126 x[11,2,Motrice,Superiore]
                    *              0             0             1 
   127 x[11,2,Rimorchio,Inferiore]
                    *              0             0             1 
   128 x[11,2,Rimorchio,Superiore]
                    *              0             0             1 
   129 x[11,3,Motrice,Inferiore]
                    *              0             0             1 
   130 x[11,3,Motrice,Superiore]
                    *              0             0             1 
   131 x[11,3,Rimorchio,Inferiore]
                    *              0             0             1 
   132 x[11,3,Rimorchio,Superiore]
                    *              1             0             1 
   133 x[12,1,Motrice,Inferiore]
                    *              0             0             1 
   134 x[12,1,Motrice,Superiore]
                    *              0             0             1 
   135 x[12,1,Rimorchio,Inferiore]
                    *              0             0             1 
   136 x[12,1,Rimorchio,Superiore]
                    *              0             0             1 
   137 x[12,2,Motrice,Inferiore]
                    *              0             0             1 
   138 x[12,2,Motrice,Superiore]
                    *              0             0             1 
   139 x[12,2,Rimorchio,Inferiore]
                    *              0             0             1 
   140 x[12,2,Rimorchio,Superiore]
                    *              0             0             1 
   141 x[12,3,Motrice,Inferiore]
                    *              0             0             1 
   142 x[12,3,Motrice,Superiore]
                    *              1             0             1 
   143 x[12,3,Rimorchio,Inferiore]
                    *              0             0             1 
   144 x[12,3,Rimorchio,Superiore]
                    *              0             0             1 
   145 x[13,1,Motrice,Inferiore]
                    *              0             0             1 
   146 x[13,1,Motrice,Superiore]
                    *              0             0             1 
   147 x[13,1,Rimorchio,Inferiore]
                    *              0             0             1 
   148 x[13,1,Rimorchio,Superiore]
                    *              0             0             1 
   149 x[13,2,Motrice,Inferiore]
                    *              0             0             1 
   150 x[13,2,Motrice,Superiore]
                    *              0             0             1 
   151 x[13,2,Rimorchio,Inferiore]
                    *              0             0             1 
   152 x[13,2,Rimorchio,Superiore]
                    *              0             0             1 
   153 x[13,3,Motrice,Inferiore]
                    *              0             0             1 
   154 x[13,3,Motrice,Superiore]
                    *              0             0             1 
   155 x[13,3,Rimorchio,Inferiore]
                    *              0             0             1 
   156 x[13,3,Rimorchio,Superiore]
                    *              1             0             1 
   157 x[14,1,Motrice,Inferiore]
                    *              0             0             1 
   158 x[14,1,Motrice,Superiore]
                    *              0             0             1 
   159 x[14,1,Rimorchio,Inferiore]
                    *              0             0             1 
   160 x[14,1,Rimorchio,Superiore]
                    *              0             0             1 
   161 x[14,2,Motrice,Inferiore]
                    *              0             0             1 
   162 x[14,2,Motrice,Superiore]
                    *              0             0             1 
   163 x[14,2,Rimorchio,Inferiore]
                    *              0             0             1 
   164 x[14,2,Rimorchio,Superiore]
                    *              0             0             1 
   165 x[14,3,Motrice,Inferiore]
                    *              1             0             1 
   166 x[14,3,Motrice,Superiore]
                    *              0             0             1 
   167 x[14,3,Rimorchio,Inferiore]
                    *              0             0             1 
   168 x[14,3,Rimorchio,Superiore]
                    *              0             0             1 
   169 x[15,1,Motrice,Inferiore]
                    *              0             0             1 
   170 x[15,1,Motrice,Superiore]
                    *              0             0             1 
   171 x[15,1,Rimorchio,Inferiore]
                    *              0             0             1 
   172 x[15,1,Rimorchio,Superiore]
                    *              0             0             1 
   173 x[15,2,Motrice,Inferiore]
                    *              0             0             1 
   174 x[15,2,Motrice,Superiore]
                    *              0             0             1 
   175 x[15,2,Rimorchio,Inferiore]
                    *              0             0             1 
   176 x[15,2,Rimorchio,Superiore]
                    *              0             0             1 
   177 x[15,3,Motrice,Inferiore]
                    *              0             0             1 
   178 x[15,3,Motrice,Superiore]
                    *              0             0             1 
   179 x[15,3,Rimorchio,Inferiore]
                    *              1             0             1 
   180 x[15,3,Rimorchio,Superiore]
                    *              0             0             1 
   181 x[16,1,Motrice,Inferiore]
                    *              0             0             1 
   182 x[16,1,Motrice,Superiore]
                    *              0             0             1 
   183 x[16,1,Rimorchio,Inferiore]
                    *              0             0             1 
   184 x[16,1,Rimorchio,Superiore]
                    *              0             0             1 
   185 x[16,2,Motrice,Inferiore]
                    *              0             0             1 
   186 x[16,2,Motrice,Superiore]
                    *              0             0             1 
   187 x[16,2,Rimorchio,Inferiore]
                    *              0             0             1 
   188 x[16,2,Rimorchio,Superiore]
                    *              0             0             1 
   189 x[16,3,Motrice,Inferiore]
                    *              0             0             1 
   190 x[16,3,Motrice,Superiore]
                    *              1             0             1 
   191 x[16,3,Rimorchio,Inferiore]
                    *              0             0             1 
   192 x[16,3,Rimorchio,Superiore]
                    *              0             0             1 
   193 y[1]         *              1             0             1 
   194 y[2]         *              0             0             1 
   195 y[3]         *              1             0             1 
   196 e[1,Motrice,Inferiore]
                                 0.8             0               
   197 e[1,Motrice,Superiore]
                                   0             0               
   198 e[1,Rimorchio,Inferiore]
                                 0.7             0               
   199 e[1,Rimorchio,Superiore]
                                   0             0               
   200 e[2,Motrice,Inferiore]
                                   0             0               
   201 e[2,Motrice,Superiore]
                                   0             0               
   202 e[2,Rimorchio,Inferiore]
                                   0             0               
   203 e[2,Rimorchio,Superiore]
                                   0             0               
   204 e[3,Motrice,Inferiore]
                                 0.5             0               
   205 e[3,Motrice,Superiore]
                                   0             0               
   206 e[3,Rimorchio,Inferiore]
                                   1             0               
   207 e[3,Rimorchio,Superiore]
                                   0             0               

Integer feasibility conditions:

KKT.PE: max.abs.err = 0.00e+000 on row 0
        max.rel.err = 0.00e+000 on row 0
        High quality

KKT.PB: max.abs.err = 3.55e-015 on row 220
        max.rel.err = 4.44e-016 on row 220
        High quality

End of output
