Problem:    Farmaci
Rows:       69
Columns:    13
Non-zeros:  114
Status:     UNDEFINED
Objective:  z1 = 0 (MAXimum)

   No.   Row name   St   Activity     Lower bound   Upper bound    Marginal
------ ------------ -- ------------- ------------- ------------- -------------
     1 parametriMin[1]
                    B              0             7               
     2 parametriMin[2]
                    B              0          1700               
     3 parametriMin[3]
                    B              0           0.5               
     4 parametriMin[4]
                    B              0          1400               
     5 parametriMin[5]
                    B              0             8               
     6 parametriMin[6]
                    B              0            28               
     7 parametriMin[7]
                    B              0            80               
     8 parametriMax[1]
                    B              0                          15 
     9 parametriMax[2]
                    B              0                        3500 
    10 parametriMax[3]
                    B              0                         1.3 
    11 parametriMax[4]
                    B              0                        2750 
    12 parametriMax[5]
                    B              0                          12 
    13 parametriMax[6]
                    B              0                          41 
    14 parametriMax[7]
                    B              0                         160 
    15 farmaciMax[A]
                    B              0                           2 
    16 farmaciMax[B]
                    B              0                         3.5 
    17 farmaciMax[C]
                    B              0                         0.5 
    18 farmaciMax[D]
                    B              0                         0.5 
    19 farmaciMax[E]
                    B              0                         7.5 
    20 def_parametri[1,A]
                    B              0            -0             = 
    21 def_parametri[1,B]
                    B              0            -0             = 
    22 def_parametri[1,C]
                    B              0            -0             = 
    23 def_parametri[1,D]
                    B              0            -0             = 
    24 def_parametri[1,E]
                    B              0            -0             = 
    25 def_parametri[2,A]
                    B              0            -0             = 
    26 def_parametri[2,B]
                    B              0            -0             = 
    27 def_parametri[2,C]
                    B              0            -0             = 
    28 def_parametri[2,D]
                    B              0            -0             = 
    29 def_parametri[2,E]
                    B              0            -0             = 
    30 def_parametri[3,A]
                    B              0            -0             = 
    31 def_parametri[3,B]
                    B              0            -0             = 
    32 def_parametri[3,C]
                    B              0            -0             = 
    33 def_parametri[3,D]
                    B              0            -0             = 
    34 def_parametri[3,E]
                    B              0            -0             = 
    35 def_parametri[4,A]
                    B              0            -0             = 
    36 def_parametri[4,B]
                    B              0            -0             = 
    37 def_parametri[4,C]
                    B              0            -0             = 
    38 def_parametri[4,D]
                    B              0            -0             = 
    39 def_parametri[4,E]
                    B              0            -0             = 
    40 def_parametri[5,A]
                    B              0            -0             = 
    41 def_parametri[5,B]
                    B              0            -0             = 
    42 def_parametri[5,C]
                    B              0            -0             = 
    43 def_parametri[5,D]
                    B              0            -0             = 
    44 def_parametri[5,E]
                    B              0            -0             = 
    45 def_parametri[6,A]
                    B              0            -0             = 
    46 def_parametri[6,B]
                    B              0            -0             = 
    47 def_parametri[6,C]
                    B              0            -0             = 
    48 def_parametri[6,D]
                    B              0            -0             = 
    49 def_parametri[6,E]
                    B              0            -0             = 
    50 def_parametri[7,A]
                    B              0            -0             = 
    51 def_parametri[7,B]
                    B              0            -0             = 
    52 def_parametri[7,C]
                    B              0            -0             = 
    53 def_parametri[7,D]
                    B              0            -0             = 
    54 def_parametri[7,E]
                    B              0            -0             = 
    55 Vincolo1[1]  B              0           -12               
    56 Vincolo1[2]  B              0         -2500               
    57 Vincolo1[3]  B              0          -0.8               
    58 Vincolo1[4]  B              0         -2000               
    59 Vincolo1[5]  B              0           -10               
    60 Vincolo1[6]  B              0           -35               
    61 Vincolo1[7]  B              0          -120               
    62 Vincolo2[1]  B              0                          12 
    63 Vincolo2[2]  B              0                        2500 
    64 Vincolo2[3]  B              0                         0.8 
    65 Vincolo2[4]  B              0                        2000 
    66 Vincolo2[5]  B              0                          10 
    67 Vincolo2[6]  B              0                          35 
    68 Vincolo2[7]  B              0                         120 
    69 z1           B              0                             

   No. Column name  St   Activity     Lower bound   Upper bound    Marginal
------ ------------ -- ------------- ------------- ------------- -------------
     1 q[A]         NL             0             0                       < eps
     2 q[B]         NL             0             0                       < eps
     3 q[C]         NL             0             0                       < eps
     4 q[D]         NL             0             0                       < eps
     5 q[E]         NL             0             0                       < eps
     6 parametri[1] NF             0                                     < eps
     7 parametri[2] NF             0                                     < eps
     8 parametri[3] NF             0                                     < eps
     9 parametri[4] NF             0                                     < eps
    10 parametri[5] NF             0                                     < eps
    11 parametri[6] NF             0                                     < eps
    12 parametri[7] NF             0                                     < eps
    13 z            NF             0                                     < eps

Karush-Kuhn-Tucker optimality conditions:

KKT.PE: max.abs.err = 0.00e+000 on row 0
        max.rel.err = 0.00e+000 on row 0
        High quality

KKT.PB: max.abs.err = 1.70e+003 on row 2
        max.rel.err = 9.99e-001 on row 2
        PRIMAL SOLUTION IS INFEASIBLE

KKT.DE: max.abs.err = 1.00e+000 on column 13
        max.rel.err = 5.00e-001 on column 13
        DUAL SOLUTION IS WRONG

KKT.DB: max.abs.err = 0.00e+000 on row 0
        max.rel.err = 0.00e+000 on row 0
        High quality

End of output
