GLPK 4.45 - SENSITIVITY ANALYSIS REPORT                                                                         Page   1

Problem:    Forno
Objective:  z = 57.875 (MAXimum)

   No. Row name     St      Activity         Slack   Lower bound       Activity      Obj coef  Obj value at Limiting
                                          Marginal   Upper bound          range         range   break point variable
------ ------------ -- ------------- ------------- -------------  ------------- ------------- ------------- ------------
     1 limiteProdotti[1,2]
                    BS      -6.66667       6.66667          -Inf       -6.66667          -Inf          +Inf
                                            .             .            -5.56452        .36585      55.43598 produzioneMin[1]

     2 limiteProdotti[1,3]
                    BS      -1.00000       1.00000          -Inf       -2.55556      -2.61607      60.49107 produzioneMin[3]
                                            .             .             -.43548        .71429      57.16071 produzioneMin[1]

     3 limiteProdotti[1,4]
                    BS       -.83333        .83333          -Inf       -2.16667      -7.25000      63.91667 limiteProdotti[2,4]
                                            .             .              .64286        .48387      57.47177 produzioneMin[1]

     4 limiteProdotti[2,1]
                    BS      -4.16667       4.16667          -Inf       -5.56452       -.28846      59.07692 produzioneMin[1]
                                            .             .            -4.16667          +Inf          -Inf

     5 limiteProdotti[2,3]
                    BS       -.16667        .16667          -Inf        -.43548      -1.50000      58.12500 produzioneMin[1]
                                            .             .             -.16667          +Inf          -Inf

     6 limiteProdotti[2,4]
                    NU        .             .               -Inf       -4.66667      -2.07143      48.20833 limiteProdotti[1,2]
                                           2.07143        .              .23333          +Inf      58.35833 limiteProdotti[2,3]

     7 limiteProdotti[3,1]
                    BS      -7.00000       7.00000          -Inf       -8.12903       -.35714      60.37500 produzioneMin[1]
                                            .             .            -6.22222       5.23214      21.25000 produzioneMin[3]

     8 limiteProdotti[3,2]
                    BS      -8.66667       8.66667          -Inf       -8.66667          -Inf          +Inf
                                            .             .            -8.12903        .75000      51.37500 produzioneMin[1]

     9 limiteProdotti[3,4]
                    BS      -2.83333       2.83333          -Inf       -4.16667      -7.25000      78.41667 limiteProdotti[2,4]
                                            .             .            -2.56452       1.50000      53.62500 produzioneMin[1]

    10 limiteProdotti[4,1]
                    BS      -7.08333       7.08333          -Inf       -8.34677       -.31915      60.13564 produzioneMin[1]
                                            .             .            -6.41667      14.50000     -44.83333 limiteProdotti[2,4]

GLPK 4.45 - SENSITIVITY ANALYSIS REPORT                                                                         Page   2

Problem:    Forno
Objective:  z = 57.875 (MAXimum)

   No. Row name     St      Activity         Slack   Lower bound       Activity      Obj coef  Obj value at Limiting
                                          Marginal   Upper bound          range         range   break point variable
------ ------------ -- ------------- ------------- -------------  ------------- ------------- ------------- ------------
    11 limiteProdotti[4,2]
                    BS      -8.75000       8.75000          -Inf       -8.75000          -Inf          +Inf
                                            .             .            -8.34677       1.00000      49.12500 produzioneMin[1]

    12 limiteProdotti[4,3]
                    BS      -3.08333       3.08333          -Inf       -5.05556      -2.06338      64.23709 produzioneMin[3]
                                            .             .            -2.41667      14.50000      13.16667 limiteProdotti[2,4]

    13 produzioneMin[1]
                    NL       5.00000        .            5.00000        4.65000          -Inf      58.12500 limiteProdotti[2,3]
                                           -.71429          +Inf        5.56452        .71429      57.47177 limiteProdotti[1,4]

    14 produzioneMin[2]
                    BS       5.83333      -3.83333       2.00000        5.56452      -1.50000      49.12500 produzioneMin[1]
                                            .               +Inf        5.83333          +Inf          +Inf

    15 produzioneMin[3]
                    NL       3.00000        .            3.00000        2.94574          -Inf      58.15891 limiteProdotti[2,3]
                                          -5.23214          +Inf        3.77778       5.23214      53.80556 limiteProdotti[1,4]

    16 produzioneMin[4]
                    BS       2.91667       -.91667       2.00000        2.78226      -3.00000      49.12500 produzioneMin[1]
                                            .               +Inf        3.58333      14.50000     100.16667 limiteProdotti[2,4]

    17 spazioTempoLimite
                    NU      24.00000        .               -Inf       22.25000      -3.21429      52.25000 limiteProdotti[1,4]
                                           3.21429      24.00000       24.35000          +Inf      59.00000 limiteProdotti[2,3]

    18 z            BS      57.87500     -57.87500          -Inf       48.20833      -1.00000        .      limiteProdotti[2,4]
                                            .               +Inf       57.87500          +Inf          +Inf

GLPK 4.45 - SENSITIVITY ANALYSIS REPORT                                                                         Page   3

Problem:    Forno
Objective:  z = 57.875 (MAXimum)

   No. Column name  St      Activity      Obj coef   Lower bound       Activity      Obj coef  Obj value at Limiting
                                          Marginal   Upper bound          range         range   break point variable
------ ------------ -- ------------- ------------- -------------  ------------- ------------- ------------- ------------
     1 x[1]         BS       5.00000       2.50000        .             5.00000          -Inf          -Inf
                                            .               +Inf        5.56452       3.21429      61.44643 produzioneMin[1]

     2 x[2]         BS       5.83333       4.00000        .             5.56452       2.50000      49.12500 produzioneMin[1]
                                            .               +Inf        5.83333          +Inf          +Inf

     3 x[3]         BS       3.00000       2.00000        .             3.00000          -Inf          -Inf
                                            .               +Inf        3.77778       7.23214      73.57143 produzioneMin[3]

     4 x[4]         BS       2.91667       5.50000        .             2.78226       2.50000      49.12500 produzioneMin[1]
                                            .               +Inf        3.58333      20.00000     100.16667 limiteProdotti[2,4]

End of report
