Problem:    Ordini
Rows:       841
Columns:    120 (100 integer, 100 binary)
Non-zeros:  2435
Status:     INTEGER OPTIMAL
Objective:  z = 165 (MINimum)

   No.   Row name        Activity     Lower bound   Upper bound
------ ------------    ------------- ------------- -------------
     1 z                         165                             
     2 ritardo[1]                -24           -50               
     3 ritardo[2]                -12           -50               
     4 ritardo[3]                -30           -90               
     5 ritardo[4]                -15           -70               
     6 ritardo[5]                -18           -50               
     7 ritardo[6]                 -7           -80               
     8 ritardo[7]                 -8          -100               
     9 ritardo[8]                -15           -90               
    10 ritardo[9]                -14          -120               
    11 ritardo[10]               -22          -150               
    12 predecessore[1]
                                   0            -0             = 
    13 predecessore[2]
                                   0            -0             = 
    14 predecessore[3]
                                   0            -0             = 
    15 predecessore[4]
                                   0            -0             = 
    16 predecessore[5]
                                   0            -0             = 
    17 predecessore[6]
                                   0            -0             = 
    18 predecessore[7]
                                   0            -0             = 
    19 predecessore[8]
                                   0            -0             = 
    20 predecessore[9]
                                   0            -0             = 
    21 predecessore[10]
                                   0            -0             = 
    22 connessione[1,2]
                                   1             1             = 
    23 connessione[1,3]
                                   1             1             = 
    24 connessione[1,4]
                                   1             1             = 
    25 connessione[1,5]
                                   1             1             = 
    26 connessione[1,6]
                                   1             1             = 
    27 connessione[1,7]
                                   1             1             = 
    28 connessione[1,8]
                                   1             1             = 
    29 connessione[1,9]
                                   1             1             = 
    30 connessione[1,10]
                                   1             1             = 
    31 connessione[2,1]
                                   1             1             = 
    32 connessione[2,3]
                                   1             1             = 
    33 connessione[2,4]
                                   1             1             = 
    34 connessione[2,5]
                                   1             1             = 
    35 connessione[2,6]
                                   1             1             = 
    36 connessione[2,7]
                                   1             1             = 
    37 connessione[2,8]
                                   1             1             = 
    38 connessione[2,9]
                                   1             1             = 
    39 connessione[2,10]
                                   1             1             = 
    40 connessione[3,1]
                                   1             1             = 
    41 connessione[3,2]
                                   1             1             = 
    42 connessione[3,4]
                                   1             1             = 
    43 connessione[3,5]
                                   1             1             = 
    44 connessione[3,6]
                                   1             1             = 
    45 connessione[3,7]
                                   1             1             = 
    46 connessione[3,8]
                                   1             1             = 
    47 connessione[3,9]
                                   1             1             = 
    48 connessione[3,10]
                                   1             1             = 
    49 connessione[4,1]
                                   1             1             = 
    50 connessione[4,2]
                                   1             1             = 
    51 connessione[4,3]
                                   1             1             = 
    52 connessione[4,5]
                                   1             1             = 
    53 connessione[4,6]
                                   1             1             = 
    54 connessione[4,7]
                                   1             1             = 
    55 connessione[4,8]
                                   1             1             = 
    56 connessione[4,9]
                                   1             1             = 
    57 connessione[4,10]
                                   1             1             = 
    58 connessione[5,1]
                                   1             1             = 
    59 connessione[5,2]
                                   1             1             = 
    60 connessione[5,3]
                                   1             1             = 
    61 connessione[5,4]
                                   1             1             = 
    62 connessione[5,6]
                                   1             1             = 
    63 connessione[5,7]
                                   1             1             = 
    64 connessione[5,8]
                                   1             1             = 
    65 connessione[5,9]
                                   1             1             = 
    66 connessione[5,10]
                                   1             1             = 
    67 connessione[6,1]
                                   1             1             = 
    68 connessione[6,2]
                                   1             1             = 
    69 connessione[6,3]
                                   1             1             = 
    70 connessione[6,4]
                                   1             1             = 
    71 connessione[6,5]
                                   1             1             = 
    72 connessione[6,7]
                                   1             1             = 
    73 connessione[6,8]
                                   1             1             = 
    74 connessione[6,9]
                                   1             1             = 
    75 connessione[6,10]
                                   1             1             = 
    76 connessione[7,1]
                                   1             1             = 
    77 connessione[7,2]
                                   1             1             = 
    78 connessione[7,3]
                                   1             1             = 
    79 connessione[7,4]
                                   1             1             = 
    80 connessione[7,5]
                                   1             1             = 
    81 connessione[7,6]
                                   1             1             = 
    82 connessione[7,8]
                                   1             1             = 
    83 connessione[7,9]
                                   1             1             = 
    84 connessione[7,10]
                                   1             1             = 
    85 connessione[8,1]
                                   1             1             = 
    86 connessione[8,2]
                                   1             1             = 
    87 connessione[8,3]
                                   1             1             = 
    88 connessione[8,4]
                                   1             1             = 
    89 connessione[8,5]
                                   1             1             = 
    90 connessione[8,6]
                                   1             1             = 
    91 connessione[8,7]
                                   1             1             = 
    92 connessione[8,9]
                                   1             1             = 
    93 connessione[8,10]
                                   1             1             = 
    94 connessione[9,1]
                                   1             1             = 
    95 connessione[9,2]
                                   1             1             = 
    96 connessione[9,3]
                                   1             1             = 
    97 connessione[9,4]
                                   1             1             = 
    98 connessione[9,5]
                                   1             1             = 
    99 connessione[9,6]
                                   1             1             = 
   100 connessione[9,7]
                                   1             1             = 
   101 connessione[9,8]
                                   1             1             = 
   102 connessione[9,10]
                                   1             1             = 
   103 connessione[10,1]
                                   1             1             = 
   104 connessione[10,2]
                                   1             1             = 
   105 connessione[10,3]
                                   1             1             = 
   106 connessione[10,4]
                                   1             1             = 
   107 connessione[10,5]
                                   1             1             = 
   108 connessione[10,6]
                                   1             1             = 
   109 connessione[10,7]
                                   1             1             = 
   110 connessione[10,8]
                                   1             1             = 
   111 connessione[10,9]
                                   1             1             = 
   112 noCicli3[1,2,3]
                                   1                           2 
   113 noCicli3[1,2,4]
                                   1                           2 
   114 noCicli3[1,2,5]
                                   1                           2 
   115 noCicli3[1,2,6]
                                   1                           2 
   116 noCicli3[1,2,7]
                                   1                           2 
   117 noCicli3[1,2,8]
                                   1                           2 
   118 noCicli3[1,2,9]
                                   1                           2 
   119 noCicli3[1,2,10]
                                   1                           2 
   120 noCicli3[1,3,2]
                                   2                           2 
   121 noCicli3[1,3,4]
                                   1                           2 
   122 noCicli3[1,3,5]
                                   1                           2 
   123 noCicli3[1,3,6]
                                   1                           2 
   124 noCicli3[1,3,7]
                                   1                           2 
   125 noCicli3[1,3,8]
                                   1                           2 
   126 noCicli3[1,3,9]
                                   1                           2 
   127 noCicli3[1,3,10]
                                   1                           2 
   128 noCicli3[1,4,2]
                                   2                           2 
   129 noCicli3[1,4,3]
                                   2                           2 
   130 noCicli3[1,4,5]
                                   1                           2 
   131 noCicli3[1,4,6]
                                   1                           2 
   132 noCicli3[1,4,7]
                                   1                           2 
   133 noCicli3[1,4,8]
                                   1                           2 
   134 noCicli3[1,4,9]
                                   1                           2 
   135 noCicli3[1,4,10]
                                   1                           2 
   136 noCicli3[1,5,2]
                                   2                           2 
   137 noCicli3[1,5,3]
                                   2                           2 
   138 noCicli3[1,5,4]
                                   2                           2 
   139 noCicli3[1,5,6]
                                   1                           2 
   140 noCicli3[1,5,7]
                                   1                           2 
   141 noCicli3[1,5,8]
                                   1                           2 
   142 noCicli3[1,5,9]
                                   1                           2 
   143 noCicli3[1,5,10]
                                   1                           2 
   144 noCicli3[1,6,2]
                                   2                           2 
   145 noCicli3[1,6,3]
                                   2                           2 
   146 noCicli3[1,6,4]
                                   2                           2 
   147 noCicli3[1,6,5]
                                   2                           2 
   148 noCicli3[1,6,7]
                                   1                           2 
   149 noCicli3[1,6,8]
                                   1                           2 
   150 noCicli3[1,6,9]
                                   1                           2 
   151 noCicli3[1,6,10]
                                   1                           2 
   152 noCicli3[1,7,2]
                                   2                           2 
   153 noCicli3[1,7,3]
                                   2                           2 
   154 noCicli3[1,7,4]
                                   2                           2 
   155 noCicli3[1,7,5]
                                   2                           2 
   156 noCicli3[1,7,6]
                                   2                           2 
   157 noCicli3[1,7,8]
                                   1                           2 
   158 noCicli3[1,7,9]
                                   1                           2 
   159 noCicli3[1,7,10]
                                   1                           2 
   160 noCicli3[1,8,2]
                                   2                           2 
   161 noCicli3[1,8,3]
                                   2                           2 
   162 noCicli3[1,8,4]
                                   2                           2 
   163 noCicli3[1,8,5]
                                   2                           2 
   164 noCicli3[1,8,6]
                                   2                           2 
   165 noCicli3[1,8,7]
                                   2                           2 
   166 noCicli3[1,8,9]
                                   1                           2 
   167 noCicli3[1,8,10]
                                   1                           2 
   168 noCicli3[1,9,2]
                                   2                           2 
   169 noCicli3[1,9,3]
                                   2                           2 
   170 noCicli3[1,9,4]
                                   2                           2 
   171 noCicli3[1,9,5]
                                   2                           2 
   172 noCicli3[1,9,6]
                                   2                           2 
   173 noCicli3[1,9,7]
                                   2                           2 
   174 noCicli3[1,9,8]
                                   2                           2 
   175 noCicli3[1,9,10]
                                   1                           2 
   176 noCicli3[1,10,2]
                                   2                           2 
   177 noCicli3[1,10,3]
                                   2                           2 
   178 noCicli3[1,10,4]
                                   2                           2 
   179 noCicli3[1,10,5]
                                   2                           2 
   180 noCicli3[1,10,6]
                                   2                           2 
   181 noCicli3[1,10,7]
                                   2                           2 
   182 noCicli3[1,10,8]
                                   2                           2 
   183 noCicli3[1,10,9]
                                   2                           2 
   184 noCicli3[2,1,3]
                                   2                           2 
   185 noCicli3[2,1,4]
                                   2                           2 
   186 noCicli3[2,1,5]
                                   2                           2 
   187 noCicli3[2,1,6]
                                   2                           2 
   188 noCicli3[2,1,7]
                                   2                           2 
   189 noCicli3[2,1,8]
                                   2                           2 
   190 noCicli3[2,1,9]
                                   2                           2 
   191 noCicli3[2,1,10]
                                   2                           2 
   192 noCicli3[2,3,1]
                                   1                           2 
   193 noCicli3[2,3,4]
                                   1                           2 
   194 noCicli3[2,3,5]
                                   1                           2 
   195 noCicli3[2,3,6]
                                   1                           2 
   196 noCicli3[2,3,7]
                                   1                           2 
   197 noCicli3[2,3,8]
                                   1                           2 
   198 noCicli3[2,3,9]
                                   1                           2 
   199 noCicli3[2,3,10]
                                   1                           2 
   200 noCicli3[2,4,1]
                                   1                           2 
   201 noCicli3[2,4,3]
                                   2                           2 
   202 noCicli3[2,4,5]
                                   1                           2 
   203 noCicli3[2,4,6]
                                   1                           2 
   204 noCicli3[2,4,7]
                                   1                           2 
   205 noCicli3[2,4,8]
                                   1                           2 
   206 noCicli3[2,4,9]
                                   1                           2 
   207 noCicli3[2,4,10]
                                   1                           2 
   208 noCicli3[2,5,1]
                                   1                           2 
   209 noCicli3[2,5,3]
                                   2                           2 
   210 noCicli3[2,5,4]
                                   2                           2 
   211 noCicli3[2,5,6]
                                   1                           2 
   212 noCicli3[2,5,7]
                                   1                           2 
   213 noCicli3[2,5,8]
                                   1                           2 
   214 noCicli3[2,5,9]
                                   1                           2 
   215 noCicli3[2,5,10]
                                   1                           2 
   216 noCicli3[2,6,1]
                                   1                           2 
   217 noCicli3[2,6,3]
                                   2                           2 
   218 noCicli3[2,6,4]
                                   2                           2 
   219 noCicli3[2,6,5]
                                   2                           2 
   220 noCicli3[2,6,7]
                                   1                           2 
   221 noCicli3[2,6,8]
                                   1                           2 
   222 noCicli3[2,6,9]
                                   1                           2 
   223 noCicli3[2,6,10]
                                   1                           2 
   224 noCicli3[2,7,1]
                                   1                           2 
   225 noCicli3[2,7,3]
                                   2                           2 
   226 noCicli3[2,7,4]
                                   2                           2 
   227 noCicli3[2,7,5]
                                   2                           2 
   228 noCicli3[2,7,6]
                                   2                           2 
   229 noCicli3[2,7,8]
                                   1                           2 
   230 noCicli3[2,7,9]
                                   1                           2 
   231 noCicli3[2,7,10]
                                   1                           2 
   232 noCicli3[2,8,1]
                                   1                           2 
   233 noCicli3[2,8,3]
                                   2                           2 
   234 noCicli3[2,8,4]
                                   2                           2 
   235 noCicli3[2,8,5]
                                   2                           2 
   236 noCicli3[2,8,6]
                                   2                           2 
   237 noCicli3[2,8,7]
                                   2                           2 
   238 noCicli3[2,8,9]
                                   1                           2 
   239 noCicli3[2,8,10]
                                   1                           2 
   240 noCicli3[2,9,1]
                                   1                           2 
   241 noCicli3[2,9,3]
                                   2                           2 
   242 noCicli3[2,9,4]
                                   2                           2 
   243 noCicli3[2,9,5]
                                   2                           2 
   244 noCicli3[2,9,6]
                                   2                           2 
   245 noCicli3[2,9,7]
                                   2                           2 
   246 noCicli3[2,9,8]
                                   2                           2 
   247 noCicli3[2,9,10]
                                   1                           2 
   248 noCicli3[2,10,1]
                                   1                           2 
   249 noCicli3[2,10,3]
                                   2                           2 
   250 noCicli3[2,10,4]
                                   2                           2 
   251 noCicli3[2,10,5]
                                   2                           2 
   252 noCicli3[2,10,6]
                                   2                           2 
   253 noCicli3[2,10,7]
                                   2                           2 
   254 noCicli3[2,10,8]
                                   2                           2 
   255 noCicli3[2,10,9]
                                   2                           2 
   256 noCicli3[3,1,2]
                                   1                           2 
   257 noCicli3[3,1,4]
                                   2                           2 
   258 noCicli3[3,1,5]
                                   2                           2 
   259 noCicli3[3,1,6]
                                   2                           2 
   260 noCicli3[3,1,7]
                                   2                           2 
   261 noCicli3[3,1,8]
                                   2                           2 
   262 noCicli3[3,1,9]
                                   2                           2 
   263 noCicli3[3,1,10]
                                   2                           2 
   264 noCicli3[3,2,1]
                                   2                           2 
   265 noCicli3[3,2,4]
                                   2                           2 
   266 noCicli3[3,2,5]
                                   2                           2 
   267 noCicli3[3,2,6]
                                   2                           2 
   268 noCicli3[3,2,7]
                                   2                           2 
   269 noCicli3[3,2,8]
                                   2                           2 
   270 noCicli3[3,2,9]
                                   2                           2 
   271 noCicli3[3,2,10]
                                   2                           2 
   272 noCicli3[3,4,1]
                                   1                           2 
   273 noCicli3[3,4,2]
                                   1                           2 
   274 noCicli3[3,4,5]
                                   1                           2 
   275 noCicli3[3,4,6]
                                   1                           2 
   276 noCicli3[3,4,7]
                                   1                           2 
   277 noCicli3[3,4,8]
                                   1                           2 
   278 noCicli3[3,4,9]
                                   1                           2 
   279 noCicli3[3,4,10]
                                   1                           2 
   280 noCicli3[3,5,1]
                                   1                           2 
   281 noCicli3[3,5,2]
                                   1                           2 
   282 noCicli3[3,5,4]
                                   2                           2 
   283 noCicli3[3,5,6]
                                   1                           2 
   284 noCicli3[3,5,7]
                                   1                           2 
   285 noCicli3[3,5,8]
                                   1                           2 
   286 noCicli3[3,5,9]
                                   1                           2 
   287 noCicli3[3,5,10]
                                   1                           2 
   288 noCicli3[3,6,1]
                                   1                           2 
   289 noCicli3[3,6,2]
                                   1                           2 
   290 noCicli3[3,6,4]
                                   2                           2 
   291 noCicli3[3,6,5]
                                   2                           2 
   292 noCicli3[3,6,7]
                                   1                           2 
   293 noCicli3[3,6,8]
                                   1                           2 
   294 noCicli3[3,6,9]
                                   1                           2 
   295 noCicli3[3,6,10]
                                   1                           2 
   296 noCicli3[3,7,1]
                                   1                           2 
   297 noCicli3[3,7,2]
                                   1                           2 
   298 noCicli3[3,7,4]
                                   2                           2 
   299 noCicli3[3,7,5]
                                   2                           2 
   300 noCicli3[3,7,6]
                                   2                           2 
   301 noCicli3[3,7,8]
                                   1                           2 
   302 noCicli3[3,7,9]
                                   1                           2 
   303 noCicli3[3,7,10]
                                   1                           2 
   304 noCicli3[3,8,1]
                                   1                           2 
   305 noCicli3[3,8,2]
                                   1                           2 
   306 noCicli3[3,8,4]
                                   2                           2 
   307 noCicli3[3,8,5]
                                   2                           2 
   308 noCicli3[3,8,6]
                                   2                           2 
   309 noCicli3[3,8,7]
                                   2                           2 
   310 noCicli3[3,8,9]
                                   1                           2 
   311 noCicli3[3,8,10]
                                   1                           2 
   312 noCicli3[3,9,1]
                                   1                           2 
   313 noCicli3[3,9,2]
                                   1                           2 
   314 noCicli3[3,9,4]
                                   2                           2 
   315 noCicli3[3,9,5]
                                   2                           2 
   316 noCicli3[3,9,6]
                                   2                           2 
   317 noCicli3[3,9,7]
                                   2                           2 
   318 noCicli3[3,9,8]
                                   2                           2 
   319 noCicli3[3,9,10]
                                   1                           2 
   320 noCicli3[3,10,1]
                                   1                           2 
   321 noCicli3[3,10,2]
                                   1                           2 
   322 noCicli3[3,10,4]
                                   2                           2 
   323 noCicli3[3,10,5]
                                   2                           2 
   324 noCicli3[3,10,6]
                                   2                           2 
   325 noCicli3[3,10,7]
                                   2                           2 
   326 noCicli3[3,10,8]
                                   2                           2 
   327 noCicli3[3,10,9]
                                   2                           2 
   328 noCicli3[4,1,2]
                                   1                           2 
   329 noCicli3[4,1,3]
                                   1                           2 
   330 noCicli3[4,1,5]
                                   2                           2 
   331 noCicli3[4,1,6]
                                   2                           2 
   332 noCicli3[4,1,7]
                                   2                           2 
   333 noCicli3[4,1,8]
                                   2                           2 
   334 noCicli3[4,1,9]
                                   2                           2 
   335 noCicli3[4,1,10]
                                   2                           2 
   336 noCicli3[4,2,1]
                                   2                           2 
   337 noCicli3[4,2,3]
                                   1                           2 
   338 noCicli3[4,2,5]
                                   2                           2 
   339 noCicli3[4,2,6]
                                   2                           2 
   340 noCicli3[4,2,7]
                                   2                           2 
   341 noCicli3[4,2,8]
                                   2                           2 
   342 noCicli3[4,2,9]
                                   2                           2 
   343 noCicli3[4,2,10]
                                   2                           2 
   344 noCicli3[4,3,1]
                                   2                           2 
   345 noCicli3[4,3,2]
                                   2                           2 
   346 noCicli3[4,3,5]
                                   2                           2 
   347 noCicli3[4,3,6]
                                   2                           2 
   348 noCicli3[4,3,7]
                                   2                           2 
   349 noCicli3[4,3,8]
                                   2                           2 
   350 noCicli3[4,3,9]
                                   2                           2 
   351 noCicli3[4,3,10]
                                   2                           2 
   352 noCicli3[4,5,1]
                                   1                           2 
   353 noCicli3[4,5,2]
                                   1                           2 
   354 noCicli3[4,5,3]
                                   1                           2 
   355 noCicli3[4,5,6]
                                   1                           2 
   356 noCicli3[4,5,7]
                                   1                           2 
   357 noCicli3[4,5,8]
                                   1                           2 
   358 noCicli3[4,5,9]
                                   1                           2 
   359 noCicli3[4,5,10]
                                   1                           2 
   360 noCicli3[4,6,1]
                                   1                           2 
   361 noCicli3[4,6,2]
                                   1                           2 
   362 noCicli3[4,6,3]
                                   1                           2 
   363 noCicli3[4,6,5]
                                   2                           2 
   364 noCicli3[4,6,7]
                                   1                           2 
   365 noCicli3[4,6,8]
                                   1                           2 
   366 noCicli3[4,6,9]
                                   1                           2 
   367 noCicli3[4,6,10]
                                   1                           2 
   368 noCicli3[4,7,1]
                                   1                           2 
   369 noCicli3[4,7,2]
                                   1                           2 
   370 noCicli3[4,7,3]
                                   1                           2 
   371 noCicli3[4,7,5]
                                   2                           2 
   372 noCicli3[4,7,6]
                                   2                           2 
   373 noCicli3[4,7,8]
                                   1                           2 
   374 noCicli3[4,7,9]
                                   1                           2 
   375 noCicli3[4,7,10]
                                   1                           2 
   376 noCicli3[4,8,1]
                                   1                           2 
   377 noCicli3[4,8,2]
                                   1                           2 
   378 noCicli3[4,8,3]
                                   1                           2 
   379 noCicli3[4,8,5]
                                   2                           2 
   380 noCicli3[4,8,6]
                                   2                           2 
   381 noCicli3[4,8,7]
                                   2                           2 
   382 noCicli3[4,8,9]
                                   1                           2 
   383 noCicli3[4,8,10]
                                   1                           2 
   384 noCicli3[4,9,1]
                                   1                           2 
   385 noCicli3[4,9,2]
                                   1                           2 
   386 noCicli3[4,9,3]
                                   1                           2 
   387 noCicli3[4,9,5]
                                   2                           2 
   388 noCicli3[4,9,6]
                                   2                           2 
   389 noCicli3[4,9,7]
                                   2                           2 
   390 noCicli3[4,9,8]
                                   2                           2 
   391 noCicli3[4,9,10]
                                   1                           2 
   392 noCicli3[4,10,1]
                                   1                           2 
   393 noCicli3[4,10,2]
                                   1                           2 
   394 noCicli3[4,10,3]
                                   1                           2 
   395 noCicli3[4,10,5]
                                   2                           2 
   396 noCicli3[4,10,6]
                                   2                           2 
   397 noCicli3[4,10,7]
                                   2                           2 
   398 noCicli3[4,10,8]
                                   2                           2 
   399 noCicli3[4,10,9]
                                   2                           2 
   400 noCicli3[5,1,2]
                                   1                           2 
   401 noCicli3[5,1,3]
                                   1                           2 
   402 noCicli3[5,1,4]
                                   1                           2 
   403 noCicli3[5,1,6]
                                   2                           2 
   404 noCicli3[5,1,7]
                                   2                           2 
   405 noCicli3[5,1,8]
                                   2                           2 
   406 noCicli3[5,1,9]
                                   2                           2 
   407 noCicli3[5,1,10]
                                   2                           2 
   408 noCicli3[5,2,1]
                                   2                           2 
   409 noCicli3[5,2,3]
                                   1                           2 
   410 noCicli3[5,2,4]
                                   1                           2 
   411 noCicli3[5,2,6]
                                   2                           2 
   412 noCicli3[5,2,7]
                                   2                           2 
   413 noCicli3[5,2,8]
                                   2                           2 
   414 noCicli3[5,2,9]
                                   2                           2 
   415 noCicli3[5,2,10]
                                   2                           2 
   416 noCicli3[5,3,1]
                                   2                           2 
   417 noCicli3[5,3,2]
                                   2                           2 
   418 noCicli3[5,3,4]
                                   1                           2 
   419 noCicli3[5,3,6]
                                   2                           2 
   420 noCicli3[5,3,7]
                                   2                           2 
   421 noCicli3[5,3,8]
                                   2                           2 
   422 noCicli3[5,3,9]
                                   2                           2 
   423 noCicli3[5,3,10]
                                   2                           2 
   424 noCicli3[5,4,1]
                                   2                           2 
   425 noCicli3[5,4,2]
                                   2                           2 
   426 noCicli3[5,4,3]
                                   2                           2 
   427 noCicli3[5,4,6]
                                   2                           2 
   428 noCicli3[5,4,7]
                                   2                           2 
   429 noCicli3[5,4,8]
                                   2                           2 
   430 noCicli3[5,4,9]
                                   2                           2 
   431 noCicli3[5,4,10]
                                   2                           2 
   432 noCicli3[5,6,1]
                                   1                           2 
   433 noCicli3[5,6,2]
                                   1                           2 
   434 noCicli3[5,6,3]
                                   1                           2 
   435 noCicli3[5,6,4]
                                   1                           2 
   436 noCicli3[5,6,7]
                                   1                           2 
   437 noCicli3[5,6,8]
                                   1                           2 
   438 noCicli3[5,6,9]
                                   1                           2 
   439 noCicli3[5,6,10]
                                   1                           2 
   440 noCicli3[5,7,1]
                                   1                           2 
   441 noCicli3[5,7,2]
                                   1                           2 
   442 noCicli3[5,7,3]
                                   1                           2 
   443 noCicli3[5,7,4]
                                   1                           2 
   444 noCicli3[5,7,6]
                                   2                           2 
   445 noCicli3[5,7,8]
                                   1                           2 
   446 noCicli3[5,7,9]
                                   1                           2 
   447 noCicli3[5,7,10]
                                   1                           2 
   448 noCicli3[5,8,1]
                                   1                           2 
   449 noCicli3[5,8,2]
                                   1                           2 
   450 noCicli3[5,8,3]
                                   1                           2 
   451 noCicli3[5,8,4]
                                   1                           2 
   452 noCicli3[5,8,6]
                                   2                           2 
   453 noCicli3[5,8,7]
                                   2                           2 
   454 noCicli3[5,8,9]
                                   1                           2 
   455 noCicli3[5,8,10]
                                   1                           2 
   456 noCicli3[5,9,1]
                                   1                           2 
   457 noCicli3[5,9,2]
                                   1                           2 
   458 noCicli3[5,9,3]
                                   1                           2 
   459 noCicli3[5,9,4]
                                   1                           2 
   460 noCicli3[5,9,6]
                                   2                           2 
   461 noCicli3[5,9,7]
                                   2                           2 
   462 noCicli3[5,9,8]
                                   2                           2 
   463 noCicli3[5,9,10]
                                   1                           2 
   464 noCicli3[5,10,1]
                                   1                           2 
   465 noCicli3[5,10,2]
                                   1                           2 
   466 noCicli3[5,10,3]
                                   1                           2 
   467 noCicli3[5,10,4]
                                   1                           2 
   468 noCicli3[5,10,6]
                                   2                           2 
   469 noCicli3[5,10,7]
                                   2                           2 
   470 noCicli3[5,10,8]
                                   2                           2 
   471 noCicli3[5,10,9]
                                   2                           2 
   472 noCicli3[6,1,2]
                                   1                           2 
   473 noCicli3[6,1,3]
                                   1                           2 
   474 noCicli3[6,1,4]
                                   1                           2 
   475 noCicli3[6,1,5]
                                   1                           2 
   476 noCicli3[6,1,7]
                                   2                           2 
   477 noCicli3[6,1,8]
                                   2                           2 
   478 noCicli3[6,1,9]
                                   2                           2 
   479 noCicli3[6,1,10]
                                   2                           2 
   480 noCicli3[6,2,1]
                                   2                           2 
   481 noCicli3[6,2,3]
                                   1                           2 
   482 noCicli3[6,2,4]
                                   1                           2 
   483 noCicli3[6,2,5]
                                   1                           2 
   484 noCicli3[6,2,7]
                                   2                           2 
   485 noCicli3[6,2,8]
                                   2                           2 
   486 noCicli3[6,2,9]
                                   2                           2 
   487 noCicli3[6,2,10]
                                   2                           2 
   488 noCicli3[6,3,1]
                                   2                           2 
   489 noCicli3[6,3,2]
                                   2                           2 
   490 noCicli3[6,3,4]
                                   1                           2 
   491 noCicli3[6,3,5]
                                   1                           2 
   492 noCicli3[6,3,7]
                                   2                           2 
   493 noCicli3[6,3,8]
                                   2                           2 
   494 noCicli3[6,3,9]
                                   2                           2 
   495 noCicli3[6,3,10]
                                   2                           2 
   496 noCicli3[6,4,1]
                                   2                           2 
   497 noCicli3[6,4,2]
                                   2                           2 
   498 noCicli3[6,4,3]
                                   2                           2 
   499 noCicli3[6,4,5]
                                   1                           2 
   500 noCicli3[6,4,7]
                                   2                           2 
   501 noCicli3[6,4,8]
                                   2                           2 
   502 noCicli3[6,4,9]
                                   2                           2 
   503 noCicli3[6,4,10]
                                   2                           2 
   504 noCicli3[6,5,1]
                                   2                           2 
   505 noCicli3[6,5,2]
                                   2                           2 
   506 noCicli3[6,5,3]
                                   2                           2 
   507 noCicli3[6,5,4]
                                   2                           2 
   508 noCicli3[6,5,7]
                                   2                           2 
   509 noCicli3[6,5,8]
                                   2                           2 
   510 noCicli3[6,5,9]
                                   2                           2 
   511 noCicli3[6,5,10]
                                   2                           2 
   512 noCicli3[6,7,1]
                                   1                           2 
   513 noCicli3[6,7,2]
                                   1                           2 
   514 noCicli3[6,7,3]
                                   1                           2 
   515 noCicli3[6,7,4]
                                   1                           2 
   516 noCicli3[6,7,5]
                                   1                           2 
   517 noCicli3[6,7,8]
                                   1                           2 
   518 noCicli3[6,7,9]
                                   1                           2 
   519 noCicli3[6,7,10]
                                   1                           2 
   520 noCicli3[6,8,1]
                                   1                           2 
   521 noCicli3[6,8,2]
                                   1                           2 
   522 noCicli3[6,8,3]
                                   1                           2 
   523 noCicli3[6,8,4]
                                   1                           2 
   524 noCicli3[6,8,5]
                                   1                           2 
   525 noCicli3[6,8,7]
                                   2                           2 
   526 noCicli3[6,8,9]
                                   1                           2 
   527 noCicli3[6,8,10]
                                   1                           2 
   528 noCicli3[6,9,1]
                                   1                           2 
   529 noCicli3[6,9,2]
                                   1                           2 
   530 noCicli3[6,9,3]
                                   1                           2 
   531 noCicli3[6,9,4]
                                   1                           2 
   532 noCicli3[6,9,5]
                                   1                           2 
   533 noCicli3[6,9,7]
                                   2                           2 
   534 noCicli3[6,9,8]
                                   2                           2 
   535 noCicli3[6,9,10]
                                   1                           2 
   536 noCicli3[6,10,1]
                                   1                           2 
   537 noCicli3[6,10,2]
                                   1                           2 
   538 noCicli3[6,10,3]
                                   1                           2 
   539 noCicli3[6,10,4]
                                   1                           2 
   540 noCicli3[6,10,5]
                                   1                           2 
   541 noCicli3[6,10,7]
                                   2                           2 
   542 noCicli3[6,10,8]
                                   2                           2 
   543 noCicli3[6,10,9]
                                   2                           2 
   544 noCicli3[7,1,2]
                                   1                           2 
   545 noCicli3[7,1,3]
                                   1                           2 
   546 noCicli3[7,1,4]
                                   1                           2 
   547 noCicli3[7,1,5]
                                   1                           2 
   548 noCicli3[7,1,6]
                                   1                           2 
   549 noCicli3[7,1,8]
                                   2                           2 
   550 noCicli3[7,1,9]
                                   2                           2 
   551 noCicli3[7,1,10]
                                   2                           2 
   552 noCicli3[7,2,1]
                                   2                           2 
   553 noCicli3[7,2,3]
                                   1                           2 
   554 noCicli3[7,2,4]
                                   1                           2 
   555 noCicli3[7,2,5]
                                   1                           2 
   556 noCicli3[7,2,6]
                                   1                           2 
   557 noCicli3[7,2,8]
                                   2                           2 
   558 noCicli3[7,2,9]
                                   2                           2 
   559 noCicli3[7,2,10]
                                   2                           2 
   560 noCicli3[7,3,1]
                                   2                           2 
   561 noCicli3[7,3,2]
                                   2                           2 
   562 noCicli3[7,3,4]
                                   1                           2 
   563 noCicli3[7,3,5]
                                   1                           2 
   564 noCicli3[7,3,6]
                                   1                           2 
   565 noCicli3[7,3,8]
                                   2                           2 
   566 noCicli3[7,3,9]
                                   2                           2 
   567 noCicli3[7,3,10]
                                   2                           2 
   568 noCicli3[7,4,1]
                                   2                           2 
   569 noCicli3[7,4,2]
                                   2                           2 
   570 noCicli3[7,4,3]
                                   2                           2 
   571 noCicli3[7,4,5]
                                   1                           2 
   572 noCicli3[7,4,6]
                                   1                           2 
   573 noCicli3[7,4,8]
                                   2                           2 
   574 noCicli3[7,4,9]
                                   2                           2 
   575 noCicli3[7,4,10]
                                   2                           2 
   576 noCicli3[7,5,1]
                                   2                           2 
   577 noCicli3[7,5,2]
                                   2                           2 
   578 noCicli3[7,5,3]
                                   2                           2 
   579 noCicli3[7,5,4]
                                   2                           2 
   580 noCicli3[7,5,6]
                                   1                           2 
   581 noCicli3[7,5,8]
                                   2                           2 
   582 noCicli3[7,5,9]
                                   2                           2 
   583 noCicli3[7,5,10]
                                   2                           2 
   584 noCicli3[7,6,1]
                                   2                           2 
   585 noCicli3[7,6,2]
                                   2                           2 
   586 noCicli3[7,6,3]
                                   2                           2 
   587 noCicli3[7,6,4]
                                   2                           2 
   588 noCicli3[7,6,5]
                                   2                           2 
   589 noCicli3[7,6,8]
                                   2                           2 
   590 noCicli3[7,6,9]
                                   2                           2 
   591 noCicli3[7,6,10]
                                   2                           2 
   592 noCicli3[7,8,1]
                                   1                           2 
   593 noCicli3[7,8,2]
                                   1                           2 
   594 noCicli3[7,8,3]
                                   1                           2 
   595 noCicli3[7,8,4]
                                   1                           2 
   596 noCicli3[7,8,5]
                                   1                           2 
   597 noCicli3[7,8,6]
                                   1                           2 
   598 noCicli3[7,8,9]
                                   1                           2 
   599 noCicli3[7,8,10]
                                   1                           2 
   600 noCicli3[7,9,1]
                                   1                           2 
   601 noCicli3[7,9,2]
                                   1                           2 
   602 noCicli3[7,9,3]
                                   1                           2 
   603 noCicli3[7,9,4]
                                   1                           2 
   604 noCicli3[7,9,5]
                                   1                           2 
   605 noCicli3[7,9,6]
                                   1                           2 
   606 noCicli3[7,9,8]
                                   2                           2 
   607 noCicli3[7,9,10]
                                   1                           2 
   608 noCicli3[7,10,1]
                                   1                           2 
   609 noCicli3[7,10,2]
                                   1                           2 
   610 noCicli3[7,10,3]
                                   1                           2 
   611 noCicli3[7,10,4]
                                   1                           2 
   612 noCicli3[7,10,5]
                                   1                           2 
   613 noCicli3[7,10,6]
                                   1                           2 
   614 noCicli3[7,10,8]
                                   2                           2 
   615 noCicli3[7,10,9]
                                   2                           2 
   616 noCicli3[8,1,2]
                                   1                           2 
   617 noCicli3[8,1,3]
                                   1                           2 
   618 noCicli3[8,1,4]
                                   1                           2 
   619 noCicli3[8,1,5]
                                   1                           2 
   620 noCicli3[8,1,6]
                                   1                           2 
   621 noCicli3[8,1,7]
                                   1                           2 
   622 noCicli3[8,1,9]
                                   2                           2 
   623 noCicli3[8,1,10]
                                   2                           2 
   624 noCicli3[8,2,1]
                                   2                           2 
   625 noCicli3[8,2,3]
                                   1                           2 
   626 noCicli3[8,2,4]
                                   1                           2 
   627 noCicli3[8,2,5]
                                   1                           2 
   628 noCicli3[8,2,6]
                                   1                           2 
   629 noCicli3[8,2,7]
                                   1                           2 
   630 noCicli3[8,2,9]
                                   2                           2 
   631 noCicli3[8,2,10]
                                   2                           2 
   632 noCicli3[8,3,1]
                                   2                           2 
   633 noCicli3[8,3,2]
                                   2                           2 
   634 noCicli3[8,3,4]
                                   1                           2 
   635 noCicli3[8,3,5]
                                   1                           2 
   636 noCicli3[8,3,6]
                                   1                           2 
   637 noCicli3[8,3,7]
                                   1                           2 
   638 noCicli3[8,3,9]
                                   2                           2 
   639 noCicli3[8,3,10]
                                   2                           2 
   640 noCicli3[8,4,1]
                                   2                           2 
   641 noCicli3[8,4,2]
                                   2                           2 
   642 noCicli3[8,4,3]
                                   2                           2 
   643 noCicli3[8,4,5]
                                   1                           2 
   644 noCicli3[8,4,6]
                                   1                           2 
   645 noCicli3[8,4,7]
                                   1                           2 
   646 noCicli3[8,4,9]
                                   2                           2 
   647 noCicli3[8,4,10]
                                   2                           2 
   648 noCicli3[8,5,1]
                                   2                           2 
   649 noCicli3[8,5,2]
                                   2                           2 
   650 noCicli3[8,5,3]
                                   2                           2 
   651 noCicli3[8,5,4]
                                   2                           2 
   652 noCicli3[8,5,6]
                                   1                           2 
   653 noCicli3[8,5,7]
                                   1                           2 
   654 noCicli3[8,5,9]
                                   2                           2 
   655 noCicli3[8,5,10]
                                   2                           2 
   656 noCicli3[8,6,1]
                                   2                           2 
   657 noCicli3[8,6,2]
                                   2                           2 
   658 noCicli3[8,6,3]
                                   2                           2 
   659 noCicli3[8,6,4]
                                   2                           2 
   660 noCicli3[8,6,5]
                                   2                           2 
   661 noCicli3[8,6,7]
                                   1                           2 
   662 noCicli3[8,6,9]
                                   2                           2 
   663 noCicli3[8,6,10]
                                   2                           2 
   664 noCicli3[8,7,1]
                                   2                           2 
   665 noCicli3[8,7,2]
                                   2                           2 
   666 noCicli3[8,7,3]
                                   2                           2 
   667 noCicli3[8,7,4]
                                   2                           2 
   668 noCicli3[8,7,5]
                                   2                           2 
   669 noCicli3[8,7,6]
                                   2                           2 
   670 noCicli3[8,7,9]
                                   2                           2 
   671 noCicli3[8,7,10]
                                   2                           2 
   672 noCicli3[8,9,1]
                                   1                           2 
   673 noCicli3[8,9,2]
                                   1                           2 
   674 noCicli3[8,9,3]
                                   1                           2 
   675 noCicli3[8,9,4]
                                   1                           2 
   676 noCicli3[8,9,5]
                                   1                           2 
   677 noCicli3[8,9,6]
                                   1                           2 
   678 noCicli3[8,9,7]
                                   1                           2 
   679 noCicli3[8,9,10]
                                   1                           2 
   680 noCicli3[8,10,1]
                                   1                           2 
   681 noCicli3[8,10,2]
                                   1                           2 
   682 noCicli3[8,10,3]
                                   1                           2 
   683 noCicli3[8,10,4]
                                   1                           2 
   684 noCicli3[8,10,5]
                                   1                           2 
   685 noCicli3[8,10,6]
                                   1                           2 
   686 noCicli3[8,10,7]
                                   1                           2 
   687 noCicli3[8,10,9]
                                   2                           2 
   688 noCicli3[9,1,2]
                                   1                           2 
   689 noCicli3[9,1,3]
                                   1                           2 
   690 noCicli3[9,1,4]
                                   1                           2 
   691 noCicli3[9,1,5]
                                   1                           2 
   692 noCicli3[9,1,6]
                                   1                           2 
   693 noCicli3[9,1,7]
                                   1                           2 
   694 noCicli3[9,1,8]
                                   1                           2 
   695 noCicli3[9,1,10]
                                   2                           2 
   696 noCicli3[9,2,1]
                                   2                           2 
   697 noCicli3[9,2,3]
                                   1                           2 
   698 noCicli3[9,2,4]
                                   1                           2 
   699 noCicli3[9,2,5]
                                   1                           2 
   700 noCicli3[9,2,6]
                                   1                           2 
   701 noCicli3[9,2,7]
                                   1                           2 
   702 noCicli3[9,2,8]
                                   1                           2 
   703 noCicli3[9,2,10]
                                   2                           2 
   704 noCicli3[9,3,1]
                                   2                           2 
   705 noCicli3[9,3,2]
                                   2                           2 
   706 noCicli3[9,3,4]
                                   1                           2 
   707 noCicli3[9,3,5]
                                   1                           2 
   708 noCicli3[9,3,6]
                                   1                           2 
   709 noCicli3[9,3,7]
                                   1                           2 
   710 noCicli3[9,3,8]
                                   1                           2 
   711 noCicli3[9,3,10]
                                   2                           2 
   712 noCicli3[9,4,1]
                                   2                           2 
   713 noCicli3[9,4,2]
                                   2                           2 
   714 noCicli3[9,4,3]
                                   2                           2 
   715 noCicli3[9,4,5]
                                   1                           2 
   716 noCicli3[9,4,6]
                                   1                           2 
   717 noCicli3[9,4,7]
                                   1                           2 
   718 noCicli3[9,4,8]
                                   1                           2 
   719 noCicli3[9,4,10]
                                   2                           2 
   720 noCicli3[9,5,1]
                                   2                           2 
   721 noCicli3[9,5,2]
                                   2                           2 
   722 noCicli3[9,5,3]
                                   2                           2 
   723 noCicli3[9,5,4]
                                   2                           2 
   724 noCicli3[9,5,6]
                                   1                           2 
   725 noCicli3[9,5,7]
                                   1                           2 
   726 noCicli3[9,5,8]
                                   1                           2 
   727 noCicli3[9,5,10]
                                   2                           2 
   728 noCicli3[9,6,1]
                                   2                           2 
   729 noCicli3[9,6,2]
                                   2                           2 
   730 noCicli3[9,6,3]
                                   2                           2 
   731 noCicli3[9,6,4]
                                   2                           2 
   732 noCicli3[9,6,5]
                                   2                           2 
   733 noCicli3[9,6,7]
                                   1                           2 
   734 noCicli3[9,6,8]
                                   1                           2 
   735 noCicli3[9,6,10]
                                   2                           2 
   736 noCicli3[9,7,1]
                                   2                           2 
   737 noCicli3[9,7,2]
                                   2                           2 
   738 noCicli3[9,7,3]
                                   2                           2 
   739 noCicli3[9,7,4]
                                   2                           2 
   740 noCicli3[9,7,5]
                                   2                           2 
   741 noCicli3[9,7,6]
                                   2                           2 
   742 noCicli3[9,7,8]
                                   1                           2 
   743 noCicli3[9,7,10]
                                   2                           2 
   744 noCicli3[9,8,1]
                                   2                           2 
   745 noCicli3[9,8,2]
                                   2                           2 
   746 noCicli3[9,8,3]
                                   2                           2 
   747 noCicli3[9,8,4]
                                   2                           2 
   748 noCicli3[9,8,5]
                                   2                           2 
   749 noCicli3[9,8,6]
                                   2                           2 
   750 noCicli3[9,8,7]
                                   2                           2 
   751 noCicli3[9,8,10]
                                   2                           2 
   752 noCicli3[9,10,1]
                                   1                           2 
   753 noCicli3[9,10,2]
                                   1                           2 
   754 noCicli3[9,10,3]
                                   1                           2 
   755 noCicli3[9,10,4]
                                   1                           2 
   756 noCicli3[9,10,5]
                                   1                           2 
   757 noCicli3[9,10,6]
                                   1                           2 
   758 noCicli3[9,10,7]
                                   1                           2 
   759 noCicli3[9,10,8]
                                   1                           2 
   760 noCicli3[10,1,2]
                                   1                           2 
   761 noCicli3[10,1,3]
                                   1                           2 
   762 noCicli3[10,1,4]
                                   1                           2 
   763 noCicli3[10,1,5]
                                   1                           2 
   764 noCicli3[10,1,6]
                                   1                           2 
   765 noCicli3[10,1,7]
                                   1                           2 
   766 noCicli3[10,1,8]
                                   1                           2 
   767 noCicli3[10,1,9]
                                   1                           2 
   768 noCicli3[10,2,1]
                                   2                           2 
   769 noCicli3[10,2,3]
                                   1                           2 
   770 noCicli3[10,2,4]
                                   1                           2 
   771 noCicli3[10,2,5]
                                   1                           2 
   772 noCicli3[10,2,6]
                                   1                           2 
   773 noCicli3[10,2,7]
                                   1                           2 
   774 noCicli3[10,2,8]
                                   1                           2 
   775 noCicli3[10,2,9]
                                   1                           2 
   776 noCicli3[10,3,1]
                                   2                           2 
   777 noCicli3[10,3,2]
                                   2                           2 
   778 noCicli3[10,3,4]
                                   1                           2 
   779 noCicli3[10,3,5]
                                   1                           2 
   780 noCicli3[10,3,6]
                                   1                           2 
   781 noCicli3[10,3,7]
                                   1                           2 
   782 noCicli3[10,3,8]
                                   1                           2 
   783 noCicli3[10,3,9]
                                   1                           2 
   784 noCicli3[10,4,1]
                                   2                           2 
   785 noCicli3[10,4,2]
                                   2                           2 
   786 noCicli3[10,4,3]
                                   2                           2 
   787 noCicli3[10,4,5]
                                   1                           2 
   788 noCicli3[10,4,6]
                                   1                           2 
   789 noCicli3[10,4,7]
                                   1                           2 
   790 noCicli3[10,4,8]
                                   1                           2 
   791 noCicli3[10,4,9]
                                   1                           2 
   792 noCicli3[10,5,1]
                                   2                           2 
   793 noCicli3[10,5,2]
                                   2                           2 
   794 noCicli3[10,5,3]
                                   2                           2 
   795 noCicli3[10,5,4]
                                   2                           2 
   796 noCicli3[10,5,6]
                                   1                           2 
   797 noCicli3[10,5,7]
                                   1                           2 
   798 noCicli3[10,5,8]
                                   1                           2 
   799 noCicli3[10,5,9]
                                   1                           2 
   800 noCicli3[10,6,1]
                                   2                           2 
   801 noCicli3[10,6,2]
                                   2                           2 
   802 noCicli3[10,6,3]
                                   2                           2 
   803 noCicli3[10,6,4]
                                   2                           2 
   804 noCicli3[10,6,5]
                                   2                           2 
   805 noCicli3[10,6,7]
                                   1                           2 
   806 noCicli3[10,6,8]
                                   1                           2 
   807 noCicli3[10,6,9]
                                   1                           2 
   808 noCicli3[10,7,1]
                                   2                           2 
   809 noCicli3[10,7,2]
                                   2                           2 
   810 noCicli3[10,7,3]
                                   2                           2 
   811 noCicli3[10,7,4]
                                   2                           2 
   812 noCicli3[10,7,5]
                                   2                           2 
   813 noCicli3[10,7,6]
                                   2                           2 
   814 noCicli3[10,7,8]
                                   1                           2 
   815 noCicli3[10,7,9]
                                   1                           2 
   816 noCicli3[10,8,1]
                                   2                           2 
   817 noCicli3[10,8,2]
                                   2                           2 
   818 noCicli3[10,8,3]
                                   2                           2 
   819 noCicli3[10,8,4]
                                   2                           2 
   820 noCicli3[10,8,5]
                                   2                           2 
   821 noCicli3[10,8,6]
                                   2                           2 
   822 noCicli3[10,8,7]
                                   2                           2 
   823 noCicli3[10,8,9]
                                   1                           2 
   824 noCicli3[10,9,1]
                                   2                           2 
   825 noCicli3[10,9,2]
                                   2                           2 
   826 noCicli3[10,9,3]
                                   2                           2 
   827 noCicli3[10,9,4]
                                   2                           2 
   828 noCicli3[10,9,5]
                                   2                           2 
   829 noCicli3[10,9,6]
                                   2                           2 
   830 noCicli3[10,9,7]
                                   2                           2 
   831 noCicli3[10,9,8]
                                   2                           2 
   832 tempo_completamento[1]
                                  24            24             = 
   833 tempo_completamento[2]
                                  12            12             = 
   834 tempo_completamento[3]
                                  30            30             = 
   835 tempo_completamento[4]
                                  15            15             = 
   836 tempo_completamento[5]
                                  18            18             = 
   837 tempo_completamento[6]
                                   7             7             = 
   838 tempo_completamento[7]
                                   8             8             = 
   839 tempo_completamento[8]
                                  15            15             = 
   840 tempo_completamento[9]
                                  14            14             = 
   841 tempo_completamento[10]
                                  22            22             = 

   No. Column name       Activity     Lower bound   Upper bound
------ ------------    ------------- ------------- -------------
     1 produzione[1,1]
                    *              0             0             1 
     2 produzione[2,2]
                    *              0             0             1 
     3 produzione[3,3]
                    *              0             0             1 
     4 produzione[4,4]
                    *              0             0             1 
     5 produzione[5,5]
                    *              0             0             1 
     6 produzione[6,6]
                    *              0             0             1 
     7 produzione[7,7]
                    *              0             0             1 
     8 produzione[8,8]
                    *              0             0             1 
     9 produzione[9,9]
                    *              0             0             1 
    10 produzione[10,10]
                    *              0             0             1 
    11 produzione[2,1]
                    *              1             0             1 
    12 produzione[1,2]
                    *              0             0             1 
    13 produzione[3,1]
                    *              1             0             1 
    14 produzione[1,3]
                    *              0             0             1 
    15 produzione[4,1]
                    *              1             0             1 
    16 produzione[1,4]
                    *              0             0             1 
    17 produzione[5,1]
                    *              1             0             1 
    18 produzione[1,5]
                    *              0             0             1 
    19 produzione[6,1]
                    *              1             0             1 
    20 produzione[1,6]
                    *              0             0             1 
    21 produzione[7,1]
                    *              1             0             1 
    22 produzione[1,7]
                    *              0             0             1 
    23 produzione[8,1]
                    *              1             0             1 
    24 produzione[1,8]
                    *              0             0             1 
    25 produzione[9,1]
                    *              1             0             1 
    26 produzione[1,9]
                    *              0             0             1 
    27 produzione[10,1]
                    *              1             0             1 
    28 produzione[1,10]
                    *              0             0             1 
    29 produzione[3,2]
                    *              1             0             1 
    30 produzione[2,3]
                    *              0             0             1 
    31 produzione[4,2]
                    *              1             0             1 
    32 produzione[2,4]
                    *              0             0             1 
    33 produzione[5,2]
                    *              1             0             1 
    34 produzione[2,5]
                    *              0             0             1 
    35 produzione[6,2]
                    *              1             0             1 
    36 produzione[2,6]
                    *              0             0             1 
    37 produzione[7,2]
                    *              1             0             1 
    38 produzione[2,7]
                    *              0             0             1 
    39 produzione[8,2]
                    *              1             0             1 
    40 produzione[2,8]
                    *              0             0             1 
    41 produzione[9,2]
                    *              1             0             1 
    42 produzione[2,9]
                    *              0             0             1 
    43 produzione[10,2]
                    *              1             0             1 
    44 produzione[2,10]
                    *              0             0             1 
    45 produzione[4,3]
                    *              1             0             1 
    46 produzione[3,4]
                    *              0             0             1 
    47 produzione[5,3]
                    *              1             0             1 
    48 produzione[3,5]
                    *              0             0             1 
    49 produzione[6,3]
                    *              1             0             1 
    50 produzione[3,6]
                    *              0             0             1 
    51 produzione[7,3]
                    *              1             0             1 
    52 produzione[3,7]
                    *              0             0             1 
    53 produzione[8,3]
                    *              1             0             1 
    54 produzione[3,8]
                    *              0             0             1 
    55 produzione[9,3]
                    *              1             0             1 
    56 produzione[3,9]
                    *              0             0             1 
    57 produzione[10,3]
                    *              1             0             1 
    58 produzione[3,10]
                    *              0             0             1 
    59 produzione[5,4]
                    *              1             0             1 
    60 produzione[4,5]
                    *              0             0             1 
    61 produzione[6,4]
                    *              1             0             1 
    62 produzione[4,6]
                    *              0             0             1 
    63 produzione[7,4]
                    *              1             0             1 
    64 produzione[4,7]
                    *              0             0             1 
    65 produzione[8,4]
                    *              1             0             1 
    66 produzione[4,8]
                    *              0             0             1 
    67 produzione[9,4]
                    *              1             0             1 
    68 produzione[4,9]
                    *              0             0             1 
    69 produzione[10,4]
                    *              1             0             1 
    70 produzione[4,10]
                    *              0             0             1 
    71 produzione[6,5]
                    *              1             0             1 
    72 produzione[5,6]
                    *              0             0             1 
    73 produzione[7,5]
                    *              1             0             1 
    74 produzione[5,7]
                    *              0             0             1 
    75 produzione[8,5]
                    *              1             0             1 
    76 produzione[5,8]
                    *              0             0             1 
    77 produzione[9,5]
                    *              1             0             1 
    78 produzione[5,9]
                    *              0             0             1 
    79 produzione[10,5]
                    *              1             0             1 
    80 produzione[5,10]
                    *              0             0             1 
    81 produzione[7,6]
                    *              1             0             1 
    82 produzione[6,7]
                    *              0             0             1 
    83 produzione[8,6]
                    *              1             0             1 
    84 produzione[6,8]
                    *              0             0             1 
    85 produzione[9,6]
                    *              1             0             1 
    86 produzione[6,9]
                    *              0             0             1 
    87 produzione[10,6]
                    *              1             0             1 
    88 produzione[6,10]
                    *              0             0             1 
    89 produzione[8,7]
                    *              1             0             1 
    90 produzione[7,8]
                    *              0             0             1 
    91 produzione[9,7]
                    *              1             0             1 
    92 produzione[7,9]
                    *              0             0             1 
    93 produzione[10,7]
                    *              1             0             1 
    94 produzione[7,10]
                    *              0             0             1 
    95 produzione[9,8]
                    *              1             0             1 
    96 produzione[8,9]
                    *              0             0             1 
    97 produzione[10,8]
                    *              1             0             1 
    98 produzione[8,10]
                    *              0             0             1 
    99 produzione[10,9]
                    *              1             0             1 
   100 produzione[9,10]
                    *              0             0             1 
   101 tc[1]                      24             0               
   102 tc[2]                      12             0               
   103 tc[3]                      30             0               
   104 tc[4]                      15             0               
   105 tc[5]                      18             0               
   106 tc[6]                       7             0               
   107 tc[7]                       8             0               
   108 tc[8]                      15             0               
   109 tc[9]                      14             0               
   110 tc[10]                     22             0               
   111 tRit[1]                     0             0               
   112 tRit[2]                     0             0               
   113 tRit[3]                     0             0               
   114 tRit[4]                     0             0               
   115 tRit[5]                     0             0               
   116 tRit[6]                     0             0               
   117 tRit[7]                     0             0               
   118 tRit[8]                     0             0               
   119 tRit[9]                     0             0               
   120 tRit[10]                    0             0               

Integer feasibility conditions:

KKT.PE: max.abs.err = 0.00e+000 on row 0
        max.rel.err = 0.00e+000 on row 0
        High quality

KKT.PB: max.abs.err = 0.00e+000 on row 0
        max.rel.err = 0.00e+000 on row 0
        High quality

End of output
