Problem:    TempoDenaro
Rows:       6
Columns:    5
Non-zeros:  19
Status:     UNDEFINED
Objective:  w = 0 (MAXimum)

   No.   Row name   St   Activity     Lower bound   Upper bound    Marginal
------ ------------ -- ------------- ------------- ------------- -------------
     1 disponibilita[A]
                    B              0                          91 
     2 disponibilita[B]
                    B              0                          40 
     3 disponibilita[C]
                    B              0                          59 
     4 def_f1       B              0                          -0 
     5 def_f2       B              0                          -0 
     6 w            B              0                             

   No. Column name  St   Activity     Lower bound   Upper bound    Marginal
------ ------------ -- ------------- ------------- ------------- -------------
     1 x[1]         NL             0             0                       < eps
     2 x[2]         NL             0             0                       < eps
     3 x[3]         NL             0             0                       < eps
     4 f1           NF             0                                     < eps
     5 f2           NF             0                                     < eps

Karush-Kuhn-Tucker optimality conditions:

KKT.PE: max.abs.err = 0.00e+000 on row 0
        max.rel.err = 0.00e+000 on row 0
        High quality

KKT.PB: max.abs.err = 0.00e+000 on row 0
        max.rel.err = 0.00e+000 on row 0
        High quality

KKT.DE: max.abs.err = 1.00e+003 on column 5
        max.rel.err = 9.99e-001 on column 5
        DUAL SOLUTION IS WRONG

KKT.DB: max.abs.err = 0.00e+000 on row 0
        max.rel.err = 0.00e+000 on row 0
        High quality

End of output
