
 LP OPTIMUM FOUND AT STEP      0

        OBJECTIVE FUNCTION VALUE

        1)      7848.000

  VARIABLE        VALUE          REDUCED COST
        X1         0.140000          0.000000
        X2         0.000000        428.000000
        X3         6.400000          0.000000


       ROW   SLACK OR SURPLUS     DUAL PRICES
    VINC1)         0.000000         24.000000
    VINC2)         0.900000          0.000000
    VINC3)         0.000000         96.000000
    TEMPO)         3.460000          0.000000

 NO. ITERATIONS=       0


 RANGES IN WHICH THE BASIS IS UNCHANGED:

                           OBJ COEFFICIENT RANGES
 VARIABLE         CURRENT        ALLOWABLE        ALLOWABLE
                   COEF          INCREASE         DECREASE
       X1     1200.000000       133.333328       209.803925
       X2     1300.000000       428.000000         INFINITY
       X3     1200.000000       480.000000       120.000000

                           RIGHTHAND SIDE RANGES
      ROW         CURRENT        ALLOWABLE        ALLOWABLE
                    RHS          INCREASE         DECREASE
    VINC1       91.000000         0.777778        32.000000
    VINC2       40.000000         INFINITY         0.900000
    VINC3       59.000000         4.500000         0.500000
    TEMPO       10.000000         INFINITY         3.460000


 RIGHTHANDSIDE PARAMETRICS REPORT FOR ROW: TEMPO

    VAR       VAR    PIVOT    RHS       DUAL PRICE      OBJ
    OUT       IN      ROW     VAL      BEFORE PIVOT     VAL

                            10.0000      0.000000E+00   7848.00
 SLK    5        X2     5   6.54000      0.000000E+00   7848.00
       X1  SLK    2     4   6.50980       972.727       7818.63
       X3  SLK    4     2   3.93333       1050.00       5113.33
       X2  ART          5  0.000000E+00   1300.00      0.801086E-04

