
 LP OPTIMUM FOUND AT STEP      0

        OBJECTIVE FUNCTION VALUE

        1)      2261.031

  VARIABLE        VALUE          REDUCED COST
        Y1       122.428917          0.000000
        Y2       100.000000          0.000000
        Y3      1000.000000          0.000000
        Y4       464.520142          0.000000
        Q1       450.000000          0.000000
        Q2       211.268372          0.000000
        Q3       335.937805          0.000000
        Q4       146.452011          0.000000
        Q5       320.000000          0.000000
        Q6       108.042358          0.000000
        Q7        50.000000          0.000000


       ROW   SLACK OR SURPLUS     DUAL PRICES
        2)         7.610189          0.000000
        3)         0.000000          2.047013
        4)         0.000000          0.511753
        5)         0.000000          1.023506
        6)        18.079088          0.000000
        7)         0.000000          1.023506
        8)        37.757107          0.000000
        9)         0.000000        195.886398
       10)         0.000000          1.023506
       11)       177.571075          0.000000
       12)        72.428917          0.000000
       13)       400.000000          0.000000
       14)         0.000000         -0.065010
       15)         0.000000          0.423237
       16)       500.000000          0.000000
       17)        35.479866          0.000000
       18)       164.520142          0.000000
       19)         0.000000         -0.511753
       20)        11.268365          0.000000
       21)        15.937798          0.000000
       22)         6.452013          0.000000
       23)         0.000000         -1.535259
       24)         8.042358          0.000000
       25)         0.000000         -5.117531

 NO. ITERATIONS=       0


 RANGES IN WHICH THE BASIS IS UNCHANGED:

                           OBJ COEFFICIENT RANGES
 VARIABLE         CURRENT        ALLOWABLE        ALLOWABLE
                   COEF          INCREASE         DECREASE
       Y1        1.750000         0.522500         0.078088
       Y2        1.000000         0.065010         INFINITY
       Y3        1.250000         INFINITY         0.423237
       Y4        1.500000         0.248829         0.344884
       Q1        0.000000         0.511753         INFINITY
       Q2        0.000000         5.110024         0.895146
       Q3        0.000000         0.488546         2.043386
       Q4        0.000000         1.455432         3.448844
       Q5        0.000000         1.535259         INFINITY
       Q6        0.000000         0.568705         6.763753
       Q7        0.000000         5.117531         INFINITY

                           RIGHTHAND SIDE RANGES
      ROW         CURRENT        ALLOWABLE        ALLOWABLE
                    RHS          INCREASE         DECREASE
        2        0.000000         INFINITY         7.610189
        3        0.000000         5.977713        10.870471
        4        0.000000        15.215045        43.481884
        5        0.000000         9.174799        37.598042
        6        0.000000         INFINITY        18.079088
        7        0.000000         9.476339        21.740942
        8        0.000000         INFINITY        37.757107
        9        5.000000         0.239546         0.131727
       10     1800.000000        11.955426        21.740942
       11      300.000000         INFINITY       177.571075
       12       50.000000        72.428917         INFINITY
       13      500.000000         INFINITY       400.000000
       14      100.000000        56.060627        70.354485
       15     1000.000000        41.165577        49.101921
       16      500.000000       500.000000         INFINITY
       17      500.000000         INFINITY        35.479866
       18      300.000000       164.520142         INFINITY
       19      450.000000        43.481884         6.912814
       20      200.000000        11.268365         INFINITY
       21      320.000000        15.937798         INFINITY
       22      140.000000         6.452013         INFINITY
       23      320.000000        14.493961         7.970284
       24      100.000000         8.042358         INFINITY
       25       50.000000         4.348188         2.391085


 RIGHTHANDSIDE PARAMETRICS REPORT FOR ROW: 10

    VAR       VAR    PIVOT    RHS       DUAL PRICE      OBJ
    OUT       IN      ROW     VAL      BEFORE PIVOT     VAL

                            1800.00       1.02351       2261.03
 SLK   17  SLK   23    17   1811.96       1.02351       2273.27
                            2000.00     -0.222045E-15   2273.27

