
 LP OPTIMUM FOUND AT STEP     32

        OBJECTIVE FUNCTION VALUE

        1)      1287.422

  VARIABLE        VALUE          REDUCED COST
    RICAVI      1320.267822          0.000000
     COSTI        32.846077          0.000000
        Y1         0.421741          0.000000
        Y2         8.408160          0.000000
        Z1         0.000000          0.540998
        Z2         0.000000          3.235812
        Z3         0.000000          9.107488
        Z4         0.000000          7.127649
        Z5         5.972013          0.000000
       X1A        21.765295          0.000000
       X1C        30.792372          0.000000
       X2A        14.042305          0.000000
       X2B        48.188744          0.000000
       X3A        42.884285          0.000000
       X3B         0.000000          2.742877
       X4B        28.572760          0.000000
       X4C        24.828390          0.000000
       X5C        28.925850          0.000000
        MA        78.691887          0.000000
        MB        76.761505          0.000000
        MC        84.546608          0.000000


       ROW   SLACK OR SURPLUS     DUAL PRICES
   RICAVI)         0.000000         -1.000000
    COSTI)         0.000000          1.000000
     ASS1)         0.000000          6.959002
     ASS2)         0.000000          4.964188
     ASS3)         0.000000          2.892512
     ASS4)         0.000000          6.172351
     ASS5)         0.000000          5.500000
  PROD_A1)         0.000000          0.000179
  PROD_A2)         0.000000          0.076861
  PROD_AM)         0.000000          0.936976
  PROD_B1)         0.000000          0.026848
  PROD_B2)         9.244306          0.000000
  PROD_BM)         0.000000          0.936976
  PROD_C1)         0.000000          0.020563
  PROD_C2)         0.000000          0.038352
  PROD_CM)         0.000000          0.936976
    MANOD)         0.000000          0.936976

 NO. ITERATIONS=      32


 RIGHTHANDSIDE PARAMETRICS REPORT FOR ROW: MANOD

    VAR       VAR    PIVOT    RHS       DUAL PRICE      OBJ
    OUT       IN      ROW     VAL      BEFORE PIVOT     VAL

                            240.000      0.936976       1287.42
 SLK   13  SLK   18    13   240.114      0.936976       1287.53
                            300.000     -0.222045E-14   1287.53



 RIGHTHANDSIDE PARAMETRICS REPORT FOR ROW: MANOD

    VAR       VAR    PIVOT    RHS       DUAL PRICE      OBJ
    OUT       IN      ROW     VAL      BEFORE PIVOT     VAL

                            240.000      0.936976       1287.42
      X5C  SLK    9    17   230.832      0.936976       1278.83
       Y2  SLK   15     7   227.180      0.965118       1275.31
      X1A  SLK   12     9   223.046       5.61364       1252.10
 SLK   15  SLK   16     7   208.214       5.61364       1168.84
      X2B  SLK   10     4   165.236       5.61364       927.575
      X4B  SLK   15    14   134.218       5.61364       753.448
   RICAVI        Z1     2  0.000000E+00   5.61364      0.468167E-04

