
 LP OPTIMUM FOUND AT STEP      0

        OBJECTIVE FUNCTION VALUE

        1)      869.0500

  VARIABLE        VALUE          REDUCED COST
    RICAVI      2254.300049          0.000000
     COSTI      1385.250000          0.000000
       X11         0.000000          0.450000
       X12         0.000000          0.200000
       X13       220.000000          0.000000
       X21       350.000000          0.000000
       X22         0.000000          0.500000
       X23         0.000000          0.300000
       X31         0.000000          0.900000
       X32       325.000000          0.000000
       X33         0.000000          0.150000
       X41       350.000000          0.000000
       X42         0.000000          0.050000
       X43         0.000000          0.200000
       X51       100.000000          0.000000
       X52         0.000000          0.100000
       X53         0.000000          0.400000
       X61        58.000000          0.000000
       X62       174.000000          0.000000
       X63        66.000000          0.000000
       X71         0.000000          0.050000
       X72       100.000000          0.000000
       X73         0.000000          0.030000
       X81         0.000000          0.050000
       X82         0.000000          0.350000
       X83       125.000000          0.000000
         Q       900.000000          0.000000


       ROW   SLACK OR SURPLUS     DUAL PRICES
   RICAVI)         0.000000         -1.000000
    COSTI)         0.000000          1.000000
   GROSS1)         0.000000          0.240000
   GROSS2)         0.000000          0.240000
   GROSS3)         0.000000          0.240000
     MIN1)       110.000000          0.000000
     MIN2)       230.000000          0.000000
     MIN3)       175.000000          0.000000
     MIN4)       170.000000          0.000000
     MIN5)         0.000000         -0.170000
     MIN6)       148.000000          0.000000
     MIN7)         0.000000         -0.810000
     MIN8)         0.000000         -0.750000
     MAX1)         0.000000          0.580000
     MAX2)         0.000000          0.260000
     MAX3)         0.000000          0.352000
     MAX4)         0.000000          0.228000
     MAX5)       200.000000          0.000000
     MAX6)        52.000000          0.000000
     MAX7)       250.000000          0.000000
     MAX8)       195.000000          0.000000
  FURGONE)         0.000000          0.720000

 NO. ITERATIONS=       0


 RANGES IN WHICH THE BASIS IS UNCHANGED:

                           OBJ COEFFICIENT RANGES
 VARIABLE         CURRENT        ALLOWABLE        ALLOWABLE
                   COEF          INCREASE         DECREASE
   RICAVI        1.000000         INFINITY         0.145299
    COSTI       -1.000000         1.000000         0.170000
      X11        0.000000         0.450000         INFINITY
      X12        0.000000         0.200000         INFINITY
      X13        0.000000         INFINITY         0.200000
      X21        0.000000         INFINITY         0.260000
      X22        0.000000         0.500000         INFINITY
      X23        0.000000         0.300000         INFINITY
      X31        0.000000         0.900000         INFINITY
      X32        0.000000         INFINITY         0.150000
      X33        0.000000         0.150000         INFINITY
      X41        0.000000         INFINITY         0.050000
      X42        0.000000         0.050000         INFINITY
      X43        0.000000         0.200000         INFINITY
      X51        0.000000         0.170000         0.100000
      X52        0.000000         0.100000         INFINITY
      X53        0.000000         0.400000         INFINITY
      X61        0.000000         0.083333         0.025000
      X62        0.000000         0.018750         0.083333
      X63        0.000000         0.025000         0.018750
      X71        0.000000         0.050000         INFINITY
      X72        0.000000         0.810000         0.030000
      X73        0.000000         0.030000         INFINITY
      X81        0.000000         0.050000         INFINITY
      X82        0.000000         0.350000         INFINITY
      X83        0.000000         0.750000         0.050000
        Q        0.000000         INFINITY         INFINITY

                           RIGHTHAND SIDE RANGES
      ROW         CURRENT        ALLOWABLE        ALLOWABLE
                    RHS          INCREASE         DECREASE
   RICAVI        0.000000      2254.300049         INFINITY
    COSTI        0.000000      1385.250000         INFINITY
   GROSS1        0.000000       130.000000       145.000000
   GROSS2        0.000000       130.000000       370.000000
   GROSS3        0.000000       130.000000       165.000000
     MIN1      110.000000       110.000000         INFINITY
     MIN2      120.000000       230.000000         INFINITY
     MIN3      150.000000       175.000000         INFINITY
     MIN4      180.000000       170.000000         INFINITY
     MIN5      100.000000        48.333332        43.333332
     MIN6      150.000000       148.000000         INFINITY
     MIN7      100.000000        92.500000        32.500000
     MIN8      125.000000        33.000000        26.000000
     MAX1      220.000000       330.000000       110.000000
     MAX2      350.000000       145.000000       130.000000
     MAX3      325.000000      1850.000000       175.000000
     MAX4      350.000000       483.333344       170.000000
     MAX5      300.000000         INFINITY       200.000000
     MAX6      350.000000         INFINITY        52.000000
     MAX7      350.000000         INFINITY       250.000000
     MAX8      320.000000         INFINITY       195.000000
  FURGONE      900.000000        43.333332       123.333328


 RIGHTHANDSIDE PARAMETRICS REPORT FOR ROW: FURGONE

    VAR       VAR    PIVOT    RHS       DUAL PRICE      OBJ
    OUT       IN      ROW     VAL      BEFORE PIVOT     VAL

                            900.000      0.720000       869.050
 SLK   20  SLK   11     8   943.333      0.720000       900.250
      X61       X52     5   1037.50      0.550000       952.042
 SLK   19  SLK   14    13   1143.33      0.483333       1003.19
      X63       X81    22   1347.50      0.303333       1065.12
 SLK   22  SLK   13    14   1468.33      0.216667       1091.31
      X52       X61     5   1532.50      0.189167       1103.44
      X81       X63    22   1710.00      0.122500       1125.19
 SLK   21  SLK    5    21   1801.67      0.112500       1135.50
      X62  SLK    4    20   1970.00      0.190735E-07   1135.50
      X61  SLK    6     5   2585.00      0.000000E+00   1135.50
                            5000.00      0.000000E+00   1135.50

