
 LP OPTIMUM FOUND AT STEP      6
 OBJECTIVE VALUE =   2112.00000

 FIX ALL VARS.(    3)  WITH RC >  0.000000E+00

 NEW INTEGER SOLUTION OF    2112.00000     AT BRANCH      0 PIVOT       6
 BOUND ON OPTIMUM:  2112.000
 ENUMERATION COMPLETE. BRANCHES=     0 PIVOTS=       6

 LAST INTEGER SOLUTION IS THE BEST FOUND
 RE-INSTALLING BEST SOLUTION...

        OBJECTIVE FUNCTION VALUE

        1)      2112.000

  VARIABLE        VALUE          REDUCED COST
        Y1         0.000000        640.000000
        Y2         0.000000        680.000000
        Y3         1.000000        552.000000
        Y4         0.000000          0.000000
        X1         0.000000          0.000000
        X2         0.000000          0.000000
        X3      5000.000000          0.000000
        X4         0.000000          0.328000


       ROW   SLACK OR SURPLUS     DUAL PRICES
  DOMANDA)         0.000000         -0.312000
    SERV1)         0.000000          0.184000
    SERV2)         0.000000          0.120000
    SERV3)         0.000000          0.000000
    SERV4)         0.000000          0.000000

 NO. ITERATIONS=       7
 BRANCHES=    0 DETERM.=  1.000E    0
