GLPK 4.45 - SENSITIVITY ANALYSIS REPORT                                                                         Page   1

Problem:    tempoDenarov2
Objective:  z = 1300 (MAXimum)

   No. Row name     St      Activity         Slack   Lower bound       Activity      Obj coef  Obj value at Limiting
                                          Marginal   Upper bound          range         range   break point variable
------ ------------ -- ------------- ------------- -------------  ------------- ------------- ------------- ------------
     1 Consumi[1]   BS      12.00000      79.00000          -Inf       10.00000     -50.00000     700.00000 x[1]
                                            .           91.00000       14.00000      50.00000    1900.00000 x[3]

     2 Consumi[2]   BS       7.00000      33.00000          -Inf        5.00000     -50.00000     950.00000 x[1]
                                            .           40.00000        7.00000          +Inf          +Inf

     3 Consumi[3]   BS      15.00000      44.00000          -Inf        9.00000     -16.66667    1050.00000 x[3]
                                            .           59.00000       15.00000          +Inf          +Inf

     4 Manodopera   NU        .             .               -Inf       -1.00000   -1300.00000        .      x[2]
                                        1300.00000        .             2.93333          +Inf    5113.33333 Consumi[3]

     5 Def1         NS        .             .             .                -Inf          -Inf          -Inf
                                           1.00000        .                +Inf          +Inf          +Inf

     6 z            BS    1300.00000   -1300.00000          -Inf         .           -1.00000        .      Manodopera
                                            .               +Inf     1300.00000          +Inf          +Inf

     7 Parametric   NU       1.00000        .               -Inf         .        -1300.00000        .      x[2]
                                        1300.00000       1.00000        3.93333          +Inf    5113.33333 Consumi[3]

GLPK 4.45 - SENSITIVITY ANALYSIS REPORT                                                                         Page   2

Problem:    tempoDenarov2
Objective:  z = 1300 (MAXimum)

   No. Column name  St      Activity      Obj coef   Lower bound       Activity      Obj coef  Obj value at Limiting
                                          Marginal   Upper bound          range         range   break point variable
------ ------------ -- ------------- ------------- -------------  ------------- ------------- ------------- ------------
     1 x[1]         NL        .             .             .            -8.80000          -Inf    2180.00000 Consumi[3]
                                        -100.00000          +Inf        1.00000     100.00000    1200.00000 x[2]

     2 x[2]         BS       1.00000        .             .                -Inf    -100.00000    1200.00000 x[1]
                                            .               +Inf        1.00000          +Inf          +Inf

     3 x[3]         NL        .             .             .            -7.33333          -Inf    2033.33333 Consumi[3]
                                        -100.00000          +Inf        1.00000     100.00000    1200.00000 x[2]

     4 f1           BS    1300.00000       1.00000          -Inf         .             .             .      Manodopera
                                            .               +Inf     1300.00000          +Inf          +Inf

     5 f2           BS       1.00000        .               -Inf         .        -1300.00000        .      Parametric
                                            .               +Inf        1.00000          +Inf          +Inf

End of report
