Problem:    PLI_Portavalori
Rows:       13
Columns:    12 (9 integer, 9 binary)
Non-zeros:  42
Status:     INTEGER UNDEFINED
Objective:  z = 0 (MINimum)

   No.   Row name        Activity     Lower bound   Upper bound
------ ------------    ------------- ------------- -------------
     1 assF[1]                     0             1             = 
     2 assF[2]                     0             1             = 
     3 assF[3]                     0             1             = 
     4 assO[1]                     0             1             = 
     5 assO[2]                     0             1             = 
     6 assO[3]                     0             1             = 
     7 trasporto[1]                0            -0             = 
     8 trasporto[2]                0            -0             = 
     9 trasporto[3]                0            -0             = 
    10 capacitaTrasporto[1]
                                   0                         600 
    11 capacitaTrasporto[2]
                                   0                         700 
    12 capacitaTrasporto[3]
                                   0                         500 
    13 z                           0                             

   No. Column name       Activity     Lower bound   Upper bound
------ ------------    ------------- ------------- -------------
     1 y[1]                        0             0               
     2 y[2]                        0             0               
     3 y[3]                        0             0               
     4 x[1,1]       *              0             0             1 
     5 x[1,2]       *              0             0             1 
     6 x[1,3]       *              0             0             1 
     7 x[2,1]       *              0             0             1 
     8 x[2,2]       *              0             0             1 
     9 x[2,3]       *              0             0             1 
    10 x[3,1]       *              0             0             1 
    11 x[3,2]       *              0             0             1 
    12 x[3,3]       *              0             0             1 

Integer feasibility conditions:

KKT.PE: max.abs.err = 0.00e+000 on row 0
        max.rel.err = 0.00e+000 on row 0
        High quality

KKT.PB: max.abs.err = 1.00e+000 on row 1
        max.rel.err = 5.00e-001 on row 1
        SOLUTION IS INFEASIBLE

End of output
