 ENUMERATION COMPLETE. BRANCHES=    44 PIVOTS=     349


        OBJECTIVE FUNCTION VALUE

        1)      412.5500

  VARIABLE        VALUE          REDUCED COST
        X1         1.000000         -0.350000
        X2        68.000000         -0.100000
        X3       225.000000         -0.600000
        X4         0.000000         -0.400000
        X5       119.000000         -0.100000
        X6       185.000000         -0.300000
        X7        83.000000         -0.800000
        X8        51.000000         -0.300000
        X9       144.000000         -0.400000
       X10       151.000000          0.500000
       X11        92.000000         -0.100000
       X12         0.000000         -0.100000
        P1       142.150009          0.000000
        P2       149.100006          0.000000
        P3       121.300003          0.000000


       ROW   SLACK OR SURPLUS     DUAL PRICES
        2)         0.000000         -1.000000
        3)         0.000000         -1.000000
        4)        -0.000002         -1.000000
        5)        36.450001          0.000000
        6)         0.299999          0.000000
        7)         0.050001          0.000000
        8)        46.200001          0.000000
        9)         0.800002          0.000000
       10)         0.299998          0.000000
       11)         0.899999          0.000000
       12)        -0.000001          0.000000
       13)         0.000002          0.000000
       14)         0.099999          0.000000
       15)       142.899994          0.000000
       16)         0.000000          1.000000
       17)        11.000000          0.000000

 NO. ITERATIONS=     351
 BRANCHES=   44 DETERM.=  1.000E    0
