 Global optimal solution found at step:           105
 Objective value:                            141.0000
 Branch count:                                      2

                       Variable           Value        Reduced Cost
                           MAXT        240.0000           0.0000000
                       X( 1, 1)        1.000000            10.00000
                       X( 1, 2)       0.0000000            12.00000
                       X( 1, 3)       0.0000000            15.00000
                       X( 1, 4)       0.0000000            20.00000
                       X( 2, 1)       0.0000000            2.000000
                       X( 2, 2)       0.0000000            5.000000
                       X( 2, 3)        1.000000            5.000000
                       X( 2, 4)       0.0000000            8.000000
                       X( 3, 1)       0.0000000            4.000000
                       X( 3, 2)       0.0000000            4.000000
                       X( 3, 3)        1.000000            4.000000
                       X( 3, 4)       0.0000000            7.000000
                       X( 4, 1)       0.0000000            24.00000
                       X( 4, 2)       0.0000000            25.00000
                       X( 4, 3)        1.000000            21.00000
                       X( 4, 4)       0.0000000            26.00000
                       X( 5, 1)       0.0000000            10.00000
                       X( 5, 2)       0.0000000            10.00000
                       X( 5, 3)       0.0000000            12.00000
                       X( 5, 4)        1.000000            12.00000
                       X( 6, 1)        1.000000            14.00000
                       X( 6, 2)       0.0000000            16.00000
                       X( 6, 3)       0.0000000            17.00000
                       X( 6, 4)       0.0000000            19.00000
                       X( 7, 1)       0.0000000            18.00000
                       X( 7, 2)        1.000000            22.00000
                       X( 7, 3)       0.0000000            24.00000
                       X( 7, 4)       0.0000000            29.00000
                       X( 8, 1)        1.000000            7.000000
                       X( 8, 2)       0.0000000            13.00000
                       X( 8, 3)       0.0000000            18.00000
                       X( 8, 4)       0.0000000            25.00000
                       X( 9, 1)       0.0000000            1.000000
                       X( 9, 2)       0.0000000            1.000000
                       X( 9, 3)       0.0000000            2.000000
                       X( 9, 4)        1.000000            2.000000
                      X( 10, 1)       0.0000000            10.00000
                      X( 10, 2)        1.000000            10.00000
                      X( 10, 3)       0.0000000            11.00000
                      X( 10, 4)       0.0000000            11.00000
                      X( 11, 1)       0.0000000            15.00000
                      X( 11, 2)       0.0000000            15.00000
                      X( 11, 3)       0.0000000            15.00000
                      X( 11, 4)        1.000000            15.00000
                      X( 12, 1)       0.0000000            18.00000
                      X( 12, 2)        1.000000            19.00000
                      X( 12, 3)       0.0000000            20.00000
                      X( 12, 4)       0.0000000            21.00000
                       C( 1, 1)        10.00000           0.0000000
                       C( 1, 2)        12.00000           0.0000000
                       C( 1, 3)        15.00000           0.0000000
                       C( 1, 4)        20.00000           0.0000000
                       C( 2, 1)        2.000000           0.0000000
                       C( 2, 2)        5.000000           0.0000000
                       C( 2, 3)        5.000000           0.0000000
                       C( 2, 4)        8.000000           0.0000000
                       C( 3, 1)        4.000000           0.0000000
                       C( 3, 2)        4.000000           0.0000000
                       C( 3, 3)        4.000000           0.0000000
                       C( 3, 4)        7.000000           0.0000000
                       C( 4, 1)        24.00000           0.0000000
                       C( 4, 2)        25.00000           0.0000000
                       C( 4, 3)        21.00000           0.0000000
                       C( 4, 4)        26.00000           0.0000000
                       C( 5, 1)        10.00000           0.0000000
                       C( 5, 2)        10.00000           0.0000000
                       C( 5, 3)        12.00000           0.0000000
                       C( 5, 4)        12.00000           0.0000000
                       C( 6, 1)        14.00000           0.0000000
                       C( 6, 2)        16.00000           0.0000000
                       C( 6, 3)        17.00000           0.0000000
                       C( 6, 4)        19.00000           0.0000000
                       C( 7, 1)        18.00000           0.0000000
                       C( 7, 2)        22.00000           0.0000000
                       C( 7, 3)        24.00000           0.0000000
                       C( 7, 4)        29.00000           0.0000000
                       C( 8, 1)        7.000000           0.0000000
                       C( 8, 2)        13.00000           0.0000000
                       C( 8, 3)        18.00000           0.0000000
                       C( 8, 4)        25.00000           0.0000000
                       C( 9, 1)        1.000000           0.0000000
                       C( 9, 2)        1.000000           0.0000000
                       C( 9, 3)        2.000000           0.0000000
                       C( 9, 4)        2.000000           0.0000000
                      C( 10, 1)        10.00000           0.0000000
                      C( 10, 2)        10.00000           0.0000000
                      C( 10, 3)        11.00000           0.0000000
                      C( 10, 4)        11.00000           0.0000000
                      C( 11, 1)        15.00000           0.0000000
                      C( 11, 2)        15.00000           0.0000000
                      C( 11, 3)        15.00000           0.0000000
                      C( 11, 4)        15.00000           0.0000000
                      C( 12, 1)        18.00000           0.0000000
                      C( 12, 2)        19.00000           0.0000000
                      C( 12, 3)        20.00000           0.0000000
                      C( 12, 4)        21.00000           0.0000000
                       T( 1, 1)        80.00000           0.0000000
                       T( 1, 2)        78.00000           0.0000000
                       T( 1, 3)        67.00000           0.0000000
                       T( 1, 4)        66.00000           0.0000000
                       T( 2, 1)        75.00000           0.0000000
                       T( 2, 2)        85.00000           0.0000000
                       T( 2, 3)        84.00000           0.0000000
                       T( 2, 4)        93.00000           0.0000000
                       T( 3, 1)        98.00000           0.0000000
                       T( 3, 2)        87.00000           0.0000000
                       T( 3, 3)        76.00000           0.0000000
                       T( 3, 4)        66.00000           0.0000000
                       T( 4, 1)        84.00000           0.0000000
                       T( 4, 2)        84.00000           0.0000000
                       T( 4, 3)        74.00000           0.0000000
                       T( 4, 4)        73.00000           0.0000000
                       T( 5, 1)        62.00000           0.0000000
                       T( 5, 2)        78.00000           0.0000000
                       T( 5, 3)        77.00000           0.0000000
                       T( 5, 4)        77.00000           0.0000000
                       T( 6, 1)        68.00000           0.0000000
                       T( 6, 2)        86.00000           0.0000000
                       T( 6, 3)        85.00000           0.0000000
                       T( 6, 4)        93.00000           0.0000000
                       T( 7, 1)        90.00000           0.0000000
                       T( 7, 2)        88.00000           0.0000000
                       T( 7, 3)        75.00000           0.0000000
                       T( 7, 4)        63.00000           0.0000000
                       T( 8, 1)        89.00000           0.0000000
                       T( 8, 2)        89.00000           0.0000000
                       T( 8, 3)        76.00000           0.0000000
                       T( 8, 4)        66.00000           0.0000000
                       T( 9, 1)        80.00000           0.0000000
                       T( 9, 2)        90.00000           0.0000000
                       T( 9, 3)        90.00000           0.0000000
                       T( 9, 4)        77.00000           0.0000000
                      T( 10, 1)        63.00000           0.0000000
                      T( 10, 2)        63.00000           0.0000000
                      T( 10, 3)        62.00000           0.0000000
                      T( 10, 4)        60.00000           0.0000000
                      T( 11, 1)        67.00000           0.0000000
                      T( 11, 2)        65.00000           0.0000000
                      T( 11, 3)        63.00000           0.0000000
                      T( 11, 4)        63.00000           0.0000000
                      T( 12, 1)        76.00000           0.0000000
                      T( 12, 2)        76.00000           0.0000000
                      T( 12, 3)        76.00000           0.0000000
                      T( 12, 4)        75.00000           0.0000000

                            Row    Slack or Surplus      Dual Price
                              1        141.0000            1.000000
                              2        3.000000           0.0000000
                              3        13.00000           0.0000000
                              4        6.000000           0.0000000
                              5        23.00000           0.0000000
                              6       0.0000000           0.0000000
                              7       0.0000000           0.0000000
                              8       0.0000000           0.0000000
                              9       0.0000000           0.0000000
                             10       0.0000000           0.0000000
                             11       0.0000000           0.0000000
                             12       0.0000000           0.0000000
                             13       0.0000000           0.0000000
                             14       0.0000000           0.0000000
                             15       0.0000000           0.0000000
                             16       0.0000000           0.0000000
                             17       0.0000000           0.0000000

