GLPK 5.0  - SENSITIVITY ANALYSIS REPORT                                                                         Page   1

Problem:    Pmo
Objective:  z = 39.74596774 (MAXimum)

   No. Row name     St      Activity         Slack   Lower bound       Activity      Obj coef  Obj value at Limiting
                                          Marginal   Upper bound          range         range   break point variable
------ ------------ -- ------------- ------------- -------------  ------------- ------------- ------------- ------------
     1 Consumi[1]   BS      92.74194       7.25806          -Inf       45.00000       -.35338       6.97297 Consumi[4]
                                            .          100.00000       92.74194          +Inf          +Inf

     2 Consumi[2]   NU     120.00000        .               -Inf       13.75000       -.13790      25.09375 x[1]
                                            .13790     120.00000      152.14286          +Inf      44.17857 Consumi[1]

     3 Consumi[3]   BS      75.64516      14.35484          -Inf       15.00000       -.27819      18.70213 Consumi[4]
                                            .           90.00000      114.37500        .19314      54.35619 x[2]

     4 Consumi[4]   NU     110.00000        .               -Inf       30.00000       -.21089      22.87500 x[3]
                                            .21089     110.00000      122.16216          +Inf      42.31081 Consumi[1]

     5 def_f1       NS        .             .             .                -Inf          -Inf          -Inf
                                            .25000        .                +Inf          +Inf          +Inf

     6 def_f2       NS        .             .             .                -Inf          -Inf          -Inf
                                            .75000        .                +Inf          +Inf          +Inf

     7 z            BS      39.74597     -39.74597          -Inf       30.01453      -1.00000        .      x[4]
                                            .               +Inf       39.74597          +Inf          +Inf

GLPK 5.0  - SENSITIVITY ANALYSIS REPORT                                                                         Page   2

Problem:    Pmo
Objective:  z = 39.74596774 (MAXimum)

   No. Column name  St      Activity      Obj coef   Lower bound       Activity      Obj coef  Obj value at Limiting
                                          Marginal   Upper bound          range         range   break point variable
------ ------------ -- ------------- ------------- -------------  ------------- ------------- ------------- ------------
     1 x[1]         BS      13.70968        .             .             8.62832       -.54563      32.26562 x[2]
                                            .               +Inf       15.00000      13.07500     219.00000 Consumi[4]

     2 x[2]         NL        .             .             .           -28.12500          -Inf      59.54687 Consumi[1]
                                           -.70403          +Inf        3.93805        .70403      36.97345 Consumi[3]

     3 x[3]         BS      10.32258        .             .           -17.11111       -.94273      30.01453 x[4]
                                            .               +Inf       11.59292       2.18250      62.27500 x[2]

     4 x[4]         NL        .             .             .            -2.60116          -Inf      43.14740 Consumi[1]
                                          -1.30766          +Inf        7.44186       1.30766      30.01453 x[3]

     5 f1           BS      27.12903        .25000          -Inf       15.00000      -1.14096       2.01064 Consumi[4]
                                            .               +Inf       29.60619       1.36923      70.10962 x[2]

     6 f2           BS      43.95161        .75000          -Inf       39.42920        .13694      12.80091 x[2]
                                            .               +Inf       43.95161          +Inf          +Inf

End of report
