
 LP OPTIMUM FOUND AT STEP      0

        OBJECTIVE FUNCTION VALUE

        1)      251677.9

  VARIABLE        VALUE          REDUCED COST
        X1        25.000000          0.000000
        X2        15.000000          0.000000
        X3        35.000000          0.000000
        X4        75.294121          0.000000
        Y1       245.294113          0.000000
        Y2       335.588226          0.000000
        Y3       230.000000          0.000000
        Y4       240.294113          0.000000
        Y5       280.294128          0.000000


       ROW   SLACK OR SURPLUS     DUAL PRICES
    XMIN1)         0.000000       -268.235291
    XMIN2)         0.000000       -910.294128
    XMIN3)         0.000000       -322.941162
    XMIN4)        45.294117          0.000000
       R1)         0.000000        161.176468
       R2)         0.000000        236.764709
       R3)         0.000000        166.176468
       R4)         0.000000        272.352936
       R5)         0.000000        342.941162
    TEMPO)         0.000000         13.117647

 NO. ITERATIONS=       0


 RANGES IN WHICH THE BASIS IS UNCHANGED:

                           OBJ COEFFICIENT RANGES
 VARIABLE         CURRENT        ALLOWABLE        ALLOWABLE
                   COEF          INCREASE         DECREASE
       X1     2050.000000       268.235291         INFINITY
       X2     3500.000000       910.294128         INFINITY
       X3     2550.000000       322.941162         INFINITY
       X4     1250.000000         INFINITY       140.769226
       Y1      -30.000000       182.666656       249.545441
       Y2      -40.000000       365.909088       162.857132
       Y3      -35.000000       107.647057         INFINITY
       Y4      -10.000000       356.153839       147.096771
       Y5      -15.000000       227.999985      1097.999878

                           RIGHTHAND SIDE RANGES
      ROW         CURRENT        ALLOWABLE        ALLOWABLE
                    RHS          INCREASE         DECREASE
    XMIN1       25.000000        24.838711        25.000000
    XMIN2       15.000000        12.833333        15.000000
    XMIN3       35.000000        19.743589        35.000000
    XMIN4       30.000000        45.294117         INFINITY
       R1        0.000000       278.000000       385.000000
       R2        0.000000       518.636353       256.666656
       R3        0.000000       230.000000       385.000000
       R4        0.000000       314.230743       192.500000
       R5        0.000000       397.083344       153.999985
    TEMPO    21600.000000         INFINITY      3849.999756

