 ENUMERATION COMPLETE. BRANCHES=   225 PIVOTS=    1821

 LAST INTEGER SOLUTION IS THE BEST FOUND
 RE-INSTALLING BEST SOLUTION...

        OBJECTIVE FUNCTION VALUE

        1)      158.0000

  VARIABLE        VALUE          REDUCED COST
         C       158.000000          1.000000
       X12         1.000000          0.000000
       X13         1.000000          0.000000
       X14         1.000000          0.000000
       X15         1.000000          0.000000
       X16         0.000000          0.000000
       X17         0.000000          0.000000
       X18         0.000000          0.000000
       X19         0.000000          0.000000
       X21         0.000000          0.000000
       X23         1.000000          0.000000
       X24         1.000000          0.000000
       X25         1.000000          0.000000
       X26         1.000000          0.000000
       X27         0.000000          0.000000
       X28         0.000000          0.000000
       X29         0.000000          0.000000
       X31         0.000000          0.000000
       X32         0.000000          0.000000
       X34         1.000000          0.000000
       X35         1.000000          0.000000
       X36         1.000000          0.000000
       X37         1.000000          0.000000
       X38         0.000000          0.000000
       X39         0.000000          0.000000
       X41         0.000000          0.000000
       X42         0.000000          0.000000
       X43         0.000000          0.000000
       X45         1.000000          0.000000
       X46         1.000000          0.000000
       X47         1.000000          0.000000
       X48         1.000000          0.000000
       X49         0.000000          0.000000
       X51         0.000000          0.000000
       X52         0.000000          0.000000
       X53         0.000000          0.000000
       X54         0.000000          0.000000
       X56         1.000000          0.000000
       X57         1.000000          0.000000
       X58         1.000000          0.000000
       X59         1.000000          0.000000
       X61         1.000000          0.000000
       X62         0.000000          0.000000
       X63         0.000000          0.000000
       X64         0.000000          0.000000
       X65         0.000000          0.000000
       X67         1.000000          0.000000
       X68         1.000000          0.000000
       X69         1.000000          0.000000
       X71         1.000000          0.000000
       X72         1.000000          0.000000
       X73         0.000000          0.000000
       X74         0.000000          0.000000
       X75         0.000000          0.000000
       X76         0.000000          0.000000
       X78         1.000000          0.000000
       X79         1.000000          0.000000
       X81         1.000000          0.000000
       X82         1.000000          0.000000
       X83         1.000000          0.000000
       X84         0.000000          0.000000
       X85         0.000000          0.000000
       X86         0.000000          0.000000
       X87         0.000000          0.000000
       X89         1.000000          0.000000
       X91         1.000000          0.000000
       X92         1.000000          0.000000
       X93         1.000000          0.000000
       X94         1.000000          0.000000
       X95         0.000000          0.000000
       X96         0.000000          0.000000
       X97         0.000000          0.000000
       X98         0.000000          0.000000


       ROW   SLACK OR SURPLUS     DUAL PRICES
        2)        13.000000          0.000000
        3)         8.000000          0.000000
        4)         6.000000          0.000000
        5)         5.000000          0.000000
        6)         6.000000          0.000000
        7)         6.000000          0.000000
        8)         0.000000          0.000000
        9)         3.000000          0.000000
       10)        15.000000          0.000000
