
 LP OPTIMUM FOUND AT STEP     11

        OBJECTIVE FUNCTION VALUE

        1)      247700.0

  VARIABLE        VALUE          REDUCED COST
        X1       110.000000          0.000000
        X2       110.000000          0.000000
        X3       110.000000          0.000000
        X4       110.000000          0.000000
        X5       110.000000          0.000000
        X6       110.000000          0.000000
        Y1         0.000000         10.000000
        Y2        10.000000          0.000000
        Y3        40.000000          0.000000
        Y4         0.000000         10.000000
        Y5        50.000000          0.000000
        Y6        50.000000          0.000000
        Z1         0.000000          0.000000
        Z2        10.000000          0.000000
        Z3         0.000000         10.000000
        Z4         0.000000         20.000000
        Z5        10.000000          0.000000
        Z6         0.000000         10.000000


       ROW   SLACK OR SURPLUS     DUAL PRICES
      CP1)         0.000000         20.000000
      CP2)         0.000000         30.000000
      CP3)         0.000000         30.000000
      CP4)         0.000000         20.000000
      CP5)         0.000000         30.000000
      CP6)         0.000000         30.000000
     CPE1)        55.000000          0.000000
     CPE2)        45.000000          0.000000
     CPE3)        15.000000          0.000000
     CPE4)        55.000000          0.000000
     CPE5)         5.000000          0.000000
     CPE6)         5.000000          0.000000
   STOCK1)         0.000000        310.000000
   STOCK2)         0.000000       -320.000000
   STOCK3)         0.000000       -330.000000
   STOCK4)         0.000000       -330.000000
   STOCK5)         0.000000       -320.000000
   STOCK6)         0.000000       -330.000000
 STOCKFIN)         0.000000       -330.000000

 NO. ITERATIONS=      11


 RANGES IN WHICH THE BASIS IS UNCHANGED:

                           OBJ COEFFICIENT RANGES
 VARIABLE         CURRENT        ALLOWABLE        ALLOWABLE
                   COEF          INCREASE         DECREASE
       X1      300.000000        20.000000         INFINITY
       X2      300.000000        30.000000         INFINITY
       X3      300.000000        30.000000         INFINITY
       X4      300.000000        20.000000         INFINITY
       X5      300.000000        30.000000         INFINITY
       X6      300.000000        30.000000         INFINITY
       Y1      330.000000         INFINITY        10.000000
       Y2      330.000000        10.000000        10.000000
       Y3      330.000000        10.000000        20.000000
       Y4      330.000000         INFINITY        10.000000
       Y5      330.000000        10.000000        10.000000
       Y6      330.000000        10.000000        30.000000
       Z1       10.000000         INFINITY         INFINITY
       Z2       10.000000        20.000000        10.000000
       Z3       10.000000         INFINITY        10.000000
       Z4       10.000000         INFINITY        20.000000
       Z5       10.000000        20.000000        10.000000
       Z6       10.000000         INFINITY        10.000000

                           RIGHTHAND SIDE RANGES
      ROW         CURRENT        ALLOWABLE        ALLOWABLE
                    RHS          INCREASE         DECREASE
      CP1      110.000000        10.000000        10.000000
      CP2      110.000000        10.000000        45.000000
      CP3      110.000000        40.000000        15.000000
      CP4      110.000000        50.000000         5.000000
      CP5      110.000000        50.000000         5.000000
      CP6      110.000000        50.000000         5.000000
     CPE1       55.000000         INFINITY        55.000000
     CPE2       55.000000         INFINITY        45.000000
     CPE3       55.000000         INFINITY        15.000000
     CPE4       55.000000         INFINITY        55.000000
     CPE5       55.000000         INFINITY         5.000000
     CPE6       55.000000         INFINITY         5.000000
   STOCK1        0.000000        10.000000         0.000000
   STOCK2      100.000000        10.000000        10.000000
   STOCK3      130.000000        45.000000        10.000000
   STOCK4      150.000000        15.000000        40.000000
   STOCK5      100.000000         5.000000        50.000000
   STOCK6      170.000000         5.000000        50.000000
 STOCKFIN      160.000000         5.000000        50.000000

