
 LP OPTIMUM FOUND AT STEP      2
 OBJECTIVE VALUE =   14.5000000

 FIX ALL VARS.(    3)  WITH RC >  0.000000E+00
 SET     XVEN TO <=     1 AT    1, BND=  -15.00     TWIN= -14.50         12

 NEW INTEGER SOLUTION OF    15.0000000     AT BRANCH      1 PIVOT      12
 BOUND ON OPTIMUM:  14.50000
 DELETE     XVEN AT LEVEL     1
 ENUMERATION COMPLETE. BRANCHES=     1 PIVOTS=      12

 LAST INTEGER SOLUTION IS THE BEST FOUND
 RE-INSTALLING BEST SOLUTION...

        OBJECTIVE FUNCTION VALUE

        1)      15.00000

  VARIABLE        VALUE          REDUCED COST
      XLUN         0.000000          1.000000
      XMAR         2.000000          1.000000
      XMER         9.000000          1.000000
      XGIO         0.000000          1.000000
      XVEN         1.000000          1.000000
      XSAB         3.000000          1.000000
      XDOM         0.000000          1.000000


       ROW   SLACK OR SURPLUS     DUAL PRICES
      LUN)         0.000000          0.000000
      MAR)         0.000000          0.000000
      MER)         6.000000          0.000000
      GIO)         1.000000          0.000000
      VEN)         0.000000          0.000000
      SAB)         1.000000          0.000000
      DOM)         2.000000          0.000000

 NO. ITERATIONS=      12
 BRANCHES=    1 DETERM.=  1.000E    0
