
 LP OPTIMUM FOUND AT STEP      5

        OBJECTIVE FUNCTION VALUE

        1)      14.00000

  VARIABLE        VALUE          REDUCED COST
       XS1         0.000000         10.000000
       XS2         0.000000         38.000000
       XS3         1.000000          0.000000
       XS4         0.000000         19.000000
       XS5         0.000000         26.000000
       XST         0.000000         45.000000
       X12         0.000000          6.000000
       X13         0.000000         26.000000
       X14         0.000000         54.000000
       X15         0.000000          0.000000
       X1T         0.000000          7.000000
       X21         0.000000         14.000000
       X23         0.000000         17.000000
       X24         0.000000         18.000000
       X25         0.000000          8.000000
       X2T         1.000000          0.000000
       X31         0.000000          8.000000
       X32         1.000000          0.000000
       X34         0.000000          3.000000
       X35         0.000000          5.000000
       X3T         0.000000          2.000000
       X41         0.000000          7.000000
       X42         0.000000         13.000000
       X43         0.000000         23.000000
       X45         0.000000         23.000000
       X4T         0.000000         16.000000
       X51         0.000000         29.000000
       X52         0.000000          2.000000
       X53         0.000000          1.000000
       X54         0.000000         22.000000
       X5T         0.000000         14.000000


       ROW   SLACK OR SURPLUS     DUAL PRICES
     VINC)       864.000000          0.000000
    NODOS)         0.000000          0.000000
    NODO1)         0.000000          0.000000
    NODO2)         0.000000         -4.000000
    NODO3)         0.000000         -8.000000
    NODO4)         0.000000          0.000000
    NODO5)         0.000000         -3.000000
    NODOT)         0.000000        -14.000000

 NO. ITERATIONS=       5


 RANGES IN WHICH THE BASIS IS UNCHANGED:

                           OBJ COEFFICIENT RANGES
 VARIABLE         CURRENT        ALLOWABLE        ALLOWABLE
                   COEF          INCREASE         DECREASE
      XS1       10.000000         INFINITY        10.000000
      XS2       34.000000         INFINITY        38.000000
      XS3       -8.000000         1.000000         3.000000
      XS4       19.000000         INFINITY        19.000000
      XS5       23.000000         INFINITY        26.000000
      XST       59.000000         INFINITY        45.000000
      X12        2.000000         INFINITY         6.000000
      X13       18.000000         INFINITY        26.000000
      X14       54.000000         INFINITY        54.000000
      X15       -3.000000         5.000000         1.000000
      X1T       21.000000         INFINITY         7.000000
      X21       18.000000         INFINITY        14.000000
      X23       13.000000         INFINITY        17.000000
      X24       22.000000         INFINITY        18.000000
      X25        9.000000         INFINITY         8.000000
      X2T       18.000000         2.000000         INFINITY
      X31       16.000000         INFINITY         8.000000
      X32        4.000000         2.000000         8.000000
      X34       11.000000         INFINITY         3.000000
      X35       10.000000         INFINITY         5.000000
      X3T       24.000000         INFINITY         2.000000
      X41        7.000000         INFINITY         7.000000
      X42        9.000000         INFINITY        13.000000
      X43       15.000000         INFINITY        23.000000
      X45       20.000000         INFINITY        23.000000
      X4T       30.000000         INFINITY        16.000000
      X51       32.000000         INFINITY        29.000000
      X52        1.000000         INFINITY         2.000000
      X53       -4.000000         INFINITY         1.000000
      X54       25.000000         INFINITY        22.000000
      X5T       31.000000         INFINITY        14.000000

                           RIGHTHAND SIDE RANGES
      ROW         CURRENT        ALLOWABLE        ALLOWABLE
                    RHS          INCREASE         DECREASE
     VINC     1000.000000         INFINITY       864.000000
    NODOS        1.000000         0.000000         0.000000
    NODO1        0.000000         0.000000         0.000000
    NODO2        0.000000         0.000000         0.000000
    NODO3        0.000000         0.000000         0.000000
    NODO4        0.000000         0.000000         0.000000
    NODO5        0.000000         0.000000         0.000000
    NODOT        1.000000         0.000000         0.000000


 RIGHTHANDSIDE PARAMETRICS REPORT FOR ROW: VINC

    VAR       VAR    PIVOT    RHS       DUAL PRICE      OBJ
    OUT       IN      ROW     VAL      BEFORE PIVOT     VAL

                            1000.00      0.000000E+00   14.0000
 SLK    2       X3T     2   136.000      0.000000E+00   14.0000
      X2T       X1T     9   86.0000      0.400000E-01   16.0000
 ART            XS5     3   86.0000      0.757576E-01   16.0000
      X15       XS2     8   86.0000      0.313131       16.0000
      X32       XST     5   86.0000      0.426966       16.0000
      X3T       X43     2   1.00000      0.505882       59.0000
 ART            X13     7   1.00000       1.12963       59.0000
      X1T       X23     9   1.00000       1.36170       59.0000
      XS3       X14     6   1.00000       6.87500       59.0000
      X13  ART          7   1.00000       8.50000       59.0000
                           0.000000E+00   +INFINITY   INFEASIBLE

