
 LP OPTIMUM FOUND AT STEP      0

        OBJECTIVE FUNCTION VALUE

        1)      53269.12

  VARIABLE        VALUE          REDUCED COST
     A_1_1       124.776123          0.000000
     A_2_1        83.476875          0.000000
     A_3_1        86.453003          0.000000
     A_4_1        93.801498          0.000000
     A_1_2       124.523331          0.000000
     A_2_2        83.055557          0.000000
     A_3_2        85.778885          0.000000
     A_4_2        93.464447          0.000000
     A_1_3       123.450539          0.000000
     A_2_3        89.306190          0.000000
     A_3_3        82.918106          0.000000
     A_4_3        92.034058          0.000000
     A_1_4       124.250000          0.000000
     A_2_4        74.561371          0.000000
     A_3_4        85.050003          0.000000
     A_4_4        93.099998          0.000000
         Q     60000.000000          0.000000
     X_1_1        80.507507          0.000000
     X_2_1        28.000000          0.000000
     X_3_1       126.000000          0.000000
     X_4_1        49.000000          0.000000
     X_5_1        21.000000          0.000000
     X_6_1        84.000000          0.000000
     X_1_2        78.822220          0.000000
     X_2_2        28.000000          0.000000
     X_3_2       126.000000          0.000000
     X_4_2        49.000000          0.000000
     X_5_2        21.000000          0.000000
     X_6_2        84.000000          0.000000
     X_1_3        71.670273          0.000000
     X_2_3        28.000000          0.000000
     X_3_3       126.000000          0.000000
     X_4_3        49.000000          0.000000
     X_5_3        21.000000          0.000000
     X_6_3        84.000000          0.000000
     X_1_4        77.000000          0.000000
     X_2_4        28.000000          0.000000
     X_3_4       126.000000          0.000000
     X_4_4        49.000000          0.000000
     X_5_4        21.000000          0.000000
     X_6_4        84.000000          0.000000


       ROW   SLACK OR SURPLUS     DUAL PRICES
        2)         0.000000          0.329328
        3)         0.000000          0.098443
        4)         0.000000          0.115500
        5)         0.000000          0.115385
        6)       584.000000          0.000000
        7)         0.000000          5.813160
        8)         0.000000          7.860014
        9)         0.000000          2.846154
       10)         0.000000         41.000000
       11)         0.000000          2.797590
       12)         0.000000          0.015015
       13)         8.038626          0.000000
       14)         0.000000         80.000000
       15)         0.000000         15.688601
       16)         0.000000         16.100023
       17)         0.000000         13.076923
       18)         0.000000         44.000000
       19)         0.000000         10.719741
       20)         0.000000         11.790021
       21)         0.000000          9.769231
       22)         0.000000         39.000000
       23)         3.507508          0.000000
       24)         5.329726          0.000000
       25)         0.000000         -7.611538
       26)         0.000000        -51.549999
       27)         0.000000         -0.370558
       28)         0.000000         -0.051709
       29)         0.000000         -4.626923
       30)         0.000000        -56.650002
       31)         0.000000         -2.968945
       32)         0.000000         -3.532710
       33)         0.000000         -5.707692
       34)         0.000000        -49.000000
       35)         0.000000         -4.423519
       36)         0.000000         -4.614345
       37)         0.000000         -6.423077
       38)         0.000000        -51.000000
       39)         0.000000         -4.458376
       40)         0.000000         -3.391557
       41)         0.000000         -5.861538
       42)         0.000000        -61.599998
       43)         0.000000         -2.517030
       44)         0.000000         -3.855613
       45)         0.000000         -5.984615
       46)         0.000000        -42.299999

 NO. ITERATIONS=       0


 RIGHTHANDSIDE PARAMETRICS REPORT FOR ROW: 2

    VAR       VAR    PIVOT    RHS       DUAL PRICE      OBJ
    OUT       IN      ROW     VAL      BEFORE PIVOT     VAL

                            60000.0      0.329328       53269.1
    A_2_4  SLK   12    12   65416.8      0.329328       51485.2
 SLK   24  SLK    9     9   70154.0      0.328930       49927.0
    X_1_2  SLK   27    16   72236.5      0.305434       49290.9
    A_2_3  SLK   24    21   73669.8      0.302945       48856.7
 SLK   27  SLK   28    16   75027.8      0.282972       48472.5
    X_2_3     X_1_2    25   78788.8      0.282729       47409.1
    A_1_4  SLK   27     2   79418.4      0.282388       47231.3
    X_2_2  SLK   29    28   79763.1      0.269084       47138.6
    X_2_4  SLK   21    30   80924.5      0.224861       46877.4
    X_1_3  SLK   11    19   84921.9      0.221861       45990.6
 SLK   23  SLK   25    33   91714.0      0.212112       44549.9
    A_4_4     X_1_3    29   92705.4      0.211894       44339.8
    X_1_4  SLK   33    26   96089.2      0.200244       43662.2
    X_3_4  SLK   45    17   99152.1      0.200244       43048.9
    X_6_4  SLK   17    11   99662.5      0.200244       42946.7
    A_2_2  SLK   23    15   99694.0      0.200244       42940.4
    X_1_3  SLK   44    29   101115.      0.199756       42656.6
    A_3_4     X_1_3    37   101850.      0.187744       42518.6
    X_6_3  SLK   32    46   105188.      0.150232       42017.1
 SLK   24  SLK   20    21   105804.      0.126682       41939.0
 SLK   32     X_6_4    46   107436.      0.124714       41735.5
    X_1_2  SLK   43    25   110012.      0.114473       41440.6
 SLK   45     X_6_3    17   111510.      0.112424       41272.2
    A_4_3  SLK    8    20   111544.      0.112424       41268.4
 SLK   44  SLK    5    29   115584.      0.112424       40814.2
    X_6_2  SLK   44    44   121940.      0.109331       40119.3
    A_1_3     X_1_2     8   128518.      0.108275       39407.0
    X_6_3  SLK   45    17   129735.      0.977295E-01   39288.1
 SLK   23  SLK   40    15   131557.      0.977295E-01   39110.0
    X_5_3     X_6_2    40   132879.      0.892077E-01   38992.1
    X_6_4  SLK   36    46   133015.      0.892077E-01   38980.0
    X_4_3  SLK   37     5   134841.      0.892077E-01   38817.1
    X_6_2  SLK   23    40   135478.      0.892077E-01   38760.3
    X_4_4  SLK   24    38   136448.      0.866978E-01   38676.2
    X_1_3  SLK   41    37   143935.      0.866978E-01   38027.1
    X_5_4  SLK   16    41   144956.      0.866978E-01   37938.6
    A_3_3  SLK    7    34   151082.      0.866978E-01   37407.5
 SLK   23     X_6_2    40   161154.      0.823699E-01   36577.8
    A_1_2     X_2_4    27   161680.      0.726804E-01   36539.6
    X_6_2  SLK   19    40   161815.      0.713826E-01   36529.9
 SLK   29     X_2_3    28   162778.      0.486590E-01   36483.1
 SLK   28     X_2_2    16   164402.      0.486590E-01   36404.0
 SLK   27     X_6_2     2   166026.      0.486590E-01   36325.0
 SLK   43  SLK    4    25   178248.      0.427835E-01   35802.1
    A_4_2  SLK   27    22   186634.      0.388889E-01   35476.0
    X_2_2  SLK   28    16   187474.      0.200000E-01   35459.2
    X_2_3  SLK   29    28   188314.      0.200000E-01   35442.4
    X_2_4  SLK   43    27   189154.      0.200000E-01   35425.6
    X_6_2  SLK   23     2   191674.      0.200000E-01   35375.2
    X_1_2  SLK   15     8   210154.      0.200000E-01   35005.6
    A_3_2  SLK    2    18   237664.      0.200000E-01   34455.4
                           0.120000E+07 -0.138778E-16   34455.4

