
 LP OPTIMUM FOUND AT STEP      0

        OBJECTIVE FUNCTION VALUE

        1)      82100.00

  VARIABLE        VALUE          REDUCED COST
      XS1A       300.000000          0.000000
      XS2A       250.000000          0.000000
      XS1B         0.000000          0.000000
      XS2B        34.000000          0.000000
      XS1C       460.000000          0.000000
      XS2C       100.000000          0.000000
      X13A       300.000000          0.000000
      X13B         0.000000         15.000000
      X13C       100.000000          0.000000
      X14A         0.000000          0.000000
      X14B         0.000000         15.000000
      X14C       360.000000          0.000000
      X24A       240.000000          0.000000
      X24B         0.000000          0.000000
      X24C        16.000000          0.000000
      X25A        10.000000          0.000000
      X25B        34.000000          0.000000
      X25C        84.000000          0.000000
      X36A       246.000000          0.000000
      X36B         0.000000          0.000000
      X36C         0.000000          0.000000
      X37A        54.000000          0.000000
      X37B         0.000000          0.000000
      X37C       100.000000          0.000000
      X46A       240.000000          0.000000
      X46B         0.000000          0.000000
      X46C         0.000000          0.000000
      X47A         0.000000          0.000000
      X47B         0.000000          0.000000
      X47C       136.000000          0.000000
      X48A         0.000000          0.000000
      X48B         0.000000          0.000000
      X48C       240.000000          0.000000
      X57A         0.000000          0.000000
      X57B         0.000000          0.000000
      X57C        10.000000          0.000000
      X58A        10.000000          0.000000
      X58B        34.000000          0.000000
      X58C        74.000000          0.000000
      X6TA       486.000000          0.000000
      X6TB         0.000000          0.000000
      X6TC         0.000000          0.000000
      X7TA        54.000000          0.000000
      X7TB         0.000000          0.000000
      X7TC       246.000000          0.000000
      X8TA        10.000000          0.000000
      X8TB        34.000000          0.000000
      X8TC       314.000000          0.000000


       ROW   SLACK OR SURPLUS     DUAL PRICES
   CAP_S1)        40.000000          0.000000
   CAP_S2)        96.000000          0.000000
   CAP_13)         0.000000         65.000000
   CAP_14)         0.000000         65.000000
   CAP_24)         0.000000         50.000000
   CAP_25)         0.000000         50.000000
   CAP_36)        74.000000          0.000000
   CAP_37)       230.000000          0.000000
   CAP_46)         0.000000          0.000000
   CAP_47)        56.000000          0.000000
   CAP_48)         0.000000          0.000000
   CAP_57)       710.000000          0.000000
   CAP_58)       282.000000          0.000000
   CAP_6T)         0.000000          0.000000
   CAP_7T)         0.000000          0.000000
   CAP_8T)        38.000000          0.000000
   CAP_SA)       450.000000          0.000000
   CAP_SB)       966.000000          0.000000
   CAP_SC)       440.000000          0.000000
   CAP_1A)         0.000000         15.000000
   CAP_1B)      1800.000000          0.000000
   CAP_1C)       940.000000          0.000000
   CAP_2A)         0.000000         30.000000
   CAP_2B)       866.000000          0.000000
   CAP_2C)         0.000000         15.000000
   CAP_3A)       600.000000          0.000000
   CAP_3B)       650.000000          0.000000
   CAP_3C)      1300.000000          0.000000
   CAP_4A)      1984.000000          0.000000
   CAP_4B)      1500.000000          0.000000
   CAP_4C)      1400.000000          0.000000
   CAP_5A)       990.000000          0.000000
   CAP_5B)       966.000000          0.000000
   CAP_5C)       916.000000          0.000000
   CAP_6A)       714.000000          0.000000
   CAP_6B)      1200.000000          0.000000
   CAP_6C)      1400.000000          0.000000
   CAP_7A)       546.000000          0.000000
   CAP_7B)       700.000000          0.000000
   CAP_7C)       704.000000          0.000000
   CAP_8A)       290.000000          0.000000
   CAP_8B)      1666.000000          0.000000
   CAP_8C)      1586.000000          0.000000
   CAP_TA)       450.000000          0.000000
   CAP_TB)       966.000000          0.000000
   CAP_TC)       440.000000          0.000000
  NODO_1A)         0.000000         65.000000
  NODO_1B)         0.000000         50.000000
  NODO_1C)         0.000000         65.000000
  NODO_2A)         0.000000         50.000000
  NODO_2B)         0.000000         50.000000
  NODO_2C)         0.000000         50.000000
  NODO_3A)         0.000000          0.000000
  NODO_3B)         0.000000          0.000000
  NODO_3C)         0.000000          0.000000
  NODO_4A)         0.000000          0.000000
  NODO_4B)         0.000000          0.000000
  NODO_4C)         0.000000          0.000000
  NODO_5A)         0.000000          0.000000
  NODO_5B)         0.000000          0.000000
  NODO_5C)         0.000000          0.000000
  NODO_6A)         0.000000          0.000000
  NODO_6B)         0.000000          0.000000
  NODO_6C)         0.000000          0.000000
  NODO_7A)         0.000000          0.000000
  NODO_7B)         0.000000          0.000000
  NODO_7C)         0.000000          0.000000
  NODO_8A)         0.000000          0.000000
  NODO_8B)         0.000000          0.000000
  NODO_8C)         0.000000          0.000000

 NO. ITERATIONS=       0


 RIGHTHANDSIDE PARAMETRICS REPORT FOR ROW: CAP_6T

    VAR       VAR    PIVOT    RHS       DUAL PRICE      OBJ
    OUT       IN      ROW     VAL      BEFORE PIVOT     VAL

                            486.000      0.000000E+00   82100.0
     X57C  SLK    6    66   476.000      0.000000E+00   82100.0
     X24C      X14A    12   460.000       50.0000       81300.0
     X25B      X13B    61   442.000       50.0000       80400.0
     X46B      X14B    55   442.000       65.0000       80400.0
     X24B  SLK    4    58   442.000       65.0000       80400.0
     X13C      X24C    15   324.000       65.0000       72730.0
     X36A      X46B     8   240.000       65.0000       67270.0
     X36B  SLK   10    64   240.000       65.0000       67270.0
     X25C      X47A    62   232.000       65.0000       66750.0
 SLK   11  SLK    5    26   150.000       65.0000       61420.0
     X7TC      X48A    68   122.000       65.0000       59600.0
     X6TA  ART         63  0.000000E+00   65.0000       51670.0

