
 LP OPTIMUM FOUND AT STEP      6

        OBJECTIVE FUNCTION VALUE

        1)      14.95455

  VARIABLE        VALUE          REDUCED COST
        X1         4.590909          0.000000
        Y1         4.818182          0.000000
        Y2         5.545455          0.000000
        X2         0.590909          0.000000
      ALFA         3.181818          0.000000
      BETA         3.818182          0.000000


       ROW   SLACK OR SURPLUS     DUAL PRICES
  VENDIT1)         0.000000          0.500000
  BUDGET1)         0.000000          0.500000
    MAT_U)         0.000000          0.227273
    MAT_V)         0.000000          0.090909
  PUBBLIC)         0.000000          0.500000
  RISORSE)         0.000000          0.500000

 NO. ITERATIONS=       6


 RIGHTHANDSIDE PARAMETRICS REPORT FOR ROW: RISORSE

    VAR       VAR    PIVOT    RHS       DUAL PRICE      OBJ
    OUT       IN      ROW     VAL      BEFORE PIVOT     VAL

                            7.00000      0.500000       14.9545
       X2  SLK    5     7   5.81818      0.500000       14.3636
     BETA  SLK    2     5   2.00000      0.750000       11.5000
     ALFA  ART          2  0.000000E+00   1.00000       9.50000

