Problem:    Ordini
Rows:       841
Columns:    120 (100 integer, 100 binary)
Non-zeros:  2490
Status:     INTEGER OPTIMAL
Objective:  z1 = 73 (MINimum)

   No.   Row name        Activity     Lower bound   Upper bound
------ ------------    ------------- ------------- -------------
     1 NoLoop3[1,2,3]
                                   1                           2 
     2 NoLoop3[1,2,4]
                                   1                           2 
     3 NoLoop3[1,2,5]
                                   1                           2 
     4 NoLoop3[1,2,6]
                                   1                           2 
     5 NoLoop3[1,2,7]
                                   1                           2 
     6 NoLoop3[1,2,8]
                                   1                           2 
     7 NoLoop3[1,2,9]
                                   1                           2 
     8 NoLoop3[1,2,10]
                                   1                           2 
     9 NoLoop3[1,3,2]
                                   2                           2 
    10 NoLoop3[1,3,4]
                                   1                           2 
    11 NoLoop3[1,3,5]
                                   2                           2 
    12 NoLoop3[1,3,6]
                                   1                           2 
    13 NoLoop3[1,3,7]
                                   1                           2 
    14 NoLoop3[1,3,8]
                                   1                           2 
    15 NoLoop3[1,3,9]
                                   1                           2 
    16 NoLoop3[1,3,10]
                                   2                           2 
    17 NoLoop3[1,4,2]
                                   2                           2 
    18 NoLoop3[1,4,3]
                                   2                           2 
    19 NoLoop3[1,4,5]
                                   2                           2 
    20 NoLoop3[1,4,6]
                                   2                           2 
    21 NoLoop3[1,4,7]
                                   2                           2 
    22 NoLoop3[1,4,8]
                                   2                           2 
    23 NoLoop3[1,4,9]
                                   2                           2 
    24 NoLoop3[1,4,10]
                                   2                           2 
    25 NoLoop3[1,5,2]
                                   2                           2 
    26 NoLoop3[1,5,3]
                                   1                           2 
    27 NoLoop3[1,5,4]
                                   1                           2 
    28 NoLoop3[1,5,6]
                                   1                           2 
    29 NoLoop3[1,5,7]
                                   1                           2 
    30 NoLoop3[1,5,8]
                                   1                           2 
    31 NoLoop3[1,5,9]
                                   1                           2 
    32 NoLoop3[1,5,10]
                                   1                           2 
    33 NoLoop3[1,6,2]
                                   2                           2 
    34 NoLoop3[1,6,3]
                                   2                           2 
    35 NoLoop3[1,6,4]
                                   1                           2 
    36 NoLoop3[1,6,5]
                                   2                           2 
    37 NoLoop3[1,6,7]
                                   2                           2 
    38 NoLoop3[1,6,8]
                                   2                           2 
    39 NoLoop3[1,6,9]
                                   2                           2 
    40 NoLoop3[1,6,10]
                                   2                           2 
    41 NoLoop3[1,7,2]
                                   2                           2 
    42 NoLoop3[1,7,3]
                                   2                           2 
    43 NoLoop3[1,7,4]
                                   1                           2 
    44 NoLoop3[1,7,5]
                                   2                           2 
    45 NoLoop3[1,7,6]
                                   1                           2 
    46 NoLoop3[1,7,8]
                                   1                           2 
    47 NoLoop3[1,7,9]
                                   2                           2 
    48 NoLoop3[1,7,10]
                                   2                           2 
    49 NoLoop3[1,8,2]
                                   2                           2 
    50 NoLoop3[1,8,3]
                                   2                           2 
    51 NoLoop3[1,8,4]
                                   1                           2 
    52 NoLoop3[1,8,5]
                                   2                           2 
    53 NoLoop3[1,8,6]
                                   1                           2 
    54 NoLoop3[1,8,7]
                                   2                           2 
    55 NoLoop3[1,8,9]
                                   2                           2 
    56 NoLoop3[1,8,10]
                                   2                           2 
    57 NoLoop3[1,9,2]
                                   2                           2 
    58 NoLoop3[1,9,3]
                                   2                           2 
    59 NoLoop3[1,9,4]
                                   1                           2 
    60 NoLoop3[1,9,5]
                                   2                           2 
    61 NoLoop3[1,9,6]
                                   1                           2 
    62 NoLoop3[1,9,7]
                                   1                           2 
    63 NoLoop3[1,9,8]
                                   1                           2 
    64 NoLoop3[1,9,10]
                                   2                           2 
    65 NoLoop3[1,10,2]
                                   2                           2 
    66 NoLoop3[1,10,3]
                                   1                           2 
    67 NoLoop3[1,10,4]
                                   1                           2 
    68 NoLoop3[1,10,5]
                                   2                           2 
    69 NoLoop3[1,10,6]
                                   1                           2 
    70 NoLoop3[1,10,7]
                                   1                           2 
    71 NoLoop3[1,10,8]
                                   1                           2 
    72 NoLoop3[1,10,9]
                                   1                           2 
    73 NoLoop3[2,1,3]
                                   2                           2 
    74 NoLoop3[2,1,4]
                                   2                           2 
    75 NoLoop3[2,1,5]
                                   2                           2 
    76 NoLoop3[2,1,6]
                                   2                           2 
    77 NoLoop3[2,1,7]
                                   2                           2 
    78 NoLoop3[2,1,8]
                                   2                           2 
    79 NoLoop3[2,1,9]
                                   2                           2 
    80 NoLoop3[2,1,10]
                                   2                           2 
    81 NoLoop3[2,3,1]
                                   1                           2 
    82 NoLoop3[2,3,4]
                                   1                           2 
    83 NoLoop3[2,3,5]
                                   2                           2 
    84 NoLoop3[2,3,6]
                                   1                           2 
    85 NoLoop3[2,3,7]
                                   1                           2 
    86 NoLoop3[2,3,8]
                                   1                           2 
    87 NoLoop3[2,3,9]
                                   1                           2 
    88 NoLoop3[2,3,10]
                                   2                           2 
    89 NoLoop3[2,4,1]
                                   1                           2 
    90 NoLoop3[2,4,3]
                                   2                           2 
    91 NoLoop3[2,4,5]
                                   2                           2 
    92 NoLoop3[2,4,6]
                                   2                           2 
    93 NoLoop3[2,4,7]
                                   2                           2 
    94 NoLoop3[2,4,8]
                                   2                           2 
    95 NoLoop3[2,4,9]
                                   2                           2 
    96 NoLoop3[2,4,10]
                                   2                           2 
    97 NoLoop3[2,5,1]
                                   1                           2 
    98 NoLoop3[2,5,3]
                                   1                           2 
    99 NoLoop3[2,5,4]
                                   1                           2 
   100 NoLoop3[2,5,6]
                                   1                           2 
   101 NoLoop3[2,5,7]
                                   1                           2 
   102 NoLoop3[2,5,8]
                                   1                           2 
   103 NoLoop3[2,5,9]
                                   1                           2 
   104 NoLoop3[2,5,10]
                                   1                           2 
   105 NoLoop3[2,6,1]
                                   1                           2 
   106 NoLoop3[2,6,3]
                                   2                           2 
   107 NoLoop3[2,6,4]
                                   1                           2 
   108 NoLoop3[2,6,5]
                                   2                           2 
   109 NoLoop3[2,6,7]
                                   2                           2 
   110 NoLoop3[2,6,8]
                                   2                           2 
   111 NoLoop3[2,6,9]
                                   2                           2 
   112 NoLoop3[2,6,10]
                                   2                           2 
   113 NoLoop3[2,7,1]
                                   1                           2 
   114 NoLoop3[2,7,3]
                                   2                           2 
   115 NoLoop3[2,7,4]
                                   1                           2 
   116 NoLoop3[2,7,5]
                                   2                           2 
   117 NoLoop3[2,7,6]
                                   1                           2 
   118 NoLoop3[2,7,8]
                                   1                           2 
   119 NoLoop3[2,7,9]
                                   2                           2 
   120 NoLoop3[2,7,10]
                                   2                           2 
   121 NoLoop3[2,8,1]
                                   1                           2 
   122 NoLoop3[2,8,3]
                                   2                           2 
   123 NoLoop3[2,8,4]
                                   1                           2 
   124 NoLoop3[2,8,5]
                                   2                           2 
   125 NoLoop3[2,8,6]
                                   1                           2 
   126 NoLoop3[2,8,7]
                                   2                           2 
   127 NoLoop3[2,8,9]
                                   2                           2 
   128 NoLoop3[2,8,10]
                                   2                           2 
   129 NoLoop3[2,9,1]
                                   1                           2 
   130 NoLoop3[2,9,3]
                                   2                           2 
   131 NoLoop3[2,9,4]
                                   1                           2 
   132 NoLoop3[2,9,5]
                                   2                           2 
   133 NoLoop3[2,9,6]
                                   1                           2 
   134 NoLoop3[2,9,7]
                                   1                           2 
   135 NoLoop3[2,9,8]
                                   1                           2 
   136 NoLoop3[2,9,10]
                                   2                           2 
   137 NoLoop3[2,10,1]
                                   1                           2 
   138 NoLoop3[2,10,3]
                                   1                           2 
   139 NoLoop3[2,10,4]
                                   1                           2 
   140 NoLoop3[2,10,5]
                                   2                           2 
   141 NoLoop3[2,10,6]
                                   1                           2 
   142 NoLoop3[2,10,7]
                                   1                           2 
   143 NoLoop3[2,10,8]
                                   1                           2 
   144 NoLoop3[2,10,9]
                                   1                           2 
   145 NoLoop3[3,1,2]
                                   1                           2 
   146 NoLoop3[3,1,4]
                                   2                           2 
   147 NoLoop3[3,1,5]
                                   1                           2 
   148 NoLoop3[3,1,6]
                                   2                           2 
   149 NoLoop3[3,1,7]
                                   2                           2 
   150 NoLoop3[3,1,8]
                                   2                           2 
   151 NoLoop3[3,1,9]
                                   2                           2 
   152 NoLoop3[3,1,10]
                                   1                           2 
   153 NoLoop3[3,2,1]
                                   2                           2 
   154 NoLoop3[3,2,4]
                                   2                           2 
   155 NoLoop3[3,2,5]
                                   1                           2 
   156 NoLoop3[3,2,6]
                                   2                           2 
   157 NoLoop3[3,2,7]
                                   2                           2 
   158 NoLoop3[3,2,8]
                                   2                           2 
   159 NoLoop3[3,2,9]
                                   2                           2 
   160 NoLoop3[3,2,10]
                                   1                           2 
   161 NoLoop3[3,4,1]
                                   1                           2 
   162 NoLoop3[3,4,2]
                                   1                           2 
   163 NoLoop3[3,4,5]
                                   1                           2 
   164 NoLoop3[3,4,6]
                                   2                           2 
   165 NoLoop3[3,4,7]
                                   2                           2 
   166 NoLoop3[3,4,8]
                                   2                           2 
   167 NoLoop3[3,4,9]
                                   2                           2 
   168 NoLoop3[3,4,10]
                                   1                           2 
   169 NoLoop3[3,5,1]
                                   2                           2 
   170 NoLoop3[3,5,2]
                                   2                           2 
   171 NoLoop3[3,5,4]
                                   2                           2 
   172 NoLoop3[3,5,6]
                                   2                           2 
   173 NoLoop3[3,5,7]
                                   2                           2 
   174 NoLoop3[3,5,8]
                                   2                           2 
   175 NoLoop3[3,5,9]
                                   2                           2 
   176 NoLoop3[3,5,10]
                                   1                           2 
   177 NoLoop3[3,6,1]
                                   1                           2 
   178 NoLoop3[3,6,2]
                                   1                           2 
   179 NoLoop3[3,6,4]
                                   1                           2 
   180 NoLoop3[3,6,5]
                                   1                           2 
   181 NoLoop3[3,6,7]
                                   2                           2 
   182 NoLoop3[3,6,8]
                                   2                           2 
   183 NoLoop3[3,6,9]
                                   2                           2 
   184 NoLoop3[3,6,10]
                                   1                           2 
   185 NoLoop3[3,7,1]
                                   1                           2 
   186 NoLoop3[3,7,2]
                                   1                           2 
   187 NoLoop3[3,7,4]
                                   1                           2 
   188 NoLoop3[3,7,5]
                                   1                           2 
   189 NoLoop3[3,7,6]
                                   1                           2 
   190 NoLoop3[3,7,8]
                                   1                           2 
   191 NoLoop3[3,7,9]
                                   2                           2 
   192 NoLoop3[3,7,10]
                                   1                           2 
   193 NoLoop3[3,8,1]
                                   1                           2 
   194 NoLoop3[3,8,2]
                                   1                           2 
   195 NoLoop3[3,8,4]
                                   1                           2 
   196 NoLoop3[3,8,5]
                                   1                           2 
   197 NoLoop3[3,8,6]
                                   1                           2 
   198 NoLoop3[3,8,7]
                                   2                           2 
   199 NoLoop3[3,8,9]
                                   2                           2 
   200 NoLoop3[3,8,10]
                                   1                           2 
   201 NoLoop3[3,9,1]
                                   1                           2 
   202 NoLoop3[3,9,2]
                                   1                           2 
   203 NoLoop3[3,9,4]
                                   1                           2 
   204 NoLoop3[3,9,5]
                                   1                           2 
   205 NoLoop3[3,9,6]
                                   1                           2 
   206 NoLoop3[3,9,7]
                                   1                           2 
   207 NoLoop3[3,9,8]
                                   1                           2 
   208 NoLoop3[3,9,10]
                                   1                           2 
   209 NoLoop3[3,10,1]
                                   2                           2 
   210 NoLoop3[3,10,2]
                                   2                           2 
   211 NoLoop3[3,10,4]
                                   2                           2 
   212 NoLoop3[3,10,5]
                                   2                           2 
   213 NoLoop3[3,10,6]
                                   2                           2 
   214 NoLoop3[3,10,7]
                                   2                           2 
   215 NoLoop3[3,10,8]
                                   2                           2 
   216 NoLoop3[3,10,9]
                                   2                           2 
   217 NoLoop3[4,1,2]
                                   1                           2 
   218 NoLoop3[4,1,3]
                                   1                           2 
   219 NoLoop3[4,1,5]
                                   1                           2 
   220 NoLoop3[4,1,6]
                                   1                           2 
   221 NoLoop3[4,1,7]
                                   1                           2 
   222 NoLoop3[4,1,8]
                                   1                           2 
   223 NoLoop3[4,1,9]
                                   1                           2 
   224 NoLoop3[4,1,10]
                                   1                           2 
   225 NoLoop3[4,2,1]
                                   2                           2 
   226 NoLoop3[4,2,3]
                                   1                           2 
   227 NoLoop3[4,2,5]
                                   1                           2 
   228 NoLoop3[4,2,6]
                                   1                           2 
   229 NoLoop3[4,2,7]
                                   1                           2 
   230 NoLoop3[4,2,8]
                                   1                           2 
   231 NoLoop3[4,2,9]
                                   1                           2 
   232 NoLoop3[4,2,10]
                                   1                           2 
   233 NoLoop3[4,3,1]
                                   2                           2 
   234 NoLoop3[4,3,2]
                                   2                           2 
   235 NoLoop3[4,3,5]
                                   2                           2 
   236 NoLoop3[4,3,6]
                                   1                           2 
   237 NoLoop3[4,3,7]
                                   1                           2 
   238 NoLoop3[4,3,8]
                                   1                           2 
   239 NoLoop3[4,3,9]
                                   1                           2 
   240 NoLoop3[4,3,10]
                                   2                           2 
   241 NoLoop3[4,5,1]
                                   2                           2 
   242 NoLoop3[4,5,2]
                                   2                           2 
   243 NoLoop3[4,5,3]
                                   1                           2 
   244 NoLoop3[4,5,6]
                                   1                           2 
   245 NoLoop3[4,5,7]
                                   1                           2 
   246 NoLoop3[4,5,8]
                                   1                           2 
   247 NoLoop3[4,5,9]
                                   1                           2 
   248 NoLoop3[4,5,10]
                                   1                           2 
   249 NoLoop3[4,6,1]
                                   2                           2 
   250 NoLoop3[4,6,2]
                                   2                           2 
   251 NoLoop3[4,6,3]
                                   2                           2 
   252 NoLoop3[4,6,5]
                                   2                           2 
   253 NoLoop3[4,6,7]
                                   2                           2 
   254 NoLoop3[4,6,8]
                                   2                           2 
   255 NoLoop3[4,6,9]
                                   2                           2 
   256 NoLoop3[4,6,10]
                                   2                           2 
   257 NoLoop3[4,7,1]
                                   2                           2 
   258 NoLoop3[4,7,2]
                                   2                           2 
   259 NoLoop3[4,7,3]
                                   2                           2 
   260 NoLoop3[4,7,5]
                                   2                           2 
   261 NoLoop3[4,7,6]
                                   1                           2 
   262 NoLoop3[4,7,8]
                                   1                           2 
   263 NoLoop3[4,7,9]
                                   2                           2 
   264 NoLoop3[4,7,10]
                                   2                           2 
   265 NoLoop3[4,8,1]
                                   2                           2 
   266 NoLoop3[4,8,2]
                                   2                           2 
   267 NoLoop3[4,8,3]
                                   2                           2 
   268 NoLoop3[4,8,5]
                                   2                           2 
   269 NoLoop3[4,8,6]
                                   1                           2 
   270 NoLoop3[4,8,7]
                                   2                           2 
   271 NoLoop3[4,8,9]
                                   2                           2 
   272 NoLoop3[4,8,10]
                                   2                           2 
   273 NoLoop3[4,9,1]
                                   2                           2 
   274 NoLoop3[4,9,2]
                                   2                           2 
   275 NoLoop3[4,9,3]
                                   2                           2 
   276 NoLoop3[4,9,5]
                                   2                           2 
   277 NoLoop3[4,9,6]
                                   1                           2 
   278 NoLoop3[4,9,7]
                                   1                           2 
   279 NoLoop3[4,9,8]
                                   1                           2 
   280 NoLoop3[4,9,10]
                                   2                           2 
   281 NoLoop3[4,10,1]
                                   2                           2 
   282 NoLoop3[4,10,2]
                                   2                           2 
   283 NoLoop3[4,10,3]
                                   1                           2 
   284 NoLoop3[4,10,5]
                                   2                           2 
   285 NoLoop3[4,10,6]
                                   1                           2 
   286 NoLoop3[4,10,7]
                                   1                           2 
   287 NoLoop3[4,10,8]
                                   1                           2 
   288 NoLoop3[4,10,9]
                                   1                           2 
   289 NoLoop3[5,1,2]
                                   1                           2 
   290 NoLoop3[5,1,3]
                                   2                           2 
   291 NoLoop3[5,1,4]
                                   2                           2 
   292 NoLoop3[5,1,6]
                                   2                           2 
   293 NoLoop3[5,1,7]
                                   2                           2 
   294 NoLoop3[5,1,8]
                                   2                           2 
   295 NoLoop3[5,1,9]
                                   2                           2 
   296 NoLoop3[5,1,10]
                                   2                           2 
   297 NoLoop3[5,2,1]
                                   2                           2 
   298 NoLoop3[5,2,3]
                                   2                           2 
   299 NoLoop3[5,2,4]
                                   2                           2 
   300 NoLoop3[5,2,6]
                                   2                           2 
   301 NoLoop3[5,2,7]
                                   2                           2 
   302 NoLoop3[5,2,8]
                                   2                           2 
   303 NoLoop3[5,2,9]
                                   2                           2 
   304 NoLoop3[5,2,10]
                                   2                           2 
   305 NoLoop3[5,3,1]
                                   1                           2 
   306 NoLoop3[5,3,2]
                                   1                           2 
   307 NoLoop3[5,3,4]
                                   1                           2 
   308 NoLoop3[5,3,6]
                                   1                           2 
   309 NoLoop3[5,3,7]
                                   1                           2 
   310 NoLoop3[5,3,8]
                                   1                           2 
   311 NoLoop3[5,3,9]
                                   1                           2 
   312 NoLoop3[5,3,10]
                                   2                           2 
   313 NoLoop3[5,4,1]
                                   1                           2 
   314 NoLoop3[5,4,2]
                                   1                           2 
   315 NoLoop3[5,4,3]
                                   2                           2 
   316 NoLoop3[5,4,6]
                                   2                           2 
   317 NoLoop3[5,4,7]
                                   2                           2 
   318 NoLoop3[5,4,8]
                                   2                           2 
   319 NoLoop3[5,4,9]
                                   2                           2 
   320 NoLoop3[5,4,10]
                                   2                           2 
   321 NoLoop3[5,6,1]
                                   1                           2 
   322 NoLoop3[5,6,2]
                                   1                           2 
   323 NoLoop3[5,6,3]
                                   2                           2 
   324 NoLoop3[5,6,4]
                                   1                           2 
   325 NoLoop3[5,6,7]
                                   2                           2 
   326 NoLoop3[5,6,8]
                                   2                           2 
   327 NoLoop3[5,6,9]
                                   2                           2 
   328 NoLoop3[5,6,10]
                                   2                           2 
   329 NoLoop3[5,7,1]
                                   1                           2 
   330 NoLoop3[5,7,2]
                                   1                           2 
   331 NoLoop3[5,7,3]
                                   2                           2 
   332 NoLoop3[5,7,4]
                                   1                           2 
   333 NoLoop3[5,7,6]
                                   1                           2 
   334 NoLoop3[5,7,8]
                                   1                           2 
   335 NoLoop3[5,7,9]
                                   2                           2 
   336 NoLoop3[5,7,10]
                                   2                           2 
   337 NoLoop3[5,8,1]
                                   1                           2 
   338 NoLoop3[5,8,2]
                                   1                           2 
   339 NoLoop3[5,8,3]
                                   2                           2 
   340 NoLoop3[5,8,4]
                                   1                           2 
   341 NoLoop3[5,8,6]
                                   1                           2 
   342 NoLoop3[5,8,7]
                                   2                           2 
   343 NoLoop3[5,8,9]
                                   2                           2 
   344 NoLoop3[5,8,10]
                                   2                           2 
   345 NoLoop3[5,9,1]
                                   1                           2 
   346 NoLoop3[5,9,2]
                                   1                           2 
   347 NoLoop3[5,9,3]
                                   2                           2 
   348 NoLoop3[5,9,4]
                                   1                           2 
   349 NoLoop3[5,9,6]
                                   1                           2 
   350 NoLoop3[5,9,7]
                                   1                           2 
   351 NoLoop3[5,9,8]
                                   1                           2 
   352 NoLoop3[5,9,10]
                                   2                           2 
   353 NoLoop3[5,10,1]
                                   1                           2 
   354 NoLoop3[5,10,2]
                                   1                           2 
   355 NoLoop3[5,10,3]
                                   1                           2 
   356 NoLoop3[5,10,4]
                                   1                           2 
   357 NoLoop3[5,10,6]
                                   1                           2 
   358 NoLoop3[5,10,7]
                                   1                           2 
   359 NoLoop3[5,10,8]
                                   1                           2 
   360 NoLoop3[5,10,9]
                                   1                           2 
   361 NoLoop3[6,1,2]
                                   1                           2 
   362 NoLoop3[6,1,3]
                                   1                           2 
   363 NoLoop3[6,1,4]
                                   2                           2 
   364 NoLoop3[6,1,5]
                                   1                           2 
   365 NoLoop3[6,1,7]
                                   1                           2 
   366 NoLoop3[6,1,8]
                                   1                           2 
   367 NoLoop3[6,1,9]
                                   1                           2 
   368 NoLoop3[6,1,10]
                                   1                           2 
   369 NoLoop3[6,2,1]
                                   2                           2 
   370 NoLoop3[6,2,3]
                                   1                           2 
   371 NoLoop3[6,2,4]
                                   2                           2 
   372 NoLoop3[6,2,5]
                                   1                           2 
   373 NoLoop3[6,2,7]
                                   1                           2 
   374 NoLoop3[6,2,8]
                                   1                           2 
   375 NoLoop3[6,2,9]
                                   1                           2 
   376 NoLoop3[6,2,10]
                                   1                           2 
   377 NoLoop3[6,3,1]
                                   2                           2 
   378 NoLoop3[6,3,2]
                                   2                           2 
   379 NoLoop3[6,3,4]
                                   2                           2 
   380 NoLoop3[6,3,5]
                                   2                           2 
   381 NoLoop3[6,3,7]
                                   1                           2 
   382 NoLoop3[6,3,8]
                                   1                           2 
   383 NoLoop3[6,3,9]
                                   1                           2 
   384 NoLoop3[6,3,10]
                                   2                           2 
   385 NoLoop3[6,4,1]
                                   1                           2 
   386 NoLoop3[6,4,2]
                                   1                           2 
   387 NoLoop3[6,4,3]
                                   1                           2 
   388 NoLoop3[6,4,5]
                                   1                           2 
   389 NoLoop3[6,4,7]
                                   1                           2 
   390 NoLoop3[6,4,8]
                                   1                           2 
   391 NoLoop3[6,4,9]
                                   1                           2 
   392 NoLoop3[6,4,10]
                                   1                           2 
   393 NoLoop3[6,5,1]
                                   2                           2 
   394 NoLoop3[6,5,2]
                                   2                           2 
   395 NoLoop3[6,5,3]
                                   1                           2 
   396 NoLoop3[6,5,4]
                                   2                           2 
   397 NoLoop3[6,5,7]
                                   1                           2 
   398 NoLoop3[6,5,8]
                                   1                           2 
   399 NoLoop3[6,5,9]
                                   1                           2 
   400 NoLoop3[6,5,10]
                                   1                           2 
   401 NoLoop3[6,7,1]
                                   2                           2 
   402 NoLoop3[6,7,2]
                                   2                           2 
   403 NoLoop3[6,7,3]
                                   2                           2 
   404 NoLoop3[6,7,4]
                                   2                           2 
   405 NoLoop3[6,7,5]
                                   2                           2 
   406 NoLoop3[6,7,8]
                                   1                           2 
   407 NoLoop3[6,7,9]
                                   2                           2 
   408 NoLoop3[6,7,10]
                                   2                           2 
   409 NoLoop3[6,8,1]
                                   2                           2 
   410 NoLoop3[6,8,2]
                                   2                           2 
   411 NoLoop3[6,8,3]
                                   2                           2 
   412 NoLoop3[6,8,4]
                                   2                           2 
   413 NoLoop3[6,8,5]
                                   2                           2 
   414 NoLoop3[6,8,7]
                                   2                           2 
   415 NoLoop3[6,8,9]
                                   2                           2 
   416 NoLoop3[6,8,10]
                                   2                           2 
   417 NoLoop3[6,9,1]
                                   2                           2 
   418 NoLoop3[6,9,2]
                                   2                           2 
   419 NoLoop3[6,9,3]
                                   2                           2 
   420 NoLoop3[6,9,4]
                                   2                           2 
   421 NoLoop3[6,9,5]
                                   2                           2 
   422 NoLoop3[6,9,7]
                                   1                           2 
   423 NoLoop3[6,9,8]
                                   1                           2 
   424 NoLoop3[6,9,10]
                                   2                           2 
   425 NoLoop3[6,10,1]
                                   2                           2 
   426 NoLoop3[6,10,2]
                                   2                           2 
   427 NoLoop3[6,10,3]
                                   1                           2 
   428 NoLoop3[6,10,4]
                                   2                           2 
   429 NoLoop3[6,10,5]
                                   2                           2 
   430 NoLoop3[6,10,7]
                                   1                           2 
   431 NoLoop3[6,10,8]
                                   1                           2 
   432 NoLoop3[6,10,9]
                                   1                           2 
   433 NoLoop3[7,1,2]
                                   1                           2 
   434 NoLoop3[7,1,3]
                                   1                           2 
   435 NoLoop3[7,1,4]
                                   2                           2 
   436 NoLoop3[7,1,5]
                                   1                           2 
   437 NoLoop3[7,1,6]
                                   2                           2 
   438 NoLoop3[7,1,8]
                                   2                           2 
   439 NoLoop3[7,1,9]
                                   1                           2 
   440 NoLoop3[7,1,10]
                                   1                           2 
   441 NoLoop3[7,2,1]
                                   2                           2 
   442 NoLoop3[7,2,3]
                                   1                           2 
   443 NoLoop3[7,2,4]
                                   2                           2 
   444 NoLoop3[7,2,5]
                                   1                           2 
   445 NoLoop3[7,2,6]
                                   2                           2 
   446 NoLoop3[7,2,8]
                                   2                           2 
   447 NoLoop3[7,2,9]
                                   1                           2 
   448 NoLoop3[7,2,10]
                                   1                           2 
   449 NoLoop3[7,3,1]
                                   2                           2 
   450 NoLoop3[7,3,2]
                                   2                           2 
   451 NoLoop3[7,3,4]
                                   2                           2 
   452 NoLoop3[7,3,5]
                                   2                           2 
   453 NoLoop3[7,3,6]
                                   2                           2 
   454 NoLoop3[7,3,8]
                                   2                           2 
   455 NoLoop3[7,3,9]
                                   1                           2 
   456 NoLoop3[7,3,10]
                                   2                           2 
   457 NoLoop3[7,4,1]
                                   1                           2 
   458 NoLoop3[7,4,2]
                                   1                           2 
   459 NoLoop3[7,4,3]
                                   1                           2 
   460 NoLoop3[7,4,5]
                                   1                           2 
   461 NoLoop3[7,4,6]
                                   2                           2 
   462 NoLoop3[7,4,8]
                                   2                           2 
   463 NoLoop3[7,4,9]
                                   1                           2 
   464 NoLoop3[7,4,10]
                                   1                           2 
   465 NoLoop3[7,5,1]
                                   2                           2 
   466 NoLoop3[7,5,2]
                                   2                           2 
   467 NoLoop3[7,5,3]
                                   1                           2 
   468 NoLoop3[7,5,4]
                                   2                           2 
   469 NoLoop3[7,5,6]
                                   2                           2 
   470 NoLoop3[7,5,8]
                                   2                           2 
   471 NoLoop3[7,5,9]
                                   1                           2 
   472 NoLoop3[7,5,10]
                                   1                           2 
   473 NoLoop3[7,6,1]
                                   1                           2 
   474 NoLoop3[7,6,2]
                                   1                           2 
   475 NoLoop3[7,6,3]
                                   1                           2 
   476 NoLoop3[7,6,4]
                                   1                           2 
   477 NoLoop3[7,6,5]
                                   1                           2 
   478 NoLoop3[7,6,8]
                                   2                           2 
   479 NoLoop3[7,6,9]
                                   1                           2 
   480 NoLoop3[7,6,10]
                                   1                           2 
   481 NoLoop3[7,8,1]
                                   1                           2 
   482 NoLoop3[7,8,2]
                                   1                           2 
   483 NoLoop3[7,8,3]
                                   1                           2 
   484 NoLoop3[7,8,4]
                                   1                           2 
   485 NoLoop3[7,8,5]
                                   1                           2 
   486 NoLoop3[7,8,6]
                                   1                           2 
   487 NoLoop3[7,8,9]
                                   1                           2 
   488 NoLoop3[7,8,10]
                                   1                           2 
   489 NoLoop3[7,9,1]
                                   2                           2 
   490 NoLoop3[7,9,2]
                                   2                           2 
   491 NoLoop3[7,9,3]
                                   2                           2 
   492 NoLoop3[7,9,4]
                                   2                           2 
   493 NoLoop3[7,9,5]
                                   2                           2 
   494 NoLoop3[7,9,6]
                                   2                           2 
   495 NoLoop3[7,9,8]
                                   2                           2 
   496 NoLoop3[7,9,10]
                                   2                           2 
   497 NoLoop3[7,10,1]
                                   2                           2 
   498 NoLoop3[7,10,2]
                                   2                           2 
   499 NoLoop3[7,10,3]
                                   1                           2 
   500 NoLoop3[7,10,4]
                                   2                           2 
   501 NoLoop3[7,10,5]
                                   2                           2 
   502 NoLoop3[7,10,6]
                                   2                           2 
   503 NoLoop3[7,10,8]
                                   2                           2 
   504 NoLoop3[7,10,9]
                                   1                           2 
   505 NoLoop3[8,1,2]
                                   1                           2 
   506 NoLoop3[8,1,3]
                                   1                           2 
   507 NoLoop3[8,1,4]
                                   2                           2 
   508 NoLoop3[8,1,5]
                                   1                           2 
   509 NoLoop3[8,1,6]
                                   2                           2 
   510 NoLoop3[8,1,7]
                                   1                           2 
   511 NoLoop3[8,1,9]
                                   1                           2 
   512 NoLoop3[8,1,10]
                                   1                           2 
   513 NoLoop3[8,2,1]
                                   2                           2 
   514 NoLoop3[8,2,3]
                                   1                           2 
   515 NoLoop3[8,2,4]
                                   2                           2 
   516 NoLoop3[8,2,5]
                                   1                           2 
   517 NoLoop3[8,2,6]
                                   2                           2 
   518 NoLoop3[8,2,7]
                                   1                           2 
   519 NoLoop3[8,2,9]
                                   1                           2 
   520 NoLoop3[8,2,10]
                                   1                           2 
   521 NoLoop3[8,3,1]
                                   2                           2 
   522 NoLoop3[8,3,2]
                                   2                           2 
   523 NoLoop3[8,3,4]
                                   2                           2 
   524 NoLoop3[8,3,5]
                                   2                           2 
   525 NoLoop3[8,3,6]
                                   2                           2 
   526 NoLoop3[8,3,7]
                                   1                           2 
   527 NoLoop3[8,3,9]
                                   1                           2 
   528 NoLoop3[8,3,10]
                                   2                           2 
   529 NoLoop3[8,4,1]
                                   1                           2 
   530 NoLoop3[8,4,2]
                                   1                           2 
   531 NoLoop3[8,4,3]
                                   1                           2 
   532 NoLoop3[8,4,5]
                                   1                           2 
   533 NoLoop3[8,4,6]
                                   2                           2 
   534 NoLoop3[8,4,7]
                                   1                           2 
   535 NoLoop3[8,4,9]
                                   1                           2 
   536 NoLoop3[8,4,10]
                                   1                           2 
   537 NoLoop3[8,5,1]
                                   2                           2 
   538 NoLoop3[8,5,2]
                                   2                           2 
   539 NoLoop3[8,5,3]
                                   1                           2 
   540 NoLoop3[8,5,4]
                                   2                           2 
   541 NoLoop3[8,5,6]
                                   2                           2 
   542 NoLoop3[8,5,7]
                                   1                           2 
   543 NoLoop3[8,5,9]
                                   1                           2 
   544 NoLoop3[8,5,10]
                                   1                           2 
   545 NoLoop3[8,6,1]
                                   1                           2 
   546 NoLoop3[8,6,2]
                                   1                           2 
   547 NoLoop3[8,6,3]
                                   1                           2 
   548 NoLoop3[8,6,4]
                                   1                           2 
   549 NoLoop3[8,6,5]
                                   1                           2 
   550 NoLoop3[8,6,7]
                                   1                           2 
   551 NoLoop3[8,6,9]
                                   1                           2 
   552 NoLoop3[8,6,10]
                                   1                           2 
   553 NoLoop3[8,7,1]
                                   2                           2 
   554 NoLoop3[8,7,2]
                                   2                           2 
   555 NoLoop3[8,7,3]
                                   2                           2 
   556 NoLoop3[8,7,4]
                                   2                           2 
   557 NoLoop3[8,7,5]
                                   2                           2 
   558 NoLoop3[8,7,6]
                                   2                           2 
   559 NoLoop3[8,7,9]
                                   2                           2 
   560 NoLoop3[8,7,10]
                                   2                           2 
   561 NoLoop3[8,9,1]
                                   2                           2 
   562 NoLoop3[8,9,2]
                                   2                           2 
   563 NoLoop3[8,9,3]
                                   2                           2 
   564 NoLoop3[8,9,4]
                                   2                           2 
   565 NoLoop3[8,9,5]
                                   2                           2 
   566 NoLoop3[8,9,6]
                                   2                           2 
   567 NoLoop3[8,9,7]
                                   1                           2 
   568 NoLoop3[8,9,10]
                                   2                           2 
   569 NoLoop3[8,10,1]
                                   2                           2 
   570 NoLoop3[8,10,2]
                                   2                           2 
   571 NoLoop3[8,10,3]
                                   1                           2 
   572 NoLoop3[8,10,4]
                                   2                           2 
   573 NoLoop3[8,10,5]
                                   2                           2 
   574 NoLoop3[8,10,6]
                                   2                           2 
   575 NoLoop3[8,10,7]
                                   1                           2 
   576 NoLoop3[8,10,9]
                                   1                           2 
   577 NoLoop3[9,1,2]
                                   1                           2 
   578 NoLoop3[9,1,3]
                                   1                           2 
   579 NoLoop3[9,1,4]
                                   2                           2 
   580 NoLoop3[9,1,5]
                                   1                           2 
   581 NoLoop3[9,1,6]
                                   2                           2 
   582 NoLoop3[9,1,7]
                                   2                           2 
   583 NoLoop3[9,1,8]
                                   2                           2 
   584 NoLoop3[9,1,10]
                                   1                           2 
   585 NoLoop3[9,2,1]
                                   2                           2 
   586 NoLoop3[9,2,3]
                                   1                           2 
   587 NoLoop3[9,2,4]
                                   2                           2 
   588 NoLoop3[9,2,5]
                                   1                           2 
   589 NoLoop3[9,2,6]
                                   2                           2 
   590 NoLoop3[9,2,7]
                                   2                           2 
   591 NoLoop3[9,2,8]
                                   2                           2 
   592 NoLoop3[9,2,10]
                                   1                           2 
   593 NoLoop3[9,3,1]
                                   2                           2 
   594 NoLoop3[9,3,2]
                                   2                           2 
   595 NoLoop3[9,3,4]
                                   2                           2 
   596 NoLoop3[9,3,5]
                                   2                           2 
   597 NoLoop3[9,3,6]
                                   2                           2 
   598 NoLoop3[9,3,7]
                                   2                           2 
   599 NoLoop3[9,3,8]
                                   2                           2 
   600 NoLoop3[9,3,10]
                                   2                           2 
   601 NoLoop3[9,4,1]
                                   1                           2 
   602 NoLoop3[9,4,2]
                                   1                           2 
   603 NoLoop3[9,4,3]
                                   1                           2 
   604 NoLoop3[9,4,5]
                                   1                           2 
   605 NoLoop3[9,4,6]
                                   2                           2 
   606 NoLoop3[9,4,7]
                                   2                           2 
   607 NoLoop3[9,4,8]
                                   2                           2 
   608 NoLoop3[9,4,10]
                                   1                           2 
   609 NoLoop3[9,5,1]
                                   2                           2 
   610 NoLoop3[9,5,2]
                                   2                           2 
   611 NoLoop3[9,5,3]
                                   1                           2 
   612 NoLoop3[9,5,4]
                                   2                           2 
   613 NoLoop3[9,5,6]
                                   2                           2 
   614 NoLoop3[9,5,7]
                                   2                           2 
   615 NoLoop3[9,5,8]
                                   2                           2 
   616 NoLoop3[9,5,10]
                                   1                           2 
   617 NoLoop3[9,6,1]
                                   1                           2 
   618 NoLoop3[9,6,2]
                                   1                           2 
   619 NoLoop3[9,6,3]
                                   1                           2 
   620 NoLoop3[9,6,4]
                                   1                           2 
   621 NoLoop3[9,6,5]
                                   1                           2 
   622 NoLoop3[9,6,7]
                                   2                           2 
   623 NoLoop3[9,6,8]
                                   2                           2 
   624 NoLoop3[9,6,10]
                                   1                           2 
   625 NoLoop3[9,7,1]
                                   1                           2 
   626 NoLoop3[9,7,2]
                                   1                           2 
   627 NoLoop3[9,7,3]
                                   1                           2 
   628 NoLoop3[9,7,4]
                                   1                           2 
   629 NoLoop3[9,7,5]
                                   1                           2 
   630 NoLoop3[9,7,6]
                                   1                           2 
   631 NoLoop3[9,7,8]
                                   1                           2 
   632 NoLoop3[9,7,10]
                                   1                           2 
   633 NoLoop3[9,8,1]
                                   1                           2 
   634 NoLoop3[9,8,2]
                                   1                           2 
   635 NoLoop3[9,8,3]
                                   1                           2 
   636 NoLoop3[9,8,4]
                                   1                           2 
   637 NoLoop3[9,8,5]
                                   1                           2 
   638 NoLoop3[9,8,6]
                                   1                           2 
   639 NoLoop3[9,8,7]
                                   2                           2 
   640 NoLoop3[9,8,10]
                                   1                           2 
   641 NoLoop3[9,10,1]
                                   2                           2 
   642 NoLoop3[9,10,2]
                                   2                           2 
   643 NoLoop3[9,10,3]
                                   1                           2 
   644 NoLoop3[9,10,4]
                                   2                           2 
   645 NoLoop3[9,10,5]
                                   2                           2 
   646 NoLoop3[9,10,6]
                                   2                           2 
   647 NoLoop3[9,10,7]
                                   2                           2 
   648 NoLoop3[9,10,8]
                                   2                           2 
   649 NoLoop3[10,1,2]
                                   1                           2 
   650 NoLoop3[10,1,3]
                                   2                           2 
   651 NoLoop3[10,1,4]
                                   2                           2 
   652 NoLoop3[10,1,5]
                                   1                           2 
   653 NoLoop3[10,1,6]
                                   2                           2 
   654 NoLoop3[10,1,7]
                                   2                           2 
   655 NoLoop3[10,1,8]
                                   2                           2 
   656 NoLoop3[10,1,9]
                                   2                           2 
   657 NoLoop3[10,2,1]
                                   2                           2 
   658 NoLoop3[10,2,3]
                                   2                           2 
   659 NoLoop3[10,2,4]
                                   2                           2 
   660 NoLoop3[10,2,5]
                                   1                           2 
   661 NoLoop3[10,2,6]
                                   2                           2 
   662 NoLoop3[10,2,7]
                                   2                           2 
   663 NoLoop3[10,2,8]
                                   2                           2 
   664 NoLoop3[10,2,9]
                                   2                           2 
   665 NoLoop3[10,3,1]
                                   1                           2 
   666 NoLoop3[10,3,2]
                                   1                           2 
   667 NoLoop3[10,3,4]
                                   1                           2 
   668 NoLoop3[10,3,5]
                                   1                           2 
   669 NoLoop3[10,3,6]
                                   1                           2 
   670 NoLoop3[10,3,7]
                                   1                           2 
   671 NoLoop3[10,3,8]
                                   1                           2 
   672 NoLoop3[10,3,9]
                                   1                           2 
   673 NoLoop3[10,4,1]
                                   1                           2 
   674 NoLoop3[10,4,2]
                                   1                           2 
   675 NoLoop3[10,4,3]
                                   2                           2 
   676 NoLoop3[10,4,5]
                                   1                           2 
   677 NoLoop3[10,4,6]
                                   2                           2 
   678 NoLoop3[10,4,7]
                                   2                           2 
   679 NoLoop3[10,4,8]
                                   2                           2 
   680 NoLoop3[10,4,9]
                                   2                           2 
   681 NoLoop3[10,5,1]
                                   2                           2 
   682 NoLoop3[10,5,2]
                                   2                           2 
   683 NoLoop3[10,5,3]
                                   2                           2 
   684 NoLoop3[10,5,4]
                                   2                           2 
   685 NoLoop3[10,5,6]
                                   2                           2 
   686 NoLoop3[10,5,7]
                                   2                           2 
   687 NoLoop3[10,5,8]
                                   2                           2 
   688 NoLoop3[10,5,9]
                                   2                           2 
   689 NoLoop3[10,6,1]
                                   1                           2 
   690 NoLoop3[10,6,2]
                                   1                           2 
   691 NoLoop3[10,6,3]
                                   2                           2 
   692 NoLoop3[10,6,4]
                                   1                           2 
   693 NoLoop3[10,6,5]
                                   1                           2 
   694 NoLoop3[10,6,7]
                                   2                           2 
   695 NoLoop3[10,6,8]
                                   2                           2 
   696 NoLoop3[10,6,9]
                                   2                           2 
   697 NoLoop3[10,7,1]
                                   1                           2 
   698 NoLoop3[10,7,2]
                                   1                           2 
   699 NoLoop3[10,7,3]
                                   2                           2 
   700 NoLoop3[10,7,4]
                                   1                           2 
   701 NoLoop3[10,7,5]
                                   1                           2 
   702 NoLoop3[10,7,6]
                                   1                           2 
   703 NoLoop3[10,7,8]
                                   1                           2 
   704 NoLoop3[10,7,9]
                                   2                           2 
   705 NoLoop3[10,8,1]
                                   1                           2 
   706 NoLoop3[10,8,2]
                                   1                           2 
   707 NoLoop3[10,8,3]
                                   2                           2 
   708 NoLoop3[10,8,4]
                                   1                           2 
   709 NoLoop3[10,8,5]
                                   1                           2 
   710 NoLoop3[10,8,6]
                                   1                           2 
   711 NoLoop3[10,8,7]
                                   2                           2 
   712 NoLoop3[10,8,9]
                                   2                           2 
   713 NoLoop3[10,9,1]
                                   1                           2 
   714 NoLoop3[10,9,2]
                                   1                           2 
   715 NoLoop3[10,9,3]
                                   2                           2 
   716 NoLoop3[10,9,4]
                                   1                           2 
   717 NoLoop3[10,9,5]
                                   1                           2 
   718 NoLoop3[10,9,6]
                                   1                           2 
   719 NoLoop3[10,9,7]
                                   1                           2 
   720 NoLoop3[10,9,8]
                                   1                           2 
   721 noDiag[1]                   0            -0             = 
   722 noDiag[2]                   0            -0             = 
   723 noDiag[3]                   0            -0             = 
   724 noDiag[4]                   0            -0             = 
   725 noDiag[5]                   0            -0             = 
   726 noDiag[6]                   0            -0             = 
   727 noDiag[7]                   0            -0             = 
   728 noDiag[8]                   0            -0             = 
   729 noDiag[9]                   0            -0             = 
   730 noDiag[10]                  0            -0             = 
   731 Preced[1,2]                 1             1             = 
   732 Preced[1,3]                 1             1             = 
   733 Preced[1,4]                 1             1             = 
   734 Preced[1,5]                 1             1             = 
   735 Preced[1,6]                 1             1             = 
   736 Preced[1,7]                 1             1             = 
   737 Preced[1,8]                 1             1             = 
   738 Preced[1,9]                 1             1             = 
   739 Preced[1,10]                1             1             = 
   740 Preced[2,1]                 1             1             = 
   741 Preced[2,3]                 1             1             = 
   742 Preced[2,4]                 1             1             = 
   743 Preced[2,5]                 1             1             = 
   744 Preced[2,6]                 1             1             = 
   745 Preced[2,7]                 1             1             = 
   746 Preced[2,8]                 1             1             = 
   747 Preced[2,9]                 1             1             = 
   748 Preced[2,10]                1             1             = 
   749 Preced[3,1]                 1             1             = 
   750 Preced[3,2]                 1             1             = 
   751 Preced[3,4]                 1             1             = 
   752 Preced[3,5]                 1             1             = 
   753 Preced[3,6]                 1             1             = 
   754 Preced[3,7]                 1             1             = 
   755 Preced[3,8]                 1             1             = 
   756 Preced[3,9]                 1             1             = 
   757 Preced[3,10]                1             1             = 
   758 Preced[4,1]                 1             1             = 
   759 Preced[4,2]                 1             1             = 
   760 Preced[4,3]                 1             1             = 
   761 Preced[4,5]                 1             1             = 
   762 Preced[4,6]                 1             1             = 
   763 Preced[4,7]                 1             1             = 
   764 Preced[4,8]                 1             1             = 
   765 Preced[4,9]                 1             1             = 
   766 Preced[4,10]                1             1             = 
   767 Preced[5,1]                 1             1             = 
   768 Preced[5,2]                 1             1             = 
   769 Preced[5,3]                 1             1             = 
   770 Preced[5,4]                 1             1             = 
   771 Preced[5,6]                 1             1             = 
   772 Preced[5,7]                 1             1             = 
   773 Preced[5,8]                 1             1             = 
   774 Preced[5,9]                 1             1             = 
   775 Preced[5,10]                1             1             = 
   776 Preced[6,1]                 1             1             = 
   777 Preced[6,2]                 1             1             = 
   778 Preced[6,3]                 1             1             = 
   779 Preced[6,4]                 1             1             = 
   780 Preced[6,5]                 1             1             = 
   781 Preced[6,7]                 1             1             = 
   782 Preced[6,8]                 1             1             = 
   783 Preced[6,9]                 1             1             = 
   784 Preced[6,10]                1             1             = 
   785 Preced[7,1]                 1             1             = 
   786 Preced[7,2]                 1             1             = 
   787 Preced[7,3]                 1             1             = 
   788 Preced[7,4]                 1             1             = 
   789 Preced[7,5]                 1             1             = 
   790 Preced[7,6]                 1             1             = 
   791 Preced[7,8]                 1             1             = 
   792 Preced[7,9]                 1             1             = 
   793 Preced[7,10]                1             1             = 
   794 Preced[8,1]                 1             1             = 
   795 Preced[8,2]                 1             1             = 
   796 Preced[8,3]                 1             1             = 
   797 Preced[8,4]                 1             1             = 
   798 Preced[8,5]                 1             1             = 
   799 Preced[8,6]                 1             1             = 
   800 Preced[8,7]                 1             1             = 
   801 Preced[8,9]                 1             1             = 
   802 Preced[8,10]                1             1             = 
   803 Preced[9,1]                 1             1             = 
   804 Preced[9,2]                 1             1             = 
   805 Preced[9,3]                 1             1             = 
   806 Preced[9,4]                 1             1             = 
   807 Preced[9,5]                 1             1             = 
   808 Preced[9,6]                 1             1             = 
   809 Preced[9,7]                 1             1             = 
   810 Preced[9,8]                 1             1             = 
   811 Preced[9,10]                1             1             = 
   812 Preced[10,1]                1             1             = 
   813 Preced[10,2]                1             1             = 
   814 Preced[10,3]                1             1             = 
   815 Preced[10,4]                1             1             = 
   816 Preced[10,5]                1             1             = 
   817 Preced[10,6]                1             1             = 
   818 Preced[10,7]                1             1             = 
   819 Preced[10,8]                1             1             = 
   820 Preced[10,9]                1             1             = 
   821 Completion[1]
                                  24            24             = 
   822 Completion[2]
                                  12            12             = 
   823 Completion[3]
                                  30            30             = 
   824 Completion[4]
                                  15            15             = 
   825 Completion[5]
                                  18            18             = 
   826 Completion[6]
                                   7             7             = 
   827 Completion[7]
                                   8             8             = 
   828 Completion[8]
                                  15            15             = 
   829 Completion[9]
                                  14            14             = 
   830 Completion[10]
                                  22            22             = 
   831 Tardiness[1]              -50           -50               
   832 Tardiness[2]              -30           -50               
   833 Tardiness[3]              -90           -90               
   834 Tardiness[4]              -69           -70               
   835 Tardiness[5]              -18           -50               
   836 Tardiness[6]              -76           -80               
   837 Tardiness[7]              -99          -100               
   838 Tardiness[8]              -90           -90               
   839 Tardiness[9]             -113          -120               
   840 Tardiness[10]
                                -150          -150               
   841 z1                         73                             

   No. Column name       Activity     Lower bound   Upper bound
------ ------------    ------------- ------------- -------------
     1 x[3,1]       *              0             0             1 
     2 x[2,3]       *              1             0             1 
     3 x[1,2]       *              0             0             1 
     4 x[4,1]       *              0             0             1 
     5 x[2,4]       *              1             0             1 
     6 x[5,1]       *              1             0             1 
     7 x[2,5]       *              0             0             1 
     8 x[6,1]       *              0             0             1 
     9 x[2,6]       *              1             0             1 
    10 x[7,1]       *              0             0             1 
    11 x[2,7]       *              1             0             1 
    12 x[8,1]       *              0             0             1 
    13 x[2,8]       *              1             0             1 
    14 x[9,1]       *              0             0             1 
    15 x[2,9]       *              1             0             1 
    16 x[10,1]      *              0             0             1 
    17 x[2,10]      *              1             0             1 
    18 x[2,1]       *              1             0             1 
    19 x[3,2]       *              0             0             1 
    20 x[1,3]       *              1             0             1 
    21 x[3,4]       *              0             0             1 
    22 x[3,5]       *              0             0             1 
    23 x[3,6]       *              0             0             1 
    24 x[3,7]       *              0             0             1 
    25 x[3,8]       *              0             0             1 
    26 x[3,9]       *              0             0             1 
    27 x[3,10]      *              1             0             1 
    28 x[4,2]       *              0             0             1 
    29 x[1,4]       *              1             0             1 
    30 x[4,3]       *              1             0             1 
    31 x[4,5]       *              0             0             1 
    32 x[4,6]       *              1             0             1 
    33 x[4,7]       *              1             0             1 
    34 x[4,8]       *              1             0             1 
    35 x[4,9]       *              1             0             1 
    36 x[4,10]      *              1             0             1 
    37 x[5,2]       *              1             0             1 
    38 x[1,5]       *              0             0             1 
    39 x[5,3]       *              1             0             1 
    40 x[5,4]       *              1             0             1 
    41 x[5,6]       *              1             0             1 
    42 x[5,7]       *              1             0             1 
    43 x[5,8]       *              1             0             1 
    44 x[5,9]       *              1             0             1 
    45 x[5,10]      *              1             0             1 
    46 x[6,2]       *              0             0             1 
    47 x[1,6]       *              1             0             1 
    48 x[6,3]       *              1             0             1 
    49 x[6,4]       *              0             0             1 
    50 x[6,5]       *              0             0             1 
    51 x[6,7]       *              1             0             1 
    52 x[6,8]       *              1             0             1 
    53 x[6,9]       *              1             0             1 
    54 x[6,10]      *              1             0             1 
    55 x[7,2]       *              0             0             1 
    56 x[1,7]       *              1             0             1 
    57 x[7,3]       *              1             0             1 
    58 x[7,4]       *              0             0             1 
    59 x[7,5]       *              0             0             1 
    60 x[7,6]       *              0             0             1 
    61 x[7,8]       *              0             0             1 
    62 x[7,9]       *              1             0             1 
    63 x[7,10]      *              1             0             1 
    64 x[8,2]       *              0             0             1 
    65 x[1,8]       *              1             0             1 
    66 x[8,3]       *              1             0             1 
    67 x[8,4]       *              0             0             1 
    68 x[8,5]       *              0             0             1 
    69 x[8,6]       *              0             0             1 
    70 x[8,7]       *              1             0             1 
    71 x[8,9]       *              1             0             1 
    72 x[8,10]      *              1             0             1 
    73 x[9,2]       *              0             0             1 
    74 x[1,9]       *              1             0             1 
    75 x[9,3]       *              1             0             1 
    76 x[9,4]       *              0             0             1 
    77 x[9,5]       *              0             0             1 
    78 x[9,6]       *              0             0             1 
    79 x[9,7]       *              0             0             1 
    80 x[9,8]       *              0             0             1 
    81 x[9,10]      *              1             0             1 
    82 x[10,2]      *              0             0             1 
    83 x[1,10]      *              1             0             1 
    84 x[10,3]      *              0             0             1 
    85 x[10,4]      *              0             0             1 
    86 x[10,5]      *              0             0             1 
    87 x[10,6]      *              0             0             1 
    88 x[10,7]      *              0             0             1 
    89 x[10,8]      *              0             0             1 
    90 x[10,9]      *              0             0             1 
    91 x[1,1]       *              0             0             1 
    92 x[2,2]       *              0             0             1 
    93 x[3,3]       *              0             0             1 
    94 x[4,4]       *              0             0             1 
    95 x[5,5]       *              0             0             1 
    96 x[6,6]       *              0             0             1 
    97 x[7,7]       *              0             0             1 
    98 x[8,8]       *              0             0             1 
    99 x[9,9]       *              0             0             1 
   100 x[10,10]     *              0             0             1 
   101 c[1]                       54                             
   102 c[2]                       30                             
   103 c[3]                      143                             
   104 c[4]                       69                             
   105 c[5]                       18                             
   106 c[6]                       76                             
   107 c[7]                       99                             
   108 c[8]                       91                             
   109 c[9]                      113                             
   110 c[10]                     165                             
   111 t[1]                        4             0               
   112 t[2]                        0             0               
   113 t[3]                       53             0               
   114 t[4]                        0             0               
   115 t[5]                        0             0               
   116 t[6]                        0             0               
   117 t[7]                        0             0               
   118 t[8]                        1             0               
   119 t[9]                        0             0               
   120 t[10]                      15             0               

Integer feasibility conditions:

KKT.PE: max.abs.err = 0.00e+000 on row 0
        max.rel.err = 0.00e+000 on row 0
        High quality

KKT.PB: max.abs.err = 1.42e-014 on row 824
        max.rel.err = 1.78e-015 on row 826
        High quality

End of output
