
 LP OPTIMUM FOUND AT STEP     10

        OBJECTIVE FUNCTION VALUE

        1)      25380.00

  VARIABLE        VALUE          REDUCED COST
       X11        85.000000          0.000000
       X12         0.000000          2.000000
       X13         0.000000         10.000000
       X14         0.000000         15.000000
       X15       255.000000          0.000000
       X21         0.000000         11.000000
       X22         0.000000          2.000000
       X23       290.000000          0.000000
       X24         0.000000         11.000000
       X25         0.000000         14.000000
       X31         0.000000          6.000000
       X32       155.000000          0.000000
       X33       110.000000          0.000000
       X34         0.000000         10.000000
       X35        45.000000          0.000000
       X41       325.000000          0.000000
       X42         0.000000          0.000000
       X43         0.000000          9.000000
       X44         0.000000          5.000000
       X45         0.000000          7.000000
       X51         0.000000         10.000000
       X52        45.000000          0.000000
       X53         0.000000          3.000000
       X54       315.000000          0.000000
       X55         0.000000         11.000000
         K       500.000000          0.000000


       ROW   SLACK OR SURPLUS     DUAL PRICES
    ORIG1)         0.000000          2.000000
    ORIG2)         0.000000          1.000000
    ORIG3)         0.000000          3.000000
    ORIG4)         0.000000          0.000000
    ORIG5)         0.000000          1.000000
    DEST1)         0.000000        -17.000000
    DEST2)         0.000000        -18.000000
    DEST3)         0.000000        -15.000000
    DEST4)         0.000000        -18.000000
    DEST5)         0.000000        -18.000000
  BOUND11)       415.000000          0.000000
  BOUND12)       500.000000          0.000000
  BOUND13)       500.000000          0.000000
  BOUND14)       500.000000          0.000000
  BOUND15)       245.000000          0.000000
  BOUND21)       500.000000          0.000000
  BOUND22)       500.000000          0.000000
  BOUND23)       210.000000          0.000000
  BOUND24)       500.000000          0.000000
  BOUND25)       500.000000          0.000000
  BOUND31)       500.000000          0.000000
  BOUND32)       345.000000          0.000000
  BOUND33)       390.000000          0.000000
  BOUND34)       500.000000          0.000000
  BOUND35)       455.000000          0.000000
  BOUND41)       175.000000          0.000000
  BOUND42)       500.000000          0.000000
  BOUND43)       500.000000          0.000000
  BOUND44)       500.000000          0.000000
  BOUND45)       500.000000          0.000000
  BOUND51)       500.000000          0.000000
  BOUND52)       455.000000          0.000000
  BOUND53)       500.000000          0.000000
  BOUND54)       185.000000          0.000000
  BOUND55)       500.000000          0.000000
    PARAM)         0.000000          0.000000

 NO. ITERATIONS=      10


 RANGES IN WHICH THE BASIS IS UNCHANGED:

                           OBJ COEFFICIENT RANGES
 VARIABLE         CURRENT        ALLOWABLE        ALLOWABLE
                   COEF          INCREASE         DECREASE
      X11       15.000000         6.000000         0.000000
      X12       18.000000         INFINITY         2.000000
      X13       23.000000         INFINITY        10.000000
      X14       31.000000         INFINITY        15.000000
      X15       16.000000         0.000000         6.000000
      X21       27.000000         INFINITY        11.000000
      X22       19.000000         INFINITY         2.000000
      X23       14.000000         2.000000         INFINITY
      X24       28.000000         INFINITY        11.000000
      X25       31.000000         INFINITY        14.000000
      X31       20.000000         INFINITY         6.000000
      X32       15.000000         0.000000         3.000000
      X33       12.000000         3.000000         2.000000
      X34       25.000000         INFINITY        10.000000
      X35       15.000000         6.000000         0.000000
      X41       17.000000         0.000000         INFINITY
      X42       18.000000         INFINITY         0.000000
      X43       24.000000         INFINITY         9.000000
      X44       23.000000         INFINITY         5.000000
      X45       25.000000         INFINITY         7.000000
      X51       26.000000         INFINITY        10.000000
      X52       17.000000         3.000000         5.000000
      X53       17.000000         INFINITY         3.000000
      X54       17.000000         5.000000         INFINITY
      X55       28.000000         INFINITY        11.000000
        K        0.000000         INFINITY         INFINITY

                           RIGHTHAND SIDE RANGES
      ROW         CURRENT        ALLOWABLE        ALLOWABLE
                    RHS          INCREASE         DECREASE
    ORIG1      340.000000         0.000000         0.000000
    ORIG2      290.000000         0.000000         0.000000
    ORIG3      310.000000         0.000000         0.000000
    ORIG4      325.000000         0.000000         0.000000
    ORIG5      360.000000         0.000000         0.000000
    DEST1      410.000000         0.000000         0.000000
    DEST2      200.000000         0.000000         0.000000
    DEST3      400.000000         0.000000         0.000000
    DEST4      315.000000         0.000000         0.000000
    DEST5      300.000000         0.000000         0.000000
  BOUND11        0.000000         INFINITY       415.000000
  BOUND12        0.000000         INFINITY       500.000000
  BOUND13        0.000000         INFINITY       500.000000
  BOUND14        0.000000         INFINITY       500.000000
  BOUND15        0.000000         INFINITY       245.000000
  BOUND21        0.000000         INFINITY       500.000000
  BOUND22        0.000000         INFINITY       500.000000
  BOUND23        0.000000         INFINITY       210.000000
  BOUND24        0.000000         INFINITY       500.000000
  BOUND25        0.000000         INFINITY       500.000000
  BOUND31        0.000000         INFINITY       500.000000
  BOUND32        0.000000         INFINITY       345.000000
  BOUND33        0.000000         INFINITY       390.000000
  BOUND34        0.000000         INFINITY       500.000000
  BOUND35        0.000000         INFINITY       455.000000
  BOUND41        0.000000         INFINITY       175.000000
  BOUND42        0.000000         INFINITY       500.000000
  BOUND43        0.000000         INFINITY       500.000000
  BOUND44        0.000000         INFINITY       500.000000
  BOUND45        0.000000         INFINITY       500.000000
  BOUND51        0.000000         INFINITY       500.000000
  BOUND52        0.000000         INFINITY       455.000000
  BOUND53        0.000000         INFINITY       500.000000
  BOUND54        0.000000         INFINITY       185.000000
  BOUND55        0.000000         INFINITY       500.000000
    PARAM      500.000000         INFINITY       175.000000


 RIGHTHANDSIDE PARAMETRICS REPORT FOR ROW: PARAM

    VAR       VAR    PIVOT    RHS       DUAL PRICE      OBJ
    OUT       IN      ROW     VAL      BEFORE PIVOT     VAL

                            500.000      0.000000E+00   25380.0
 SLK   27       X42    27   325.000      0.000000E+00   25380.0
 SLK   35       X44    35   315.000      0.000000E+00   25380.0
 SLK   19       X22    19   290.000       5.00000       25505.0
      X32       X53    10   230.000       7.00000       25925.0
 SLK   12       X21    12   205.000       13.0000       26250.0
 SLK   24       X31    24   175.000       25.0000       27000.0
 SLK   16       X12    16   170.000       25.0000       27125.0
 SLK   30       X24    30   157.500       35.0000       27562.5
 SLK   26       X45    26   150.000       43.0000       27885.0
 SLK   34       X13    34   133.333       51.0000       28735.0
      X22       X51    19   125.000       66.0000       29285.0
 SLK   33       X22    33   117.500       67.0000       29787.5
 SLK   20       X14    20   105.000       69.0000       30650.0
 SLK   22       X34    22   103.333       81.0000       30785.0
 SLK   14       X43    14   100.000       81.0000       31055.0
 SLK   31       X55    31   100.000       85.0000       31055.0
 SLK   17  SLK   33    17   87.5000       94.0000       32230.0
 SLK   13       X32    13   83.7500       98.0000       32597.5
 SLK   32  ART         32   82.0000       110.000       32790.0
                           0.000000E+00   +INFINITY   INFEASIBLE

