Problem:    06
Rows:       13
Columns:    13
Non-zeros:  61
Status:     UNDEFINED
Objective:  z = 0 (MINimum)

   No.   Row name   St   Activity     Lower bound   Upper bound    Marginal
------ ------------ -- ------------- ------------- ------------- -------------
     1 val_y[1]     B              0            -0             = 
     2 val_y[2]     B              0            -0             = 
     3 val_y[3]     B              0            -0             = 
     4 tot          B              0            -0             = 
     5 Fabbisogno[1]
                    B              0           100               
     6 Fabbisogno[2]
                    B              0           100               
     7 Lim_min[1]   B              0            -0               
     8 Lim_min[2]   B              0            -0               
     9 Lim_min[3]   B              0            -0               
    10 Lim_max[1]   B              0                          -0 
    11 Lim_max[2]   B              0                          -0 
    12 Lim_max[3]   B              0                          -0 
    13 z            B              0                             

   No. Column name  St   Activity     Lower bound   Upper bound    Marginal
------ ------------ -- ------------- ------------- ------------- -------------
     1 x[1]         NL             0             0                       < eps
     2 x[2]         NL             0             0                       < eps
     3 x[3]         NL             0             0                       < eps
     4 x[4]         NL             0             0                       < eps
     5 x[5]         NL             0             0                       < eps
     6 x[6]         NL             0             0                       < eps
     7 x[7]         NL             0             0                       < eps
     8 x[8]         NL             0             0                       < eps
     9 x[9]         NL             0             0                       < eps
    10 y[1]         NL             0             0                       < eps
    11 y[2]         NL             0             0                       < eps
    12 y[3]         NL             0             0                       < eps
    13 totale       NF             0                                     < eps

Karush-Kuhn-Tucker optimality conditions:

KKT.PE: max.abs.err = 0.00e+000 on row 0
        max.rel.err = 0.00e+000 on row 0
        High quality

KKT.PB: max.abs.err = 1.00e+002 on row 5
        max.rel.err = 9.90e-001 on row 5
        PRIMAL SOLUTION IS INFEASIBLE

KKT.DE: max.abs.err = 2.90e+001 on column 4
        max.rel.err = 9.67e-001 on column 4
        DUAL SOLUTION IS WRONG

KKT.DB: max.abs.err = 0.00e+000 on row 0
        max.rel.err = 0.00e+000 on row 0
        High quality

End of output
