
 LP OPTIMUM FOUND AT STEP     12

        OBJECTIVE FUNCTION VALUE

        1)      565251.9

  VARIABLE        VALUE          REDUCED COST
       XAN       150.000000          0.000000
       XAE       100.000000          0.000000
       XBN       152.742615          0.000000
       XBE       229.113922          0.000000
       XCN       793.512634          0.000000
       XCE      2380.538086          0.000000
       XDN         0.000000          0.000000
       XDE       250.000000          0.000000
       XEN       125.000000          0.000000
       XEE       125.000000          0.000000
        XA       250.000000          0.000000
        XB       381.856537          0.000000
        XC      3174.050537          0.000000
        XD       250.000000          0.000000
        XE       250.000000          0.000000
         H        50.000000          0.000000


       ROW   SLACK OR SURPLUS     DUAL PRICES
        2)         0.000000         60.000000
        3)         0.000000         80.000000
        4)         0.000000        120.000000
        5)         0.000000         75.000000
        6)         0.000000         80.000000
  MINESPA)        75.000000          0.000000
  MINESPB)       171.835449          0.000000
  MINESPC)      2221.835449          0.000000
  MINESPD)       125.000000          0.000000
  MINESPE)       125.000000          0.000000
  MAXESPA)         0.000000         30.000000
  MAXESPB)         0.000000         30.000000
  MAXESPC)         0.000000         35.000000
  MAXESPD)         0.000000         25.000000
  MAXESPE)         0.000000          5.000000
    ACQUA)         0.000000         16.031645
    CONC1)         0.000000         33.270042
    CONC2)       145.991562          0.000000
     AREA)       694.092834          0.000000
   LARGHA)         0.000000        -32.050632
   LARGHB)       131.856537          0.000000
   LARGHC)      2924.050537          0.000000
   LARGHD)         0.000000         -9.187764
   LARGHE)         0.000000        -20.792194
  ALTEZZA)         0.000000       -310.152954

 NO. ITERATIONS=      12


 RIGHTHANDSIDE PARAMETRICS REPORT FOR ROW: ALTEZZA

    VAR       VAR    PIVOT    RHS       DUAL PRICE      OBJ
    OUT       IN      ROW     VAL      BEFORE PIVOT     VAL

                            50.0000      -310.153       565252.
 SLK   20  SLK   24    20   43.2277      -310.153       567352.
 SLK   22  SLK   18    25   42.5997       2039.01       566072.
 SLK   24  SLK   17    20   40.9556       8945.42       551365.
       XC  ART         23  0.381470E-05   13462.5      0.530701E-01
                           0.000000E+00   +INFINITY   INFEASIBLE

