
 LP OPTIMUM FOUND AT STEP      0

        OBJECTIVE FUNCTION VALUE

        1)      67311.00

  VARIABLE        VALUE          REDUCED COST
       X11       580.000000          0.000000
       X12       612.000000          0.000000
       X13         8.000000          0.000000
       X21       256.000000          0.000000
       X22       364.000000          0.000000
       X23        12.000000          0.000000
       X31        84.000000          0.000000
       X32        58.000000          0.000000
       X33         8.000000          0.000000
       X41      1067.000000          0.000000
       X42       906.000000          0.000000
       X43        48.000000          0.000000
       Y11        28.000000          0.000000
       Y12        35.000000          0.000000
       Y13         9.000000          0.000000
       Y14         0.000000        399.000000
       Y15        12.000000          0.000000
       Y21         0.000000        623.000000
       Y22         0.000000          4.000000
       Y23        21.000000          0.000000
       Y24        37.000000          0.000000
       Y25         0.000000        444.000000
       Y31         0.000000        147.000000
       Y32         0.000000        136.000000
       Y33         0.000000        217.000000
       Y34         4.000000          0.000000
       Y35         0.000000        376.000000


       ROW   SLACK OR SURPLUS     DUAL PRICES
     MAT1)         0.000000         28.000000
     MAT2)        18.000000          0.000000
     MAT3)         0.000000        629.000000
     MAT4)       179.000000          0.000000
 SEMILAV1)         0.000000      -1572.000000
 SEMILAV2)         0.000000       -802.000000
 SEMILAV3)         0.000000      -1452.000000
 SEMILAV4)         0.000000      -1547.000000
 SEMILAV5)         0.000000      -1349.000000
  MP1IMP1)         0.000000         38.000000
  MP2IMP1)         0.000000         12.000000
  MP3IMP1)         0.000000        644.000000
  MP4IMP1)         0.000000         20.000000
  MP1IMP2)         0.000000         49.000000
  MP2IMP2)         0.000000         20.000000
  MP3IMP2)         0.000000        644.000000
  MP4IMP2)         0.000000         14.000000
  MP1IMP3)         0.000000         53.000000
  MP2IMP3)         0.000000         21.000000
  MP3IMP3)         0.000000        643.000000
  MP4IMP3)         0.000000          7.000000

 NO. ITERATIONS=       0


 RANGES IN WHICH THE BASIS IS UNCHANGED:

                           OBJ COEFFICIENT RANGES
 VARIABLE         CURRENT        ALLOWABLE        ALLOWABLE
                   COEF          INCREASE         DECREASE
      X11       10.000000         4.593750         1.333333
      X12       21.000000         1.333333         7.000000
      X13       25.000000       199.500000         9.187500
      X21       12.000000         9.800000         2.666667
      X22       20.000000         2.666667        11.200000
      X23       21.000000       133.000000        18.375000
      X31       15.000000         8.000000         INFINITY
      X32       15.000000         INFINITY         8.000000
      X33       14.000000       199.500000       136.000000
      X41       20.000000         2.625000         0.666667
      X42       14.000000         0.800000         2.545455
      X43        7.000000        33.250000         7.000000
      Y11       12.000000       147.000000      1572.000000
      Y12       10.000000         4.000000       802.000000
      Y13        8.000000        56.000000         8.000000
      Y14        6.000000         INFINITY       399.000000
      Y15        3.000000       376.000000      1349.000000
      Y21        7.000000         INFINITY       623.000000
      Y22        9.000000         INFINITY         4.000000
      Y23        8.000000         8.000000        56.000000
      Y24        7.000000         INFINITY       376.000000
      Y25        6.000000         INFINITY       444.000000
      Y31        4.000000         INFINITY       147.000000
      Y32        6.000000         INFINITY       136.000000
      Y33        7.000000         INFINITY       217.000000
      Y34        8.000000       376.000000         INFINITY
      Y35       13.000000         INFINITY       376.000000

                           RIGHTHAND SIDE RANGES
      ROW         CURRENT        ALLOWABLE        ALLOWABLE
                    RHS          INCREASE         DECREASE
     MAT1     1200.000000        42.000000        18.000000
     MAT2      650.000000         INFINITY        18.000000
     MAT3      150.000000         4.200000         1.800000
     MAT4     2200.000000         INFINITY       179.000000
 SEMILAV1       28.000000         0.818182         1.909091
 SEMILAV2       35.000000         1.500000         3.500000
 SEMILAV3       30.000000         1.000000         2.100000
 SEMILAV4       41.000000         0.818182         1.909091
 SEMILAV5       12.000000         1.058824         2.470588
  MP1IMP1        0.000000        42.000000        18.000000
  MP2IMP1        0.000000       256.000000        18.000000
  MP3IMP1        0.000000         4.200000         1.800000
  MP4IMP1        0.000000      1067.000000       179.000000
  MP1IMP2        0.000000        42.000000        18.000000
  MP2IMP2        0.000000       364.000000        18.000000
  MP3IMP2        0.000000         4.200000         1.800000
  MP4IMP2        0.000000       906.000000       179.000000
  MP1IMP3        0.000000         8.000000        18.000000
  MP2IMP3        0.000000        12.000000        18.000000
  MP3IMP3        0.000000         4.200000         1.800000
  MP4IMP3        0.000000        48.000000       179.000000


 RIGHTHANDSIDE PARAMETRICS REPORT FOR ROW: MAT3

    VAR       VAR    PIVOT    RHS       DUAL PRICE      OBJ
    OUT       IN      ROW     VAL      BEFORE PIVOT     VAL

                            150.000       629.000       67311.0
      Y23  SLK    2     6   154.200       629.000       64669.2
      X12       Y23    18   187.000       349.000       53222.0
      Y24       Y35    16   187.000       265.000       53222.0
      Y15       Y21    10   199.000       197.000       50858.0
      X42       X12     8   199.000       20.0000       50858.0
      Y23  SLK    4    18   199.000       13.6364       50858.0
                            250.000      0.000000E+00   50858.0

