GLPK 4.45 - SENSITIVITY ANALYSIS REPORT                                                                         Page   1

Problem:    Detersivi
Objective:  z = 2833.333333 (MAXimum)

   No. Row name     St      Activity         Slack   Lower bound       Activity      Obj coef  Obj value at Limiting
                                          Marginal   Upper bound          range         range   break point variable
------ ------------ -- ------------- ------------- -------------  ------------- ------------- ------------- ------------
     1 prodotti[1]  NS        .             .             .           -16.66667          -Inf    2833.33333 valMax[3,1]
                                            .             .            16.66667          +Inf    2833.33333 valMin[3,1]

     2 prodotti[2]  NS        .             .             .              .               -Inf    2833.33333 valMax[1,2]
                                           2.35294        .              .               +Inf    2833.33333 valMin[1,2]

     3 prodotti[3]  NS        .             .             .           -50.00000          -Inf    2833.33333 disponibilita[3]
                                            .             .              .               +Inf    2833.33333 valMin[3,3]

     4 valMin[1,1]  NL        .             .             .         -1808.51064          -Inf    2882.97872 valMax[3,1]
                                           -.02745          +Inf     1545.45455        .02745    2790.90909 valMin[3,1]

     5 valMin[1,2]  BS        .             .             .              .            -.04524    2833.33333 y[2,2]
                                            .               +Inf         .             .02222    2833.33333 y[2,1]

     6 valMin[1,3]  NL        .             .             .         -4250.00000          -Inf    2950.00000 disponibilita[3]
                                           -.02745          +Inf         .             .02745    2833.33333 valMin[3,3]

     7 valMin[2,1]  NL        .             .             .         -1328.12500          -Inf    2914.06250 valMax[3,1]
                                           -.06078          +Inf     2236.84211        .06078    2697.36842 valMax[2,1]

     8 valMin[2,2]  BS        .             .             .         -2500.00000       -.03333    2833.33333 y[2,1]
                                            .               +Inf         .             .04222    2833.33333 y[2,2]

     9 valMin[2,3]  NL        .             .             .         -4250.00000          -Inf    3091.66667 disponibilita[3]
                                           -.06078          +Inf         .             .06078    2833.33333 valMin[3,3]

    10 valMin[3,1]  BS    1666.66667   -1666.66667        .         -1440.67797       -.02545    2790.90909 valMin[1,1]
                                            .               +Inf     1666.66667        .14615    3076.92308 y[2,2]

GLPK 4.45 - SENSITIVITY ANALYSIS REPORT                                                                         Page   2

Problem:    Detersivi
Objective:  z = 2833.333333 (MAXimum)

   No. Row name     St      Activity         Slack   Lower bound       Activity      Obj coef  Obj value at Limiting
                                          Marginal   Upper bound          range         range   break point variable
------ ------------ -- ------------- ------------- -------------  ------------- ------------- ------------- ------------
    11 valMin[3,2]  BS        .             .             .              .            -.02105    2833.33333 valMax[3,2]
                                            .               +Inf         .             .03333    2833.33333 y[2,1]

    12 valMin[3,3]  BS        .             .             .         -3400.00000       -.02745    2833.33333 valMin[1,3]
                                            .               +Inf         .               +Inf    2833.33333

    13 valMax[1,1]  BS   -3333.33333    3333.33333          -Inf    -3333.33333       -.07308    3076.92308 y[2,2]
                                            .             .         -1545.45455        .02373    2754.23729 valMin[1,1]

    14 valMax[1,2]  BS        .             .               -Inf         .            -.03725    2833.33333 y[2,2]
                                            .             .              .             .02353    2833.33333 valMax[3,2]

    15 valMax[1,3]  BS   -3333.33333    3333.33333          -Inf    -3333.33333       -.20000    3500.00000 y[2,1]
                                            .             .         -3333.33333        .02800    2740.00000 valMin[1,3]

    16 valMax[2,1]  BS   -1666.66667    1666.66667          -Inf    -1666.66667       -.14615    3076.92308 y[2,2]
                                            .             .         -1666.66667        .05000    2750.00000 y[2,1]

    17 valMax[2,2]  BS        .             .               -Inf         .            -.01667    2833.33333 y[2,1]
                                            .             .              .             .04872    2833.33333 y[2,2]

    18 valMax[2,3]  BS  -20000.00000   20000.00000          -Inf   -20000.00000       -.03333    3500.00000 y[2,1]
                                            .             .        -20000.00000        .01979    2437.50000 y[2,2]

    19 valMax[3,1]  BS   -1666.66667    1666.66667          -Inf    -3090.90909       -.02979    2882.97872 valMin[1,1]
                                            .             .         -1666.66667        .05000    2750.00000 y[2,1]

    20 valMax[3,2]  NU        .             .               -Inf         .            -.02353    2833.33333 valMin[3,2]
                                            .02353        .              .               +Inf    2833.33333 valMin[1,2]

GLPK 4.45 - SENSITIVITY ANALYSIS REPORT                                                                         Page   3

Problem:    Detersivi
Objective:  z = 2833.333333 (MAXimum)

   No. Row name     St      Activity         Slack   Lower bound       Activity      Obj coef  Obj value at Limiting
                                          Marginal   Upper bound          range         range   break point variable
------ ------------ -- ------------- ------------- -------------  ------------- ------------- ------------- ------------
    21 valMax[3,3]  BS  -13333.33333   13333.33333          -Inf   -13333.33333       -.02545    3172.72727 valMin[1,3]
                                            .             .        -13333.33333        .02969    2437.50000 y[2,2]

    22 disponibilita[1]
                    NU     700.00000        .               -Inf      487.50000      -2.74510    2250.00000 valMax[3,1]
                                           2.74510     700.00000      983.33333          +Inf    3611.11111 disponibilita[3]

    23 disponibilita[2]
                    NU     150.00000        .               -Inf       43.75000      -6.07843    2187.50000 y[3,3]
                                           6.07843     150.00000      215.38462          +Inf    3230.76923 valMax[3,1]

    24 disponibilita[3]
                    BS     150.00000      50.00000          -Inf      150.00000      -2.00000    2533.33333 valMax[3,2]
                                            .          200.00000      150.00000          +Inf          +Inf

    25 z            BS    2833.33333   -2833.33333          -Inf     2833.33333      -1.00000        .      y[2,2]
                                            .               +Inf     2833.33333          +Inf          +Inf

GLPK 4.45 - SENSITIVITY ANALYSIS REPORT                                                                         Page   4

Problem:    Detersivi
Objective:  z = 2833.333333 (MAXimum)

   No. Column name  St      Activity      Obj coef   Lower bound       Activity      Obj coef  Obj value at Limiting
                                          Marginal   Upper bound          range         range   break point variable
------ ------------ -- ------------- ------------- -------------  ------------- ------------- ------------- ------------
     1 x[1]         BS     333.33333       2.50000        .           333.33333       2.25000    2750.00000 y[2,1]
                                            .               +Inf      333.33333       3.23077    3076.92308 y[2,2]

     2 x[2]         BS        .            2.00000        .              .             .         2833.33333 valMax[3,2]
                                            .               +Inf         .            2.33333    2833.33333 y[2,1]

     3 x[3]         BS     666.66667       3.00000        .           666.66667       2.40625    2437.50000 y[2,2]
                                            .               +Inf      666.66667       4.00000    3500.00000 y[2,1]

     4 y[1,1]       BS     266.66667        .             .           266.66667       -.31250    2750.00000 y[2,1]
                                            .               +Inf      266.66667        .91346    3076.92308 y[2,2]

     5 y[1,2]       BS      16.66667        .             .            16.66667      -5.00000    2750.00000 y[2,1]
                                            .               +Inf       44.73684       4.84375    2914.06250 valMin[2,1]

     6 y[1,3]       BS      50.00000        .             .            50.00000      -1.66667    2750.00000 y[2,1]
                                            .               +Inf       50.00000       4.87179    3076.92308 y[2,2]

     7 y[2,1]       NL        .             .             .              .               -Inf    2833.33333 valMax[2,2]
                                           -.39216          +Inf         .             .39216    2833.33333 valMin[2,2]

     8 y[2,2]       NL        .             .             .              .               -Inf    2833.33333 valMax[1,2]
                                          -3.72549          +Inf         .            3.72549    2833.33333 valMin[1,2]

     9 y[2,3]       BS        .             .             .              .           -2.00000    2833.33333 valMax[3,2]
                                            .               +Inf         .            2.22222    2833.33333 y[2,1]

    10 y[3,1]       BS     433.33333        .             .           433.33333       -.91346    2437.50000 y[2,2]
                                            .               +Inf      433.33333       1.53846    3500.00000 y[2,1]

GLPK 4.45 - SENSITIVITY ANALYSIS REPORT                                                                         Page   5

Problem:    Detersivi
Objective:  z = 2833.333333 (MAXimum)

   No. Column name  St      Activity      Obj coef   Lower bound       Activity      Obj coef  Obj value at Limiting
                                          Marginal   Upper bound          range         range   break point variable
------ ------------ -- ------------- ------------- -------------  ------------- ------------- ------------- ------------
    11 y[3,2]       BS     133.33333        .             .           133.33333      -2.96875    2437.50000 y[2,2]
                                            .               +Inf      133.33333       5.00000    3500.00000 y[2,1]

    12 y[3,3]       BS     100.00000        .             .           100.00000      -2.91667    2541.66667 valMin[1,3]
                                            .               +Inf      100.00000       6.66667    3500.00000 y[2,1]

End of report
