GLPK 5.0  - SENSITIVITY ANALYSIS REPORT                                                                         Page   1

Problem:    assegnamento
Objective:  z = 191 (MINimum)

   No. Row name     St      Activity         Slack   Lower bound       Activity      Obj coef  Obj value at Limiting
                                          Marginal   Upper bound          range         range   break point variable
------ ------------ -- ------------- ------------- -------------  ------------- ------------- ------------- ------------
     1 lavoro[1]    NS       1.00000        .            1.00000        1.00000          -Inf     191.00000 personale[10]
                                          18.00000       1.00000        1.00000          +Inf     191.00000 personale[10]

     2 lavoro[2]    NS       1.00000        .            1.00000        1.00000          -Inf     191.00000 personale[10]
                                          15.00000       1.00000        1.00000          +Inf     191.00000 personale[10]

     3 lavoro[3]    NS       1.00000        .            1.00000        1.00000          -Inf     191.00000 personale[10]
                                          16.00000       1.00000        1.00000          +Inf     191.00000 personale[10]

     4 lavoro[4]    NS       1.00000        .            1.00000        1.00000          -Inf     191.00000 personale[10]
                                          20.00000       1.00000        1.00000          +Inf     191.00000 personale[10]

     5 lavoro[5]    NS       1.00000        .            1.00000        1.00000          -Inf     191.00000 personale[10]
                                          10.00000       1.00000        1.00000          +Inf     191.00000 personale[10]

     6 lavoro[6]    NS       1.00000        .            1.00000        1.00000          -Inf     191.00000 personale[10]
                                          25.00000       1.00000        1.00000          +Inf     191.00000 personale[10]

     7 lavoro[7]    NS       1.00000        .            1.00000        1.00000          -Inf     191.00000 personale[10]
                                          48.00000       1.00000        1.00000          +Inf     191.00000 personale[10]

     8 lavoro[8]    NS       1.00000        .            1.00000        1.00000          -Inf     191.00000 personale[10]
                                          39.00000       1.00000        1.00000          +Inf     191.00000 personale[10]

     9 lavoro[9]    NS       1.00000        .            1.00000        1.00000          -Inf     191.00000 personale[10]
                                          36.00000       1.00000        1.00000          +Inf     191.00000 personale[10]

    10 lavoro[10]   NS       1.00000        .            1.00000        1.00000          -Inf     191.00000 personale[10]
                                          31.00000       1.00000        1.00000          +Inf     191.00000 personale[10]

GLPK 5.0  - SENSITIVITY ANALYSIS REPORT                                                                         Page   2

Problem:    assegnamento
Objective:  z = 191 (MINimum)

   No. Row name     St      Activity         Slack   Lower bound       Activity      Obj coef  Obj value at Limiting
                                          Marginal   Upper bound          range         range   break point variable
------ ------------ -- ------------- ------------- -------------  ------------- ------------- ------------- ------------
    11 personale[1] NS       1.00000        .            1.00000        1.00000          -Inf     191.00000 personale[10]
                                         -29.00000       1.00000        1.00000          +Inf     191.00000 personale[10]

    12 personale[2] NS       1.00000        .            1.00000        1.00000          -Inf     191.00000 personale[10]
                                           6.00000       1.00000        1.00000          +Inf     191.00000 personale[10]

    13 personale[3] NS       1.00000        .            1.00000        1.00000          -Inf     191.00000 personale[10]
                                          27.00000       1.00000        1.00000          +Inf     191.00000 personale[10]

    14 personale[4] NS       1.00000        .            1.00000        1.00000          -Inf     191.00000 personale[10]
                                         -22.00000       1.00000        1.00000          +Inf     191.00000 personale[10]

    15 personale[5] NS       1.00000        .            1.00000        1.00000          -Inf     191.00000 personale[10]
                                          -5.00000       1.00000        1.00000          +Inf     191.00000 personale[10]

    16 personale[6] NS       1.00000        .            1.00000        1.00000          -Inf     191.00000 personale[10]
                                         -33.00000       1.00000        1.00000          +Inf     191.00000 personale[10]

    17 personale[7] NS       1.00000        .            1.00000        1.00000          -Inf     191.00000 personale[10]
                                            .            1.00000        1.00000          +Inf     191.00000 personale[10]

    18 personale[8] NS       1.00000        .            1.00000        1.00000          -Inf     191.00000 personale[10]
                                          -6.00000       1.00000        1.00000          +Inf     191.00000 personale[10]

    19 personale[9] NS       1.00000        .            1.00000        1.00000          -Inf     191.00000 personale[10]
                                          -5.00000       1.00000        1.00000          +Inf     191.00000 personale[10]

    20 personale[10]
                    BS       1.00000        .            1.00000        1.00000          -Inf          -Inf
                                            .            1.00000        1.00000          +Inf          +Inf

GLPK 5.0  - SENSITIVITY ANALYSIS REPORT                                                                         Page   3

Problem:    assegnamento
Objective:  z = 191 (MINimum)

   No. Row name     St      Activity         Slack   Lower bound       Activity      Obj coef  Obj value at Limiting
                                          Marginal   Upper bound          range         range   break point variable
------ ------------ -- ------------- ------------- -------------  ------------- ------------- ------------- ------------
    21 z            BS     191.00000    -191.00000          -Inf      191.00000      -1.00000        .      x[3,6]
                                            .               +Inf      191.00000          +Inf          +Inf

GLPK 5.0  - SENSITIVITY ANALYSIS REPORT                                                                         Page   4

Problem:    assegnamento
Objective:  z = 191 (MINimum)

   No. Column name  St      Activity      Obj coef   Lower bound       Activity      Obj coef  Obj value at Limiting
                                          Marginal   Upper bound          range         range   break point variable
------ ------------ -- ------------- ------------- -------------  ------------- ------------- ------------- ------------
     1 x[1,1]       NL        .           35.00000        .              .          -11.00000     191.00000 x[10,8]
                                          46.00000          +Inf        1.00000          +Inf     237.00000 x[1,8]

     2 x[1,2]       BS        .           24.00000        .              .           17.00000     191.00000 x[4,8]
                                            .               +Inf         .           28.00000     191.00000 x[10,3]

     3 x[1,3]       NL        .           62.00000        .            -1.00000      45.00000     174.00000 x[2,10]
                                          17.00000          +Inf         .               +Inf     191.00000 x[1,2]

     4 x[1,4]       NL        .           57.00000        .            -1.00000      -4.00000     130.00000 x[6,7]
                                          61.00000          +Inf         .               +Inf     191.00000 x[1,2]

     5 x[1,5]       NL        .           81.00000        .              .           13.00000     191.00000 x[4,2]
                                          68.00000          +Inf         .               +Inf     191.00000 x[1,2]

     6 x[1,6]       NL        .           34.00000        .              .          -15.00000     191.00000 x[8,8]
                                          49.00000          +Inf        1.00000          +Inf     240.00000 x[1,8]

     7 x[1,7]       NL        .           36.00000        .            -1.00000      18.00000     173.00000 x[9,2]
                                          18.00000          +Inf         .               +Inf     191.00000 x[1,2]

     8 x[1,8]       BS       1.00000      12.00000        .             1.00000       8.00000     187.00000 x[10,3]
                                            .               +Inf        1.00000      19.00000     198.00000 x[4,8]

     9 x[1,9]       NL        .           63.00000        .              .           13.00000     191.00000 x[10,8]
                                          50.00000          +Inf         .               +Inf     191.00000 x[10,9]

    10 x[1,10]      NL        .           24.00000        .            -1.00000      18.00000     185.00000 x[6,7]
                                           6.00000          +Inf         .               +Inf     191.00000 x[1,2]

GLPK 5.0  - SENSITIVITY ANALYSIS REPORT                                                                         Page   5

Problem:    assegnamento
Objective:  z = 191 (MINimum)

   No. Column name  St      Activity      Obj coef   Lower bound       Activity      Obj coef  Obj value at Limiting
                                          Marginal   Upper bound          range         range   break point variable
------ ------------ -- ------------- ------------- -------------  ------------- ------------- ------------- ------------
    11 x[2,1]       NL        .           72.00000        .              .          -14.00000     191.00000 x[1,2]
                                          86.00000          +Inf        1.00000          +Inf     277.00000 x[1,8]

    12 x[2,2]       NL        .           25.00000        .              .           21.00000     191.00000 x[6,4]
                                           4.00000          +Inf        1.00000          +Inf     195.00000 x[2,10]

    13 x[2,3]       BS        .           42.00000        .             1.00000      39.00000     191.00000 x[5,10]
                                            .               +Inf         .           46.00000     191.00000 x[10,3]

    14 x[2,4]       NL        .           25.00000        .              .           -7.00000     191.00000 x[7,10]
                                          32.00000          +Inf        1.00000          +Inf     223.00000 x[2,10]

    15 x[2,5]       NL        .           64.00000        .              .           10.00000     191.00000 x[4,2]
                                          54.00000          +Inf        1.00000          +Inf     245.00000 x[2,10]

    16 x[2,6]       NL        .           14.00000        .              .          -18.00000     191.00000 x[1,2]
                                          32.00000          +Inf        1.00000          +Inf     223.00000 x[1,8]

    17 x[2,7]       NL        .           24.00000        .              .           15.00000     191.00000 x[6,4]
                                           9.00000          +Inf        1.00000          +Inf     200.00000 x[2,10]

    18 x[2,8]       NL        .           74.00000        .              .            9.00000     191.00000 x[1,2]
                                          65.00000          +Inf        1.00000          +Inf     256.00000 x[1,8]

    19 x[2,9]       NL        .           84.00000        .              .           10.00000     191.00000 x[1,2]
                                          74.00000          +Inf         .               +Inf     191.00000 x[10,9]

    20 x[2,10]      BS       1.00000      15.00000        .             1.00000      11.00000     187.00000 x[10,3]
                                            .               +Inf         .           18.00000     194.00000 x[5,10]

GLPK 5.0  - SENSITIVITY ANALYSIS REPORT                                                                         Page   6

Problem:    assegnamento
Objective:  z = 191 (MINimum)

   No. Column name  St      Activity      Obj coef   Lower bound       Activity      Obj coef  Obj value at Limiting
                                          Marginal   Upper bound          range         range   break point variable
------ ------------ -- ------------- ------------- -------------  ------------- ------------- ------------- ------------
    21 x[3,1]       NL        .           48.00000        .              .          -13.00000     191.00000 x[10,9]
                                          61.00000          +Inf        1.00000          +Inf     252.00000 x[3,9]

    22 x[3,2]       NL        .           37.00000        .              .           22.00000     191.00000 x[10,9]
                                          15.00000          +Inf         .               +Inf     191.00000 x[1,2]

    23 x[3,3]       NL        .           62.00000        .              .           43.00000     191.00000 x[10,9]
                                          19.00000          +Inf         .               +Inf     191.00000 x[1,2]

    24 x[3,4]       NL        .           14.00000        .              .           -6.00000     191.00000 x[10,9]
                                          20.00000          +Inf         .               +Inf     191.00000 x[1,2]

    25 x[3,5]       NL        .           56.00000        .              .           11.00000     191.00000 x[4,2]
                                          45.00000          +Inf         .               +Inf     191.00000 x[1,2]

    26 x[3,6]       NL        .           94.00000        .              .          -17.00000     191.00000 x[8,8]
                                         111.00000          +Inf         .               +Inf     191.00000 x[10,8]

    27 x[3,7]       NL        .           51.00000        .              .           16.00000     191.00000 x[10,9]
                                          35.00000          +Inf         .               +Inf     191.00000 x[1,2]

    28 x[3,8]       NL        .           76.00000        .              .           10.00000     191.00000 x[10,9]
                                          66.00000          +Inf         .               +Inf     191.00000 x[10,8]

    29 x[3,9]       BS       1.00000      11.00000        .             1.00000          -Inf          -Inf
                                            .               +Inf        1.00000      16.00000     196.00000 x[3,10]

    30 x[3,10]      NL        .           21.00000        .              .           16.00000     191.00000 x[10,9]
                                           5.00000          +Inf         .               +Inf     191.00000 x[1,2]

GLPK 5.0  - SENSITIVITY ANALYSIS REPORT                                                                         Page   7

Problem:    assegnamento
Objective:  z = 191 (MINimum)

   No. Column name  St      Activity      Obj coef   Lower bound       Activity      Obj coef  Obj value at Limiting
                                          Marginal   Upper bound          range         range   break point variable
------ ------------ -- ------------- ------------- -------------  ------------- ------------- ------------- ------------
    31 x[4,1]       NL        .           26.00000        .              .           -9.00000     191.00000 x[1,2]
                                          35.00000          +Inf         .               +Inf     191.00000 x[4,2]

    32 x[4,2]       BS        .           26.00000        .             1.00000      22.00000     191.00000 x[7,5]
                                            .               +Inf       -1.00000      33.00000     191.00000 x[4,8]

    33 x[4,3]       NL        .           73.00000        .            -1.00000      47.00000     165.00000 x[2,10]
                                          26.00000          +Inf         .               +Inf     191.00000 x[2,3]

    34 x[4,4]       NL        .           83.00000        .            -1.00000      -2.00000     106.00000 x[6,7]
                                          85.00000          +Inf         .               +Inf     191.00000 x[4,2]

    35 x[4,5]       BS       1.00000      15.00000        .             1.00000          -Inf          -Inf
                                            .               +Inf         .           19.00000     195.00000 x[7,5]

    36 x[4,6]       NL        .           89.00000        .              .          -13.00000     191.00000 x[1,2]
                                         102.00000          +Inf         .               +Inf     191.00000 x[4,2]

    37 x[4,7]       NL        .           89.00000        .            -1.00000      20.00000     122.00000 x[9,2]
                                          69.00000          +Inf         .               +Inf     191.00000 x[4,2]

    38 x[4,8]       NL        .           21.00000        .              .           14.00000     191.00000 x[1,2]
                                           7.00000          +Inf         .               +Inf     191.00000 x[4,2]

    39 x[4,9]       NL        .           44.00000        .              .           15.00000     191.00000 x[1,2]
                                          29.00000          +Inf         .               +Inf     191.00000 x[4,2]

    40 x[4,10]      NL        .           53.00000        .            -1.00000      20.00000     158.00000 x[6,7]
                                          33.00000          +Inf         .               +Inf     191.00000 x[4,2]

GLPK 5.0  - SENSITIVITY ANALYSIS REPORT                                                                         Page   8

Problem:    assegnamento
Objective:  z = 191 (MINimum)

   No. Column name  St      Activity      Obj coef   Lower bound       Activity      Obj coef  Obj value at Limiting
                                          Marginal   Upper bound          range         range   break point variable
------ ------------ -- ------------- ------------- -------------  ------------- ------------- ------------- ------------
    41 x[5,1]       NL        .           62.00000        .              .          -19.00000     191.00000 x[1,2]
                                          81.00000          +Inf        1.00000          +Inf     272.00000 x[1,8]

    42 x[5,2]       NL        .           26.00000        .              .           16.00000     191.00000 x[2,3]
                                          10.00000          +Inf        1.00000          +Inf     201.00000 x[2,10]

    43 x[5,3]       BS       1.00000      37.00000        .             1.00000          -Inf          -Inf
                                            .               +Inf         .           40.00000     194.00000 x[5,10]

    44 x[5,4]       NL        .           26.00000        .              .          -12.00000     191.00000 x[2,3]
                                          38.00000          +Inf        1.00000          +Inf     229.00000 x[2,10]

    45 x[5,5]       NL        .           15.00000        .              .            5.00000     191.00000 x[2,3]
                                          10.00000          +Inf        1.00000          +Inf     201.00000 x[2,10]

    46 x[5,6]       NL        .           37.00000        .              .          -23.00000     191.00000 x[1,2]
                                          60.00000          +Inf        1.00000          +Inf     251.00000 x[1,8]

    47 x[5,7]       NL        .           24.00000        .              .           10.00000     191.00000 x[2,3]
                                          14.00000          +Inf        1.00000          +Inf     205.00000 x[2,10]

    48 x[5,8]       NL        .           61.00000        .              .            4.00000     191.00000 x[1,2]
                                          57.00000          +Inf        1.00000          +Inf     248.00000 x[1,8]

    49 x[5,9]       NL        .           54.00000        .              .            5.00000     191.00000 x[1,2]
                                          49.00000          +Inf         .               +Inf     191.00000 x[10,9]

    50 x[5,10]      NL        .           13.00000        .              .           10.00000     191.00000 x[2,3]
                                           3.00000          +Inf        1.00000          +Inf     194.00000 x[2,10]

GLPK 5.0  - SENSITIVITY ANALYSIS REPORT                                                                         Page   9

Problem:    assegnamento
Objective:  z = 191 (MINimum)

   No. Column name  St      Activity      Obj coef   Lower bound       Activity      Obj coef  Obj value at Limiting
                                          Marginal   Upper bound          range         range   break point variable
------ ------------ -- ------------- ------------- -------------  ------------- ------------- ------------- ------------
    51 x[6,1]       NL        .           37.00000        .              .           -4.00000     191.00000 x[1,2]
                                          41.00000          +Inf        1.00000          +Inf     232.00000 x[1,8]

    52 x[6,2]       NL        .           37.00000        .              .           31.00000     191.00000 x[9,7]
                                           6.00000          +Inf        1.00000          +Inf     197.00000 x[6,7]

    53 x[6,3]       NL        .           76.00000        .            -1.00000      52.00000     167.00000 x[2,10]
                                          24.00000          +Inf         .               +Inf     191.00000 x[2,3]

    54 x[6,4]       BS        .            3.00000        .             1.00000        .          191.00000 x[7,7]
                                            .               +Inf         .            7.00000     191.00000 x[10,3]

    55 x[6,5]       NL        .           47.00000        .              .           20.00000     191.00000 x[4,2]
                                          27.00000          +Inf        1.00000          +Inf     218.00000 x[4,5]

    56 x[6,6]       NL        .           52.00000        .              .           -8.00000     191.00000 x[1,2]
                                          60.00000          +Inf        1.00000          +Inf     251.00000 x[1,8]

    57 x[6,7]       BS       1.00000      25.00000        .             1.00000      21.00000     187.00000 x[10,3]
                                            .               +Inf         .           28.00000     194.00000 x[7,7]

    58 x[6,8]       NL        .           38.00000        .              .           19.00000     191.00000 x[1,2]
                                          19.00000          +Inf        1.00000          +Inf     210.00000 x[1,8]

    59 x[6,9]       NL        .           61.00000        .              .           20.00000     191.00000 x[1,2]
                                          41.00000          +Inf         .               +Inf     191.00000 x[10,9]

    60 x[6,10]      NL        .           50.00000        .            -1.00000      25.00000     166.00000 x[7,4]
                                          25.00000          +Inf         .               +Inf     191.00000 x[6,4]

GLPK 5.0  - SENSITIVITY ANALYSIS REPORT                                                                         Page  10

Problem:    assegnamento
Objective:  z = 191 (MINimum)

   No. Column name  St      Activity      Obj coef   Lower bound       Activity      Obj coef  Obj value at Limiting
                                          Marginal   Upper bound          range         range   break point variable
------ ------------ -- ------------- ------------- -------------  ------------- ------------- ------------- ------------
    61 x[7,1]       NL        .           59.00000        .              .           19.00000     191.00000 x[1,2]
                                          40.00000          +Inf        1.00000          +Inf     231.00000 x[1,8]

    62 x[7,2]       NL        .           98.00000        .              .           54.00000     191.00000 x[6,4]
                                          44.00000          +Inf        1.00000          +Inf     235.00000 x[6,7]

    63 x[7,3]       NL        .           84.00000        .            -1.00000      75.00000     182.00000 x[2,10]
                                           9.00000          +Inf         .               +Inf     191.00000 x[2,3]

    64 x[7,4]       BS       1.00000      26.00000        .             1.00000      22.00000     187.00000 x[10,3]
                                            .               +Inf         .           29.00000     194.00000 x[7,7]

    65 x[7,5]       NL        .           47.00000        .              .           43.00000     191.00000 x[4,2]
                                           4.00000          +Inf        1.00000          +Inf     195.00000 x[4,5]

    66 x[7,6]       NL        .           73.00000        .              .           15.00000     191.00000 x[1,2]
                                          58.00000          +Inf        1.00000          +Inf     249.00000 x[1,8]

    67 x[7,7]       NL        .           51.00000        .              .           48.00000     191.00000 x[6,4]
                                           3.00000          +Inf        1.00000          +Inf     194.00000 x[6,7]

    68 x[7,8]       NL        .           54.00000        .              .           42.00000     191.00000 x[1,2]
                                          12.00000          +Inf        1.00000          +Inf     203.00000 x[1,8]

    69 x[7,9]       NL        .           51.00000        .              .           43.00000     191.00000 x[1,2]
                                           8.00000          +Inf         .               +Inf     191.00000 x[10,9]

    70 x[7,10]      BS        .           48.00000        .             1.00000      44.00000     191.00000 x[2,2]
                                            .               +Inf         .           52.00000     191.00000 x[10,3]

GLPK 5.0  - SENSITIVITY ANALYSIS REPORT                                                                         Page  11

Problem:    assegnamento
Objective:  z = 191 (MINimum)

   No. Column name  St      Activity      Obj coef   Lower bound       Activity      Obj coef  Obj value at Limiting
                                          Marginal   Upper bound          range         range   break point variable
------ ------------ -- ------------- ------------- -------------  ------------- ------------- ------------- ------------
    71 x[8,1]       NL        .           60.00000        .              .           10.00000     191.00000 x[10,8]
                                          50.00000          +Inf         .               +Inf     191.00000 x[8,8]

    72 x[8,2]       NL        .           54.00000        .            -1.00000      45.00000     182.00000 x[1,8]
                                           9.00000          +Inf         .               +Inf     191.00000 x[1,2]

    73 x[8,3]       NL        .           95.00000        .            -1.00000      66.00000     162.00000 x[1,8]
                                          29.00000          +Inf         .               +Inf     191.00000 x[1,2]

    74 x[8,4]       NL        .           50.00000        .            -1.00000      17.00000     158.00000 x[1,8]
                                          33.00000          +Inf         .               +Inf     191.00000 x[1,2]

    75 x[8,5]       NL        .           45.00000        .              .           34.00000     191.00000 x[4,2]
                                          11.00000          +Inf         .               +Inf     191.00000 x[1,2]

    76 x[8,6]       BS       1.00000       6.00000        .             1.00000          -Inf          -Inf
                                            .               +Inf         .           15.00000     200.00000 x[9,6]

    77 x[8,7]       NL        .           82.00000        .            -1.00000      39.00000     148.00000 x[1,8]
                                          43.00000          +Inf         .               +Inf     191.00000 x[1,2]

    78 x[8,8]       BS        .           33.00000        .             1.00000      24.00000     191.00000 x[9,6]
                                            .               +Inf         .           42.00000     191.00000 x[8,2]

    79 x[8,9]       NL        .           61.00000        .              .           34.00000     191.00000 x[10,8]
                                          27.00000          +Inf         .               +Inf     191.00000 x[8,8]

    80 x[8,10]      NL        .           72.00000        .            -1.00000      39.00000     158.00000 x[1,8]
                                          33.00000          +Inf         .               +Inf     191.00000 x[1,2]

GLPK 5.0  - SENSITIVITY ANALYSIS REPORT                                                                         Page  12

Problem:    assegnamento
Objective:  z = 191 (MINimum)

   No. Column name  St      Activity      Obj coef   Lower bound       Activity      Obj coef  Obj value at Limiting
                                          Marginal   Upper bound          range         range   break point variable
------ ------------ -- ------------- ------------- -------------  ------------- ------------- ------------- ------------
    81 x[9,1]       NL        .           62.00000        .              .            7.00000     191.00000 x[1,2]
                                          55.00000          +Inf        1.00000          +Inf     246.00000 x[1,8]

    82 x[9,2]       BS       1.00000      42.00000        .             1.00000      38.00000     187.00000 x[10,3]
                                            .               +Inf         .           46.00000     195.00000 x[2,2]

    83 x[9,3]       NL        .           68.00000        .            -1.00000      63.00000     186.00000 x[2,10]
                                           5.00000          +Inf         .               +Inf     191.00000 x[2,3]

    84 x[9,4]       NL        .           74.00000        .            -1.00000      14.00000     131.00000 x[6,7]
                                          60.00000          +Inf         .               +Inf     191.00000 x[6,4]

    85 x[9,5]       NL        .           73.00000        .              .           31.00000     191.00000 x[4,2]
                                          42.00000          +Inf        1.00000          +Inf     233.00000 x[4,5]

    86 x[9,6]       NL        .           12.00000        .              .            3.00000     191.00000 x[1,2]
                                           9.00000          +Inf        1.00000          +Inf     200.00000 x[1,8]

    87 x[9,7]       BS        .           36.00000        .             1.00000      32.00000     191.00000 x[2,2]
                                            .               +Inf         .           40.00000     191.00000 x[10,3]

    88 x[9,8]       NL        .           37.00000        .              .           30.00000     191.00000 x[1,2]
                                           7.00000          +Inf        1.00000          +Inf     198.00000 x[1,8]

    89 x[9,9]       NL        .           38.00000        .              .           31.00000     191.00000 x[1,2]
                                           7.00000          +Inf         .               +Inf     191.00000 x[10,9]

    90 x[9,10]      NL        .           50.00000        .            -1.00000      36.00000     177.00000 x[6,7]
                                          14.00000          +Inf         .               +Inf     191.00000 x[6,4]

GLPK 5.0  - SENSITIVITY ANALYSIS REPORT                                                                         Page  13

Problem:    assegnamento
Objective:  z = 191 (MINimum)

   No. Column name  St      Activity      Obj coef   Lower bound       Activity      Obj coef  Obj value at Limiting
                                          Marginal   Upper bound          range         range   break point variable
------ ------------ -- ------------- ------------- -------------  ------------- ------------- ------------- ------------
    91 x[10,1]      BS       1.00000       2.00000        .             1.00000          -Inf          -Inf
                                            .               +Inf        1.00000      37.00000     226.00000 x[4,1]

    92 x[10,2]      NL        .           52.00000        .            -1.00000      37.00000     176.00000 x[1,8]
                                          15.00000          +Inf         .               +Inf     191.00000 x[1,2]

    93 x[10,3]      NL        .           62.00000        .            -1.00000      58.00000     187.00000 x[1,8]
                                           4.00000          +Inf         .               +Inf     191.00000 x[1,2]

    94 x[10,4]      NL        .           38.00000        .            -1.00000       9.00000     162.00000 x[1,8]
                                          29.00000          +Inf         .               +Inf     191.00000 x[1,2]

    95 x[10,5]      NL        .           95.00000        .              .           26.00000     191.00000 x[4,2]
                                          69.00000          +Inf         .               +Inf     191.00000 x[1,2]

    96 x[10,6]      NL        .           60.00000        .              .           -2.00000     191.00000 x[8,8]
                                          62.00000          +Inf         .               +Inf     191.00000 x[10,8]

    97 x[10,7]      NL        .           88.00000        .            -1.00000      31.00000     134.00000 x[1,8]
                                          57.00000          +Inf         .               +Inf     191.00000 x[1,2]

    98 x[10,8]      BS        .           25.00000        .              .           18.00000     191.00000 x[9,9]
                                            .               +Inf         .           29.00000     191.00000 x[10,3]

    99 x[10,9]      BS        .           26.00000        .              .           21.00000     191.00000 x[3,10]
                                            .               +Inf       -1.00000      33.00000     191.00000 x[9,9]

   100 x[10,10]     NL        .           84.00000        .            -1.00000      31.00000     138.00000 x[1,8]
                                          53.00000          +Inf         .               +Inf     191.00000 x[1,2]

End of report
