GLPK 4.45 - SENSITIVITY ANALYSIS REPORT                                                                         Page   1

Problem:    mangimi
Objective:  z = 12693.33333 (MAXimum)

   No. Row name     St      Activity         Slack   Lower bound       Activity      Obj coef  Obj value at Limiting
                                          Marginal   Upper bound          range         range   break point variable
------ ------------ -- ------------- ------------- -------------  ------------- ------------- ------------- ------------
     1 Consumi[1]   BS     127.56667      22.43333          -Inf      123.91667       -.68493   12605.95890 s[5,1]
                                            .          150.00000      127.56667          +Inf          +Inf

     2 Consumi[2]   BS      80.58333      54.41667          -Inf       77.18333       -.73529   12634.08088 s[5,1]
                                            .          135.00000       81.01667     176.92308   26950.38462 s[4,1]

     3 Consumi[3]   BS      43.51667      46.48333          -Inf       41.25000     -50.00000   10517.50000 s[1,2]
                                            .           90.00000       44.06667       4.54545   12891.13636 s[5,1]

     4 Consumi[4]   NU      75.00000        .               -Inf       59.85000    -111.11111   11010.00000 x[2,3]
                                         111.11111      75.00000       80.10000          +Inf   13260.00000 s[2,3]

     5 Periodo[1,1] NS        .             .             .           -85.00000          -Inf   12580.00000 s[2,3]
                                           1.33333        .           252.50000          +Inf   13030.00000 x[2,3]

     6 Periodo[1,2] NS        .             .             .           -68.00000          -Inf   12580.00000 s[2,3]
                                           1.66667        .           202.00000          +Inf   13030.00000 x[2,3]

     7 Periodo[1,3] NS        .             .             .           -34.00000          -Inf   12580.00000 s[2,3]
                                           3.33333        .           101.00000          +Inf   13030.00000 x[2,3]

     8 Periodo[2,1] NS        .             .             .              .               -Inf   12693.33333 s[2,1]
                                            .             .           150.00000          +Inf   12693.33333 s[2,1]

     9 Periodo[2,2] NS        .             .             .           -90.00000          -Inf   12693.33333 s[2,2]
                                            .             .            60.00000          +Inf   12693.33333 s[2,2]

    10 Periodo[2,3] NS        .             .             .           -22.66667          -Inf   12693.33333 s[2,3]
                                            .             .           127.33333          +Inf   12693.33333 s[2,3]

GLPK 4.45 - SENSITIVITY ANALYSIS REPORT                                                                         Page   2

Problem:    mangimi
Objective:  z = 12693.33333 (MAXimum)

   No. Row name     St      Activity         Slack   Lower bound       Activity      Obj coef  Obj value at Limiting
                                          Marginal   Upper bound          range         range   break point variable
------ ------------ -- ------------- ------------- -------------  ------------- ------------- ------------- ------------
    11 Periodo[3,1] NS        .             .             .          -105.00000          -Inf   12500.83333 x[3,1]
                                           1.83333        .           841.25000          +Inf   14235.62500 Consumi[1]

    12 Periodo[3,2] NS        .             .             .          -105.00000          -Inf   12500.83333 x[3,2]
                                           1.83333        .           841.25000          +Inf   14235.62500 Consumi[1]

    13 Periodo[3,3] NS        .             .             .           -68.00000          -Inf   12070.00000 s[2,3]
                                           9.16667        .           168.25000          +Inf   14235.62500 Consumi[1]

    14 Periodo[4,1] NS        .             .             .           -30.00000          -Inf   12561.66667 x[4,1]
                                           4.38889        .           545.67568          +Inf   15088.24324 Consumi[1]

    15 Periodo[4,2] NS        .             .             .           -75.00000          -Inf   12035.00000 x[4,2]
                                           8.77778        .           272.83784          +Inf   15088.24324 Consumi[1]

    16 Periodo[4,3] NS        .             .             .           -30.00000          -Inf   12430.00000 x[4,3]
                                           8.77778        .           272.83784          +Inf   15088.24324 Consumi[1]

    17 Periodo[5,1] NS        .             .             .          -102.00000          -Inf   12240.00000 s[2,3]
                                           4.44444        .           183.54545          +Inf   13509.09091 Consumi[1]

    18 Periodo[5,2] NS        .             .             .           -60.00000          -Inf   12533.33333 x[5,2]
                                           2.66667        .           305.90909          +Inf   13509.09091 Consumi[1]

    19 Periodo[5,3] NS        .             .             .           -60.00000          -Inf   12533.33333 x[5,3]
                                           2.66667        .           305.90909          +Inf   13509.09091 Consumi[1]

    20 Sequenza[3,1]
                    BS      90.00000     -90.00000        .           -60.00000        .        12693.33333 e[2,1]
                                            .               +Inf      195.00000       1.83333   12858.33333 s[3,1]

GLPK 4.45 - SENSITIVITY ANALYSIS REPORT                                                                         Page   3

Problem:    mangimi
Objective:  z = 12693.33333 (MAXimum)

   No. Row name     St      Activity         Slack   Lower bound       Activity      Obj coef  Obj value at Limiting
                                          Marginal   Upper bound          range         range   break point variable
------ ------------ -- ------------- ------------- -------------  ------------- ------------- ------------- ------------
    21 Sequenza[3,2]
                    NL        .             .             .           -60.00000          -Inf   12693.33333 s[2,2]
                                            .               +Inf       90.00000        .        12693.33333 s[2,2]

    22 Sequenza[3,3]
                    NL        .             .             .           -60.00000          -Inf   12693.33333 e[2,3]
                                            .               +Inf       22.66667        .        12693.33333 s[2,3]

    23 Sequenza[4,1]
                    NL        .             .             .           -45.00000          -Inf   12775.83333 e[3,1]
                                          -1.83333          +Inf      105.00000       1.83333   12500.83333 e[3,1]

    24 Sequenza[4,2]
                    NL        .             .             .           -45.00000          -Inf   12775.83333 e[3,2]
                                          -1.83333          +Inf      105.00000       1.83333   12500.83333 e[3,2]

    25 Sequenza[4,3]
                    NL        .             .             .           -45.00000          -Inf   13088.33333 s[4,3]
                                          -8.77778          +Inf       30.00000       8.77778   12430.00000 x[4,3]

    26 Sequenza[5,1]
                    NL        .             .             .           -45.00000          -Inf   12890.83333 e[4,1]
                                          -4.38889          +Inf       30.00000       4.38889   12561.66667 x[4,1]

    27 Sequenza[5,2]
                    NL        .             .             .           -45.00000          -Inf   12813.33333 s[5,2]
                                          -2.66667          +Inf       60.00000       2.66667   12533.33333 s[5,2]

    28 Sequenza[5,3]
                    NL        .             .             .           -45.00000          -Inf   12813.33333 s[5,3]
                                          -2.66667          +Inf       60.00000       2.66667   12533.33333 x[5,3]

    29 z            BS   12693.33333  -12693.33333          -Inf    11010.00000      -1.00000        .      Consumi[4]
                                            .               +Inf    12693.33333          +Inf          +Inf

GLPK 4.45 - SENSITIVITY ANALYSIS REPORT                                                                         Page   4

Problem:    mangimi
Objective:  z = 12693.33333 (MAXimum)

   No. Column name  St      Activity      Obj coef   Lower bound       Activity      Obj coef  Obj value at Limiting
                                          Marginal   Upper bound          range         range   break point variable
------ ------------ -- ------------- ------------- -------------  ------------- ------------- ------------- ------------
     1 x[1,1]       BS      24.00000      40.00000        .             7.00000      33.33333   12533.33333 s[1,1]
                                            .               +Inf       24.00000          +Inf          +Inf

     2 x[1,2]       BS      30.00000      40.00000        .            13.00000      33.33333   12493.33333 s[1,2]
                                            .               +Inf       30.00000          +Inf          +Inf

     3 x[1,3]       BS      60.00000      40.00000        .            43.00000      33.33333   12293.33333 s[1,3]
                                            .               +Inf       60.00000          +Inf          +Inf

     4 x[2,1]       NL        .           50.00000        .           -11.33333          -Inf   12693.33333 s[2,3]
                                            .               +Inf         .           50.00000   12693.33333 s[2,1]

     5 x[2,2]       NL        .           50.00000        .           -11.33333          -Inf   12693.33333 s[2,3]
                                            .               +Inf       18.00000      50.00000   12693.33333 s[2,2]

     6 x[2,3]       BS      33.66667      50.00000        .            33.66667      50.00000   12693.33333 x[2,1]
                                            .               +Inf       37.66667      50.62500   12714.37500 s[5,1]

     7 x[3,1]       BS      10.50000      35.00000        .              .           16.66667   12500.83333 Sequenza[4,1]
                                            .               +Inf       13.50000      60.55556   12961.66667 s[4,1]

     8 x[3,2]       BS      10.50000      35.00000        .              .           16.66667   12500.83333 Sequenza[4,2]
                                            .               +Inf       15.00000     104.44444   13422.50000 s[4,2]

     9 x[3,3]       BS      75.00000      35.00000        .            52.50000      34.22222   12635.00000 e[3,3]
                                            .               +Inf       75.00000          +Inf          +Inf

    10 x[4,1]       BS       3.00000      55.00000        .            -1.50000      29.44444   12616.66667 s[4,1]
                                            .               +Inf        7.50000      55.55556   12695.00000 s[5,1]

GLPK 4.45 - SENSITIVITY ANALYSIS REPORT                                                                         Page   5

Problem:    mangimi
Objective:  z = 12693.33333 (MAXimum)

   No. Column name  St      Activity      Obj coef   Lower bound       Activity      Obj coef  Obj value at Limiting
                                          Marginal   Upper bound          range         range   break point variable
------ ------------ -- ------------- ------------- -------------  ------------- ------------- ------------- ------------
    11 x[4,2]       BS      15.00000      55.00000        .             6.00000      24.44444   12235.00000 e[4,2]
                                            .               +Inf       15.00000          +Inf          +Inf

    12 x[4,3]       BS       6.00000      55.00000        .            -3.00000      24.44444   12510.00000 e[4,3]
                                            .               +Inf       15.00000      56.94444   12705.00000 e[3,3]

    13 x[5,1]       BS      35.00000      30.00000        .            20.00000      29.83333   12687.50000 s[5,1]
                                            .               +Inf       35.00000          +Inf          +Inf

    14 x[5,2]       BS      12.00000      30.00000        .              .           16.66667   12533.33333 Sequenza[5,2]
                                            .               +Inf       21.00000      60.55556   13060.00000 e[4,2]

    15 x[5,3]       BS      12.00000      30.00000        .              .           16.66667   12533.33333 Sequenza[5,3]
                                            .               +Inf       18.00000      60.55556   13060.00000 e[4,3]

    16 s[1,1]       NL        .             .             .          -252.50000          -Inf   13030.00000 x[2,3]
                                          -1.33333     120.00000       85.00000       1.33333   12580.00000 s[2,3]

    17 s[1,2]       NL        .             .             .          -202.00000          -Inf   13030.00000 x[2,3]
                                          -1.66667     120.00000       68.00000       1.66667   12580.00000 s[2,3]

    18 s[1,3]       NL        .             .             .          -101.00000          -Inf   13030.00000 x[2,3]
                                          -3.33333     120.00000       34.00000       3.33333   12580.00000 s[2,3]

    19 s[2,1]       BS      30.00000        .           30.00000     -239.33333        .        12693.33333 x[2,1]
                                            .          180.00000      120.00000        .        12693.33333 e[2,1]

    20 s[2,2]       BS     120.00000        .           30.00000      -48.33333        .        12693.33333 x[2,2]
                                            .          180.00000      180.00000       1.83333   12913.33333 s[3,2]

GLPK 4.45 - SENSITIVITY ANALYSIS REPORT                                                                         Page   6

Problem:    mangimi
Objective:  z = 12693.33333 (MAXimum)

   No. Column name  St      Activity      Obj coef   Lower bound       Activity      Obj coef  Obj value at Limiting
                                          Marginal   Upper bound          range         range   break point variable
------ ------------ -- ------------- ------------- -------------  ------------- ------------- ------------- ------------
    21 s[2,3]       BS      52.66667        .           30.00000      -37.33333        .        12693.33333 Sequenza[3,3]
                                            .          180.00000       52.66667        .        12693.33333 x[2,1]

    22 s[3,1]       NL     120.00000        .          120.00000       30.00000          -Inf   12858.33333 Sequenza[3,1]
                                          -1.83333     270.00000      225.00000       1.83333   12500.83333 x[3,1]

    23 s[3,2]       NL     120.00000        .          120.00000       30.00000          -Inf   12858.33333 s[2,2]
                                          -1.83333     270.00000      180.00000       1.83333   12583.33333 s[2,2]

    24 s[3,3]       NL     120.00000        .          120.00000       86.00000          -Inf   13005.00000 s[2,3]
                                          -9.16667     270.00000      180.00000       9.16667   12143.33333 e[2,3]

    25 s[4,1]       NL     225.00000        .          225.00000      120.00000          -Inf   12961.66667 e[3,1]
                                          -2.55556     300.00000      255.00000       2.55556   12616.66667 x[4,1]

    26 s[4,2]       NL     225.00000        .          225.00000      120.00000          -Inf   13422.50000 e[3,2]
                                          -6.94444     300.00000      270.00000       6.94444   12380.83333 e[3,2]

    27 s[4,3]       BS     270.00000        .          225.00000      177.27273       -.38889   12588.33333 e[3,3]
                                            .          300.00000      300.00000       8.77778   15063.33333 Sequenza[4,3]

    28 s[5,1]       NL     255.00000        .          255.00000      225.00000          -Inf   12695.00000 x[4,1]
                                           -.05556     360.00000      300.00000        .05556   12690.83333 e[4,1]

    29 s[5,2]       BS     300.00000        .          255.00000      225.00000      -6.11111   10860.00000 e[4,2]
                                            .          360.00000      360.00000       2.66667   13493.33333 Sequenza[5,2]

    30 s[5,3]       BS     300.00000        .          255.00000      270.00000      -6.11111   10860.00000 e[4,3]
                                            .          360.00000      360.00000       2.66667   13493.33333 Sequenza[5,3]

GLPK 4.45 - SENSITIVITY ANALYSIS REPORT                                                                         Page   7

Problem:    mangimi
Objective:  z = 12693.33333 (MAXimum)

   No. Column name  St      Activity      Obj coef   Lower bound       Activity      Obj coef  Obj value at Limiting
                                          Marginal   Upper bound          range         range   break point variable
------ ------------ -- ------------- ------------- -------------  ------------- ------------- ------------- ------------
    31 e[1,1]       NU     120.00000        .             .            35.00000      -1.33333   12580.00000 s[2,3]
                                           1.33333     120.00000      372.50000          +Inf   13030.00000 x[2,3]

    32 e[1,2]       NU     120.00000        .             .            52.00000      -1.66667   12580.00000 s[2,3]
                                           1.66667     120.00000      322.00000          +Inf   13030.00000 x[2,3]

    33 e[1,3]       NU     120.00000        .             .            86.00000      -3.33333   12580.00000 s[2,3]
                                           3.33333     120.00000      221.00000          +Inf   13030.00000 x[2,3]

    34 e[2,1]       NL      30.00000        .           30.00000       30.00000          -Inf   12693.33333 s[2,1]
                                            .          180.00000      120.00000        .        12693.33333 Sequenza[3,1]

    35 e[2,2]       BS     120.00000        .           30.00000       30.00000        .        12693.33333 Sequenza[3,2]
                                            .          180.00000      180.00000       1.83333   12913.33333 s[3,2]

    36 e[2,3]       BS     120.00000        .           30.00000       97.33333        .        12693.33333 Sequenza[3,3]
                                            .          180.00000      270.00000       9.16667   13793.33333 s[3,3]

    37 e[3,1]       BS     225.00000        .          120.00000      120.00000      -1.83333   12280.83333 Sequenza[4,1]
                                            .          270.00000      255.00000       2.55556   13268.33333 s[4,1]

    38 e[3,2]       BS     225.00000        .          120.00000      120.00000      -1.83333   12280.83333 Sequenza[4,2]
                                            .          270.00000      300.00000       6.94444   14255.83333 s[4,2]

    39 e[3,3]       NU     270.00000        .          120.00000      225.00000       -.38889   12675.83333 s[4,3]
                                            .38889     270.00000      300.00000          +Inf   12705.00000 x[4,3]

    40 e[4,1]       BS     255.00000        .          225.00000      225.00000      -4.38889   11574.16667 Sequenza[5,1]
                                            .          300.00000      360.00000        .05556   12707.50000 s[5,1]

GLPK 4.45 - SENSITIVITY ANALYSIS REPORT                                                                         Page   8

Problem:    mangimi
Objective:  z = 12693.33333 (MAXimum)

   No. Column name  St      Activity      Obj coef   Lower bound       Activity      Obj coef  Obj value at Limiting
                                          Marginal   Upper bound          range         range   break point variable
------ ------------ -- ------------- ------------- -------------  ------------- ------------- ------------- ------------
    41 e[4,2]       NU     300.00000        .          225.00000      255.00000      -6.11111   12418.33333 s[5,2]
                                           6.11111     300.00000      360.00000          +Inf   13060.00000 s[5,2]

    42 e[4,3]       NU     300.00000        .          225.00000      270.00000      -6.11111   12510.00000 x[4,3]
                                           6.11111     300.00000      360.00000          +Inf   13060.00000 x[5,3]

    43 e[5,1]       NU     360.00000        .          255.00000      258.00000      -4.44444   12240.00000 s[2,3]
                                           4.44444     360.00000      543.54545          +Inf   13509.09091 Consumi[1]

    44 e[5,2]       NU     360.00000        .          255.00000      300.00000      -2.66667   12533.33333 x[5,2]
                                           2.66667     360.00000      665.90909          +Inf   13509.09091 Consumi[1]

    45 e[5,3]       NU     360.00000        .          255.00000      300.00000      -2.66667   12533.33333 x[5,3]
                                           2.66667     360.00000      665.90909          +Inf   13509.09091 Consumi[1]

End of report
