GLPK 4.45 - SENSITIVITY ANALYSIS REPORT                                                                         Page   1

Problem:    Caramelle
Objective:  z = 862.5537041 (MAXimum)

   No. Row name     St      Activity         Slack   Lower bound       Activity      Obj coef  Obj value at Limiting
                                          Marginal   Upper bound          range         range   break point variable
------ ------------ -- ------------- ------------- -------------  ------------- ------------- ------------- ------------
     1 disponibilitaIngredienti[Fruttosio]
                    BS       8.83401        .16599          -Inf        7.80974      -3.40014     832.51680 disponibilitaIngredienti[Saccarosio]
                                            .            9.00000           +Inf        .          862.55370 vincoloProdottiIngredienti[Fruttosio]

     2 disponibilitaIngredienti[Saccarosio]
                    NU       5.00000        .               -Inf        4.26433      -4.73399     859.07103 cP[Dolce]
                                           4.73399       5.00000        5.11922          +Inf     863.11810 disponibilitaIngredienti[Fruttosio]

     3 disponibilitaIngredienti[Glucosio]
                    NU      20.00000        .               -Inf       16.98723     -14.85913     817.78656 disponibilitaIngredienti[Conservanti]
                                          14.85913      20.00000       20.70889          +Inf     873.08717 disponibilitaIngredienti[Fruttosio]

     4 disponibilitaIngredienti[Destrosio]
                    NU      18.00000        .               -Inf       12.63211      -3.91822     841.52113 cP[Golosa]
                                           3.91822      18.00000       21.75199          +Inf     877.25483 disponibilitaIngredienti[Conservanti]

     5 disponibilitaIngredienti[Estrattidierbe]
                    NU      20.00000        .               -Inf       18.80000      -2.12809     860.00000 disponibilitaIngredienti[Fruttosio]
                                           2.12809      20.00000       23.55513          +Inf     870.11933 disponibilitaIngredienti[Aromatizzanti]

     6 disponibilitaIngredienti[Estrattidifrutta]
                    NU      17.00000        .               -Inf       12.71940     -14.45627     800.67214 cP[Slurp]
                                          14.45627      17.00000       18.03523          +Inf     877.51920 disponibilitaIngredienti[Fruttosio]

     7 disponibilitaIngredienti[Coloranti]
                    NU      18.40000        .               -Inf       17.26272      -9.93776     851.25172 disponibilitaIngredienti[Fruttosio]
                                           9.93776      18.40000       18.92470          +Inf     867.76807 disponibilitaIngredienti[Conservanti]

     8 disponibilitaIngredienti[Conservanti]
                    BS      12.16844        .33156          -Inf       11.44979     -15.72677     671.18348 disponibilitaIngredienti[Coloranti]
                                            .           12.50000           +Inf        .          862.55370 vincoloProdottiIngredienti[Conservanti]

     9 disponibilitaIngredienti[Aromatizzanti]
                    BS       9.70094        .29906          -Inf        9.08253     -18.27580     685.26121 disponibilitaIngredienti[Coloranti]
                                            .           10.00000           +Inf        .          862.55370 vincoloProdottiIngredienti[Aromatizzanti]

    10 vincoloProdottiIngredienti[Fruttosio]
                    NU        .             .               -Inf        -.16599        .          862.55370 disponibilitaIngredienti[Fruttosio]
                                            .             .             8.83401          +Inf     862.55370 cI[Fruttosio]

GLPK 4.45 - SENSITIVITY ANALYSIS REPORT                                                                         Page   2

Problem:    Caramelle
Objective:  z = 862.5537041 (MAXimum)

   No. Row name     St      Activity         Slack   Lower bound       Activity      Obj coef  Obj value at Limiting
                                          Marginal   Upper bound          range         range   break point variable
------ ------------ -- ------------- ------------- -------------  ------------- ------------- ------------- ------------
    11 vincoloProdottiIngredienti[Saccarosio]
                    NU        .             .               -Inf        -.73567      -4.73399     859.07103 cP[Dolce]
                                           4.73399        .              .11922          +Inf     863.11810 disponibilitaIngredienti[Fruttosio]

    12 vincoloProdottiIngredienti[Glucosio]
                    NU        .             .               -Inf       -3.01277     -14.85913     817.78656 disponibilitaIngredienti[Conservanti]
                                          14.85913        .              .70889          +Inf     873.08717 disponibilitaIngredienti[Fruttosio]

    13 vincoloProdottiIngredienti[Destrosio]
                    NU        .             .               -Inf       -5.36789      -3.91822     841.52113 cP[Golosa]
                                           3.91822        .             3.75199          +Inf     877.25483 disponibilitaIngredienti[Conservanti]

    14 vincoloProdottiIngredienti[Estrattidierbe]
                    NU        .             .               -Inf       -1.20000      -2.12809     860.00000 disponibilitaIngredienti[Fruttosio]
                                           2.12809        .             3.55513          +Inf     870.11933 disponibilitaIngredienti[Aromatizzanti]

    15 vincoloProdottiIngredienti[Estrattidifrutta]
                    NU        .             .               -Inf       -4.28060     -14.45627     800.67214 cP[Slurp]
                                          14.45627        .             1.03523          +Inf     877.51920 disponibilitaIngredienti[Fruttosio]

    16 vincoloProdottiIngredienti[Coloranti]
                    NU        .             .               -Inf       -1.13728      -9.93776     851.25172 disponibilitaIngredienti[Fruttosio]
                                           9.93776        .              .52470          +Inf     867.76807 disponibilitaIngredienti[Conservanti]

    17 vincoloProdottiIngredienti[Conservanti]
                    NU        .             .               -Inf        -.33156        .          862.55370 disponibilitaIngredienti[Conservanti]
                                            .             .            12.16844          +Inf     862.55370 cI[Conservanti]

    18 vincoloProdottiIngredienti[Aromatizzanti]
                    NU        .             .               -Inf        -.29906        .          862.55370 disponibilitaIngredienti[Aromatizzanti]
                                            .             .             9.70094          +Inf     862.55370 cI[Aromatizzanti]

    19 z            BS     862.55370    -862.55370          -Inf      841.52113      -1.00000        .      disponibilitaIngredienti[Destrosio]
                                            .               +Inf      862.55370          +Inf          +Inf

GLPK 4.45 - SENSITIVITY ANALYSIS REPORT                                                                         Page   3

Problem:    Caramelle
Objective:  z = 862.5537041 (MAXimum)

   No. Column name  St      Activity      Obj coef   Lower bound       Activity      Obj coef  Obj value at Limiting
                                          Marginal   Upper bound          range         range   break point variable
------ ------------ -- ------------- ------------- -------------  ------------- ------------- ------------- ------------
     1 cP[Dolce]    BS       3.70126       5.00000        .            -7.40148       4.05906     859.07103 disponibilitaIngredienti[Saccarosio]
                                            .               +Inf        5.66713      10.74913     883.83275 disponibilitaIngredienti[Coloranti]

     2 cP[Delizia]  NL        .            4.00000        .             -.36186          -Inf     863.68815 disponibilitaIngredienti[Fruttosio]
                                          -3.13508          +Inf        2.40021       7.13508     855.02886 cP[Dolce]

     3 cP[Bacetto]  BS      56.01445       8.00000        .            46.89328       3.09195     587.63218 disponibilitaIngredienti[Glucosio]
                                            .               +Inf       57.85475       9.89246     968.55859 disponibilitaIngredienti[Saccarosio]

     4 cP[Golosa]   BS      16.57820       5.00000        .            -1.49836       3.73131     841.52113 disponibilitaIngredienti[Destrosio]
                                            .               +Inf       23.30617      11.65388     972.86305 disponibilitaIngredienti[Glucosio]

     5 cP[Sfizio]   BS      23.73901       6.00000        .            20.00000       5.31701     846.34021 disponibilitaIngredienti[Estrattidierbe]
                                            .               +Inf       35.81972       7.74101     903.88344 disponibilitaIngredienti[Destrosio]

     6 cP[Slurp]    BS      13.26320       7.50000        .           -38.66667       2.83434     800.67214 disponibilitaIngredienti[Estrattidifrutta]
                                            .               +Inf       16.00000       8.43310     874.92958 disponibilitaIngredienti[Estrattidierbe]

     7 cP[Sweety]   BS      15.80727       4.50000        .            11.93948       1.57792     816.36364 disponibilitaIngredienti[Coloranti]
                                            .               +Inf       25.32354      11.00271     965.34377 disponibilitaIngredienti[Estrattidifrutta]

     8 cI[Fruttosio]
                    BS       8.83401        .             .             7.80974      -3.40014     832.51680 disponibilitaIngredienti[Saccarosio]
                                            .               +Inf        9.00000        .          862.55370 vincoloProdottiIngredienti[Fruttosio]

     9 cI[Saccarosio]
                    BS       5.00000        .             .             4.26433      -4.73399     838.88376 disponibilitaIngredienti[Saccarosio]
                                            .               +Inf        5.00000          +Inf          +Inf

    10 cI[Glucosio] BS      20.00000        .             .            16.98723     -14.85913     565.37108 disponibilitaIngredienti[Glucosio]
                                            .               +Inf       20.00000          +Inf          +Inf

GLPK 4.45 - SENSITIVITY ANALYSIS REPORT                                                                         Page   4

Problem:    Caramelle
Objective:  z = 862.5537041 (MAXimum)

   No. Column name  St      Activity      Obj coef   Lower bound       Activity      Obj coef  Obj value at Limiting
                                          Marginal   Upper bound          range         range   break point variable
------ ------------ -- ------------- ------------- -------------  ------------- ------------- ------------- ------------
    11 cI[Destrosio]
                    BS      18.00000        .             .            12.63211      -3.91822     792.02570 disponibilitaIngredienti[Destrosio]
                                            .               +Inf       18.00000          +Inf          +Inf

    12 cI[Estrattidierbe]
                    BS      20.00000        .             .            18.80000      -2.12809     819.99197 disponibilitaIngredienti[Estrattidierbe]
                                            .               +Inf       20.00000          +Inf          +Inf

    13 cI[Estrattidifrutta]
                    BS      17.00000        .             .            12.71940     -14.45627     616.79716 disponibilitaIngredienti[Estrattidifrutta]
                                            .               +Inf       17.00000          +Inf          +Inf

    14 cI[Coloranti]
                    BS      18.40000        .             .            17.26272      -9.93776     679.69886 disponibilitaIngredienti[Coloranti]
                                            .               +Inf       18.40000          +Inf          +Inf

    15 cI[Conservanti]
                    BS      12.16844        .             .            11.44979     -15.72677     671.18348 disponibilitaIngredienti[Coloranti]
                                            .               +Inf       12.50000        .          862.55370 vincoloProdottiIngredienti[Conservanti]

    16 cI[Aromatizzanti]
                    BS       9.70094        .             .             9.08253     -18.27580     685.26121 disponibilitaIngredienti[Coloranti]
                                            .               +Inf       10.00000        .          862.55370 vincoloProdottiIngredienti[Aromatizzanti]

End of report
