
 LP OPTIMUM FOUND AT STEP     16

        OBJECTIVE FUNCTION VALUE

        1)      3208.823

  VARIABLE        VALUE          REDUCED COST
       X1A        12.058824          0.000000
       X2A       135.000000          0.000000
       X3A         0.000000          1.100000
       X1B        52.941177          0.000000
       X2B       100.000000          0.000000
       X3B         0.000000          0.100000
       S1A         0.000000          5.800000
       S2A         0.000000          0.900000
       S1B         0.000000          3.900000
       S2B       100.000000          0.000000
       D1A        12.058824          0.000000
       D1B        52.941177          0.000000
       D2A       135.000000          0.000000
       D2B         0.000000          0.500000
       D3A         0.000000          0.000000
       D3B       100.000000          0.000000
        Q1       105.882355          0.000000
        Q2       103.529411          0.000000
        Q3        90.588234          0.000000


       ROW   SLACK OR SURPLUS     DUAL PRICES
   FLOW1A)         0.000000        -21.882353
   FLOW1B)         0.000000        -21.882353
   FLOW2A)         0.000000        -17.882353
   FLOW2B)         0.000000        -18.382353
   FLOW3A)         0.000000        -18.782352
   FLOW3B)         0.000000        -18.782352
     MIN1)         0.000000         -3.100000
     MIN2)        65.000000          0.000000
     MIN3)        50.000000          0.000000
     MAX1)        70.000000          0.000000
     MAX2)         0.000000          0.900000
     MAX3)        35.000000          0.000000
     PROD)         0.000000        -18.782352
    INGR1)         0.000000          7.058824
    INGR2)         0.000000         12.352942
    INGR3)         0.000000          5.294117
      VOL)         0.000000          0.352941

 NO. ITERATIONS=      16


 RANGES IN WHICH THE BASIS IS UNCHANGED:

                           OBJ COEFFICIENT RANGES
 VARIABLE         CURRENT        ALLOWABLE        ALLOWABLE
                   COEF          INCREASE         DECREASE
      X1A       12.000000         0.900000         0.500000
      X2A        8.000000         0.500000         0.900000
      X3A       10.000000         INFINITY         1.100001
      X1B       15.000000         0.500000         0.900000
      X2B       11.500000         0.100001         0.500000
      X3B       12.000000         INFINITY         0.100001
      S1A        1.800000         INFINITY         5.800000
      S2A        1.800000         INFINITY         0.900000
      S1B        0.400000         INFINITY         3.900000
      S2B        0.400000         0.100001         0.900000
      D1A        0.000000         0.900000         0.500000
      D1B        0.000000         0.500000         0.900000
      D2A        0.000000         0.500000         INFINITY
      D2B        0.000000         INFINITY         0.500000
      D3A        0.000000         INFINITY         0.900000
      D3B        0.000000         0.900000         0.900000
       Q1        0.000000         INFINITY         4.137931
       Q2        0.000000         6.000000         INFINITY
       Q3        0.000000         INFINITY         3.913043

                           RIGHTHAND SIDE RANGES
      ROW         CURRENT        ALLOWABLE        ALLOWABLE
                    RHS          INCREASE         DECREASE
   FLOW1A        0.000000         3.660714        16.071428
   FLOW1B        0.000000         5.256410        16.071428
   FLOW2A        0.000000         3.660714        16.071428
   FLOW2B        0.000000         5.256410        23.076923
   FLOW3A        0.000000         0.000000        23.076923
   FLOW3B        0.000000         5.256410        23.076923
     MIN1       65.000000        50.000000        35.000000
     MIN2       70.000000        65.000000         INFINITY
     MIN3       50.000000        50.000000         INFINITY
     MAX1      135.000000         INFINITY        70.000000
     MAX2      135.000000        12.058824        35.000000
     MAX3      135.000000         INFINITY        35.000000
     PROD      300.000000         5.256410        23.076923
    INGR1        0.000000        22.500000         5.125000
    INGR2        0.000000        12.857142         2.928571
    INGR3        0.000000        30.000000         6.833333
      VOL     7100.000000       450.000000       102.500000


 RIGHTHANDSIDE PARAMETRICS REPORT FOR ROW: VOL

    VAR       VAR    PIVOT    RHS       DUAL PRICE      OBJ
    OUT       IN      ROW     VAL      BEFORE PIVOT     VAL

                            7100.00      0.352941       3208.82
      X1B       S2A     3   7550.00      0.352941       3050.00
      X2B  SLK   15    13   8400.00      0.247059       2840.00
                            10000.0      0.507531E-16   2840.00

