
 LP OPTIMUM FOUND AT STEP      0

        OBJECTIVE FUNCTION VALUE

        1)      421.0000

  VARIABLE        VALUE          REDUCED COST
        X1         7.000000          0.000000
        Y1        10.500000          0.000000
        X2         5.000000          0.000000
        Y2        15.000000          0.000000
        X3         7.000000          0.000000
        Y3         8.000000          0.000000
        X4         5.000000          0.000000
        Y4        10.000000          0.000000
        X5         3.000000          0.000000
        Y5        12.000000          0.000000
        X6         8.000000          0.000000
        Y6        12.000000          0.000000
        X7        10.000000          0.000000
        Y7        15.000000          0.000000
        X8         3.750000          0.000000
        Y8        15.000000          0.000000
        X9         1.125000          0.000000
        Y9         5.625000          0.000000
       X10         3.333333          0.000000
       Y10        16.666666          0.000000
       X11         2.500000          0.000000
       Y11        12.500000          0.000000
       X12         2.000000          0.000000
       Y12        10.000000          0.000000


       ROW   SLACK OR SURPLUS     DUAL PRICES
        2)         2.000000          0.000000
        3)         5.000000          0.000000
        4)         6.000000          0.000000
        5)         1.000000          0.000000
        6)         1.000000          0.000000
        7)         5.000000          0.000000
        8)         2.333333          0.000000
        9)         1.500000          0.000000
       10)         1.000000          0.000000
       11)         0.000000          0.666667
       12)         0.000000          1.666667
       13)         0.500000          0.000000
       14)         0.000000         -0.333333
       15)         0.000000         -7.000000
       16)         0.000000         -0.500000
       17)         4.000000          0.000000
       18)         7.000000          0.000000
       19)         9.500000          0.000000
       20)         5.000000          0.000000
       21)         4.000000          0.000000
       22)         8.000000          0.000000
       23)         8.000000          0.000000
       24)         5.000000          0.000000
       25)         0.000000          1.833333
       26)         0.000000          6.666667
       27)         5.000000          0.000000
       28)         0.000000          0.666667
       29)         0.000000          0.166667
       30)         0.000000          1.766667
       31)        15.000000          0.000000
       32)         1.250000          0.000000
       33)        13.750000          0.000000
       34)         3.250000          0.000000
       35)         1.750000          0.000000
       36)         0.000000          0.166667
       37)         0.000000          0.333333
       38)         5.000000          0.000000
       39)         0.000000          1.166667
       40)         4.000000          0.000000
       41)         0.000000         -0.333333
       42)        17.500000          0.000000
       43)        10.000000          0.000000
       44)         1.000000          0.000000
       45)         0.000000         -0.333333
       46)         0.000000         -0.500000
       47)         0.000000         -1.000000
       48)        52.000000          0.000000
       49)         0.000000         -0.600000
       50)         0.000000         -2.166667
       51)        22.500000          0.000000
       52)         0.000000         -0.333333
       53)         0.000000         -0.500000
       54)         0.000000         -0.666667
       55)        12.500000          0.000000
       56)         0.000000         -0.500000
  TOT_ORE)         0.000000          1.333333
    COSTI)       845.833313          0.000000

 NO. ITERATIONS=       0


 RANGES IN WHICH THE BASIS IS UNCHANGED:

                           OBJ COEFFICIENT RANGES
 VARIABLE         CURRENT        ALLOWABLE        ALLOWABLE
                   COEF          INCREASE         DECREASE
       X1        2.500000         INFINITY         0.666667
       Y1        1.000000         0.333333         0.444444
       X2        3.000000         INFINITY         1.666667
       Y2        1.000000         0.333333         INFINITY
       X3        8.000000         INFINITY         6.666667
       Y3        1.000000         7.000000         INFINITY
       X4        2.000000         1.000000         0.666667
       Y4        0.500000         0.500000         INFINITY
       X5        4.000000         INFINITY         2.500000
       Y5        1.500000         2.500000         0.833333
       X6        3.000000         INFINITY         0.416667
       Y6        0.500000         2.500000         0.277778
       X7        4.000000         INFINITY         1.500000
       Y7        2.500000         1.500000         2.944444
       X8       10.000000         INFINITY         7.333333
       Y8        1.000000         INFINITY         1.833333
       X9        3.000000         1.000000         2.000000
       Y9        1.000000         0.200000         0.400000
      X10        4.000000         INFINITY         1.000000
      Y10        1.000000         3.000000         0.200000
      X11        5.000000         INFINITY         2.000000
      Y11        1.000000         4.000000         0.400000
      X12        5.000000         INFINITY         3.000000
      Y12        2.000000         3.000000         1.400000

                           RIGHTHAND SIDE RANGES
      ROW         CURRENT        ALLOWABLE        ALLOWABLE
                    RHS          INCREASE         DECREASE
        2        5.000000         2.000000         INFINITY
        3        0.000000         5.000000         INFINITY
        4        1.000000         6.000000         INFINITY
        5        4.000000         1.000000         INFINITY
        6        2.000000         1.000000         INFINITY
        7        3.000000         5.000000         INFINITY
        8        1.000000         2.333333         INFINITY
        9        1.000000         1.500000         INFINITY
       10        1.000000         1.000000         INFINITY
       11        7.000000         0.700000         0.333333
       12        5.000000         1.750000         3.250000
       13       10.000000         0.500000         INFINITY
       14       15.000000         1.750000         3.250000
       15        8.000000         4.000000         0.500000
       16       10.000000         1.166667         2.000000
       17        8.000000         4.000000         INFINITY
       18        5.000000         7.000000         INFINITY
       19       20.000000         INFINITY         9.500000
       20       20.000000         INFINITY         5.000000
       21       12.000000         INFINITY         4.000000
       22       18.000000         INFINITY         8.000000
       23       20.000000         INFINITY         8.000000
       24       20.000000         INFINITY         5.000000
       25       15.000000         1.000000         2.600000
       26       15.000000         1.000000         3.250000
       27       20.000000         INFINITY         5.000000
       28       15.000000         1.750000         3.250000
       29       20.000000         1.750000         3.250000
       30       25.000000         1.750000         3.250000
       31       10.000000        15.000000         INFINITY
       32       20.000000         INFINITY         1.250000
       33        5.000000        13.750000         INFINITY
       34       10.000000         INFINITY         3.250000
       35        5.000000         1.750000         INFINITY
       36       20.000000         1.750000         3.250000
       37       15.000000         1.750000         3.250000
       38       10.000000         5.000000         INFINITY
       39       12.000000         1.750000         3.250000
       40        8.000000         4.000000         INFINITY
       41        0.000000         1.750000         0.500000
       42        0.000000         INFINITY        17.500000
       43        0.000000        10.000000         INFINITY
       44        0.000000         1.000000         INFINITY
       45        0.000000         2.000000         3.500000
       46        0.000000         5.000000        20.000000
       47        0.000000        12.500000        17.500000
       48        0.000000         INFINITY        52.000000
       49        0.000000        12.500000        37.500000
       50        0.000000         9.000000         5.000000
       51        0.000000         INFINITY        22.500000
       52        0.000000         6.750000        33.750000
       53        0.000000        13.999999        99.999992
       54        0.000000         6.818182        75.000000
       55        0.000000         INFINITY        12.500000
       56        0.000000         6.000000        60.000000
  TOT_ORE      200.000000         3.250000         1.750000
    COSTI     3000.000000         INFINITY       845.833313

