GLPK 4.45 - SENSITIVITY ANALYSIS REPORT                                                                         Page   1

Problem:    E
Objective:  z = 310.802 (MAXimum)

   No. Row name     St      Activity         Slack   Lower bound       Activity      Obj coef  Obj value at Limiting
                                          Marginal   Upper bound          range         range   break point variable
------ ------------ -- ------------- ------------- -------------  ------------- ------------- ------------- ------------
     1 consumi[Fruttosio]
                    NS        .             .             .             -.65800          -Inf     308.17000 y[Fruttosio]
                                           4.00000        .             8.34200          +Inf     344.17000 y[Fruttosio]

     2 consumi[Saccarosio]
                    NS        .             .             .            -1.41000          -Inf     307.98200 y[Saccarosio]
                                           2.00000        .             3.59000          +Inf     317.98200 y[Saccarosio]

     3 consumi[Glucosio]
                    NS        .             .             .            -7.10000          -Inf     224.75000 y[Conservanti]
                                          12.12000        .             5.86875          +Inf     381.93125 y[Destrosio]

     4 consumi[Destrosio]
                    NS        .             .             .            -3.75600          -Inf     297.65600 y[Destrosio]
                                           3.50000        .            14.24400          +Inf     360.65600 y[Destrosio]

     5 consumi[Estratti_erbe]
                    NS        .             .             .           -10.50800          -Inf     226.73800 y[Estratti_erbe]
                                           8.00000        .             9.49200          +Inf     386.73800 y[Estratti_erbe]

     6 consumi[Estratti_frutta]
                    NS        .             .             .           -11.02353          -Inf     151.95294 x[Slurp]
                                          14.41000        .             5.98182          +Inf     397.00000 y[Fruttosio]

     7 consumi[Coloranti]
                    NS        .             .             .            -5.04706          -Inf     297.02353 x[Sweety]
                                           2.73000        .              .83529          +Inf     313.08235 y[Conservanti]

     8 consumi[Conservanti]
                    NS        .             .             .             -.56800          -Inf     307.96200 y[Conservanti]
                                           5.00000        .            11.93200          +Inf     370.46200 y[Conservanti]

     9 consumi[Aromatizzanti]
                    NS        .             .             .             -.80000          -Inf     306.00200 y[Aromatizzanti]
                                           6.00000        .             9.20000          +Inf     366.00200 y[Aromatizzanti]

    10 z            BS     310.80200    -310.80200          -Inf      307.11765      -1.00000        .      y[Coloranti]
                                            .               +Inf      310.80200          +Inf          +Inf

GLPK 4.45 - SENSITIVITY ANALYSIS REPORT                                                                         Page   2

Problem:    E
Objective:  z = 310.802 (MAXimum)

   No. Column name  St      Activity      Obj coef   Lower bound       Activity      Obj coef  Obj value at Limiting
                                          Marginal   Upper bound          range         range   break point variable
------ ------------ -- ------------- ------------- -------------  ------------- ------------- ------------- ------------
     1 x[Dolce]     NL        .            5.00000        .           -17.95000          -Inf     322.91825 y[Saccarosio]
                                           -.67500          +Inf        2.39273       5.67500     309.18691 y[Fruttosio]

     2 x[Delizia]   NL        .            4.00000        .           -11.67480          -Inf     339.71463 y[Saccarosio]
                                          -2.47650          +Inf        4.58537       6.47650     299.44634 y[Saccarosio]

     3 x[Bacetto]   BS      57.56000       8.00000        .            56.36364       6.65000     233.09600 x[Dolce]
                                            .               +Inf       60.58824       9.21667     380.83333 y[Coloranti]

     4 x[Golosa]    NL        .            5.00000        .           -44.56338          -Inf     363.58732 y[Estratti_erbe]
                                          -1.18450          +Inf       12.90722       6.18450     295.51340 y[Destrosio]

     5 x[Sfizio]    NL        .            6.00000        .           -29.24444          -Inf     360.44444 y[Fruttosio]
                                          -1.69750          +Inf       32.00000       7.69750     256.48200 y[Aromatizzanti]

     6 x[Slurp]     BS      37.48000       7.50000        .           -58.40000       6.20294     262.18824 y[Estratti_frutta]
                                            .               +Inf       46.00000      16.76667     658.11667 y[Glucosio]

     7 x[Sweety]    BS      17.16000       4.50000        .           -17.71429       4.28529     307.11765 y[Coloranti]
                                            .               +Inf       41.41176       6.50455     345.20000 y[Estratti_frutta]

     8 y[Fruttosio] BS       8.34200      -4.00000        .             6.67647      -6.21212     292.34848 y[Coloranti]
                                            .            9.00000       10.28075      -1.54545     331.27782 x[Dolce]

     9 y[Saccarosio]
                    BS       3.59000      -2.00000        .             1.82353      -4.08571     303.31429 y[Coloranti]
                                            .            5.00000        4.06855       1.37500     322.91825 x[Dolce]

    10 y[Glucosio]  NU      20.00000      -1.00000        .            12.90000     -12.12000     231.85000 y[Conservanti]
                                          11.12000      20.00000       25.86875          +Inf     376.06250 y[Destrosio]

GLPK 4.45 - SENSITIVITY ANALYSIS REPORT                                                                         Page   3

Problem:    E
Objective:  z = 310.802 (MAXimum)

   No. Column name  St      Activity      Obj coef   Lower bound       Activity      Obj coef  Obj value at Limiting
                                          Marginal   Upper bound          range         range   break point variable
------ ------------ -- ------------- ------------- -------------  ------------- ------------- ------------- ------------
    11 y[Destrosio] BS      14.24400      -3.50000        .            13.94118     -15.66667     137.50000 y[Coloranti]
                                            .           18.00000       21.43043        .57045     368.78144 x[Golosa]

    12 y[Estratti_erbe]
                    BS       9.49200      -8.00000        .             9.08824     -17.12500     224.18750 y[Coloranti]
                                            .           20.00000       12.24124      -2.43897     363.58732 x[Golosa]

    13 y[Estratti_frutta]
                    NU      17.00000     -10.00000        .             5.97647     -14.41000     262.18824 x[Slurp]
                                           4.41000      17.00000       22.98182          +Inf     337.18182 y[Fruttosio]

    14 y[Coloranti] NU      18.40000      -2.00000        .            13.35294      -2.73000     307.11765 x[Sweety]
                                            .73000      18.40000       19.23529          +Inf     311.41176 y[Conservanti]

    15 y[Conservanti]
                    BS      11.93200      -5.00000        .             8.50000      -6.07353     297.99265 y[Coloranti]
                                            .           12.50000       11.99182      22.00000     632.96600 x[Dolce]

    16 y[Aromatizzanti]
                    BS       9.20000      -6.00000        .             6.67647      -7.46000     297.37000 y[Coloranti]
                                            .           10.00000       10.10586      61.90000     935.48200 x[Sfizio]

End of report
