
 LP OPTIMUM FOUND AT STEP      0

        OBJECTIVE FUNCTION VALUE

        1)      1020000.

  VARIABLE        VALUE          REDUCED COST
       X11       100.000000          0.000000
       X12       200.000000          0.000000
       X13       400.000000        -50.000000
       X14         0.000000         40.000000
       X15       150.000000          0.000000
       X16         0.000000        110.000000
       X21       400.000000        -40.000000
       X22        50.000000          0.000000
       X23         0.000000         30.000000
       X24       400.000000        -20.000000
       X25       400.000000         -5.000000
       X26         0.000000         50.000000
       X31         0.000000         50.000000
       X32       350.000000          0.000000
       X33         0.000000         10.000000
       X34       150.000000          0.000000
       X35         0.000000         10.000000
       X36       400.000000          0.000000
      TIME       180.000000          0.000000


       ROW   SLACK OR SURPLUS     DUAL PRICES
   TIME11)       160.000000          0.000000
   TIME12)       109.999992          0.000000
   TIME13)        19.999992          0.000000
   TIME14)       180.000000          0.000000
   TIME15)       142.500000          0.000000
   TIME16)       180.000000          0.000000
   TIME21)        39.999996          0.000000
   TIME22)       155.000000          0.000000
   TIME23)       180.000000          0.000000
   TIME24)        39.999996          0.000000
   TIME25)         0.000000          0.000000
   TIME26)       180.000000          0.000000
   TIME31)       180.000000          0.000000
   TIME32)        57.499996          0.000000
   TIME33)       180.000000          0.000000
   TIME34)       119.999992          0.000000
   TIME35)       180.000000          0.000000
   TIME36)        19.999996          0.000000
       O1)         0.000000       -350.000000
       O2)         0.000000       -420.000000
       O3)         0.000000       -410.000000
       D1)         0.000000        100.000000
       D2)        50.000000          0.000000
       D3)       150.000000          0.000000
       D4)         0.000000         10.000000
       D5)         0.000000         40.000000
       D6)         0.000000        120.000000
     TIME)        20.000004          0.000000

 NO. ITERATIONS=       0


 RIGHTHANDSIDE PARAMETRICS REPORT FOR ROW: TIME

    VAR       VAR    PIVOT    RHS       DUAL PRICE      OBJ
    OUT       IN      ROW     VAL      BEFORE PIVOT     VAL

                            200.000      0.000000E+00  0.102000E+07
 SLK   29       X25    29   180.000      0.000000E+00  0.102000E+07
 SLK    4       X13     4   160.000       11.1111      0.102022E+07
 SLK   19       X26    12   160.000       136.111      0.102022E+07
 SLK   24       X33    10   140.000       261.111      0.102544E+07
 SLK    8       X21    18   140.000       286.111      0.102544E+07
 SLK   11       X24    11   140.000       400.397      0.102544E+07
 SLK    9       X23    16   114.301       457.540      0.103720E+07
 SLK   15       X35    26   114.301       606.270      0.103720E+07
 SLK   17  SLK   26    17   102.667       680.635      0.104512E+07
 SLK   10  SLK   19     5   88.0033       787.778      0.105667E+07
 SLK   13  ART         22   85.2734       1077.54      0.105961E+07
                           0.000000E+00   +INFINITY   INFEASIBLE

